[2024-08-11T09:31:30.867+0000] {processor.py:161} INFO - Started process (PID=83) to work on /home/airflow/.local/lib/python3.12/site-packages/airflow/example_dags/example_datasets.py
[2024-08-11T09:31:30.870+0000] {processor.py:830} INFO - Processing file /home/airflow/.local/lib/python3.12/site-packages/airflow/example_dags/example_datasets.py for tasks to queue
[2024-08-11T09:31:30.871+0000] {logging_mixin.py:188} INFO - [2024-08-11T09:31:30.871+0000] {dagbag.py:545} INFO - Filling up the DagBag from /home/airflow/.local/lib/python3.12/site-packages/airflow/example_dags/example_datasets.py
[2024-08-11T09:31:30.881+0000] {processor.py:840} INFO - DAG(s) 'dataset_produces_2', 'consume_1_or_2_with_dataset_expressions', 'consume_1_and_2_with_dataset_expressions', 'consume_1_or_both_2_and_3_with_dataset_expressions', 'dataset_produces_1', 'conditional_dataset_and_time_based_timetable', 'dataset_consumes_1_and_2', 'dataset_consumes_1_never_scheduled', 'dataset_consumes_1', 'dataset_consumes_unknown_never_scheduled' retrieved from /home/airflow/.local/lib/python3.12/site-packages/airflow/example_dags/example_datasets.py
[2024-08-11T09:31:30.893+0000] {logging_mixin.py:188} INFO - [2024-08-11T09:31:30.893+0000] {dag.py:3089} INFO - Sync 10 DAGs
[2024-08-11T09:31:30.906+0000] {logging_mixin.py:188} INFO - [2024-08-11T09:31:30.906+0000] {dag.py:3947} INFO - Setting next_dagrun for conditional_dataset_and_time_based_timetable to 2024-08-07 01:00:00+00:00, run_after=2024-08-07 01:00:00+00:00
[2024-08-11T09:31:30.908+0000] {logging_mixin.py:188} INFO - [2024-08-11T09:31:30.908+0000] {dag.py:3947} INFO - Setting next_dagrun for consume_1_and_2_with_dataset_expressions to None, run_after=None
[2024-08-11T09:31:30.910+0000] {logging_mixin.py:188} INFO - [2024-08-11T09:31:30.910+0000] {dag.py:3947} INFO - Setting next_dagrun for consume_1_or_2_with_dataset_expressions to None, run_after=None
[2024-08-11T09:31:30.912+0000] {logging_mixin.py:188} INFO - [2024-08-11T09:31:30.912+0000] {dag.py:3947} INFO - Setting next_dagrun for consume_1_or_both_2_and_3_with_dataset_expressions to None, run_after=None
[2024-08-11T09:31:30.914+0000] {logging_mixin.py:188} INFO - [2024-08-11T09:31:30.914+0000] {dag.py:3947} INFO - Setting next_dagrun for dataset_consumes_1 to None, run_after=None
[2024-08-11T09:31:30.915+0000] {logging_mixin.py:188} INFO - [2024-08-11T09:31:30.915+0000] {dag.py:3947} INFO - Setting next_dagrun for dataset_consumes_1_and_2 to None, run_after=None
[2024-08-11T09:31:30.917+0000] {logging_mixin.py:188} INFO - [2024-08-11T09:31:30.917+0000] {dag.py:3947} INFO - Setting next_dagrun for dataset_consumes_1_never_scheduled to None, run_after=None
[2024-08-11T09:31:30.918+0000] {logging_mixin.py:188} INFO - [2024-08-11T09:31:30.918+0000] {dag.py:3947} INFO - Setting next_dagrun for dataset_consumes_unknown_never_scheduled to None, run_after=None
[2024-08-11T09:31:30.919+0000] {logging_mixin.py:188} INFO - [2024-08-11T09:31:30.919+0000] {dag.py:3947} INFO - Setting next_dagrun for dataset_produces_1 to 2024-08-10 00:00:00+00:00, run_after=2024-08-11 00:00:00+00:00
[2024-08-11T09:31:30.920+0000] {logging_mixin.py:188} INFO - [2024-08-11T09:31:30.920+0000] {dag.py:3947} INFO - Setting next_dagrun for dataset_produces_2 to None, run_after=None
[2024-08-11T09:31:30.946+0000] {processor.py:183} INFO - Processing /home/airflow/.local/lib/python3.12/site-packages/airflow/example_dags/example_datasets.py took 0.083 seconds
[2024-08-11T09:32:01.209+0000] {processor.py:161} INFO - Started process (PID=141) to work on /home/airflow/.local/lib/python3.12/site-packages/airflow/example_dags/example_datasets.py
[2024-08-11T09:32:01.213+0000] {processor.py:830} INFO - Processing file /home/airflow/.local/lib/python3.12/site-packages/airflow/example_dags/example_datasets.py for tasks to queue
[2024-08-11T09:32:01.215+0000] {logging_mixin.py:188} INFO - [2024-08-11T09:32:01.215+0000] {dagbag.py:545} INFO - Filling up the DagBag from /home/airflow/.local/lib/python3.12/site-packages/airflow/example_dags/example_datasets.py
[2024-08-11T09:32:01.221+0000] {processor.py:840} INFO - DAG(s) 'conditional_dataset_and_time_based_timetable', 'dataset_consumes_1_never_scheduled', 'dataset_produces_2', 'dataset_consumes_1', 'consume_1_or_both_2_and_3_with_dataset_expressions', 'dataset_consumes_1_and_2', 'dataset_consumes_unknown_never_scheduled', 'consume_1_or_2_with_dataset_expressions', 'consume_1_and_2_with_dataset_expressions', 'dataset_produces_1' retrieved from /home/airflow/.local/lib/python3.12/site-packages/airflow/example_dags/example_datasets.py
[2024-08-11T09:32:01.307+0000] {logging_mixin.py:188} INFO - [2024-08-11T09:32:01.307+0000] {dag.py:3089} INFO - Sync 10 DAGs
[2024-08-11T09:32:01.321+0000] {logging_mixin.py:188} INFO - [2024-08-11T09:32:01.321+0000] {dag.py:3947} INFO - Setting next_dagrun for conditional_dataset_and_time_based_timetable to 2024-08-07 01:00:00+00:00, run_after=2024-08-07 01:00:00+00:00
[2024-08-11T09:32:01.326+0000] {logging_mixin.py:188} INFO - [2024-08-11T09:32:01.326+0000] {dag.py:3947} INFO - Setting next_dagrun for consume_1_and_2_with_dataset_expressions to None, run_after=None
[2024-08-11T09:32:01.328+0000] {logging_mixin.py:188} INFO - [2024-08-11T09:32:01.328+0000] {dag.py:3947} INFO - Setting next_dagrun for consume_1_or_2_with_dataset_expressions to None, run_after=None
[2024-08-11T09:32:01.329+0000] {logging_mixin.py:188} INFO - [2024-08-11T09:32:01.329+0000] {dag.py:3947} INFO - Setting next_dagrun for consume_1_or_both_2_and_3_with_dataset_expressions to None, run_after=None
[2024-08-11T09:32:01.330+0000] {logging_mixin.py:188} INFO - [2024-08-11T09:32:01.329+0000] {dag.py:3947} INFO - Setting next_dagrun for dataset_consumes_1 to None, run_after=None
[2024-08-11T09:32:01.330+0000] {logging_mixin.py:188} INFO - [2024-08-11T09:32:01.330+0000] {dag.py:3947} INFO - Setting next_dagrun for dataset_consumes_1_and_2 to None, run_after=None
[2024-08-11T09:32:01.331+0000] {logging_mixin.py:188} INFO - [2024-08-11T09:32:01.331+0000] {dag.py:3947} INFO - Setting next_dagrun for dataset_consumes_1_never_scheduled to None, run_after=None
[2024-08-11T09:32:01.331+0000] {logging_mixin.py:188} INFO - [2024-08-11T09:32:01.331+0000] {dag.py:3947} INFO - Setting next_dagrun for dataset_consumes_unknown_never_scheduled to None, run_after=None
[2024-08-11T09:32:01.332+0000] {logging_mixin.py:188} INFO - [2024-08-11T09:32:01.332+0000] {dag.py:3947} INFO - Setting next_dagrun for dataset_produces_1 to 2024-08-10 00:00:00+00:00, run_after=2024-08-11 00:00:00+00:00
[2024-08-11T09:32:01.333+0000] {logging_mixin.py:188} INFO - [2024-08-11T09:32:01.333+0000] {dag.py:3947} INFO - Setting next_dagrun for dataset_produces_2 to None, run_after=None
[2024-08-11T09:32:01.348+0000] {processor.py:183} INFO - Processing /home/airflow/.local/lib/python3.12/site-packages/airflow/example_dags/example_datasets.py took 0.142 seconds
[2024-08-11T09:32:32.056+0000] {processor.py:161} INFO - Started process (PID=199) to work on /home/airflow/.local/lib/python3.12/site-packages/airflow/example_dags/example_datasets.py
[2024-08-11T09:32:32.059+0000] {processor.py:830} INFO - Processing file /home/airflow/.local/lib/python3.12/site-packages/airflow/example_dags/example_datasets.py for tasks to queue
[2024-08-11T09:32:32.060+0000] {logging_mixin.py:188} INFO - [2024-08-11T09:32:32.060+0000] {dagbag.py:545} INFO - Filling up the DagBag from /home/airflow/.local/lib/python3.12/site-packages/airflow/example_dags/example_datasets.py
[2024-08-11T09:32:32.069+0000] {processor.py:840} INFO - DAG(s) 'consume_1_and_2_with_dataset_expressions', 'dataset_produces_1', 'dataset_consumes_unknown_never_scheduled', 'dataset_consumes_1_and_2', 'dataset_consumes_1', 'consume_1_or_both_2_and_3_with_dataset_expressions', 'dataset_consumes_1_never_scheduled', 'consume_1_or_2_with_dataset_expressions', 'dataset_produces_2', 'conditional_dataset_and_time_based_timetable' retrieved from /home/airflow/.local/lib/python3.12/site-packages/airflow/example_dags/example_datasets.py
[2024-08-11T09:32:32.094+0000] {logging_mixin.py:188} INFO - [2024-08-11T09:32:32.094+0000] {dag.py:3089} INFO - Sync 10 DAGs
[2024-08-11T09:32:32.106+0000] {logging_mixin.py:188} INFO - [2024-08-11T09:32:32.105+0000] {dag.py:3947} INFO - Setting next_dagrun for conditional_dataset_and_time_based_timetable to 2024-08-07 01:00:00+00:00, run_after=2024-08-07 01:00:00+00:00
[2024-08-11T09:32:32.108+0000] {logging_mixin.py:188} INFO - [2024-08-11T09:32:32.107+0000] {dag.py:3947} INFO - Setting next_dagrun for consume_1_and_2_with_dataset_expressions to None, run_after=None
[2024-08-11T09:32:32.108+0000] {logging_mixin.py:188} INFO - [2024-08-11T09:32:32.108+0000] {dag.py:3947} INFO - Setting next_dagrun for consume_1_or_2_with_dataset_expressions to None, run_after=None
[2024-08-11T09:32:32.109+0000] {logging_mixin.py:188} INFO - [2024-08-11T09:32:32.109+0000] {dag.py:3947} INFO - Setting next_dagrun for consume_1_or_both_2_and_3_with_dataset_expressions to None, run_after=None
[2024-08-11T09:32:32.109+0000] {logging_mixin.py:188} INFO - [2024-08-11T09:32:32.109+0000] {dag.py:3947} INFO - Setting next_dagrun for dataset_consumes_1 to None, run_after=None
[2024-08-11T09:32:32.110+0000] {logging_mixin.py:188} INFO - [2024-08-11T09:32:32.110+0000] {dag.py:3947} INFO - Setting next_dagrun for dataset_consumes_1_and_2 to None, run_after=None
[2024-08-11T09:32:32.110+0000] {logging_mixin.py:188} INFO - [2024-08-11T09:32:32.110+0000] {dag.py:3947} INFO - Setting next_dagrun for dataset_consumes_1_never_scheduled to None, run_after=None
[2024-08-11T09:32:32.111+0000] {logging_mixin.py:188} INFO - [2024-08-11T09:32:32.111+0000] {dag.py:3947} INFO - Setting next_dagrun for dataset_consumes_unknown_never_scheduled to None, run_after=None
[2024-08-11T09:32:32.112+0000] {logging_mixin.py:188} INFO - [2024-08-11T09:32:32.112+0000] {dag.py:3947} INFO - Setting next_dagrun for dataset_produces_1 to 2024-08-10 00:00:00+00:00, run_after=2024-08-11 00:00:00+00:00
[2024-08-11T09:32:32.112+0000] {logging_mixin.py:188} INFO - [2024-08-11T09:32:32.112+0000] {dag.py:3947} INFO - Setting next_dagrun for dataset_produces_2 to None, run_after=None
[2024-08-11T09:32:32.126+0000] {processor.py:183} INFO - Processing /home/airflow/.local/lib/python3.12/site-packages/airflow/example_dags/example_datasets.py took 0.073 seconds
[2024-08-11T09:33:02.796+0000] {processor.py:161} INFO - Started process (PID=257) to work on /home/airflow/.local/lib/python3.12/site-packages/airflow/example_dags/example_datasets.py
[2024-08-11T09:33:02.798+0000] {processor.py:830} INFO - Processing file /home/airflow/.local/lib/python3.12/site-packages/airflow/example_dags/example_datasets.py for tasks to queue
[2024-08-11T09:33:02.800+0000] {logging_mixin.py:188} INFO - [2024-08-11T09:33:02.800+0000] {dagbag.py:545} INFO - Filling up the DagBag from /home/airflow/.local/lib/python3.12/site-packages/airflow/example_dags/example_datasets.py
[2024-08-11T09:33:02.808+0000] {processor.py:840} INFO - DAG(s) 'dataset_produces_1', 'dataset_produces_2', 'conditional_dataset_and_time_based_timetable', 'dataset_consumes_unknown_never_scheduled', 'dataset_consumes_1_never_scheduled', 'consume_1_or_2_with_dataset_expressions', 'dataset_consumes_1_and_2', 'consume_1_or_both_2_and_3_with_dataset_expressions', 'consume_1_and_2_with_dataset_expressions', 'dataset_consumes_1' retrieved from /home/airflow/.local/lib/python3.12/site-packages/airflow/example_dags/example_datasets.py
[2024-08-11T09:33:02.830+0000] {logging_mixin.py:188} INFO - [2024-08-11T09:33:02.830+0000] {dag.py:3089} INFO - Sync 10 DAGs
[2024-08-11T09:33:02.843+0000] {logging_mixin.py:188} INFO - [2024-08-11T09:33:02.843+0000] {dag.py:3947} INFO - Setting next_dagrun for conditional_dataset_and_time_based_timetable to 2024-08-07 01:00:00+00:00, run_after=2024-08-07 01:00:00+00:00
[2024-08-11T09:33:02.845+0000] {logging_mixin.py:188} INFO - [2024-08-11T09:33:02.845+0000] {dag.py:3947} INFO - Setting next_dagrun for consume_1_and_2_with_dataset_expressions to None, run_after=None
[2024-08-11T09:33:02.846+0000] {logging_mixin.py:188} INFO - [2024-08-11T09:33:02.846+0000] {dag.py:3947} INFO - Setting next_dagrun for consume_1_or_2_with_dataset_expressions to None, run_after=None
[2024-08-11T09:33:02.847+0000] {logging_mixin.py:188} INFO - [2024-08-11T09:33:02.847+0000] {dag.py:3947} INFO - Setting next_dagrun for consume_1_or_both_2_and_3_with_dataset_expressions to None, run_after=None
[2024-08-11T09:33:02.847+0000] {logging_mixin.py:188} INFO - [2024-08-11T09:33:02.847+0000] {dag.py:3947} INFO - Setting next_dagrun for dataset_consumes_1 to None, run_after=None
[2024-08-11T09:33:02.848+0000] {logging_mixin.py:188} INFO - [2024-08-11T09:33:02.848+0000] {dag.py:3947} INFO - Setting next_dagrun for dataset_consumes_1_and_2 to None, run_after=None
[2024-08-11T09:33:02.848+0000] {logging_mixin.py:188} INFO - [2024-08-11T09:33:02.848+0000] {dag.py:3947} INFO - Setting next_dagrun for dataset_consumes_1_never_scheduled to None, run_after=None
[2024-08-11T09:33:02.849+0000] {logging_mixin.py:188} INFO - [2024-08-11T09:33:02.849+0000] {dag.py:3947} INFO - Setting next_dagrun for dataset_consumes_unknown_never_scheduled to None, run_after=None
[2024-08-11T09:33:02.850+0000] {logging_mixin.py:188} INFO - [2024-08-11T09:33:02.850+0000] {dag.py:3947} INFO - Setting next_dagrun for dataset_produces_1 to 2024-08-10 00:00:00+00:00, run_after=2024-08-11 00:00:00+00:00
[2024-08-11T09:33:02.851+0000] {logging_mixin.py:188} INFO - [2024-08-11T09:33:02.851+0000] {dag.py:3947} INFO - Setting next_dagrun for dataset_produces_2 to None, run_after=None
[2024-08-11T09:33:02.867+0000] {processor.py:183} INFO - Processing /home/airflow/.local/lib/python3.12/site-packages/airflow/example_dags/example_datasets.py took 0.074 seconds
[2024-08-11T09:33:33.488+0000] {processor.py:161} INFO - Started process (PID=315) to work on /home/airflow/.local/lib/python3.12/site-packages/airflow/example_dags/example_datasets.py
[2024-08-11T09:33:33.491+0000] {processor.py:830} INFO - Processing file /home/airflow/.local/lib/python3.12/site-packages/airflow/example_dags/example_datasets.py for tasks to queue
[2024-08-11T09:33:33.493+0000] {logging_mixin.py:188} INFO - [2024-08-11T09:33:33.492+0000] {dagbag.py:545} INFO - Filling up the DagBag from /home/airflow/.local/lib/python3.12/site-packages/airflow/example_dags/example_datasets.py
[2024-08-11T09:33:33.500+0000] {processor.py:840} INFO - DAG(s) 'dataset_consumes_1_and_2', 'dataset_produces_2', 'dataset_consumes_1', 'dataset_consumes_unknown_never_scheduled', 'consume_1_or_2_with_dataset_expressions', 'dataset_consumes_1_never_scheduled', 'consume_1_or_both_2_and_3_with_dataset_expressions', 'dataset_produces_1', 'conditional_dataset_and_time_based_timetable', 'consume_1_and_2_with_dataset_expressions' retrieved from /home/airflow/.local/lib/python3.12/site-packages/airflow/example_dags/example_datasets.py
[2024-08-11T09:33:33.523+0000] {logging_mixin.py:188} INFO - [2024-08-11T09:33:33.523+0000] {dag.py:3089} INFO - Sync 10 DAGs
[2024-08-11T09:33:33.535+0000] {logging_mixin.py:188} INFO - [2024-08-11T09:33:33.535+0000] {dag.py:3947} INFO - Setting next_dagrun for conditional_dataset_and_time_based_timetable to 2024-08-07 01:00:00+00:00, run_after=2024-08-07 01:00:00+00:00
[2024-08-11T09:33:33.538+0000] {logging_mixin.py:188} INFO - [2024-08-11T09:33:33.538+0000] {dag.py:3947} INFO - Setting next_dagrun for consume_1_and_2_with_dataset_expressions to None, run_after=None
[2024-08-11T09:33:33.538+0000] {logging_mixin.py:188} INFO - [2024-08-11T09:33:33.538+0000] {dag.py:3947} INFO - Setting next_dagrun for consume_1_or_2_with_dataset_expressions to None, run_after=None
[2024-08-11T09:33:33.539+0000] {logging_mixin.py:188} INFO - [2024-08-11T09:33:33.539+0000] {dag.py:3947} INFO - Setting next_dagrun for consume_1_or_both_2_and_3_with_dataset_expressions to None, run_after=None
[2024-08-11T09:33:33.539+0000] {logging_mixin.py:188} INFO - [2024-08-11T09:33:33.539+0000] {dag.py:3947} INFO - Setting next_dagrun for dataset_consumes_1 to None, run_after=None
[2024-08-11T09:33:33.540+0000] {logging_mixin.py:188} INFO - [2024-08-11T09:33:33.540+0000] {dag.py:3947} INFO - Setting next_dagrun for dataset_consumes_1_and_2 to None, run_after=None
[2024-08-11T09:33:33.541+0000] {logging_mixin.py:188} INFO - [2024-08-11T09:33:33.540+0000] {dag.py:3947} INFO - Setting next_dagrun for dataset_consumes_1_never_scheduled to None, run_after=None
[2024-08-11T09:33:33.541+0000] {logging_mixin.py:188} INFO - [2024-08-11T09:33:33.541+0000] {dag.py:3947} INFO - Setting next_dagrun for dataset_consumes_unknown_never_scheduled to None, run_after=None
[2024-08-11T09:33:33.542+0000] {logging_mixin.py:188} INFO - [2024-08-11T09:33:33.542+0000] {dag.py:3947} INFO - Setting next_dagrun for dataset_produces_1 to 2024-08-10 00:00:00+00:00, run_after=2024-08-11 00:00:00+00:00
[2024-08-11T09:33:33.543+0000] {logging_mixin.py:188} INFO - [2024-08-11T09:33:33.543+0000] {dag.py:3947} INFO - Setting next_dagrun for dataset_produces_2 to None, run_after=None
[2024-08-11T09:33:33.560+0000] {processor.py:183} INFO - Processing /home/airflow/.local/lib/python3.12/site-packages/airflow/example_dags/example_datasets.py took 0.075 seconds
[2024-08-11T09:34:04.384+0000] {processor.py:161} INFO - Started process (PID=379) to work on /home/airflow/.local/lib/python3.12/site-packages/airflow/example_dags/example_datasets.py
[2024-08-11T09:34:04.387+0000] {processor.py:830} INFO - Processing file /home/airflow/.local/lib/python3.12/site-packages/airflow/example_dags/example_datasets.py for tasks to queue
[2024-08-11T09:34:04.388+0000] {logging_mixin.py:188} INFO - [2024-08-11T09:34:04.388+0000] {dagbag.py:545} INFO - Filling up the DagBag from /home/airflow/.local/lib/python3.12/site-packages/airflow/example_dags/example_datasets.py
[2024-08-11T09:34:04.395+0000] {processor.py:840} INFO - DAG(s) 'dataset_consumes_1_never_scheduled', 'dataset_produces_2', 'consume_1_and_2_with_dataset_expressions', 'consume_1_or_2_with_dataset_expressions', 'consume_1_or_both_2_and_3_with_dataset_expressions', 'dataset_consumes_unknown_never_scheduled', 'conditional_dataset_and_time_based_timetable', 'dataset_produces_1', 'dataset_consumes_1', 'dataset_consumes_1_and_2' retrieved from /home/airflow/.local/lib/python3.12/site-packages/airflow/example_dags/example_datasets.py
[2024-08-11T09:34:04.419+0000] {logging_mixin.py:188} INFO - [2024-08-11T09:34:04.419+0000] {dag.py:3089} INFO - Sync 10 DAGs
[2024-08-11T09:34:04.431+0000] {logging_mixin.py:188} INFO - [2024-08-11T09:34:04.430+0000] {dag.py:3947} INFO - Setting next_dagrun for conditional_dataset_and_time_based_timetable to 2024-08-07 01:00:00+00:00, run_after=2024-08-07 01:00:00+00:00
[2024-08-11T09:34:04.433+0000] {logging_mixin.py:188} INFO - [2024-08-11T09:34:04.433+0000] {dag.py:3947} INFO - Setting next_dagrun for consume_1_and_2_with_dataset_expressions to None, run_after=None
[2024-08-11T09:34:04.433+0000] {logging_mixin.py:188} INFO - [2024-08-11T09:34:04.433+0000] {dag.py:3947} INFO - Setting next_dagrun for consume_1_or_2_with_dataset_expressions to None, run_after=None
[2024-08-11T09:34:04.434+0000] {logging_mixin.py:188} INFO - [2024-08-11T09:34:04.434+0000] {dag.py:3947} INFO - Setting next_dagrun for consume_1_or_both_2_and_3_with_dataset_expressions to None, run_after=None
[2024-08-11T09:34:04.434+0000] {logging_mixin.py:188} INFO - [2024-08-11T09:34:04.434+0000] {dag.py:3947} INFO - Setting next_dagrun for dataset_consumes_1 to None, run_after=None
[2024-08-11T09:34:04.435+0000] {logging_mixin.py:188} INFO - [2024-08-11T09:34:04.435+0000] {dag.py:3947} INFO - Setting next_dagrun for dataset_consumes_1_and_2 to None, run_after=None
[2024-08-11T09:34:04.436+0000] {logging_mixin.py:188} INFO - [2024-08-11T09:34:04.435+0000] {dag.py:3947} INFO - Setting next_dagrun for dataset_consumes_1_never_scheduled to None, run_after=None
[2024-08-11T09:34:04.436+0000] {logging_mixin.py:188} INFO - [2024-08-11T09:34:04.436+0000] {dag.py:3947} INFO - Setting next_dagrun for dataset_consumes_unknown_never_scheduled to None, run_after=None
[2024-08-11T09:34:04.437+0000] {logging_mixin.py:188} INFO - [2024-08-11T09:34:04.437+0000] {dag.py:3947} INFO - Setting next_dagrun for dataset_produces_1 to 2024-08-10 00:00:00+00:00, run_after=2024-08-11 00:00:00+00:00
[2024-08-11T09:34:04.437+0000] {logging_mixin.py:188} INFO - [2024-08-11T09:34:04.437+0000] {dag.py:3947} INFO - Setting next_dagrun for dataset_produces_2 to None, run_after=None
[2024-08-11T09:34:04.451+0000] {processor.py:183} INFO - Processing /home/airflow/.local/lib/python3.12/site-packages/airflow/example_dags/example_datasets.py took 0.070 seconds
[2024-08-11T09:34:35.162+0000] {processor.py:161} INFO - Started process (PID=437) to work on /home/airflow/.local/lib/python3.12/site-packages/airflow/example_dags/example_datasets.py
[2024-08-11T09:34:35.163+0000] {processor.py:830} INFO - Processing file /home/airflow/.local/lib/python3.12/site-packages/airflow/example_dags/example_datasets.py for tasks to queue
[2024-08-11T09:34:35.164+0000] {logging_mixin.py:188} INFO - [2024-08-11T09:34:35.163+0000] {dagbag.py:545} INFO - Filling up the DagBag from /home/airflow/.local/lib/python3.12/site-packages/airflow/example_dags/example_datasets.py
[2024-08-11T09:34:35.170+0000] {processor.py:840} INFO - DAG(s) 'conditional_dataset_and_time_based_timetable', 'consume_1_or_2_with_dataset_expressions', 'dataset_consumes_1_and_2', 'dataset_produces_2', 'consume_1_or_both_2_and_3_with_dataset_expressions', 'dataset_produces_1', 'dataset_consumes_unknown_never_scheduled', 'dataset_consumes_1', 'consume_1_and_2_with_dataset_expressions', 'dataset_consumes_1_never_scheduled' retrieved from /home/airflow/.local/lib/python3.12/site-packages/airflow/example_dags/example_datasets.py
[2024-08-11T09:34:35.191+0000] {logging_mixin.py:188} INFO - [2024-08-11T09:34:35.190+0000] {dag.py:3089} INFO - Sync 10 DAGs
[2024-08-11T09:34:35.201+0000] {logging_mixin.py:188} INFO - [2024-08-11T09:34:35.201+0000] {dag.py:3947} INFO - Setting next_dagrun for conditional_dataset_and_time_based_timetable to 2024-08-07 01:00:00+00:00, run_after=2024-08-07 01:00:00+00:00
[2024-08-11T09:34:35.205+0000] {logging_mixin.py:188} INFO - [2024-08-11T09:34:35.205+0000] {dag.py:3947} INFO - Setting next_dagrun for consume_1_and_2_with_dataset_expressions to None, run_after=None
[2024-08-11T09:34:35.206+0000] {logging_mixin.py:188} INFO - [2024-08-11T09:34:35.206+0000] {dag.py:3947} INFO - Setting next_dagrun for consume_1_or_2_with_dataset_expressions to None, run_after=None
[2024-08-11T09:34:35.206+0000] {logging_mixin.py:188} INFO - [2024-08-11T09:34:35.206+0000] {dag.py:3947} INFO - Setting next_dagrun for consume_1_or_both_2_and_3_with_dataset_expressions to None, run_after=None
[2024-08-11T09:34:35.207+0000] {logging_mixin.py:188} INFO - [2024-08-11T09:34:35.207+0000] {dag.py:3947} INFO - Setting next_dagrun for dataset_consumes_1 to None, run_after=None
[2024-08-11T09:34:35.208+0000] {logging_mixin.py:188} INFO - [2024-08-11T09:34:35.207+0000] {dag.py:3947} INFO - Setting next_dagrun for dataset_consumes_1_and_2 to None, run_after=None
[2024-08-11T09:34:35.208+0000] {logging_mixin.py:188} INFO - [2024-08-11T09:34:35.208+0000] {dag.py:3947} INFO - Setting next_dagrun for dataset_consumes_1_never_scheduled to None, run_after=None
[2024-08-11T09:34:35.208+0000] {logging_mixin.py:188} INFO - [2024-08-11T09:34:35.208+0000] {dag.py:3947} INFO - Setting next_dagrun for dataset_consumes_unknown_never_scheduled to None, run_after=None
[2024-08-11T09:34:35.209+0000] {logging_mixin.py:188} INFO - [2024-08-11T09:34:35.209+0000] {dag.py:3947} INFO - Setting next_dagrun for dataset_produces_1 to 2024-08-10 00:00:00+00:00, run_after=2024-08-11 00:00:00+00:00
[2024-08-11T09:34:35.210+0000] {logging_mixin.py:188} INFO - [2024-08-11T09:34:35.210+0000] {dag.py:3947} INFO - Setting next_dagrun for dataset_produces_2 to None, run_after=None
[2024-08-11T09:34:35.226+0000] {processor.py:183} INFO - Processing /home/airflow/.local/lib/python3.12/site-packages/airflow/example_dags/example_datasets.py took 0.067 seconds
[2024-08-11T09:35:05.988+0000] {processor.py:161} INFO - Started process (PID=495) to work on /home/airflow/.local/lib/python3.12/site-packages/airflow/example_dags/example_datasets.py
[2024-08-11T09:35:05.989+0000] {processor.py:830} INFO - Processing file /home/airflow/.local/lib/python3.12/site-packages/airflow/example_dags/example_datasets.py for tasks to queue
[2024-08-11T09:35:05.990+0000] {logging_mixin.py:188} INFO - [2024-08-11T09:35:05.990+0000] {dagbag.py:545} INFO - Filling up the DagBag from /home/airflow/.local/lib/python3.12/site-packages/airflow/example_dags/example_datasets.py
[2024-08-11T09:35:05.996+0000] {processor.py:840} INFO - DAG(s) 'conditional_dataset_and_time_based_timetable', 'consume_1_and_2_with_dataset_expressions', 'dataset_consumes_1_never_scheduled', 'consume_1_or_both_2_and_3_with_dataset_expressions', 'dataset_consumes_unknown_never_scheduled', 'dataset_produces_1', 'dataset_consumes_1_and_2', 'dataset_produces_2', 'consume_1_or_2_with_dataset_expressions', 'dataset_consumes_1' retrieved from /home/airflow/.local/lib/python3.12/site-packages/airflow/example_dags/example_datasets.py
[2024-08-11T09:35:06.019+0000] {logging_mixin.py:188} INFO - [2024-08-11T09:35:06.019+0000] {dag.py:3089} INFO - Sync 10 DAGs
[2024-08-11T09:35:06.031+0000] {logging_mixin.py:188} INFO - [2024-08-11T09:35:06.031+0000] {dag.py:3947} INFO - Setting next_dagrun for conditional_dataset_and_time_based_timetable to 2024-08-07 01:00:00+00:00, run_after=2024-08-07 01:00:00+00:00
[2024-08-11T09:35:06.033+0000] {logging_mixin.py:188} INFO - [2024-08-11T09:35:06.033+0000] {dag.py:3947} INFO - Setting next_dagrun for consume_1_and_2_with_dataset_expressions to None, run_after=None
[2024-08-11T09:35:06.033+0000] {logging_mixin.py:188} INFO - [2024-08-11T09:35:06.033+0000] {dag.py:3947} INFO - Setting next_dagrun for consume_1_or_2_with_dataset_expressions to None, run_after=None
[2024-08-11T09:35:06.034+0000] {logging_mixin.py:188} INFO - [2024-08-11T09:35:06.034+0000] {dag.py:3947} INFO - Setting next_dagrun for consume_1_or_both_2_and_3_with_dataset_expressions to None, run_after=None
[2024-08-11T09:35:06.035+0000] {logging_mixin.py:188} INFO - [2024-08-11T09:35:06.035+0000] {dag.py:3947} INFO - Setting next_dagrun for dataset_consumes_1 to None, run_after=None
[2024-08-11T09:35:06.035+0000] {logging_mixin.py:188} INFO - [2024-08-11T09:35:06.035+0000] {dag.py:3947} INFO - Setting next_dagrun for dataset_consumes_1_and_2 to None, run_after=None
[2024-08-11T09:35:06.036+0000] {logging_mixin.py:188} INFO - [2024-08-11T09:35:06.036+0000] {dag.py:3947} INFO - Setting next_dagrun for dataset_consumes_1_never_scheduled to None, run_after=None
[2024-08-11T09:35:06.036+0000] {logging_mixin.py:188} INFO - [2024-08-11T09:35:06.036+0000] {dag.py:3947} INFO - Setting next_dagrun for dataset_consumes_unknown_never_scheduled to None, run_after=None
[2024-08-11T09:35:06.037+0000] {logging_mixin.py:188} INFO - [2024-08-11T09:35:06.037+0000] {dag.py:3947} INFO - Setting next_dagrun for dataset_produces_1 to 2024-08-10 00:00:00+00:00, run_after=2024-08-11 00:00:00+00:00
[2024-08-11T09:35:06.038+0000] {logging_mixin.py:188} INFO - [2024-08-11T09:35:06.037+0000] {dag.py:3947} INFO - Setting next_dagrun for dataset_produces_2 to None, run_after=None
[2024-08-11T09:35:06.056+0000] {processor.py:183} INFO - Processing /home/airflow/.local/lib/python3.12/site-packages/airflow/example_dags/example_datasets.py took 0.071 seconds
[2024-08-11T09:58:29.600+0000] {processor.py:161} INFO - Started process (PID=81) to work on /home/airflow/.local/lib/python3.12/site-packages/airflow/example_dags/example_datasets.py
[2024-08-11T09:58:29.601+0000] {processor.py:830} INFO - Processing file /home/airflow/.local/lib/python3.12/site-packages/airflow/example_dags/example_datasets.py for tasks to queue
[2024-08-11T09:58:29.602+0000] {logging_mixin.py:188} INFO - [2024-08-11T09:58:29.602+0000] {dagbag.py:545} INFO - Filling up the DagBag from /home/airflow/.local/lib/python3.12/site-packages/airflow/example_dags/example_datasets.py
[2024-08-11T09:58:29.611+0000] {processor.py:840} INFO - DAG(s) 'consume_1_or_both_2_and_3_with_dataset_expressions', 'dataset_consumes_unknown_never_scheduled', 'conditional_dataset_and_time_based_timetable', 'dataset_consumes_1_and_2', 'consume_1_or_2_with_dataset_expressions', 'dataset_consumes_1', 'dataset_consumes_1_never_scheduled', 'consume_1_and_2_with_dataset_expressions', 'dataset_produces_2', 'dataset_produces_1' retrieved from /home/airflow/.local/lib/python3.12/site-packages/airflow/example_dags/example_datasets.py
[2024-08-11T09:58:29.642+0000] {logging_mixin.py:188} INFO - [2024-08-11T09:58:29.641+0000] {dag.py:3089} INFO - Sync 10 DAGs
[2024-08-11T09:58:29.660+0000] {logging_mixin.py:188} INFO - [2024-08-11T09:58:29.660+0000] {dag.py:3947} INFO - Setting next_dagrun for conditional_dataset_and_time_based_timetable to 2024-08-07 01:00:00+00:00, run_after=2024-08-07 01:00:00+00:00
[2024-08-11T09:58:29.663+0000] {logging_mixin.py:188} INFO - [2024-08-11T09:58:29.663+0000] {dag.py:3947} INFO - Setting next_dagrun for consume_1_and_2_with_dataset_expressions to None, run_after=None
[2024-08-11T09:58:29.666+0000] {logging_mixin.py:188} INFO - [2024-08-11T09:58:29.665+0000] {dag.py:3947} INFO - Setting next_dagrun for consume_1_or_2_with_dataset_expressions to None, run_after=None
[2024-08-11T09:58:29.666+0000] {logging_mixin.py:188} INFO - [2024-08-11T09:58:29.666+0000] {dag.py:3947} INFO - Setting next_dagrun for consume_1_or_both_2_and_3_with_dataset_expressions to None, run_after=None
[2024-08-11T09:58:29.668+0000] {logging_mixin.py:188} INFO - [2024-08-11T09:58:29.668+0000] {dag.py:3947} INFO - Setting next_dagrun for dataset_consumes_1 to None, run_after=None
[2024-08-11T09:58:29.671+0000] {logging_mixin.py:188} INFO - [2024-08-11T09:58:29.671+0000] {dag.py:3947} INFO - Setting next_dagrun for dataset_consumes_1_and_2 to None, run_after=None
[2024-08-11T09:58:29.673+0000] {logging_mixin.py:188} INFO - [2024-08-11T09:58:29.673+0000] {dag.py:3947} INFO - Setting next_dagrun for dataset_consumes_1_never_scheduled to None, run_after=None
[2024-08-11T09:58:29.677+0000] {logging_mixin.py:188} INFO - [2024-08-11T09:58:29.677+0000] {dag.py:3947} INFO - Setting next_dagrun for dataset_consumes_unknown_never_scheduled to None, run_after=None
[2024-08-11T09:58:29.678+0000] {logging_mixin.py:188} INFO - [2024-08-11T09:58:29.678+0000] {dag.py:3947} INFO - Setting next_dagrun for dataset_produces_1 to 2024-08-10 00:00:00+00:00, run_after=2024-08-11 00:00:00+00:00
[2024-08-11T09:58:29.679+0000] {logging_mixin.py:188} INFO - [2024-08-11T09:58:29.679+0000] {dag.py:3947} INFO - Setting next_dagrun for dataset_produces_2 to None, run_after=None
[2024-08-11T09:58:29.711+0000] {processor.py:183} INFO - Processing /home/airflow/.local/lib/python3.12/site-packages/airflow/example_dags/example_datasets.py took 0.114 seconds
[2024-08-11T09:59:00.560+0000] {processor.py:161} INFO - Started process (PID=139) to work on /home/airflow/.local/lib/python3.12/site-packages/airflow/example_dags/example_datasets.py
[2024-08-11T09:59:00.560+0000] {processor.py:830} INFO - Processing file /home/airflow/.local/lib/python3.12/site-packages/airflow/example_dags/example_datasets.py for tasks to queue
[2024-08-11T09:59:00.561+0000] {logging_mixin.py:188} INFO - [2024-08-11T09:59:00.561+0000] {dagbag.py:545} INFO - Filling up the DagBag from /home/airflow/.local/lib/python3.12/site-packages/airflow/example_dags/example_datasets.py
[2024-08-11T09:59:00.568+0000] {processor.py:840} INFO - DAG(s) 'dataset_consumes_1', 'dataset_produces_2', 'dataset_produces_1', 'dataset_consumes_1_and_2', 'dataset_consumes_1_never_scheduled', 'dataset_consumes_unknown_never_scheduled', 'consume_1_or_both_2_and_3_with_dataset_expressions', 'conditional_dataset_and_time_based_timetable', 'consume_1_or_2_with_dataset_expressions', 'consume_1_and_2_with_dataset_expressions' retrieved from /home/airflow/.local/lib/python3.12/site-packages/airflow/example_dags/example_datasets.py
[2024-08-11T09:59:00.582+0000] {logging_mixin.py:188} INFO - [2024-08-11T09:59:00.581+0000] {dag.py:3089} INFO - Sync 10 DAGs
[2024-08-11T09:59:00.595+0000] {logging_mixin.py:188} INFO - [2024-08-11T09:59:00.595+0000] {dag.py:3947} INFO - Setting next_dagrun for conditional_dataset_and_time_based_timetable to 2024-08-07 01:00:00+00:00, run_after=2024-08-07 01:00:00+00:00
[2024-08-11T09:59:00.597+0000] {logging_mixin.py:188} INFO - [2024-08-11T09:59:00.597+0000] {dag.py:3947} INFO - Setting next_dagrun for consume_1_and_2_with_dataset_expressions to None, run_after=None
[2024-08-11T09:59:00.598+0000] {logging_mixin.py:188} INFO - [2024-08-11T09:59:00.598+0000] {dag.py:3947} INFO - Setting next_dagrun for consume_1_or_2_with_dataset_expressions to None, run_after=None
[2024-08-11T09:59:00.599+0000] {logging_mixin.py:188} INFO - [2024-08-11T09:59:00.599+0000] {dag.py:3947} INFO - Setting next_dagrun for consume_1_or_both_2_and_3_with_dataset_expressions to None, run_after=None
[2024-08-11T09:59:00.599+0000] {logging_mixin.py:188} INFO - [2024-08-11T09:59:00.599+0000] {dag.py:3947} INFO - Setting next_dagrun for dataset_consumes_1 to None, run_after=None
[2024-08-11T09:59:00.600+0000] {logging_mixin.py:188} INFO - [2024-08-11T09:59:00.600+0000] {dag.py:3947} INFO - Setting next_dagrun for dataset_consumes_1_and_2 to None, run_after=None
[2024-08-11T09:59:00.600+0000] {logging_mixin.py:188} INFO - [2024-08-11T09:59:00.600+0000] {dag.py:3947} INFO - Setting next_dagrun for dataset_consumes_1_never_scheduled to None, run_after=None
[2024-08-11T09:59:00.601+0000] {logging_mixin.py:188} INFO - [2024-08-11T09:59:00.601+0000] {dag.py:3947} INFO - Setting next_dagrun for dataset_consumes_unknown_never_scheduled to None, run_after=None
[2024-08-11T09:59:00.602+0000] {logging_mixin.py:188} INFO - [2024-08-11T09:59:00.602+0000] {dag.py:3947} INFO - Setting next_dagrun for dataset_produces_1 to 2024-08-10 00:00:00+00:00, run_after=2024-08-11 00:00:00+00:00
[2024-08-11T09:59:00.602+0000] {logging_mixin.py:188} INFO - [2024-08-11T09:59:00.602+0000] {dag.py:3947} INFO - Setting next_dagrun for dataset_produces_2 to None, run_after=None
[2024-08-11T09:59:00.616+0000] {processor.py:183} INFO - Processing /home/airflow/.local/lib/python3.12/site-packages/airflow/example_dags/example_datasets.py took 0.059 seconds
[2024-08-11T09:59:45.450+0000] {processor.py:161} INFO - Started process (PID=84) to work on /home/airflow/.local/lib/python3.12/site-packages/airflow/example_dags/example_datasets.py
[2024-08-11T09:59:45.451+0000] {processor.py:830} INFO - Processing file /home/airflow/.local/lib/python3.12/site-packages/airflow/example_dags/example_datasets.py for tasks to queue
[2024-08-11T09:59:45.453+0000] {logging_mixin.py:188} INFO - [2024-08-11T09:59:45.453+0000] {dagbag.py:545} INFO - Filling up the DagBag from /home/airflow/.local/lib/python3.12/site-packages/airflow/example_dags/example_datasets.py
[2024-08-11T09:59:45.461+0000] {processor.py:840} INFO - DAG(s) 'dataset_produces_1', 'consume_1_and_2_with_dataset_expressions', 'dataset_consumes_unknown_never_scheduled', 'dataset_produces_2', 'consume_1_or_both_2_and_3_with_dataset_expressions', 'conditional_dataset_and_time_based_timetable', 'dataset_consumes_1', 'dataset_consumes_1_never_scheduled', 'dataset_consumes_1_and_2', 'consume_1_or_2_with_dataset_expressions' retrieved from /home/airflow/.local/lib/python3.12/site-packages/airflow/example_dags/example_datasets.py
[2024-08-11T09:59:45.474+0000] {logging_mixin.py:188} INFO - [2024-08-11T09:59:45.473+0000] {dag.py:3089} INFO - Sync 10 DAGs
[2024-08-11T09:59:45.487+0000] {logging_mixin.py:188} INFO - [2024-08-11T09:59:45.486+0000] {dag.py:3947} INFO - Setting next_dagrun for conditional_dataset_and_time_based_timetable to 2024-08-07 01:00:00+00:00, run_after=2024-08-07 01:00:00+00:00
[2024-08-11T09:59:45.490+0000] {logging_mixin.py:188} INFO - [2024-08-11T09:59:45.490+0000] {dag.py:3947} INFO - Setting next_dagrun for consume_1_and_2_with_dataset_expressions to None, run_after=None
[2024-08-11T09:59:45.491+0000] {logging_mixin.py:188} INFO - [2024-08-11T09:59:45.491+0000] {dag.py:3947} INFO - Setting next_dagrun for consume_1_or_2_with_dataset_expressions to None, run_after=None
[2024-08-11T09:59:45.492+0000] {logging_mixin.py:188} INFO - [2024-08-11T09:59:45.492+0000] {dag.py:3947} INFO - Setting next_dagrun for consume_1_or_both_2_and_3_with_dataset_expressions to None, run_after=None
[2024-08-11T09:59:45.492+0000] {logging_mixin.py:188} INFO - [2024-08-11T09:59:45.492+0000] {dag.py:3947} INFO - Setting next_dagrun for dataset_consumes_1 to None, run_after=None
[2024-08-11T09:59:45.493+0000] {logging_mixin.py:188} INFO - [2024-08-11T09:59:45.493+0000] {dag.py:3947} INFO - Setting next_dagrun for dataset_consumes_1_and_2 to None, run_after=None
[2024-08-11T09:59:45.493+0000] {logging_mixin.py:188} INFO - [2024-08-11T09:59:45.493+0000] {dag.py:3947} INFO - Setting next_dagrun for dataset_consumes_1_never_scheduled to None, run_after=None
[2024-08-11T09:59:45.494+0000] {logging_mixin.py:188} INFO - [2024-08-11T09:59:45.494+0000] {dag.py:3947} INFO - Setting next_dagrun for dataset_consumes_unknown_never_scheduled to None, run_after=None
[2024-08-11T09:59:45.495+0000] {logging_mixin.py:188} INFO - [2024-08-11T09:59:45.495+0000] {dag.py:3947} INFO - Setting next_dagrun for dataset_produces_1 to 2024-08-10 00:00:00+00:00, run_after=2024-08-11 00:00:00+00:00
[2024-08-11T09:59:45.496+0000] {logging_mixin.py:188} INFO - [2024-08-11T09:59:45.495+0000] {dag.py:3947} INFO - Setting next_dagrun for dataset_produces_2 to None, run_after=None
[2024-08-11T09:59:45.511+0000] {processor.py:183} INFO - Processing /home/airflow/.local/lib/python3.12/site-packages/airflow/example_dags/example_datasets.py took 0.064 seconds
[2024-08-11T10:00:15.996+0000] {processor.py:161} INFO - Started process (PID=142) to work on /home/airflow/.local/lib/python3.12/site-packages/airflow/example_dags/example_datasets.py
[2024-08-11T10:00:15.996+0000] {processor.py:830} INFO - Processing file /home/airflow/.local/lib/python3.12/site-packages/airflow/example_dags/example_datasets.py for tasks to queue
[2024-08-11T10:00:15.998+0000] {logging_mixin.py:188} INFO - [2024-08-11T10:00:15.998+0000] {dagbag.py:545} INFO - Filling up the DagBag from /home/airflow/.local/lib/python3.12/site-packages/airflow/example_dags/example_datasets.py
[2024-08-11T10:00:16.006+0000] {processor.py:840} INFO - DAG(s) 'dataset_produces_2', 'dataset_consumes_1', 'dataset_consumes_1_never_scheduled', 'dataset_produces_1', 'consume_1_or_both_2_and_3_with_dataset_expressions', 'consume_1_or_2_with_dataset_expressions', 'consume_1_and_2_with_dataset_expressions', 'conditional_dataset_and_time_based_timetable', 'dataset_consumes_1_and_2', 'dataset_consumes_unknown_never_scheduled' retrieved from /home/airflow/.local/lib/python3.12/site-packages/airflow/example_dags/example_datasets.py
[2024-08-11T10:00:16.102+0000] {logging_mixin.py:188} INFO - [2024-08-11T10:00:16.102+0000] {dag.py:3089} INFO - Sync 10 DAGs
[2024-08-11T10:00:16.113+0000] {logging_mixin.py:188} INFO - [2024-08-11T10:00:16.112+0000] {dag.py:3947} INFO - Setting next_dagrun for conditional_dataset_and_time_based_timetable to 2024-08-07 01:00:00+00:00, run_after=2024-08-07 01:00:00+00:00
[2024-08-11T10:00:16.114+0000] {logging_mixin.py:188} INFO - [2024-08-11T10:00:16.114+0000] {dag.py:3947} INFO - Setting next_dagrun for consume_1_and_2_with_dataset_expressions to None, run_after=None
[2024-08-11T10:00:16.115+0000] {logging_mixin.py:188} INFO - [2024-08-11T10:00:16.115+0000] {dag.py:3947} INFO - Setting next_dagrun for consume_1_or_2_with_dataset_expressions to None, run_after=None
[2024-08-11T10:00:16.116+0000] {logging_mixin.py:188} INFO - [2024-08-11T10:00:16.116+0000] {dag.py:3947} INFO - Setting next_dagrun for consume_1_or_both_2_and_3_with_dataset_expressions to None, run_after=None
[2024-08-11T10:00:16.119+0000] {logging_mixin.py:188} INFO - [2024-08-11T10:00:16.118+0000] {dag.py:3947} INFO - Setting next_dagrun for dataset_consumes_1 to None, run_after=None
[2024-08-11T10:00:16.119+0000] {logging_mixin.py:188} INFO - [2024-08-11T10:00:16.119+0000] {dag.py:3947} INFO - Setting next_dagrun for dataset_consumes_1_and_2 to None, run_after=None
[2024-08-11T10:00:16.120+0000] {logging_mixin.py:188} INFO - [2024-08-11T10:00:16.120+0000] {dag.py:3947} INFO - Setting next_dagrun for dataset_consumes_1_never_scheduled to None, run_after=None
[2024-08-11T10:00:16.121+0000] {logging_mixin.py:188} INFO - [2024-08-11T10:00:16.121+0000] {dag.py:3947} INFO - Setting next_dagrun for dataset_consumes_unknown_never_scheduled to None, run_after=None
[2024-08-11T10:00:16.122+0000] {logging_mixin.py:188} INFO - [2024-08-11T10:00:16.122+0000] {dag.py:3947} INFO - Setting next_dagrun for dataset_produces_1 to 2024-08-10 00:00:00+00:00, run_after=2024-08-11 00:00:00+00:00
[2024-08-11T10:00:16.123+0000] {logging_mixin.py:188} INFO - [2024-08-11T10:00:16.123+0000] {dag.py:3947} INFO - Setting next_dagrun for dataset_produces_2 to None, run_after=None
[2024-08-11T10:00:16.144+0000] {processor.py:183} INFO - Processing /home/airflow/.local/lib/python3.12/site-packages/airflow/example_dags/example_datasets.py took 0.151 seconds
[2024-08-11T10:00:46.816+0000] {processor.py:161} INFO - Started process (PID=200) to work on /home/airflow/.local/lib/python3.12/site-packages/airflow/example_dags/example_datasets.py
[2024-08-11T10:00:46.818+0000] {processor.py:830} INFO - Processing file /home/airflow/.local/lib/python3.12/site-packages/airflow/example_dags/example_datasets.py for tasks to queue
[2024-08-11T10:00:46.819+0000] {logging_mixin.py:188} INFO - [2024-08-11T10:00:46.819+0000] {dagbag.py:545} INFO - Filling up the DagBag from /home/airflow/.local/lib/python3.12/site-packages/airflow/example_dags/example_datasets.py
[2024-08-11T10:00:46.826+0000] {processor.py:840} INFO - DAG(s) 'consume_1_or_both_2_and_3_with_dataset_expressions', 'consume_1_or_2_with_dataset_expressions', 'dataset_consumes_1_never_scheduled', 'dataset_produces_1', 'dataset_produces_2', 'dataset_consumes_unknown_never_scheduled', 'dataset_consumes_1_and_2', 'dataset_consumes_1', 'conditional_dataset_and_time_based_timetable', 'consume_1_and_2_with_dataset_expressions' retrieved from /home/airflow/.local/lib/python3.12/site-packages/airflow/example_dags/example_datasets.py
[2024-08-11T10:00:46.850+0000] {logging_mixin.py:188} INFO - [2024-08-11T10:00:46.850+0000] {dag.py:3089} INFO - Sync 10 DAGs
[2024-08-11T10:00:46.865+0000] {logging_mixin.py:188} INFO - [2024-08-11T10:00:46.864+0000] {dag.py:3947} INFO - Setting next_dagrun for conditional_dataset_and_time_based_timetable to 2024-08-07 01:00:00+00:00, run_after=2024-08-07 01:00:00+00:00
[2024-08-11T10:00:46.866+0000] {logging_mixin.py:188} INFO - [2024-08-11T10:00:46.866+0000] {dag.py:3947} INFO - Setting next_dagrun for consume_1_and_2_with_dataset_expressions to None, run_after=None
[2024-08-11T10:00:46.867+0000] {logging_mixin.py:188} INFO - [2024-08-11T10:00:46.867+0000] {dag.py:3947} INFO - Setting next_dagrun for consume_1_or_2_with_dataset_expressions to None, run_after=None
[2024-08-11T10:00:46.867+0000] {logging_mixin.py:188} INFO - [2024-08-11T10:00:46.867+0000] {dag.py:3947} INFO - Setting next_dagrun for consume_1_or_both_2_and_3_with_dataset_expressions to None, run_after=None
[2024-08-11T10:00:46.868+0000] {logging_mixin.py:188} INFO - [2024-08-11T10:00:46.868+0000] {dag.py:3947} INFO - Setting next_dagrun for dataset_consumes_1 to None, run_after=None
[2024-08-11T10:00:46.868+0000] {logging_mixin.py:188} INFO - [2024-08-11T10:00:46.868+0000] {dag.py:3947} INFO - Setting next_dagrun for dataset_consumes_1_and_2 to None, run_after=None
[2024-08-11T10:00:46.869+0000] {logging_mixin.py:188} INFO - [2024-08-11T10:00:46.869+0000] {dag.py:3947} INFO - Setting next_dagrun for dataset_consumes_1_never_scheduled to None, run_after=None
[2024-08-11T10:00:46.871+0000] {logging_mixin.py:188} INFO - [2024-08-11T10:00:46.871+0000] {dag.py:3947} INFO - Setting next_dagrun for dataset_consumes_unknown_never_scheduled to None, run_after=None
[2024-08-11T10:00:46.874+0000] {logging_mixin.py:188} INFO - [2024-08-11T10:00:46.874+0000] {dag.py:3947} INFO - Setting next_dagrun for dataset_produces_1 to 2024-08-10 00:00:00+00:00, run_after=2024-08-11 00:00:00+00:00
[2024-08-11T10:00:46.874+0000] {logging_mixin.py:188} INFO - [2024-08-11T10:00:46.874+0000] {dag.py:3947} INFO - Setting next_dagrun for dataset_produces_2 to None, run_after=None
[2024-08-11T10:00:46.893+0000] {processor.py:183} INFO - Processing /home/airflow/.local/lib/python3.12/site-packages/airflow/example_dags/example_datasets.py took 0.079 seconds
[2024-08-11T10:01:17.683+0000] {processor.py:161} INFO - Started process (PID=258) to work on /home/airflow/.local/lib/python3.12/site-packages/airflow/example_dags/example_datasets.py
[2024-08-11T10:01:17.683+0000] {processor.py:830} INFO - Processing file /home/airflow/.local/lib/python3.12/site-packages/airflow/example_dags/example_datasets.py for tasks to queue
[2024-08-11T10:01:17.685+0000] {logging_mixin.py:188} INFO - [2024-08-11T10:01:17.685+0000] {dagbag.py:545} INFO - Filling up the DagBag from /home/airflow/.local/lib/python3.12/site-packages/airflow/example_dags/example_datasets.py
[2024-08-11T10:01:17.692+0000] {processor.py:840} INFO - DAG(s) 'conditional_dataset_and_time_based_timetable', 'consume_1_or_both_2_and_3_with_dataset_expressions', 'dataset_consumes_1_never_scheduled', 'dataset_consumes_1', 'consume_1_and_2_with_dataset_expressions', 'dataset_consumes_unknown_never_scheduled', 'dataset_consumes_1_and_2', 'consume_1_or_2_with_dataset_expressions', 'dataset_produces_1', 'dataset_produces_2' retrieved from /home/airflow/.local/lib/python3.12/site-packages/airflow/example_dags/example_datasets.py
[2024-08-11T10:01:17.780+0000] {logging_mixin.py:188} INFO - [2024-08-11T10:01:17.780+0000] {dag.py:3089} INFO - Sync 10 DAGs
[2024-08-11T10:01:17.788+0000] {logging_mixin.py:188} INFO - [2024-08-11T10:01:17.788+0000] {dag.py:3111} INFO - Creating ORM DAG for conditional_dataset_and_time_based_timetable
[2024-08-11T10:01:17.788+0000] {logging_mixin.py:188} INFO - [2024-08-11T10:01:17.788+0000] {dag.py:3111} INFO - Creating ORM DAG for consume_1_and_2_with_dataset_expressions
[2024-08-11T10:01:17.794+0000] {logging_mixin.py:188} INFO - [2024-08-11T10:01:17.794+0000] {dag.py:3947} INFO - Setting next_dagrun for conditional_dataset_and_time_based_timetable to 2024-08-07 01:00:00+00:00, run_after=2024-08-07 01:00:00+00:00
[2024-08-11T10:01:17.795+0000] {logging_mixin.py:188} INFO - [2024-08-11T10:01:17.795+0000] {dag.py:3947} INFO - Setting next_dagrun for consume_1_and_2_with_dataset_expressions to None, run_after=None
[2024-08-11T10:01:17.795+0000] {logging_mixin.py:188} INFO - [2024-08-11T10:01:17.795+0000] {dag.py:3947} INFO - Setting next_dagrun for consume_1_or_2_with_dataset_expressions to None, run_after=None
[2024-08-11T10:01:17.798+0000] {logging_mixin.py:188} INFO - [2024-08-11T10:01:17.798+0000] {dag.py:3947} INFO - Setting next_dagrun for consume_1_or_both_2_and_3_with_dataset_expressions to None, run_after=None
[2024-08-11T10:01:17.799+0000] {logging_mixin.py:188} INFO - [2024-08-11T10:01:17.799+0000] {dag.py:3947} INFO - Setting next_dagrun for dataset_consumes_1 to None, run_after=None
[2024-08-11T10:01:17.800+0000] {logging_mixin.py:188} INFO - [2024-08-11T10:01:17.800+0000] {dag.py:3947} INFO - Setting next_dagrun for dataset_consumes_1_and_2 to None, run_after=None
[2024-08-11T10:01:17.801+0000] {logging_mixin.py:188} INFO - [2024-08-11T10:01:17.801+0000] {dag.py:3947} INFO - Setting next_dagrun for dataset_consumes_1_never_scheduled to None, run_after=None
[2024-08-11T10:01:17.802+0000] {logging_mixin.py:188} INFO - [2024-08-11T10:01:17.801+0000] {dag.py:3947} INFO - Setting next_dagrun for dataset_consumes_unknown_never_scheduled to None, run_after=None
[2024-08-11T10:01:17.803+0000] {logging_mixin.py:188} INFO - [2024-08-11T10:01:17.802+0000] {dag.py:3947} INFO - Setting next_dagrun for dataset_produces_1 to 2024-08-10 00:00:00+00:00, run_after=2024-08-11 00:00:00+00:00
[2024-08-11T10:01:17.803+0000] {logging_mixin.py:188} INFO - [2024-08-11T10:01:17.803+0000] {dag.py:3947} INFO - Setting next_dagrun for dataset_produces_2 to None, run_after=None
[2024-08-11T10:01:17.826+0000] {processor.py:183} INFO - Processing /home/airflow/.local/lib/python3.12/site-packages/airflow/example_dags/example_datasets.py took 0.147 seconds
[2024-08-11T10:01:47.908+0000] {processor.py:161} INFO - Started process (PID=316) to work on /home/airflow/.local/lib/python3.12/site-packages/airflow/example_dags/example_datasets.py
[2024-08-11T10:01:47.909+0000] {processor.py:830} INFO - Processing file /home/airflow/.local/lib/python3.12/site-packages/airflow/example_dags/example_datasets.py for tasks to queue
[2024-08-11T10:01:47.910+0000] {logging_mixin.py:188} INFO - [2024-08-11T10:01:47.910+0000] {dagbag.py:545} INFO - Filling up the DagBag from /home/airflow/.local/lib/python3.12/site-packages/airflow/example_dags/example_datasets.py
[2024-08-11T10:01:47.918+0000] {processor.py:840} INFO - DAG(s) 'consume_1_or_2_with_dataset_expressions', 'dataset_produces_2', 'consume_1_and_2_with_dataset_expressions', 'dataset_consumes_1', 'consume_1_or_both_2_and_3_with_dataset_expressions', 'dataset_consumes_1_and_2', 'dataset_consumes_unknown_never_scheduled', 'conditional_dataset_and_time_based_timetable', 'dataset_consumes_1_never_scheduled', 'dataset_produces_1' retrieved from /home/airflow/.local/lib/python3.12/site-packages/airflow/example_dags/example_datasets.py
[2024-08-11T10:01:48.017+0000] {logging_mixin.py:188} INFO - [2024-08-11T10:01:48.017+0000] {dag.py:3089} INFO - Sync 10 DAGs
[2024-08-11T10:01:48.023+0000] {logging_mixin.py:188} INFO - [2024-08-11T10:01:48.023+0000] {dag.py:3111} INFO - Creating ORM DAG for consume_1_or_2_with_dataset_expressions
[2024-08-11T10:01:48.023+0000] {logging_mixin.py:188} INFO - [2024-08-11T10:01:48.023+0000] {dag.py:3111} INFO - Creating ORM DAG for consume_1_or_both_2_and_3_with_dataset_expressions
[2024-08-11T10:01:48.024+0000] {logging_mixin.py:188} INFO - [2024-08-11T10:01:48.024+0000] {dag.py:3111} INFO - Creating ORM DAG for conditional_dataset_and_time_based_timetable
[2024-08-11T10:01:48.024+0000] {logging_mixin.py:188} INFO - [2024-08-11T10:01:48.024+0000] {dag.py:3111} INFO - Creating ORM DAG for consume_1_and_2_with_dataset_expressions
[2024-08-11T10:01:48.028+0000] {logging_mixin.py:188} INFO - [2024-08-11T10:01:48.028+0000] {dag.py:3947} INFO - Setting next_dagrun for conditional_dataset_and_time_based_timetable to 2024-08-07 01:00:00+00:00, run_after=2024-08-07 01:00:00+00:00
[2024-08-11T10:01:48.029+0000] {logging_mixin.py:188} INFO - [2024-08-11T10:01:48.029+0000] {dag.py:3947} INFO - Setting next_dagrun for consume_1_and_2_with_dataset_expressions to None, run_after=None
[2024-08-11T10:01:48.029+0000] {logging_mixin.py:188} INFO - [2024-08-11T10:01:48.029+0000] {dag.py:3947} INFO - Setting next_dagrun for consume_1_or_2_with_dataset_expressions to None, run_after=None
[2024-08-11T10:01:48.029+0000] {logging_mixin.py:188} INFO - [2024-08-11T10:01:48.029+0000] {dag.py:3947} INFO - Setting next_dagrun for consume_1_or_both_2_and_3_with_dataset_expressions to None, run_after=None
[2024-08-11T10:01:48.029+0000] {logging_mixin.py:188} INFO - [2024-08-11T10:01:48.029+0000] {dag.py:3947} INFO - Setting next_dagrun for dataset_consumes_1 to None, run_after=None
[2024-08-11T10:01:48.031+0000] {logging_mixin.py:188} INFO - [2024-08-11T10:01:48.031+0000] {dag.py:3947} INFO - Setting next_dagrun for dataset_consumes_1_and_2 to None, run_after=None
[2024-08-11T10:01:48.031+0000] {logging_mixin.py:188} INFO - [2024-08-11T10:01:48.031+0000] {dag.py:3947} INFO - Setting next_dagrun for dataset_consumes_1_never_scheduled to None, run_after=None
[2024-08-11T10:01:48.034+0000] {logging_mixin.py:188} INFO - [2024-08-11T10:01:48.034+0000] {dag.py:3947} INFO - Setting next_dagrun for dataset_consumes_unknown_never_scheduled to None, run_after=None
[2024-08-11T10:01:48.036+0000] {logging_mixin.py:188} INFO - [2024-08-11T10:01:48.036+0000] {dag.py:3947} INFO - Setting next_dagrun for dataset_produces_1 to 2024-08-10 00:00:00+00:00, run_after=2024-08-11 00:00:00+00:00
[2024-08-11T10:01:48.037+0000] {logging_mixin.py:188} INFO - [2024-08-11T10:01:48.037+0000] {dag.py:3947} INFO - Setting next_dagrun for dataset_produces_2 to None, run_after=None
[2024-08-11T10:01:48.060+0000] {processor.py:183} INFO - Processing /home/airflow/.local/lib/python3.12/site-packages/airflow/example_dags/example_datasets.py took 0.155 seconds
