[2024-08-11T09:31:30.749+0000] {processor.py:161} INFO - Started process (PID=79) to work on /home/airflow/.local/lib/python3.12/site-packages/airflow/example_dags/example_branch_python_dop_operator_3.py
[2024-08-11T09:31:30.750+0000] {processor.py:830} INFO - Processing file /home/airflow/.local/lib/python3.12/site-packages/airflow/example_dags/example_branch_python_dop_operator_3.py for tasks to queue
[2024-08-11T09:31:30.752+0000] {logging_mixin.py:188} INFO - [2024-08-11T09:31:30.752+0000] {dagbag.py:545} INFO - Filling up the DagBag from /home/airflow/.local/lib/python3.12/site-packages/airflow/example_dags/example_branch_python_dop_operator_3.py
[2024-08-11T09:31:30.762+0000] {processor.py:840} INFO - DAG(s) 'example_branch_dop_operator_v3' retrieved from /home/airflow/.local/lib/python3.12/site-packages/airflow/example_dags/example_branch_python_dop_operator_3.py
[2024-08-11T09:31:30.772+0000] {logging_mixin.py:188} INFO - [2024-08-11T09:31:30.772+0000] {dag.py:3089} INFO - Sync 1 DAGs
[2024-08-11T09:31:30.787+0000] {logging_mixin.py:188} INFO - [2024-08-11T09:31:30.787+0000] {dag.py:3947} INFO - Setting next_dagrun for example_branch_dop_operator_v3 to 2024-08-11 09:30:00+00:00, run_after=2024-08-11 09:31:00+00:00
[2024-08-11T09:31:30.796+0000] {processor.py:183} INFO - Processing /home/airflow/.local/lib/python3.12/site-packages/airflow/example_dags/example_branch_python_dop_operator_3.py took 0.051 seconds
[2024-08-11T09:32:01.030+0000] {processor.py:161} INFO - Started process (PID=137) to work on /home/airflow/.local/lib/python3.12/site-packages/airflow/example_dags/example_branch_python_dop_operator_3.py
[2024-08-11T09:32:01.031+0000] {processor.py:830} INFO - Processing file /home/airflow/.local/lib/python3.12/site-packages/airflow/example_dags/example_branch_python_dop_operator_3.py for tasks to queue
[2024-08-11T09:32:01.032+0000] {logging_mixin.py:188} INFO - [2024-08-11T09:32:01.032+0000] {dagbag.py:545} INFO - Filling up the DagBag from /home/airflow/.local/lib/python3.12/site-packages/airflow/example_dags/example_branch_python_dop_operator_3.py
[2024-08-11T09:32:01.037+0000] {processor.py:840} INFO - DAG(s) 'example_branch_dop_operator_v3' retrieved from /home/airflow/.local/lib/python3.12/site-packages/airflow/example_dags/example_branch_python_dop_operator_3.py
[2024-08-11T09:32:01.085+0000] {logging_mixin.py:188} INFO - [2024-08-11T09:32:01.085+0000] {dag.py:3089} INFO - Sync 1 DAGs
[2024-08-11T09:32:01.095+0000] {logging_mixin.py:188} INFO - [2024-08-11T09:32:01.094+0000] {dag.py:3947} INFO - Setting next_dagrun for example_branch_dop_operator_v3 to 2024-08-11 09:31:00+00:00, run_after=2024-08-11 09:32:00+00:00
[2024-08-11T09:32:01.105+0000] {processor.py:183} INFO - Processing /home/airflow/.local/lib/python3.12/site-packages/airflow/example_dags/example_branch_python_dop_operator_3.py took 0.078 seconds
[2024-08-11T09:32:31.945+0000] {processor.py:161} INFO - Started process (PID=195) to work on /home/airflow/.local/lib/python3.12/site-packages/airflow/example_dags/example_branch_python_dop_operator_3.py
[2024-08-11T09:32:31.946+0000] {processor.py:830} INFO - Processing file /home/airflow/.local/lib/python3.12/site-packages/airflow/example_dags/example_branch_python_dop_operator_3.py for tasks to queue
[2024-08-11T09:32:31.947+0000] {logging_mixin.py:188} INFO - [2024-08-11T09:32:31.947+0000] {dagbag.py:545} INFO - Filling up the DagBag from /home/airflow/.local/lib/python3.12/site-packages/airflow/example_dags/example_branch_python_dop_operator_3.py
[2024-08-11T09:32:31.952+0000] {processor.py:840} INFO - DAG(s) 'example_branch_dop_operator_v3' retrieved from /home/airflow/.local/lib/python3.12/site-packages/airflow/example_dags/example_branch_python_dop_operator_3.py
[2024-08-11T09:32:31.965+0000] {logging_mixin.py:188} INFO - [2024-08-11T09:32:31.965+0000] {dag.py:3089} INFO - Sync 1 DAGs
[2024-08-11T09:32:31.977+0000] {logging_mixin.py:188} INFO - [2024-08-11T09:32:31.977+0000] {dag.py:3947} INFO - Setting next_dagrun for example_branch_dop_operator_v3 to 2024-08-11 09:31:00+00:00, run_after=2024-08-11 09:32:00+00:00
[2024-08-11T09:32:31.986+0000] {processor.py:183} INFO - Processing /home/airflow/.local/lib/python3.12/site-packages/airflow/example_dags/example_branch_python_dop_operator_3.py took 0.043 seconds
[2024-08-11T09:33:02.700+0000] {processor.py:161} INFO - Started process (PID=253) to work on /home/airflow/.local/lib/python3.12/site-packages/airflow/example_dags/example_branch_python_dop_operator_3.py
[2024-08-11T09:33:02.701+0000] {processor.py:830} INFO - Processing file /home/airflow/.local/lib/python3.12/site-packages/airflow/example_dags/example_branch_python_dop_operator_3.py for tasks to queue
[2024-08-11T09:33:02.701+0000] {logging_mixin.py:188} INFO - [2024-08-11T09:33:02.701+0000] {dagbag.py:545} INFO - Filling up the DagBag from /home/airflow/.local/lib/python3.12/site-packages/airflow/example_dags/example_branch_python_dop_operator_3.py
[2024-08-11T09:33:02.706+0000] {processor.py:840} INFO - DAG(s) 'example_branch_dop_operator_v3' retrieved from /home/airflow/.local/lib/python3.12/site-packages/airflow/example_dags/example_branch_python_dop_operator_3.py
[2024-08-11T09:33:02.717+0000] {logging_mixin.py:188} INFO - [2024-08-11T09:33:02.717+0000] {dag.py:3089} INFO - Sync 1 DAGs
[2024-08-11T09:33:02.728+0000] {logging_mixin.py:188} INFO - [2024-08-11T09:33:02.728+0000] {dag.py:3947} INFO - Setting next_dagrun for example_branch_dop_operator_v3 to 2024-08-11 09:32:00+00:00, run_after=2024-08-11 09:33:00+00:00
[2024-08-11T09:33:02.737+0000] {processor.py:183} INFO - Processing /home/airflow/.local/lib/python3.12/site-packages/airflow/example_dags/example_branch_python_dop_operator_3.py took 0.040 seconds
[2024-08-11T09:33:33.381+0000] {processor.py:161} INFO - Started process (PID=311) to work on /home/airflow/.local/lib/python3.12/site-packages/airflow/example_dags/example_branch_python_dop_operator_3.py
[2024-08-11T09:33:33.382+0000] {processor.py:830} INFO - Processing file /home/airflow/.local/lib/python3.12/site-packages/airflow/example_dags/example_branch_python_dop_operator_3.py for tasks to queue
[2024-08-11T09:33:33.383+0000] {logging_mixin.py:188} INFO - [2024-08-11T09:33:33.383+0000] {dagbag.py:545} INFO - Filling up the DagBag from /home/airflow/.local/lib/python3.12/site-packages/airflow/example_dags/example_branch_python_dop_operator_3.py
[2024-08-11T09:33:33.387+0000] {processor.py:840} INFO - DAG(s) 'example_branch_dop_operator_v3' retrieved from /home/airflow/.local/lib/python3.12/site-packages/airflow/example_dags/example_branch_python_dop_operator_3.py
[2024-08-11T09:33:33.398+0000] {logging_mixin.py:188} INFO - [2024-08-11T09:33:33.397+0000] {dag.py:3089} INFO - Sync 1 DAGs
[2024-08-11T09:33:33.409+0000] {logging_mixin.py:188} INFO - [2024-08-11T09:33:33.409+0000] {dag.py:3947} INFO - Setting next_dagrun for example_branch_dop_operator_v3 to 2024-08-11 09:32:00+00:00, run_after=2024-08-11 09:33:00+00:00
[2024-08-11T09:33:33.419+0000] {processor.py:183} INFO - Processing /home/airflow/.local/lib/python3.12/site-packages/airflow/example_dags/example_branch_python_dop_operator_3.py took 0.040 seconds
[2024-08-11T09:34:04.287+0000] {processor.py:161} INFO - Started process (PID=375) to work on /home/airflow/.local/lib/python3.12/site-packages/airflow/example_dags/example_branch_python_dop_operator_3.py
[2024-08-11T09:34:04.288+0000] {processor.py:830} INFO - Processing file /home/airflow/.local/lib/python3.12/site-packages/airflow/example_dags/example_branch_python_dop_operator_3.py for tasks to queue
[2024-08-11T09:34:04.289+0000] {logging_mixin.py:188} INFO - [2024-08-11T09:34:04.289+0000] {dagbag.py:545} INFO - Filling up the DagBag from /home/airflow/.local/lib/python3.12/site-packages/airflow/example_dags/example_branch_python_dop_operator_3.py
[2024-08-11T09:34:04.293+0000] {processor.py:840} INFO - DAG(s) 'example_branch_dop_operator_v3' retrieved from /home/airflow/.local/lib/python3.12/site-packages/airflow/example_dags/example_branch_python_dop_operator_3.py
[2024-08-11T09:34:04.303+0000] {logging_mixin.py:188} INFO - [2024-08-11T09:34:04.303+0000] {dag.py:3089} INFO - Sync 1 DAGs
[2024-08-11T09:34:04.315+0000] {logging_mixin.py:188} INFO - [2024-08-11T09:34:04.315+0000] {dag.py:3947} INFO - Setting next_dagrun for example_branch_dop_operator_v3 to 2024-08-11 09:33:00+00:00, run_after=2024-08-11 09:34:00+00:00
[2024-08-11T09:34:04.324+0000] {processor.py:183} INFO - Processing /home/airflow/.local/lib/python3.12/site-packages/airflow/example_dags/example_branch_python_dop_operator_3.py took 0.041 seconds
[2024-08-11T09:34:35.030+0000] {processor.py:161} INFO - Started process (PID=433) to work on /home/airflow/.local/lib/python3.12/site-packages/airflow/example_dags/example_branch_python_dop_operator_3.py
[2024-08-11T09:34:35.031+0000] {processor.py:830} INFO - Processing file /home/airflow/.local/lib/python3.12/site-packages/airflow/example_dags/example_branch_python_dop_operator_3.py for tasks to queue
[2024-08-11T09:34:35.032+0000] {logging_mixin.py:188} INFO - [2024-08-11T09:34:35.031+0000] {dagbag.py:545} INFO - Filling up the DagBag from /home/airflow/.local/lib/python3.12/site-packages/airflow/example_dags/example_branch_python_dop_operator_3.py
[2024-08-11T09:34:35.036+0000] {processor.py:840} INFO - DAG(s) 'example_branch_dop_operator_v3' retrieved from /home/airflow/.local/lib/python3.12/site-packages/airflow/example_dags/example_branch_python_dop_operator_3.py
[2024-08-11T09:34:35.046+0000] {logging_mixin.py:188} INFO - [2024-08-11T09:34:35.046+0000] {dag.py:3089} INFO - Sync 1 DAGs
[2024-08-11T09:34:35.057+0000] {logging_mixin.py:188} INFO - [2024-08-11T09:34:35.057+0000] {dag.py:3947} INFO - Setting next_dagrun for example_branch_dop_operator_v3 to 2024-08-11 09:33:00+00:00, run_after=2024-08-11 09:34:00+00:00
[2024-08-11T09:34:35.066+0000] {processor.py:183} INFO - Processing /home/airflow/.local/lib/python3.12/site-packages/airflow/example_dags/example_branch_python_dop_operator_3.py took 0.039 seconds
[2024-08-11T09:35:05.871+0000] {processor.py:161} INFO - Started process (PID=491) to work on /home/airflow/.local/lib/python3.12/site-packages/airflow/example_dags/example_branch_python_dop_operator_3.py
[2024-08-11T09:35:05.875+0000] {processor.py:830} INFO - Processing file /home/airflow/.local/lib/python3.12/site-packages/airflow/example_dags/example_branch_python_dop_operator_3.py for tasks to queue
[2024-08-11T09:35:05.876+0000] {logging_mixin.py:188} INFO - [2024-08-11T09:35:05.876+0000] {dagbag.py:545} INFO - Filling up the DagBag from /home/airflow/.local/lib/python3.12/site-packages/airflow/example_dags/example_branch_python_dop_operator_3.py
[2024-08-11T09:35:05.884+0000] {processor.py:840} INFO - DAG(s) 'example_branch_dop_operator_v3' retrieved from /home/airflow/.local/lib/python3.12/site-packages/airflow/example_dags/example_branch_python_dop_operator_3.py
[2024-08-11T09:35:05.895+0000] {logging_mixin.py:188} INFO - [2024-08-11T09:35:05.895+0000] {dag.py:3089} INFO - Sync 1 DAGs
[2024-08-11T09:35:05.909+0000] {logging_mixin.py:188} INFO - [2024-08-11T09:35:05.909+0000] {dag.py:3947} INFO - Setting next_dagrun for example_branch_dop_operator_v3 to 2024-08-11 09:34:00+00:00, run_after=2024-08-11 09:35:00+00:00
[2024-08-11T09:35:05.918+0000] {processor.py:183} INFO - Processing /home/airflow/.local/lib/python3.12/site-packages/airflow/example_dags/example_branch_python_dop_operator_3.py took 0.050 seconds
[2024-08-11T09:58:29.427+0000] {processor.py:161} INFO - Started process (PID=77) to work on /home/airflow/.local/lib/python3.12/site-packages/airflow/example_dags/example_branch_python_dop_operator_3.py
[2024-08-11T09:58:29.427+0000] {processor.py:830} INFO - Processing file /home/airflow/.local/lib/python3.12/site-packages/airflow/example_dags/example_branch_python_dop_operator_3.py for tasks to queue
[2024-08-11T09:58:29.430+0000] {logging_mixin.py:188} INFO - [2024-08-11T09:58:29.430+0000] {dagbag.py:545} INFO - Filling up the DagBag from /home/airflow/.local/lib/python3.12/site-packages/airflow/example_dags/example_branch_python_dop_operator_3.py
[2024-08-11T09:58:29.435+0000] {processor.py:840} INFO - DAG(s) 'example_branch_dop_operator_v3' retrieved from /home/airflow/.local/lib/python3.12/site-packages/airflow/example_dags/example_branch_python_dop_operator_3.py
[2024-08-11T09:58:29.453+0000] {logging_mixin.py:188} INFO - [2024-08-11T09:58:29.452+0000] {dag.py:3089} INFO - Sync 1 DAGs
[2024-08-11T09:58:29.468+0000] {logging_mixin.py:188} INFO - [2024-08-11T09:58:29.468+0000] {dag.py:3947} INFO - Setting next_dagrun for example_branch_dop_operator_v3 to 2024-08-11 09:57:00+00:00, run_after=2024-08-11 09:58:00+00:00
[2024-08-11T09:58:29.480+0000] {processor.py:183} INFO - Processing /home/airflow/.local/lib/python3.12/site-packages/airflow/example_dags/example_branch_python_dop_operator_3.py took 0.058 seconds
[2024-08-11T09:59:00.451+0000] {processor.py:161} INFO - Started process (PID=135) to work on /home/airflow/.local/lib/python3.12/site-packages/airflow/example_dags/example_branch_python_dop_operator_3.py
[2024-08-11T09:59:00.452+0000] {processor.py:830} INFO - Processing file /home/airflow/.local/lib/python3.12/site-packages/airflow/example_dags/example_branch_python_dop_operator_3.py for tasks to queue
[2024-08-11T09:59:00.453+0000] {logging_mixin.py:188} INFO - [2024-08-11T09:59:00.453+0000] {dagbag.py:545} INFO - Filling up the DagBag from /home/airflow/.local/lib/python3.12/site-packages/airflow/example_dags/example_branch_python_dop_operator_3.py
[2024-08-11T09:59:00.469+0000] {processor.py:840} INFO - DAG(s) 'example_branch_dop_operator_v3' retrieved from /home/airflow/.local/lib/python3.12/site-packages/airflow/example_dags/example_branch_python_dop_operator_3.py
[2024-08-11T09:59:00.480+0000] {logging_mixin.py:188} INFO - [2024-08-11T09:59:00.479+0000] {dag.py:3089} INFO - Sync 1 DAGs
[2024-08-11T09:59:00.492+0000] {logging_mixin.py:188} INFO - [2024-08-11T09:59:00.492+0000] {dag.py:3947} INFO - Setting next_dagrun for example_branch_dop_operator_v3 to 2024-08-11 09:58:00+00:00, run_after=2024-08-11 09:59:00+00:00
[2024-08-11T09:59:00.501+0000] {processor.py:183} INFO - Processing /home/airflow/.local/lib/python3.12/site-packages/airflow/example_dags/example_branch_python_dop_operator_3.py took 0.053 seconds
[2024-08-11T09:59:45.333+0000] {processor.py:161} INFO - Started process (PID=80) to work on /home/airflow/.local/lib/python3.12/site-packages/airflow/example_dags/example_branch_python_dop_operator_3.py
[2024-08-11T09:59:45.334+0000] {processor.py:830} INFO - Processing file /home/airflow/.local/lib/python3.12/site-packages/airflow/example_dags/example_branch_python_dop_operator_3.py for tasks to queue
[2024-08-11T09:59:45.335+0000] {logging_mixin.py:188} INFO - [2024-08-11T09:59:45.335+0000] {dagbag.py:545} INFO - Filling up the DagBag from /home/airflow/.local/lib/python3.12/site-packages/airflow/example_dags/example_branch_python_dop_operator_3.py
[2024-08-11T09:59:45.339+0000] {processor.py:840} INFO - DAG(s) 'example_branch_dop_operator_v3' retrieved from /home/airflow/.local/lib/python3.12/site-packages/airflow/example_dags/example_branch_python_dop_operator_3.py
[2024-08-11T09:59:45.352+0000] {logging_mixin.py:188} INFO - [2024-08-11T09:59:45.352+0000] {dag.py:3089} INFO - Sync 1 DAGs
[2024-08-11T09:59:45.368+0000] {logging_mixin.py:188} INFO - [2024-08-11T09:59:45.368+0000] {dag.py:3947} INFO - Setting next_dagrun for example_branch_dop_operator_v3 to 2024-08-11 09:58:00+00:00, run_after=2024-08-11 09:59:00+00:00
[2024-08-11T09:59:45.379+0000] {processor.py:183} INFO - Processing /home/airflow/.local/lib/python3.12/site-packages/airflow/example_dags/example_branch_python_dop_operator_3.py took 0.049 seconds
[2024-08-11T10:00:15.793+0000] {processor.py:161} INFO - Started process (PID=138) to work on /home/airflow/.local/lib/python3.12/site-packages/airflow/example_dags/example_branch_python_dop_operator_3.py
[2024-08-11T10:00:15.794+0000] {processor.py:830} INFO - Processing file /home/airflow/.local/lib/python3.12/site-packages/airflow/example_dags/example_branch_python_dop_operator_3.py for tasks to queue
[2024-08-11T10:00:15.795+0000] {logging_mixin.py:188} INFO - [2024-08-11T10:00:15.794+0000] {dagbag.py:545} INFO - Filling up the DagBag from /home/airflow/.local/lib/python3.12/site-packages/airflow/example_dags/example_branch_python_dop_operator_3.py
[2024-08-11T10:00:15.799+0000] {processor.py:840} INFO - DAG(s) 'example_branch_dop_operator_v3' retrieved from /home/airflow/.local/lib/python3.12/site-packages/airflow/example_dags/example_branch_python_dop_operator_3.py
[2024-08-11T10:00:15.850+0000] {logging_mixin.py:188} INFO - [2024-08-11T10:00:15.850+0000] {dag.py:3089} INFO - Sync 1 DAGs
[2024-08-11T10:00:15.863+0000] {logging_mixin.py:188} INFO - [2024-08-11T10:00:15.863+0000] {dag.py:3947} INFO - Setting next_dagrun for example_branch_dop_operator_v3 to 2024-08-11 09:59:00+00:00, run_after=2024-08-11 10:00:00+00:00
[2024-08-11T10:00:15.878+0000] {processor.py:183} INFO - Processing /home/airflow/.local/lib/python3.12/site-packages/airflow/example_dags/example_branch_python_dop_operator_3.py took 0.092 seconds
[2024-08-11T10:00:46.715+0000] {processor.py:161} INFO - Started process (PID=196) to work on /home/airflow/.local/lib/python3.12/site-packages/airflow/example_dags/example_branch_python_dop_operator_3.py
[2024-08-11T10:00:46.716+0000] {processor.py:830} INFO - Processing file /home/airflow/.local/lib/python3.12/site-packages/airflow/example_dags/example_branch_python_dop_operator_3.py for tasks to queue
[2024-08-11T10:00:46.717+0000] {logging_mixin.py:188} INFO - [2024-08-11T10:00:46.717+0000] {dagbag.py:545} INFO - Filling up the DagBag from /home/airflow/.local/lib/python3.12/site-packages/airflow/example_dags/example_branch_python_dop_operator_3.py
[2024-08-11T10:00:46.721+0000] {processor.py:840} INFO - DAG(s) 'example_branch_dop_operator_v3' retrieved from /home/airflow/.local/lib/python3.12/site-packages/airflow/example_dags/example_branch_python_dop_operator_3.py
[2024-08-11T10:00:46.731+0000] {logging_mixin.py:188} INFO - [2024-08-11T10:00:46.731+0000] {dag.py:3089} INFO - Sync 1 DAGs
[2024-08-11T10:00:46.742+0000] {logging_mixin.py:188} INFO - [2024-08-11T10:00:46.742+0000] {dag.py:3947} INFO - Setting next_dagrun for example_branch_dop_operator_v3 to 2024-08-11 09:59:00+00:00, run_after=2024-08-11 10:00:00+00:00
[2024-08-11T10:00:46.754+0000] {processor.py:183} INFO - Processing /home/airflow/.local/lib/python3.12/site-packages/airflow/example_dags/example_branch_python_dop_operator_3.py took 0.042 seconds
[2024-08-11T10:01:17.552+0000] {processor.py:161} INFO - Started process (PID=254) to work on /home/airflow/.local/lib/python3.12/site-packages/airflow/example_dags/example_branch_python_dop_operator_3.py
[2024-08-11T10:01:17.552+0000] {processor.py:830} INFO - Processing file /home/airflow/.local/lib/python3.12/site-packages/airflow/example_dags/example_branch_python_dop_operator_3.py for tasks to queue
[2024-08-11T10:01:17.556+0000] {logging_mixin.py:188} INFO - [2024-08-11T10:01:17.556+0000] {dagbag.py:545} INFO - Filling up the DagBag from /home/airflow/.local/lib/python3.12/site-packages/airflow/example_dags/example_branch_python_dop_operator_3.py
[2024-08-11T10:01:17.561+0000] {processor.py:840} INFO - DAG(s) 'example_branch_dop_operator_v3' retrieved from /home/airflow/.local/lib/python3.12/site-packages/airflow/example_dags/example_branch_python_dop_operator_3.py
[2024-08-11T10:01:17.575+0000] {logging_mixin.py:188} INFO - [2024-08-11T10:01:17.575+0000] {dag.py:3089} INFO - Sync 1 DAGs
[2024-08-11T10:01:17.601+0000] {logging_mixin.py:188} INFO - [2024-08-11T10:01:17.601+0000] {dag.py:3947} INFO - Setting next_dagrun for example_branch_dop_operator_v3 to 2024-08-11 10:00:00+00:00, run_after=2024-08-11 10:01:00+00:00
[2024-08-11T10:01:17.612+0000] {processor.py:183} INFO - Processing /home/airflow/.local/lib/python3.12/site-packages/airflow/example_dags/example_branch_python_dop_operator_3.py took 0.065 seconds
[2024-08-11T10:01:47.801+0000] {processor.py:161} INFO - Started process (PID=312) to work on /home/airflow/.local/lib/python3.12/site-packages/airflow/example_dags/example_branch_python_dop_operator_3.py
[2024-08-11T10:01:47.804+0000] {processor.py:830} INFO - Processing file /home/airflow/.local/lib/python3.12/site-packages/airflow/example_dags/example_branch_python_dop_operator_3.py for tasks to queue
[2024-08-11T10:01:47.805+0000] {logging_mixin.py:188} INFO - [2024-08-11T10:01:47.805+0000] {dagbag.py:545} INFO - Filling up the DagBag from /home/airflow/.local/lib/python3.12/site-packages/airflow/example_dags/example_branch_python_dop_operator_3.py
[2024-08-11T10:01:47.809+0000] {processor.py:840} INFO - DAG(s) 'example_branch_dop_operator_v3' retrieved from /home/airflow/.local/lib/python3.12/site-packages/airflow/example_dags/example_branch_python_dop_operator_3.py
[2024-08-11T10:01:47.819+0000] {logging_mixin.py:188} INFO - [2024-08-11T10:01:47.819+0000] {dag.py:3089} INFO - Sync 1 DAGs
[2024-08-11T10:01:47.831+0000] {logging_mixin.py:188} INFO - [2024-08-11T10:01:47.831+0000] {dag.py:3947} INFO - Setting next_dagrun for example_branch_dop_operator_v3 to 2024-08-11 10:00:00+00:00, run_after=2024-08-11 10:01:00+00:00
[2024-08-11T10:01:47.840+0000] {processor.py:183} INFO - Processing /home/airflow/.local/lib/python3.12/site-packages/airflow/example_dags/example_branch_python_dop_operator_3.py took 0.042 seconds
