[2024-08-11T09:31:29.721+0000] {processor.py:161} INFO - Started process (PID=57) to work on /home/airflow/.local/lib/python3.12/site-packages/airflow/example_dags/example_display_name.py
[2024-08-11T09:31:29.722+0000] {processor.py:830} INFO - Processing file /home/airflow/.local/lib/python3.12/site-packages/airflow/example_dags/example_display_name.py for tasks to queue
[2024-08-11T09:31:29.725+0000] {logging_mixin.py:188} INFO - [2024-08-11T09:31:29.724+0000] {dagbag.py:545} INFO - Filling up the DagBag from /home/airflow/.local/lib/python3.12/site-packages/airflow/example_dags/example_display_name.py
[2024-08-11T09:31:29.736+0000] {processor.py:840} INFO - DAG(s) 'example_display_name' retrieved from /home/airflow/.local/lib/python3.12/site-packages/airflow/example_dags/example_display_name.py
[2024-08-11T09:31:29.745+0000] {logging_mixin.py:188} INFO - [2024-08-11T09:31:29.745+0000] {dag.py:3089} INFO - Sync 1 DAGs
[2024-08-11T09:31:29.757+0000] {logging_mixin.py:188} INFO - [2024-08-11T09:31:29.757+0000] {dag.py:3947} INFO - Setting next_dagrun for example_display_name to None, run_after=None
[2024-08-11T09:31:29.775+0000] {processor.py:183} INFO - Processing /home/airflow/.local/lib/python3.12/site-packages/airflow/example_dags/example_display_name.py took 0.059 seconds
[2024-08-11T09:31:59.936+0000] {processor.py:161} INFO - Started process (PID=115) to work on /home/airflow/.local/lib/python3.12/site-packages/airflow/example_dags/example_display_name.py
[2024-08-11T09:31:59.937+0000] {processor.py:830} INFO - Processing file /home/airflow/.local/lib/python3.12/site-packages/airflow/example_dags/example_display_name.py for tasks to queue
[2024-08-11T09:31:59.939+0000] {logging_mixin.py:188} INFO - [2024-08-11T09:31:59.939+0000] {dagbag.py:545} INFO - Filling up the DagBag from /home/airflow/.local/lib/python3.12/site-packages/airflow/example_dags/example_display_name.py
[2024-08-11T09:31:59.943+0000] {processor.py:840} INFO - DAG(s) 'example_display_name' retrieved from /home/airflow/.local/lib/python3.12/site-packages/airflow/example_dags/example_display_name.py
[2024-08-11T09:31:59.986+0000] {logging_mixin.py:188} INFO - [2024-08-11T09:31:59.986+0000] {dag.py:3089} INFO - Sync 1 DAGs
[2024-08-11T09:31:59.995+0000] {logging_mixin.py:188} INFO - [2024-08-11T09:31:59.995+0000] {dag.py:3947} INFO - Setting next_dagrun for example_display_name to None, run_after=None
[2024-08-11T09:32:00.004+0000] {processor.py:183} INFO - Processing /home/airflow/.local/lib/python3.12/site-packages/airflow/example_dags/example_display_name.py took 0.070 seconds
[2024-08-11T09:32:30.297+0000] {processor.py:161} INFO - Started process (PID=173) to work on /home/airflow/.local/lib/python3.12/site-packages/airflow/example_dags/example_display_name.py
[2024-08-11T09:32:30.298+0000] {processor.py:830} INFO - Processing file /home/airflow/.local/lib/python3.12/site-packages/airflow/example_dags/example_display_name.py for tasks to queue
[2024-08-11T09:32:30.299+0000] {logging_mixin.py:188} INFO - [2024-08-11T09:32:30.299+0000] {dagbag.py:545} INFO - Filling up the DagBag from /home/airflow/.local/lib/python3.12/site-packages/airflow/example_dags/example_display_name.py
[2024-08-11T09:32:30.302+0000] {processor.py:840} INFO - DAG(s) 'example_display_name' retrieved from /home/airflow/.local/lib/python3.12/site-packages/airflow/example_dags/example_display_name.py
[2024-08-11T09:32:30.311+0000] {logging_mixin.py:188} INFO - [2024-08-11T09:32:30.311+0000] {dag.py:3089} INFO - Sync 1 DAGs
[2024-08-11T09:32:30.316+0000] {logging_mixin.py:188} INFO - [2024-08-11T09:32:30.316+0000] {dag.py:3947} INFO - Setting next_dagrun for example_display_name to None, run_after=None
[2024-08-11T09:32:30.327+0000] {processor.py:183} INFO - Processing /home/airflow/.local/lib/python3.12/site-packages/airflow/example_dags/example_display_name.py took 0.032 seconds
[2024-08-11T09:33:00.975+0000] {processor.py:161} INFO - Started process (PID=231) to work on /home/airflow/.local/lib/python3.12/site-packages/airflow/example_dags/example_display_name.py
[2024-08-11T09:33:00.976+0000] {processor.py:830} INFO - Processing file /home/airflow/.local/lib/python3.12/site-packages/airflow/example_dags/example_display_name.py for tasks to queue
[2024-08-11T09:33:00.978+0000] {logging_mixin.py:188} INFO - [2024-08-11T09:33:00.977+0000] {dagbag.py:545} INFO - Filling up the DagBag from /home/airflow/.local/lib/python3.12/site-packages/airflow/example_dags/example_display_name.py
[2024-08-11T09:33:00.981+0000] {processor.py:840} INFO - DAG(s) 'example_display_name' retrieved from /home/airflow/.local/lib/python3.12/site-packages/airflow/example_dags/example_display_name.py
[2024-08-11T09:33:00.992+0000] {logging_mixin.py:188} INFO - [2024-08-11T09:33:00.992+0000] {dag.py:3089} INFO - Sync 1 DAGs
[2024-08-11T09:33:00.999+0000] {logging_mixin.py:188} INFO - [2024-08-11T09:33:00.999+0000] {dag.py:3947} INFO - Setting next_dagrun for example_display_name to None, run_after=None
[2024-08-11T09:33:01.007+0000] {processor.py:183} INFO - Processing /home/airflow/.local/lib/python3.12/site-packages/airflow/example_dags/example_display_name.py took 0.035 seconds
[2024-08-11T09:33:31.757+0000] {processor.py:161} INFO - Started process (PID=289) to work on /home/airflow/.local/lib/python3.12/site-packages/airflow/example_dags/example_display_name.py
[2024-08-11T09:33:31.758+0000] {processor.py:830} INFO - Processing file /home/airflow/.local/lib/python3.12/site-packages/airflow/example_dags/example_display_name.py for tasks to queue
[2024-08-11T09:33:31.758+0000] {logging_mixin.py:188} INFO - [2024-08-11T09:33:31.758+0000] {dagbag.py:545} INFO - Filling up the DagBag from /home/airflow/.local/lib/python3.12/site-packages/airflow/example_dags/example_display_name.py
[2024-08-11T09:33:31.762+0000] {processor.py:840} INFO - DAG(s) 'example_display_name' retrieved from /home/airflow/.local/lib/python3.12/site-packages/airflow/example_dags/example_display_name.py
[2024-08-11T09:33:31.774+0000] {logging_mixin.py:188} INFO - [2024-08-11T09:33:31.774+0000] {dag.py:3089} INFO - Sync 1 DAGs
[2024-08-11T09:33:31.779+0000] {logging_mixin.py:188} INFO - [2024-08-11T09:33:31.779+0000] {dag.py:3947} INFO - Setting next_dagrun for example_display_name to None, run_after=None
[2024-08-11T09:33:31.788+0000] {processor.py:183} INFO - Processing /home/airflow/.local/lib/python3.12/site-packages/airflow/example_dags/example_display_name.py took 0.034 seconds
[2024-08-11T09:34:02.439+0000] {processor.py:161} INFO - Started process (PID=347) to work on /home/airflow/.local/lib/python3.12/site-packages/airflow/example_dags/example_display_name.py
[2024-08-11T09:34:02.440+0000] {processor.py:830} INFO - Processing file /home/airflow/.local/lib/python3.12/site-packages/airflow/example_dags/example_display_name.py for tasks to queue
[2024-08-11T09:34:02.441+0000] {logging_mixin.py:188} INFO - [2024-08-11T09:34:02.441+0000] {dagbag.py:545} INFO - Filling up the DagBag from /home/airflow/.local/lib/python3.12/site-packages/airflow/example_dags/example_display_name.py
[2024-08-11T09:34:02.445+0000] {processor.py:840} INFO - DAG(s) 'example_display_name' retrieved from /home/airflow/.local/lib/python3.12/site-packages/airflow/example_dags/example_display_name.py
[2024-08-11T09:34:02.455+0000] {logging_mixin.py:188} INFO - [2024-08-11T09:34:02.455+0000] {dag.py:3089} INFO - Sync 1 DAGs
[2024-08-11T09:34:02.464+0000] {logging_mixin.py:188} INFO - [2024-08-11T09:34:02.464+0000] {dag.py:3947} INFO - Setting next_dagrun for example_display_name to None, run_after=None
[2024-08-11T09:34:02.477+0000] {processor.py:183} INFO - Processing /home/airflow/.local/lib/python3.12/site-packages/airflow/example_dags/example_display_name.py took 0.041 seconds
[2024-08-11T09:34:33.395+0000] {processor.py:161} INFO - Started process (PID=405) to work on /home/airflow/.local/lib/python3.12/site-packages/airflow/example_dags/example_display_name.py
[2024-08-11T09:34:33.398+0000] {processor.py:830} INFO - Processing file /home/airflow/.local/lib/python3.12/site-packages/airflow/example_dags/example_display_name.py for tasks to queue
[2024-08-11T09:34:33.400+0000] {logging_mixin.py:188} INFO - [2024-08-11T09:34:33.399+0000] {dagbag.py:545} INFO - Filling up the DagBag from /home/airflow/.local/lib/python3.12/site-packages/airflow/example_dags/example_display_name.py
[2024-08-11T09:34:33.403+0000] {processor.py:840} INFO - DAG(s) 'example_display_name' retrieved from /home/airflow/.local/lib/python3.12/site-packages/airflow/example_dags/example_display_name.py
[2024-08-11T09:34:33.413+0000] {logging_mixin.py:188} INFO - [2024-08-11T09:34:33.413+0000] {dag.py:3089} INFO - Sync 1 DAGs
[2024-08-11T09:34:33.419+0000] {logging_mixin.py:188} INFO - [2024-08-11T09:34:33.419+0000] {dag.py:3947} INFO - Setting next_dagrun for example_display_name to None, run_after=None
[2024-08-11T09:34:33.428+0000] {processor.py:183} INFO - Processing /home/airflow/.local/lib/python3.12/site-packages/airflow/example_dags/example_display_name.py took 0.036 seconds
[2024-08-11T09:35:04.151+0000] {processor.py:161} INFO - Started process (PID=469) to work on /home/airflow/.local/lib/python3.12/site-packages/airflow/example_dags/example_display_name.py
[2024-08-11T09:35:04.152+0000] {processor.py:830} INFO - Processing file /home/airflow/.local/lib/python3.12/site-packages/airflow/example_dags/example_display_name.py for tasks to queue
[2024-08-11T09:35:04.154+0000] {logging_mixin.py:188} INFO - [2024-08-11T09:35:04.153+0000] {dagbag.py:545} INFO - Filling up the DagBag from /home/airflow/.local/lib/python3.12/site-packages/airflow/example_dags/example_display_name.py
[2024-08-11T09:35:04.158+0000] {processor.py:840} INFO - DAG(s) 'example_display_name' retrieved from /home/airflow/.local/lib/python3.12/site-packages/airflow/example_dags/example_display_name.py
[2024-08-11T09:35:04.171+0000] {logging_mixin.py:188} INFO - [2024-08-11T09:35:04.171+0000] {dag.py:3089} INFO - Sync 1 DAGs
[2024-08-11T09:35:04.177+0000] {logging_mixin.py:188} INFO - [2024-08-11T09:35:04.177+0000] {dag.py:3947} INFO - Setting next_dagrun for example_display_name to None, run_after=None
[2024-08-11T09:35:04.187+0000] {processor.py:183} INFO - Processing /home/airflow/.local/lib/python3.12/site-packages/airflow/example_dags/example_display_name.py took 0.039 seconds
[2024-08-11T09:58:28.131+0000] {processor.py:161} INFO - Started process (PID=55) to work on /home/airflow/.local/lib/python3.12/site-packages/airflow/example_dags/example_display_name.py
[2024-08-11T09:58:28.132+0000] {processor.py:830} INFO - Processing file /home/airflow/.local/lib/python3.12/site-packages/airflow/example_dags/example_display_name.py for tasks to queue
[2024-08-11T09:58:28.134+0000] {logging_mixin.py:188} INFO - [2024-08-11T09:58:28.134+0000] {dagbag.py:545} INFO - Filling up the DagBag from /home/airflow/.local/lib/python3.12/site-packages/airflow/example_dags/example_display_name.py
[2024-08-11T09:58:28.146+0000] {processor.py:840} INFO - DAG(s) 'example_display_name' retrieved from /home/airflow/.local/lib/python3.12/site-packages/airflow/example_dags/example_display_name.py
[2024-08-11T09:58:28.178+0000] {logging_mixin.py:188} INFO - [2024-08-11T09:58:28.177+0000] {dag.py:3089} INFO - Sync 1 DAGs
[2024-08-11T09:58:28.186+0000] {logging_mixin.py:188} INFO - [2024-08-11T09:58:28.186+0000] {dag.py:3947} INFO - Setting next_dagrun for example_display_name to None, run_after=None
[2024-08-11T09:58:28.210+0000] {processor.py:183} INFO - Processing /home/airflow/.local/lib/python3.12/site-packages/airflow/example_dags/example_display_name.py took 0.084 seconds
[2024-08-11T09:58:58.873+0000] {processor.py:161} INFO - Started process (PID=113) to work on /home/airflow/.local/lib/python3.12/site-packages/airflow/example_dags/example_display_name.py
[2024-08-11T09:58:58.874+0000] {processor.py:830} INFO - Processing file /home/airflow/.local/lib/python3.12/site-packages/airflow/example_dags/example_display_name.py for tasks to queue
[2024-08-11T09:58:58.875+0000] {logging_mixin.py:188} INFO - [2024-08-11T09:58:58.875+0000] {dagbag.py:545} INFO - Filling up the DagBag from /home/airflow/.local/lib/python3.12/site-packages/airflow/example_dags/example_display_name.py
[2024-08-11T09:58:58.878+0000] {processor.py:840} INFO - DAG(s) 'example_display_name' retrieved from /home/airflow/.local/lib/python3.12/site-packages/airflow/example_dags/example_display_name.py
[2024-08-11T09:58:58.887+0000] {logging_mixin.py:188} INFO - [2024-08-11T09:58:58.887+0000] {dag.py:3089} INFO - Sync 1 DAGs
[2024-08-11T09:58:58.893+0000] {logging_mixin.py:188} INFO - [2024-08-11T09:58:58.893+0000] {dag.py:3947} INFO - Setting next_dagrun for example_display_name to None, run_after=None
[2024-08-11T09:58:58.905+0000] {processor.py:183} INFO - Processing /home/airflow/.local/lib/python3.12/site-packages/airflow/example_dags/example_display_name.py took 0.035 seconds
[2024-08-11T09:59:44.206+0000] {processor.py:161} INFO - Started process (PID=58) to work on /home/airflow/.local/lib/python3.12/site-packages/airflow/example_dags/example_display_name.py
[2024-08-11T09:59:44.207+0000] {processor.py:830} INFO - Processing file /home/airflow/.local/lib/python3.12/site-packages/airflow/example_dags/example_display_name.py for tasks to queue
[2024-08-11T09:59:44.209+0000] {logging_mixin.py:188} INFO - [2024-08-11T09:59:44.208+0000] {dagbag.py:545} INFO - Filling up the DagBag from /home/airflow/.local/lib/python3.12/site-packages/airflow/example_dags/example_display_name.py
[2024-08-11T09:59:44.216+0000] {processor.py:840} INFO - DAG(s) 'example_display_name' retrieved from /home/airflow/.local/lib/python3.12/site-packages/airflow/example_dags/example_display_name.py
[2024-08-11T09:59:44.227+0000] {logging_mixin.py:188} INFO - [2024-08-11T09:59:44.227+0000] {dag.py:3089} INFO - Sync 1 DAGs
[2024-08-11T09:59:44.238+0000] {logging_mixin.py:188} INFO - [2024-08-11T09:59:44.237+0000] {dag.py:3947} INFO - Setting next_dagrun for example_display_name to None, run_after=None
[2024-08-11T09:59:44.254+0000] {processor.py:183} INFO - Processing /home/airflow/.local/lib/python3.12/site-packages/airflow/example_dags/example_display_name.py took 0.053 seconds
[2024-08-11T10:00:14.729+0000] {processor.py:161} INFO - Started process (PID=116) to work on /home/airflow/.local/lib/python3.12/site-packages/airflow/example_dags/example_display_name.py
[2024-08-11T10:00:14.732+0000] {processor.py:830} INFO - Processing file /home/airflow/.local/lib/python3.12/site-packages/airflow/example_dags/example_display_name.py for tasks to queue
[2024-08-11T10:00:14.734+0000] {logging_mixin.py:188} INFO - [2024-08-11T10:00:14.733+0000] {dagbag.py:545} INFO - Filling up the DagBag from /home/airflow/.local/lib/python3.12/site-packages/airflow/example_dags/example_display_name.py
[2024-08-11T10:00:14.738+0000] {processor.py:840} INFO - DAG(s) 'example_display_name' retrieved from /home/airflow/.local/lib/python3.12/site-packages/airflow/example_dags/example_display_name.py
[2024-08-11T10:00:14.790+0000] {logging_mixin.py:188} INFO - [2024-08-11T10:00:14.790+0000] {dag.py:3089} INFO - Sync 1 DAGs
[2024-08-11T10:00:14.795+0000] {logging_mixin.py:188} INFO - [2024-08-11T10:00:14.794+0000] {dag.py:3947} INFO - Setting next_dagrun for example_display_name to None, run_after=None
[2024-08-11T10:00:14.806+0000] {processor.py:183} INFO - Processing /home/airflow/.local/lib/python3.12/site-packages/airflow/example_dags/example_display_name.py took 0.080 seconds
[2024-08-11T10:00:45.024+0000] {processor.py:161} INFO - Started process (PID=174) to work on /home/airflow/.local/lib/python3.12/site-packages/airflow/example_dags/example_display_name.py
[2024-08-11T10:00:45.026+0000] {processor.py:830} INFO - Processing file /home/airflow/.local/lib/python3.12/site-packages/airflow/example_dags/example_display_name.py for tasks to queue
[2024-08-11T10:00:45.027+0000] {logging_mixin.py:188} INFO - [2024-08-11T10:00:45.027+0000] {dagbag.py:545} INFO - Filling up the DagBag from /home/airflow/.local/lib/python3.12/site-packages/airflow/example_dags/example_display_name.py
[2024-08-11T10:00:45.030+0000] {processor.py:840} INFO - DAG(s) 'example_display_name' retrieved from /home/airflow/.local/lib/python3.12/site-packages/airflow/example_dags/example_display_name.py
[2024-08-11T10:00:45.043+0000] {logging_mixin.py:188} INFO - [2024-08-11T10:00:45.042+0000] {dag.py:3089} INFO - Sync 1 DAGs
[2024-08-11T10:00:45.048+0000] {logging_mixin.py:188} INFO - [2024-08-11T10:00:45.048+0000] {dag.py:3947} INFO - Setting next_dagrun for example_display_name to None, run_after=None
[2024-08-11T10:00:45.062+0000] {processor.py:183} INFO - Processing /home/airflow/.local/lib/python3.12/site-packages/airflow/example_dags/example_display_name.py took 0.041 seconds
[2024-08-11T10:01:15.773+0000] {processor.py:161} INFO - Started process (PID=232) to work on /home/airflow/.local/lib/python3.12/site-packages/airflow/example_dags/example_display_name.py
[2024-08-11T10:01:15.773+0000] {processor.py:830} INFO - Processing file /home/airflow/.local/lib/python3.12/site-packages/airflow/example_dags/example_display_name.py for tasks to queue
[2024-08-11T10:01:15.775+0000] {logging_mixin.py:188} INFO - [2024-08-11T10:01:15.775+0000] {dagbag.py:545} INFO - Filling up the DagBag from /home/airflow/.local/lib/python3.12/site-packages/airflow/example_dags/example_display_name.py
[2024-08-11T10:01:15.778+0000] {processor.py:840} INFO - DAG(s) 'example_display_name' retrieved from /home/airflow/.local/lib/python3.12/site-packages/airflow/example_dags/example_display_name.py
[2024-08-11T10:01:15.791+0000] {logging_mixin.py:188} INFO - [2024-08-11T10:01:15.791+0000] {dag.py:3089} INFO - Sync 1 DAGs
[2024-08-11T10:01:15.797+0000] {logging_mixin.py:188} INFO - [2024-08-11T10:01:15.797+0000] {dag.py:3947} INFO - Setting next_dagrun for example_display_name to None, run_after=None
[2024-08-11T10:01:15.806+0000] {processor.py:183} INFO - Processing /home/airflow/.local/lib/python3.12/site-packages/airflow/example_dags/example_display_name.py took 0.036 seconds
[2024-08-11T10:01:45.994+0000] {processor.py:161} INFO - Started process (PID=290) to work on /home/airflow/.local/lib/python3.12/site-packages/airflow/example_dags/example_display_name.py
[2024-08-11T10:01:45.996+0000] {processor.py:830} INFO - Processing file /home/airflow/.local/lib/python3.12/site-packages/airflow/example_dags/example_display_name.py for tasks to queue
[2024-08-11T10:01:45.999+0000] {logging_mixin.py:188} INFO - [2024-08-11T10:01:45.999+0000] {dagbag.py:545} INFO - Filling up the DagBag from /home/airflow/.local/lib/python3.12/site-packages/airflow/example_dags/example_display_name.py
[2024-08-11T10:01:46.038+0000] {processor.py:840} INFO - DAG(s) 'example_display_name' retrieved from /home/airflow/.local/lib/python3.12/site-packages/airflow/example_dags/example_display_name.py
[2024-08-11T10:01:46.073+0000] {logging_mixin.py:188} INFO - [2024-08-11T10:01:46.073+0000] {dag.py:3089} INFO - Sync 1 DAGs
[2024-08-11T10:01:46.087+0000] {logging_mixin.py:188} INFO - [2024-08-11T10:01:46.086+0000] {dag.py:3947} INFO - Setting next_dagrun for example_display_name to None, run_after=None
[2024-08-11T10:01:46.107+0000] {processor.py:183} INFO - Processing /home/airflow/.local/lib/python3.12/site-packages/airflow/example_dags/example_display_name.py took 0.118 seconds
