[2024-08-11T09:31:29.791+0000] {processor.py:161} INFO - Started process (PID=58) to work on /home/airflow/.local/lib/python3.12/site-packages/airflow/example_dags/example_branch_datetime_operator.py
[2024-08-11T09:31:29.792+0000] {processor.py:830} INFO - Processing file /home/airflow/.local/lib/python3.12/site-packages/airflow/example_dags/example_branch_datetime_operator.py for tasks to queue
[2024-08-11T09:31:29.793+0000] {logging_mixin.py:188} INFO - [2024-08-11T09:31:29.793+0000] {dagbag.py:545} INFO - Filling up the DagBag from /home/airflow/.local/lib/python3.12/site-packages/airflow/example_dags/example_branch_datetime_operator.py
[2024-08-11T09:31:29.806+0000] {processor.py:840} INFO - DAG(s) 'example_branch_datetime_operator_2', 'example_branch_datetime_operator_3', 'example_branch_datetime_operator' retrieved from /home/airflow/.local/lib/python3.12/site-packages/airflow/example_dags/example_branch_datetime_operator.py
[2024-08-11T09:31:29.822+0000] {logging_mixin.py:188} INFO - [2024-08-11T09:31:29.822+0000] {dag.py:3089} INFO - Sync 3 DAGs
[2024-08-11T09:31:29.842+0000] {logging_mixin.py:188} INFO - [2024-08-11T09:31:29.842+0000] {dag.py:3947} INFO - Setting next_dagrun for example_branch_datetime_operator to 2024-08-10 00:00:00+00:00, run_after=2024-08-11 00:00:00+00:00
[2024-08-11T09:31:29.846+0000] {logging_mixin.py:188} INFO - [2024-08-11T09:31:29.846+0000] {dag.py:3947} INFO - Setting next_dagrun for example_branch_datetime_operator_2 to 2024-08-10 00:00:00+00:00, run_after=2024-08-11 00:00:00+00:00
[2024-08-11T09:31:29.848+0000] {logging_mixin.py:188} INFO - [2024-08-11T09:31:29.848+0000] {dag.py:3947} INFO - Setting next_dagrun for example_branch_datetime_operator_3 to 2024-08-10 00:00:00+00:00, run_after=2024-08-11 00:00:00+00:00
[2024-08-11T09:31:29.869+0000] {processor.py:183} INFO - Processing /home/airflow/.local/lib/python3.12/site-packages/airflow/example_dags/example_branch_datetime_operator.py took 0.082 seconds
[2024-08-11T09:31:59.950+0000] {processor.py:161} INFO - Started process (PID=116) to work on /home/airflow/.local/lib/python3.12/site-packages/airflow/example_dags/example_branch_datetime_operator.py
[2024-08-11T09:31:59.952+0000] {processor.py:830} INFO - Processing file /home/airflow/.local/lib/python3.12/site-packages/airflow/example_dags/example_branch_datetime_operator.py for tasks to queue
[2024-08-11T09:31:59.953+0000] {logging_mixin.py:188} INFO - [2024-08-11T09:31:59.953+0000] {dagbag.py:545} INFO - Filling up the DagBag from /home/airflow/.local/lib/python3.12/site-packages/airflow/example_dags/example_branch_datetime_operator.py
[2024-08-11T09:31:59.957+0000] {processor.py:840} INFO - DAG(s) 'example_branch_datetime_operator_3', 'example_branch_datetime_operator', 'example_branch_datetime_operator_2' retrieved from /home/airflow/.local/lib/python3.12/site-packages/airflow/example_dags/example_branch_datetime_operator.py
[2024-08-11T09:32:00.011+0000] {logging_mixin.py:188} INFO - [2024-08-11T09:32:00.011+0000] {dag.py:3089} INFO - Sync 3 DAGs
[2024-08-11T09:32:00.023+0000] {logging_mixin.py:188} INFO - [2024-08-11T09:32:00.023+0000] {dag.py:3947} INFO - Setting next_dagrun for example_branch_datetime_operator to 2024-08-10 00:00:00+00:00, run_after=2024-08-11 00:00:00+00:00
[2024-08-11T09:32:00.026+0000] {logging_mixin.py:188} INFO - [2024-08-11T09:32:00.026+0000] {dag.py:3947} INFO - Setting next_dagrun for example_branch_datetime_operator_2 to 2024-08-10 00:00:00+00:00, run_after=2024-08-11 00:00:00+00:00
[2024-08-11T09:32:00.028+0000] {logging_mixin.py:188} INFO - [2024-08-11T09:32:00.028+0000] {dag.py:3947} INFO - Setting next_dagrun for example_branch_datetime_operator_3 to 2024-08-10 00:00:00+00:00, run_after=2024-08-11 00:00:00+00:00
[2024-08-11T09:32:00.042+0000] {processor.py:183} INFO - Processing /home/airflow/.local/lib/python3.12/site-packages/airflow/example_dags/example_branch_datetime_operator.py took 0.095 seconds
[2024-08-11T09:32:30.307+0000] {processor.py:161} INFO - Started process (PID=174) to work on /home/airflow/.local/lib/python3.12/site-packages/airflow/example_dags/example_branch_datetime_operator.py
[2024-08-11T09:32:30.311+0000] {processor.py:830} INFO - Processing file /home/airflow/.local/lib/python3.12/site-packages/airflow/example_dags/example_branch_datetime_operator.py for tasks to queue
[2024-08-11T09:32:30.312+0000] {logging_mixin.py:188} INFO - [2024-08-11T09:32:30.312+0000] {dagbag.py:545} INFO - Filling up the DagBag from /home/airflow/.local/lib/python3.12/site-packages/airflow/example_dags/example_branch_datetime_operator.py
[2024-08-11T09:32:30.318+0000] {processor.py:840} INFO - DAG(s) 'example_branch_datetime_operator_2', 'example_branch_datetime_operator_3', 'example_branch_datetime_operator' retrieved from /home/airflow/.local/lib/python3.12/site-packages/airflow/example_dags/example_branch_datetime_operator.py
[2024-08-11T09:32:30.333+0000] {logging_mixin.py:188} INFO - [2024-08-11T09:32:30.333+0000] {dag.py:3089} INFO - Sync 3 DAGs
[2024-08-11T09:32:30.343+0000] {logging_mixin.py:188} INFO - [2024-08-11T09:32:30.343+0000] {dag.py:3947} INFO - Setting next_dagrun for example_branch_datetime_operator to 2024-08-10 00:00:00+00:00, run_after=2024-08-11 00:00:00+00:00
[2024-08-11T09:32:30.348+0000] {logging_mixin.py:188} INFO - [2024-08-11T09:32:30.348+0000] {dag.py:3947} INFO - Setting next_dagrun for example_branch_datetime_operator_2 to 2024-08-10 00:00:00+00:00, run_after=2024-08-11 00:00:00+00:00
[2024-08-11T09:32:30.349+0000] {logging_mixin.py:188} INFO - [2024-08-11T09:32:30.349+0000] {dag.py:3947} INFO - Setting next_dagrun for example_branch_datetime_operator_3 to 2024-08-10 00:00:00+00:00, run_after=2024-08-11 00:00:00+00:00
[2024-08-11T09:32:30.358+0000] {processor.py:183} INFO - Processing /home/airflow/.local/lib/python3.12/site-packages/airflow/example_dags/example_branch_datetime_operator.py took 0.054 seconds
[2024-08-11T09:33:01.008+0000] {processor.py:161} INFO - Started process (PID=232) to work on /home/airflow/.local/lib/python3.12/site-packages/airflow/example_dags/example_branch_datetime_operator.py
[2024-08-11T09:33:01.010+0000] {processor.py:830} INFO - Processing file /home/airflow/.local/lib/python3.12/site-packages/airflow/example_dags/example_branch_datetime_operator.py for tasks to queue
[2024-08-11T09:33:01.011+0000] {logging_mixin.py:188} INFO - [2024-08-11T09:33:01.011+0000] {dagbag.py:545} INFO - Filling up the DagBag from /home/airflow/.local/lib/python3.12/site-packages/airflow/example_dags/example_branch_datetime_operator.py
[2024-08-11T09:33:01.016+0000] {processor.py:840} INFO - DAG(s) 'example_branch_datetime_operator_3', 'example_branch_datetime_operator', 'example_branch_datetime_operator_2' retrieved from /home/airflow/.local/lib/python3.12/site-packages/airflow/example_dags/example_branch_datetime_operator.py
[2024-08-11T09:33:01.028+0000] {logging_mixin.py:188} INFO - [2024-08-11T09:33:01.028+0000] {dag.py:3089} INFO - Sync 3 DAGs
[2024-08-11T09:33:01.039+0000] {logging_mixin.py:188} INFO - [2024-08-11T09:33:01.039+0000] {dag.py:3947} INFO - Setting next_dagrun for example_branch_datetime_operator to 2024-08-10 00:00:00+00:00, run_after=2024-08-11 00:00:00+00:00
[2024-08-11T09:33:01.041+0000] {logging_mixin.py:188} INFO - [2024-08-11T09:33:01.041+0000] {dag.py:3947} INFO - Setting next_dagrun for example_branch_datetime_operator_2 to 2024-08-10 00:00:00+00:00, run_after=2024-08-11 00:00:00+00:00
[2024-08-11T09:33:01.044+0000] {logging_mixin.py:188} INFO - [2024-08-11T09:33:01.044+0000] {dag.py:3947} INFO - Setting next_dagrun for example_branch_datetime_operator_3 to 2024-08-10 00:00:00+00:00, run_after=2024-08-11 00:00:00+00:00
[2024-08-11T09:33:01.054+0000] {processor.py:183} INFO - Processing /home/airflow/.local/lib/python3.12/site-packages/airflow/example_dags/example_branch_datetime_operator.py took 0.050 seconds
[2024-08-11T09:33:31.761+0000] {processor.py:161} INFO - Started process (PID=290) to work on /home/airflow/.local/lib/python3.12/site-packages/airflow/example_dags/example_branch_datetime_operator.py
[2024-08-11T09:33:31.762+0000] {processor.py:830} INFO - Processing file /home/airflow/.local/lib/python3.12/site-packages/airflow/example_dags/example_branch_datetime_operator.py for tasks to queue
[2024-08-11T09:33:31.763+0000] {logging_mixin.py:188} INFO - [2024-08-11T09:33:31.763+0000] {dagbag.py:545} INFO - Filling up the DagBag from /home/airflow/.local/lib/python3.12/site-packages/airflow/example_dags/example_branch_datetime_operator.py
[2024-08-11T09:33:31.767+0000] {processor.py:840} INFO - DAG(s) 'example_branch_datetime_operator_3', 'example_branch_datetime_operator_2', 'example_branch_datetime_operator' retrieved from /home/airflow/.local/lib/python3.12/site-packages/airflow/example_dags/example_branch_datetime_operator.py
[2024-08-11T09:33:31.782+0000] {logging_mixin.py:188} INFO - [2024-08-11T09:33:31.782+0000] {dag.py:3089} INFO - Sync 3 DAGs
[2024-08-11T09:33:31.793+0000] {logging_mixin.py:188} INFO - [2024-08-11T09:33:31.793+0000] {dag.py:3947} INFO - Setting next_dagrun for example_branch_datetime_operator to 2024-08-10 00:00:00+00:00, run_after=2024-08-11 00:00:00+00:00
[2024-08-11T09:33:31.796+0000] {logging_mixin.py:188} INFO - [2024-08-11T09:33:31.796+0000] {dag.py:3947} INFO - Setting next_dagrun for example_branch_datetime_operator_2 to 2024-08-10 00:00:00+00:00, run_after=2024-08-11 00:00:00+00:00
[2024-08-11T09:33:31.797+0000] {logging_mixin.py:188} INFO - [2024-08-11T09:33:31.797+0000] {dag.py:3947} INFO - Setting next_dagrun for example_branch_datetime_operator_3 to 2024-08-10 00:00:00+00:00, run_after=2024-08-11 00:00:00+00:00
[2024-08-11T09:33:31.804+0000] {processor.py:183} INFO - Processing /home/airflow/.local/lib/python3.12/site-packages/airflow/example_dags/example_branch_datetime_operator.py took 0.046 seconds
[2024-08-11T09:34:02.489+0000] {processor.py:161} INFO - Started process (PID=348) to work on /home/airflow/.local/lib/python3.12/site-packages/airflow/example_dags/example_branch_datetime_operator.py
[2024-08-11T09:34:02.489+0000] {processor.py:830} INFO - Processing file /home/airflow/.local/lib/python3.12/site-packages/airflow/example_dags/example_branch_datetime_operator.py for tasks to queue
[2024-08-11T09:34:02.490+0000] {logging_mixin.py:188} INFO - [2024-08-11T09:34:02.490+0000] {dagbag.py:545} INFO - Filling up the DagBag from /home/airflow/.local/lib/python3.12/site-packages/airflow/example_dags/example_branch_datetime_operator.py
[2024-08-11T09:34:02.495+0000] {processor.py:840} INFO - DAG(s) 'example_branch_datetime_operator_2', 'example_branch_datetime_operator_3', 'example_branch_datetime_operator' retrieved from /home/airflow/.local/lib/python3.12/site-packages/airflow/example_dags/example_branch_datetime_operator.py
[2024-08-11T09:34:02.508+0000] {logging_mixin.py:188} INFO - [2024-08-11T09:34:02.507+0000] {dag.py:3089} INFO - Sync 3 DAGs
[2024-08-11T09:34:02.518+0000] {logging_mixin.py:188} INFO - [2024-08-11T09:34:02.517+0000] {dag.py:3947} INFO - Setting next_dagrun for example_branch_datetime_operator to 2024-08-10 00:00:00+00:00, run_after=2024-08-11 00:00:00+00:00
[2024-08-11T09:34:02.520+0000] {logging_mixin.py:188} INFO - [2024-08-11T09:34:02.520+0000] {dag.py:3947} INFO - Setting next_dagrun for example_branch_datetime_operator_2 to 2024-08-10 00:00:00+00:00, run_after=2024-08-11 00:00:00+00:00
[2024-08-11T09:34:02.521+0000] {logging_mixin.py:188} INFO - [2024-08-11T09:34:02.521+0000] {dag.py:3947} INFO - Setting next_dagrun for example_branch_datetime_operator_3 to 2024-08-10 00:00:00+00:00, run_after=2024-08-11 00:00:00+00:00
[2024-08-11T09:34:02.528+0000] {processor.py:183} INFO - Processing /home/airflow/.local/lib/python3.12/site-packages/airflow/example_dags/example_branch_datetime_operator.py took 0.042 seconds
[2024-08-11T09:34:33.397+0000] {processor.py:161} INFO - Started process (PID=406) to work on /home/airflow/.local/lib/python3.12/site-packages/airflow/example_dags/example_branch_datetime_operator.py
[2024-08-11T09:34:33.398+0000] {processor.py:830} INFO - Processing file /home/airflow/.local/lib/python3.12/site-packages/airflow/example_dags/example_branch_datetime_operator.py for tasks to queue
[2024-08-11T09:34:33.400+0000] {logging_mixin.py:188} INFO - [2024-08-11T09:34:33.399+0000] {dagbag.py:545} INFO - Filling up the DagBag from /home/airflow/.local/lib/python3.12/site-packages/airflow/example_dags/example_branch_datetime_operator.py
[2024-08-11T09:34:33.406+0000] {processor.py:840} INFO - DAG(s) 'example_branch_datetime_operator_2', 'example_branch_datetime_operator_3', 'example_branch_datetime_operator' retrieved from /home/airflow/.local/lib/python3.12/site-packages/airflow/example_dags/example_branch_datetime_operator.py
[2024-08-11T09:34:33.419+0000] {logging_mixin.py:188} INFO - [2024-08-11T09:34:33.419+0000] {dag.py:3089} INFO - Sync 3 DAGs
[2024-08-11T09:34:33.431+0000] {logging_mixin.py:188} INFO - [2024-08-11T09:34:33.431+0000] {dag.py:3947} INFO - Setting next_dagrun for example_branch_datetime_operator to 2024-08-10 00:00:00+00:00, run_after=2024-08-11 00:00:00+00:00
[2024-08-11T09:34:33.434+0000] {logging_mixin.py:188} INFO - [2024-08-11T09:34:33.434+0000] {dag.py:3947} INFO - Setting next_dagrun for example_branch_datetime_operator_2 to 2024-08-10 00:00:00+00:00, run_after=2024-08-11 00:00:00+00:00
[2024-08-11T09:34:33.435+0000] {logging_mixin.py:188} INFO - [2024-08-11T09:34:33.435+0000] {dag.py:3947} INFO - Setting next_dagrun for example_branch_datetime_operator_3 to 2024-08-10 00:00:00+00:00, run_after=2024-08-11 00:00:00+00:00
[2024-08-11T09:34:33.442+0000] {processor.py:183} INFO - Processing /home/airflow/.local/lib/python3.12/site-packages/airflow/example_dags/example_branch_datetime_operator.py took 0.048 seconds
[2024-08-11T09:35:04.169+0000] {processor.py:161} INFO - Started process (PID=470) to work on /home/airflow/.local/lib/python3.12/site-packages/airflow/example_dags/example_branch_datetime_operator.py
[2024-08-11T09:35:04.170+0000] {processor.py:830} INFO - Processing file /home/airflow/.local/lib/python3.12/site-packages/airflow/example_dags/example_branch_datetime_operator.py for tasks to queue
[2024-08-11T09:35:04.171+0000] {logging_mixin.py:188} INFO - [2024-08-11T09:35:04.171+0000] {dagbag.py:545} INFO - Filling up the DagBag from /home/airflow/.local/lib/python3.12/site-packages/airflow/example_dags/example_branch_datetime_operator.py
[2024-08-11T09:35:04.177+0000] {processor.py:840} INFO - DAG(s) 'example_branch_datetime_operator', 'example_branch_datetime_operator_2', 'example_branch_datetime_operator_3' retrieved from /home/airflow/.local/lib/python3.12/site-packages/airflow/example_dags/example_branch_datetime_operator.py
[2024-08-11T09:35:04.192+0000] {logging_mixin.py:188} INFO - [2024-08-11T09:35:04.192+0000] {dag.py:3089} INFO - Sync 3 DAGs
[2024-08-11T09:35:04.204+0000] {logging_mixin.py:188} INFO - [2024-08-11T09:35:04.204+0000] {dag.py:3947} INFO - Setting next_dagrun for example_branch_datetime_operator to 2024-08-10 00:00:00+00:00, run_after=2024-08-11 00:00:00+00:00
[2024-08-11T09:35:04.208+0000] {logging_mixin.py:188} INFO - [2024-08-11T09:35:04.208+0000] {dag.py:3947} INFO - Setting next_dagrun for example_branch_datetime_operator_2 to 2024-08-10 00:00:00+00:00, run_after=2024-08-11 00:00:00+00:00
[2024-08-11T09:35:04.210+0000] {logging_mixin.py:188} INFO - [2024-08-11T09:35:04.210+0000] {dag.py:3947} INFO - Setting next_dagrun for example_branch_datetime_operator_3 to 2024-08-10 00:00:00+00:00, run_after=2024-08-11 00:00:00+00:00
[2024-08-11T09:35:04.222+0000] {processor.py:183} INFO - Processing /home/airflow/.local/lib/python3.12/site-packages/airflow/example_dags/example_branch_datetime_operator.py took 0.056 seconds
[2024-08-11T09:58:28.175+0000] {processor.py:161} INFO - Started process (PID=56) to work on /home/airflow/.local/lib/python3.12/site-packages/airflow/example_dags/example_branch_datetime_operator.py
[2024-08-11T09:58:28.177+0000] {processor.py:830} INFO - Processing file /home/airflow/.local/lib/python3.12/site-packages/airflow/example_dags/example_branch_datetime_operator.py for tasks to queue
[2024-08-11T09:58:28.180+0000] {logging_mixin.py:188} INFO - [2024-08-11T09:58:28.180+0000] {dagbag.py:545} INFO - Filling up the DagBag from /home/airflow/.local/lib/python3.12/site-packages/airflow/example_dags/example_branch_datetime_operator.py
[2024-08-11T09:58:28.191+0000] {processor.py:840} INFO - DAG(s) 'example_branch_datetime_operator_3', 'example_branch_datetime_operator_2', 'example_branch_datetime_operator' retrieved from /home/airflow/.local/lib/python3.12/site-packages/airflow/example_dags/example_branch_datetime_operator.py
[2024-08-11T09:58:28.227+0000] {logging_mixin.py:188} INFO - [2024-08-11T09:58:28.227+0000] {dag.py:3089} INFO - Sync 3 DAGs
[2024-08-11T09:58:28.256+0000] {logging_mixin.py:188} INFO - [2024-08-11T09:58:28.255+0000] {dag.py:3947} INFO - Setting next_dagrun for example_branch_datetime_operator to 2024-08-10 00:00:00+00:00, run_after=2024-08-11 00:00:00+00:00
[2024-08-11T09:58:28.265+0000] {logging_mixin.py:188} INFO - [2024-08-11T09:58:28.265+0000] {dag.py:3947} INFO - Setting next_dagrun for example_branch_datetime_operator_2 to 2024-08-10 00:00:00+00:00, run_after=2024-08-11 00:00:00+00:00
[2024-08-11T09:58:28.267+0000] {logging_mixin.py:188} INFO - [2024-08-11T09:58:28.267+0000] {dag.py:3947} INFO - Setting next_dagrun for example_branch_datetime_operator_3 to 2024-08-10 00:00:00+00:00, run_after=2024-08-11 00:00:00+00:00
[2024-08-11T09:58:28.287+0000] {processor.py:183} INFO - Processing /home/airflow/.local/lib/python3.12/site-packages/airflow/example_dags/example_branch_datetime_operator.py took 0.117 seconds
[2024-08-11T09:58:58.877+0000] {processor.py:161} INFO - Started process (PID=114) to work on /home/airflow/.local/lib/python3.12/site-packages/airflow/example_dags/example_branch_datetime_operator.py
[2024-08-11T09:58:58.878+0000] {processor.py:830} INFO - Processing file /home/airflow/.local/lib/python3.12/site-packages/airflow/example_dags/example_branch_datetime_operator.py for tasks to queue
[2024-08-11T09:58:58.879+0000] {logging_mixin.py:188} INFO - [2024-08-11T09:58:58.879+0000] {dagbag.py:545} INFO - Filling up the DagBag from /home/airflow/.local/lib/python3.12/site-packages/airflow/example_dags/example_branch_datetime_operator.py
[2024-08-11T09:58:58.884+0000] {processor.py:840} INFO - DAG(s) 'example_branch_datetime_operator_3', 'example_branch_datetime_operator', 'example_branch_datetime_operator_2' retrieved from /home/airflow/.local/lib/python3.12/site-packages/airflow/example_dags/example_branch_datetime_operator.py
[2024-08-11T09:58:58.896+0000] {logging_mixin.py:188} INFO - [2024-08-11T09:58:58.896+0000] {dag.py:3089} INFO - Sync 3 DAGs
[2024-08-11T09:58:58.910+0000] {logging_mixin.py:188} INFO - [2024-08-11T09:58:58.910+0000] {dag.py:3947} INFO - Setting next_dagrun for example_branch_datetime_operator to 2024-08-10 00:00:00+00:00, run_after=2024-08-11 00:00:00+00:00
[2024-08-11T09:58:58.913+0000] {logging_mixin.py:188} INFO - [2024-08-11T09:58:58.912+0000] {dag.py:3947} INFO - Setting next_dagrun for example_branch_datetime_operator_2 to 2024-08-10 00:00:00+00:00, run_after=2024-08-11 00:00:00+00:00
[2024-08-11T09:58:58.914+0000] {logging_mixin.py:188} INFO - [2024-08-11T09:58:58.913+0000] {dag.py:3947} INFO - Setting next_dagrun for example_branch_datetime_operator_3 to 2024-08-10 00:00:00+00:00, run_after=2024-08-11 00:00:00+00:00
[2024-08-11T09:58:58.921+0000] {processor.py:183} INFO - Processing /home/airflow/.local/lib/python3.12/site-packages/airflow/example_dags/example_branch_datetime_operator.py took 0.046 seconds
[2024-08-11T09:59:44.266+0000] {processor.py:161} INFO - Started process (PID=59) to work on /home/airflow/.local/lib/python3.12/site-packages/airflow/example_dags/example_branch_datetime_operator.py
[2024-08-11T09:59:44.267+0000] {processor.py:830} INFO - Processing file /home/airflow/.local/lib/python3.12/site-packages/airflow/example_dags/example_branch_datetime_operator.py for tasks to queue
[2024-08-11T09:59:44.268+0000] {logging_mixin.py:188} INFO - [2024-08-11T09:59:44.268+0000] {dagbag.py:545} INFO - Filling up the DagBag from /home/airflow/.local/lib/python3.12/site-packages/airflow/example_dags/example_branch_datetime_operator.py
[2024-08-11T09:59:44.277+0000] {processor.py:840} INFO - DAG(s) 'example_branch_datetime_operator', 'example_branch_datetime_operator_2', 'example_branch_datetime_operator_3' retrieved from /home/airflow/.local/lib/python3.12/site-packages/airflow/example_dags/example_branch_datetime_operator.py
[2024-08-11T09:59:44.285+0000] {logging_mixin.py:188} INFO - [2024-08-11T09:59:44.285+0000] {dag.py:3089} INFO - Sync 3 DAGs
[2024-08-11T09:59:44.298+0000] {logging_mixin.py:188} INFO - [2024-08-11T09:59:44.298+0000] {dag.py:3947} INFO - Setting next_dagrun for example_branch_datetime_operator to 2024-08-10 00:00:00+00:00, run_after=2024-08-11 00:00:00+00:00
[2024-08-11T09:59:44.301+0000] {logging_mixin.py:188} INFO - [2024-08-11T09:59:44.301+0000] {dag.py:3947} INFO - Setting next_dagrun for example_branch_datetime_operator_2 to 2024-08-10 00:00:00+00:00, run_after=2024-08-11 00:00:00+00:00
[2024-08-11T09:59:44.303+0000] {logging_mixin.py:188} INFO - [2024-08-11T09:59:44.303+0000] {dag.py:3947} INFO - Setting next_dagrun for example_branch_datetime_operator_3 to 2024-08-10 00:00:00+00:00, run_after=2024-08-11 00:00:00+00:00
[2024-08-11T09:59:44.313+0000] {processor.py:183} INFO - Processing /home/airflow/.local/lib/python3.12/site-packages/airflow/example_dags/example_branch_datetime_operator.py took 0.050 seconds
[2024-08-11T10:00:14.817+0000] {processor.py:161} INFO - Started process (PID=117) to work on /home/airflow/.local/lib/python3.12/site-packages/airflow/example_dags/example_branch_datetime_operator.py
[2024-08-11T10:00:14.819+0000] {processor.py:830} INFO - Processing file /home/airflow/.local/lib/python3.12/site-packages/airflow/example_dags/example_branch_datetime_operator.py for tasks to queue
[2024-08-11T10:00:14.820+0000] {logging_mixin.py:188} INFO - [2024-08-11T10:00:14.820+0000] {dagbag.py:545} INFO - Filling up the DagBag from /home/airflow/.local/lib/python3.12/site-packages/airflow/example_dags/example_branch_datetime_operator.py
[2024-08-11T10:00:14.825+0000] {processor.py:840} INFO - DAG(s) 'example_branch_datetime_operator', 'example_branch_datetime_operator_3', 'example_branch_datetime_operator_2' retrieved from /home/airflow/.local/lib/python3.12/site-packages/airflow/example_dags/example_branch_datetime_operator.py
[2024-08-11T10:00:14.888+0000] {logging_mixin.py:188} INFO - [2024-08-11T10:00:14.887+0000] {dag.py:3089} INFO - Sync 3 DAGs
[2024-08-11T10:00:14.897+0000] {logging_mixin.py:188} INFO - [2024-08-11T10:00:14.897+0000] {dag.py:3947} INFO - Setting next_dagrun for example_branch_datetime_operator to 2024-08-10 00:00:00+00:00, run_after=2024-08-11 00:00:00+00:00
[2024-08-11T10:00:14.900+0000] {logging_mixin.py:188} INFO - [2024-08-11T10:00:14.900+0000] {dag.py:3947} INFO - Setting next_dagrun for example_branch_datetime_operator_2 to 2024-08-10 00:00:00+00:00, run_after=2024-08-11 00:00:00+00:00
[2024-08-11T10:00:14.902+0000] {logging_mixin.py:188} INFO - [2024-08-11T10:00:14.902+0000] {dag.py:3947} INFO - Setting next_dagrun for example_branch_datetime_operator_3 to 2024-08-10 00:00:00+00:00, run_after=2024-08-11 00:00:00+00:00
[2024-08-11T10:00:14.910+0000] {processor.py:183} INFO - Processing /home/airflow/.local/lib/python3.12/site-packages/airflow/example_dags/example_branch_datetime_operator.py took 0.096 seconds
[2024-08-11T10:00:45.030+0000] {processor.py:161} INFO - Started process (PID=175) to work on /home/airflow/.local/lib/python3.12/site-packages/airflow/example_dags/example_branch_datetime_operator.py
[2024-08-11T10:00:45.030+0000] {processor.py:830} INFO - Processing file /home/airflow/.local/lib/python3.12/site-packages/airflow/example_dags/example_branch_datetime_operator.py for tasks to queue
[2024-08-11T10:00:45.032+0000] {logging_mixin.py:188} INFO - [2024-08-11T10:00:45.032+0000] {dagbag.py:545} INFO - Filling up the DagBag from /home/airflow/.local/lib/python3.12/site-packages/airflow/example_dags/example_branch_datetime_operator.py
[2024-08-11T10:00:45.038+0000] {processor.py:840} INFO - DAG(s) 'example_branch_datetime_operator_3', 'example_branch_datetime_operator_2', 'example_branch_datetime_operator' retrieved from /home/airflow/.local/lib/python3.12/site-packages/airflow/example_dags/example_branch_datetime_operator.py
[2024-08-11T10:00:45.054+0000] {logging_mixin.py:188} INFO - [2024-08-11T10:00:45.054+0000] {dag.py:3089} INFO - Sync 3 DAGs
[2024-08-11T10:00:45.064+0000] {logging_mixin.py:188} INFO - [2024-08-11T10:00:45.064+0000] {dag.py:3947} INFO - Setting next_dagrun for example_branch_datetime_operator to 2024-08-10 00:00:00+00:00, run_after=2024-08-11 00:00:00+00:00
[2024-08-11T10:00:45.067+0000] {logging_mixin.py:188} INFO - [2024-08-11T10:00:45.067+0000] {dag.py:3947} INFO - Setting next_dagrun for example_branch_datetime_operator_2 to 2024-08-10 00:00:00+00:00, run_after=2024-08-11 00:00:00+00:00
[2024-08-11T10:00:45.068+0000] {logging_mixin.py:188} INFO - [2024-08-11T10:00:45.068+0000] {dag.py:3947} INFO - Setting next_dagrun for example_branch_datetime_operator_3 to 2024-08-10 00:00:00+00:00, run_after=2024-08-11 00:00:00+00:00
[2024-08-11T10:00:45.075+0000] {processor.py:183} INFO - Processing /home/airflow/.local/lib/python3.12/site-packages/airflow/example_dags/example_branch_datetime_operator.py took 0.048 seconds
[2024-08-11T10:01:15.808+0000] {processor.py:161} INFO - Started process (PID=233) to work on /home/airflow/.local/lib/python3.12/site-packages/airflow/example_dags/example_branch_datetime_operator.py
[2024-08-11T10:01:15.809+0000] {processor.py:830} INFO - Processing file /home/airflow/.local/lib/python3.12/site-packages/airflow/example_dags/example_branch_datetime_operator.py for tasks to queue
[2024-08-11T10:01:15.810+0000] {logging_mixin.py:188} INFO - [2024-08-11T10:01:15.810+0000] {dagbag.py:545} INFO - Filling up the DagBag from /home/airflow/.local/lib/python3.12/site-packages/airflow/example_dags/example_branch_datetime_operator.py
[2024-08-11T10:01:15.815+0000] {processor.py:840} INFO - DAG(s) 'example_branch_datetime_operator_2', 'example_branch_datetime_operator', 'example_branch_datetime_operator_3' retrieved from /home/airflow/.local/lib/python3.12/site-packages/airflow/example_dags/example_branch_datetime_operator.py
[2024-08-11T10:01:15.828+0000] {logging_mixin.py:188} INFO - [2024-08-11T10:01:15.828+0000] {dag.py:3089} INFO - Sync 3 DAGs
[2024-08-11T10:01:15.839+0000] {logging_mixin.py:188} INFO - [2024-08-11T10:01:15.839+0000] {dag.py:3947} INFO - Setting next_dagrun for example_branch_datetime_operator to 2024-08-10 00:00:00+00:00, run_after=2024-08-11 00:00:00+00:00
[2024-08-11T10:01:15.841+0000] {logging_mixin.py:188} INFO - [2024-08-11T10:01:15.841+0000] {dag.py:3947} INFO - Setting next_dagrun for example_branch_datetime_operator_2 to 2024-08-10 00:00:00+00:00, run_after=2024-08-11 00:00:00+00:00
[2024-08-11T10:01:15.842+0000] {logging_mixin.py:188} INFO - [2024-08-11T10:01:15.842+0000] {dag.py:3947} INFO - Setting next_dagrun for example_branch_datetime_operator_3 to 2024-08-10 00:00:00+00:00, run_after=2024-08-11 00:00:00+00:00
[2024-08-11T10:01:15.852+0000] {processor.py:183} INFO - Processing /home/airflow/.local/lib/python3.12/site-packages/airflow/example_dags/example_branch_datetime_operator.py took 0.048 seconds
[2024-08-11T10:01:46.079+0000] {processor.py:161} INFO - Started process (PID=291) to work on /home/airflow/.local/lib/python3.12/site-packages/airflow/example_dags/example_branch_datetime_operator.py
[2024-08-11T10:01:46.080+0000] {processor.py:830} INFO - Processing file /home/airflow/.local/lib/python3.12/site-packages/airflow/example_dags/example_branch_datetime_operator.py for tasks to queue
[2024-08-11T10:01:46.083+0000] {logging_mixin.py:188} INFO - [2024-08-11T10:01:46.082+0000] {dagbag.py:545} INFO - Filling up the DagBag from /home/airflow/.local/lib/python3.12/site-packages/airflow/example_dags/example_branch_datetime_operator.py
[2024-08-11T10:01:46.092+0000] {processor.py:840} INFO - DAG(s) 'example_branch_datetime_operator_2', 'example_branch_datetime_operator', 'example_branch_datetime_operator_3' retrieved from /home/airflow/.local/lib/python3.12/site-packages/airflow/example_dags/example_branch_datetime_operator.py
[2024-08-11T10:01:46.115+0000] {logging_mixin.py:188} INFO - [2024-08-11T10:01:46.115+0000] {dag.py:3089} INFO - Sync 3 DAGs
[2024-08-11T10:01:46.130+0000] {logging_mixin.py:188} INFO - [2024-08-11T10:01:46.130+0000] {dag.py:3947} INFO - Setting next_dagrun for example_branch_datetime_operator to 2024-08-10 00:00:00+00:00, run_after=2024-08-11 00:00:00+00:00
[2024-08-11T10:01:46.134+0000] {logging_mixin.py:188} INFO - [2024-08-11T10:01:46.133+0000] {dag.py:3947} INFO - Setting next_dagrun for example_branch_datetime_operator_2 to 2024-08-10 00:00:00+00:00, run_after=2024-08-11 00:00:00+00:00
[2024-08-11T10:01:46.135+0000] {logging_mixin.py:188} INFO - [2024-08-11T10:01:46.134+0000] {dag.py:3947} INFO - Setting next_dagrun for example_branch_datetime_operator_3 to 2024-08-10 00:00:00+00:00, run_after=2024-08-11 00:00:00+00:00
[2024-08-11T10:01:46.147+0000] {processor.py:183} INFO - Processing /home/airflow/.local/lib/python3.12/site-packages/airflow/example_dags/example_branch_datetime_operator.py took 0.076 seconds
