[2024-08-11T09:31:30.556+0000] {processor.py:161} INFO - Started process (PID=73) to work on /home/airflow/.local/lib/python3.12/site-packages/airflow/example_dags/example_branch_operator_decorator.py
[2024-08-11T09:31:30.557+0000] {processor.py:830} INFO - Processing file /home/airflow/.local/lib/python3.12/site-packages/airflow/example_dags/example_branch_operator_decorator.py for tasks to queue
[2024-08-11T09:31:30.558+0000] {logging_mixin.py:188} INFO - [2024-08-11T09:31:30.558+0000] {dagbag.py:545} INFO - Filling up the DagBag from /home/airflow/.local/lib/python3.12/site-packages/airflow/example_dags/example_branch_operator_decorator.py
[2024-08-11T09:31:30.578+0000] {processor.py:840} INFO - DAG(s) 'example_branch_python_operator_decorator' retrieved from /home/airflow/.local/lib/python3.12/site-packages/airflow/example_dags/example_branch_operator_decorator.py
[2024-08-11T09:31:30.584+0000] {logging_mixin.py:188} INFO - [2024-08-11T09:31:30.583+0000] {dag.py:3089} INFO - Sync 1 DAGs
[2024-08-11T09:31:30.596+0000] {logging_mixin.py:188} INFO - [2024-08-11T09:31:30.596+0000] {dag.py:3947} INFO - Setting next_dagrun for example_branch_python_operator_decorator to 2024-08-10 00:00:00+00:00, run_after=2024-08-11 00:00:00+00:00
[2024-08-11T09:31:30.617+0000] {processor.py:183} INFO - Processing /home/airflow/.local/lib/python3.12/site-packages/airflow/example_dags/example_branch_operator_decorator.py took 0.065 seconds
[2024-08-11T09:32:00.774+0000] {processor.py:161} INFO - Started process (PID=131) to work on /home/airflow/.local/lib/python3.12/site-packages/airflow/example_dags/example_branch_operator_decorator.py
[2024-08-11T09:32:00.776+0000] {processor.py:830} INFO - Processing file /home/airflow/.local/lib/python3.12/site-packages/airflow/example_dags/example_branch_operator_decorator.py for tasks to queue
[2024-08-11T09:32:00.777+0000] {logging_mixin.py:188} INFO - [2024-08-11T09:32:00.777+0000] {dagbag.py:545} INFO - Filling up the DagBag from /home/airflow/.local/lib/python3.12/site-packages/airflow/example_dags/example_branch_operator_decorator.py
[2024-08-11T09:32:00.789+0000] {processor.py:840} INFO - DAG(s) 'example_branch_python_operator_decorator' retrieved from /home/airflow/.local/lib/python3.12/site-packages/airflow/example_dags/example_branch_operator_decorator.py
[2024-08-11T09:32:00.839+0000] {logging_mixin.py:188} INFO - [2024-08-11T09:32:00.839+0000] {dag.py:3089} INFO - Sync 1 DAGs
[2024-08-11T09:32:00.850+0000] {logging_mixin.py:188} INFO - [2024-08-11T09:32:00.850+0000] {dag.py:3947} INFO - Setting next_dagrun for example_branch_python_operator_decorator to 2024-08-10 00:00:00+00:00, run_after=2024-08-11 00:00:00+00:00
[2024-08-11T09:32:00.862+0000] {processor.py:183} INFO - Processing /home/airflow/.local/lib/python3.12/site-packages/airflow/example_dags/example_branch_operator_decorator.py took 0.091 seconds
[2024-08-11T09:32:31.787+0000] {processor.py:161} INFO - Started process (PID=189) to work on /home/airflow/.local/lib/python3.12/site-packages/airflow/example_dags/example_branch_operator_decorator.py
[2024-08-11T09:32:31.788+0000] {processor.py:830} INFO - Processing file /home/airflow/.local/lib/python3.12/site-packages/airflow/example_dags/example_branch_operator_decorator.py for tasks to queue
[2024-08-11T09:32:31.789+0000] {logging_mixin.py:188} INFO - [2024-08-11T09:32:31.789+0000] {dagbag.py:545} INFO - Filling up the DagBag from /home/airflow/.local/lib/python3.12/site-packages/airflow/example_dags/example_branch_operator_decorator.py
[2024-08-11T09:32:31.798+0000] {processor.py:840} INFO - DAG(s) 'example_branch_python_operator_decorator' retrieved from /home/airflow/.local/lib/python3.12/site-packages/airflow/example_dags/example_branch_operator_decorator.py
[2024-08-11T09:32:31.813+0000] {logging_mixin.py:188} INFO - [2024-08-11T09:32:31.812+0000] {dag.py:3089} INFO - Sync 1 DAGs
[2024-08-11T09:32:31.825+0000] {logging_mixin.py:188} INFO - [2024-08-11T09:32:31.825+0000] {dag.py:3947} INFO - Setting next_dagrun for example_branch_python_operator_decorator to 2024-08-10 00:00:00+00:00, run_after=2024-08-11 00:00:00+00:00
[2024-08-11T09:32:31.835+0000] {processor.py:183} INFO - Processing /home/airflow/.local/lib/python3.12/site-packages/airflow/example_dags/example_branch_operator_decorator.py took 0.051 seconds
[2024-08-11T09:33:02.502+0000] {processor.py:161} INFO - Started process (PID=247) to work on /home/airflow/.local/lib/python3.12/site-packages/airflow/example_dags/example_branch_operator_decorator.py
[2024-08-11T09:33:02.504+0000] {processor.py:830} INFO - Processing file /home/airflow/.local/lib/python3.12/site-packages/airflow/example_dags/example_branch_operator_decorator.py for tasks to queue
[2024-08-11T09:33:02.506+0000] {logging_mixin.py:188} INFO - [2024-08-11T09:33:02.505+0000] {dagbag.py:545} INFO - Filling up the DagBag from /home/airflow/.local/lib/python3.12/site-packages/airflow/example_dags/example_branch_operator_decorator.py
[2024-08-11T09:33:02.516+0000] {processor.py:840} INFO - DAG(s) 'example_branch_python_operator_decorator' retrieved from /home/airflow/.local/lib/python3.12/site-packages/airflow/example_dags/example_branch_operator_decorator.py
[2024-08-11T09:33:02.529+0000] {logging_mixin.py:188} INFO - [2024-08-11T09:33:02.529+0000] {dag.py:3089} INFO - Sync 1 DAGs
[2024-08-11T09:33:02.541+0000] {logging_mixin.py:188} INFO - [2024-08-11T09:33:02.540+0000] {dag.py:3947} INFO - Setting next_dagrun for example_branch_python_operator_decorator to 2024-08-10 00:00:00+00:00, run_after=2024-08-11 00:00:00+00:00
[2024-08-11T09:33:02.550+0000] {processor.py:183} INFO - Processing /home/airflow/.local/lib/python3.12/site-packages/airflow/example_dags/example_branch_operator_decorator.py took 0.052 seconds
[2024-08-11T09:33:33.204+0000] {processor.py:161} INFO - Started process (PID=305) to work on /home/airflow/.local/lib/python3.12/site-packages/airflow/example_dags/example_branch_operator_decorator.py
[2024-08-11T09:33:33.205+0000] {processor.py:830} INFO - Processing file /home/airflow/.local/lib/python3.12/site-packages/airflow/example_dags/example_branch_operator_decorator.py for tasks to queue
[2024-08-11T09:33:33.207+0000] {logging_mixin.py:188} INFO - [2024-08-11T09:33:33.206+0000] {dagbag.py:545} INFO - Filling up the DagBag from /home/airflow/.local/lib/python3.12/site-packages/airflow/example_dags/example_branch_operator_decorator.py
[2024-08-11T09:33:33.216+0000] {processor.py:840} INFO - DAG(s) 'example_branch_python_operator_decorator' retrieved from /home/airflow/.local/lib/python3.12/site-packages/airflow/example_dags/example_branch_operator_decorator.py
[2024-08-11T09:33:33.231+0000] {logging_mixin.py:188} INFO - [2024-08-11T09:33:33.231+0000] {dag.py:3089} INFO - Sync 1 DAGs
[2024-08-11T09:33:33.243+0000] {logging_mixin.py:188} INFO - [2024-08-11T09:33:33.243+0000] {dag.py:3947} INFO - Setting next_dagrun for example_branch_python_operator_decorator to 2024-08-10 00:00:00+00:00, run_after=2024-08-11 00:00:00+00:00
[2024-08-11T09:33:33.253+0000] {processor.py:183} INFO - Processing /home/airflow/.local/lib/python3.12/site-packages/airflow/example_dags/example_branch_operator_decorator.py took 0.052 seconds
[2024-08-11T09:34:04.098+0000] {processor.py:161} INFO - Started process (PID=369) to work on /home/airflow/.local/lib/python3.12/site-packages/airflow/example_dags/example_branch_operator_decorator.py
[2024-08-11T09:34:04.099+0000] {processor.py:830} INFO - Processing file /home/airflow/.local/lib/python3.12/site-packages/airflow/example_dags/example_branch_operator_decorator.py for tasks to queue
[2024-08-11T09:34:04.100+0000] {logging_mixin.py:188} INFO - [2024-08-11T09:34:04.100+0000] {dagbag.py:545} INFO - Filling up the DagBag from /home/airflow/.local/lib/python3.12/site-packages/airflow/example_dags/example_branch_operator_decorator.py
[2024-08-11T09:34:04.110+0000] {processor.py:840} INFO - DAG(s) 'example_branch_python_operator_decorator' retrieved from /home/airflow/.local/lib/python3.12/site-packages/airflow/example_dags/example_branch_operator_decorator.py
[2024-08-11T09:34:04.123+0000] {logging_mixin.py:188} INFO - [2024-08-11T09:34:04.123+0000] {dag.py:3089} INFO - Sync 1 DAGs
[2024-08-11T09:34:04.139+0000] {logging_mixin.py:188} INFO - [2024-08-11T09:34:04.138+0000] {dag.py:3947} INFO - Setting next_dagrun for example_branch_python_operator_decorator to 2024-08-10 00:00:00+00:00, run_after=2024-08-11 00:00:00+00:00
[2024-08-11T09:34:04.151+0000] {processor.py:183} INFO - Processing /home/airflow/.local/lib/python3.12/site-packages/airflow/example_dags/example_branch_operator_decorator.py took 0.056 seconds
[2024-08-11T09:34:34.876+0000] {processor.py:161} INFO - Started process (PID=427) to work on /home/airflow/.local/lib/python3.12/site-packages/airflow/example_dags/example_branch_operator_decorator.py
[2024-08-11T09:34:34.877+0000] {processor.py:830} INFO - Processing file /home/airflow/.local/lib/python3.12/site-packages/airflow/example_dags/example_branch_operator_decorator.py for tasks to queue
[2024-08-11T09:34:34.878+0000] {logging_mixin.py:188} INFO - [2024-08-11T09:34:34.878+0000] {dagbag.py:545} INFO - Filling up the DagBag from /home/airflow/.local/lib/python3.12/site-packages/airflow/example_dags/example_branch_operator_decorator.py
[2024-08-11T09:34:34.889+0000] {processor.py:840} INFO - DAG(s) 'example_branch_python_operator_decorator' retrieved from /home/airflow/.local/lib/python3.12/site-packages/airflow/example_dags/example_branch_operator_decorator.py
[2024-08-11T09:34:34.903+0000] {logging_mixin.py:188} INFO - [2024-08-11T09:34:34.903+0000] {dag.py:3089} INFO - Sync 1 DAGs
[2024-08-11T09:34:34.914+0000] {logging_mixin.py:188} INFO - [2024-08-11T09:34:34.914+0000] {dag.py:3947} INFO - Setting next_dagrun for example_branch_python_operator_decorator to 2024-08-10 00:00:00+00:00, run_after=2024-08-11 00:00:00+00:00
[2024-08-11T09:34:34.924+0000] {processor.py:183} INFO - Processing /home/airflow/.local/lib/python3.12/site-packages/airflow/example_dags/example_branch_operator_decorator.py took 0.050 seconds
[2024-08-11T09:35:05.692+0000] {processor.py:161} INFO - Started process (PID=485) to work on /home/airflow/.local/lib/python3.12/site-packages/airflow/example_dags/example_branch_operator_decorator.py
[2024-08-11T09:35:05.693+0000] {processor.py:830} INFO - Processing file /home/airflow/.local/lib/python3.12/site-packages/airflow/example_dags/example_branch_operator_decorator.py for tasks to queue
[2024-08-11T09:35:05.695+0000] {logging_mixin.py:188} INFO - [2024-08-11T09:35:05.694+0000] {dagbag.py:545} INFO - Filling up the DagBag from /home/airflow/.local/lib/python3.12/site-packages/airflow/example_dags/example_branch_operator_decorator.py
[2024-08-11T09:35:05.707+0000] {processor.py:840} INFO - DAG(s) 'example_branch_python_operator_decorator' retrieved from /home/airflow/.local/lib/python3.12/site-packages/airflow/example_dags/example_branch_operator_decorator.py
[2024-08-11T09:35:05.723+0000] {logging_mixin.py:188} INFO - [2024-08-11T09:35:05.723+0000] {dag.py:3089} INFO - Sync 1 DAGs
[2024-08-11T09:35:05.737+0000] {logging_mixin.py:188} INFO - [2024-08-11T09:35:05.736+0000] {dag.py:3947} INFO - Setting next_dagrun for example_branch_python_operator_decorator to 2024-08-10 00:00:00+00:00, run_after=2024-08-11 00:00:00+00:00
[2024-08-11T09:35:05.751+0000] {processor.py:183} INFO - Processing /home/airflow/.local/lib/python3.12/site-packages/airflow/example_dags/example_branch_operator_decorator.py took 0.063 seconds
[2024-08-11T09:58:29.154+0000] {processor.py:161} INFO - Started process (PID=71) to work on /home/airflow/.local/lib/python3.12/site-packages/airflow/example_dags/example_branch_operator_decorator.py
[2024-08-11T09:58:29.155+0000] {processor.py:830} INFO - Processing file /home/airflow/.local/lib/python3.12/site-packages/airflow/example_dags/example_branch_operator_decorator.py for tasks to queue
[2024-08-11T09:58:29.156+0000] {logging_mixin.py:188} INFO - [2024-08-11T09:58:29.156+0000] {dagbag.py:545} INFO - Filling up the DagBag from /home/airflow/.local/lib/python3.12/site-packages/airflow/example_dags/example_branch_operator_decorator.py
[2024-08-11T09:58:29.172+0000] {processor.py:840} INFO - DAG(s) 'example_branch_python_operator_decorator' retrieved from /home/airflow/.local/lib/python3.12/site-packages/airflow/example_dags/example_branch_operator_decorator.py
[2024-08-11T09:58:29.242+0000] {logging_mixin.py:188} INFO - [2024-08-11T09:58:29.242+0000] {dag.py:3089} INFO - Sync 1 DAGs
[2024-08-11T09:58:29.261+0000] {logging_mixin.py:188} INFO - [2024-08-11T09:58:29.261+0000] {dag.py:3947} INFO - Setting next_dagrun for example_branch_python_operator_decorator to 2024-08-10 00:00:00+00:00, run_after=2024-08-11 00:00:00+00:00
[2024-08-11T09:58:29.283+0000] {processor.py:183} INFO - Processing /home/airflow/.local/lib/python3.12/site-packages/airflow/example_dags/example_branch_operator_decorator.py took 0.138 seconds
[2024-08-11T09:59:00.285+0000] {processor.py:161} INFO - Started process (PID=129) to work on /home/airflow/.local/lib/python3.12/site-packages/airflow/example_dags/example_branch_operator_decorator.py
[2024-08-11T09:59:00.286+0000] {processor.py:830} INFO - Processing file /home/airflow/.local/lib/python3.12/site-packages/airflow/example_dags/example_branch_operator_decorator.py for tasks to queue
[2024-08-11T09:59:00.288+0000] {logging_mixin.py:188} INFO - [2024-08-11T09:59:00.288+0000] {dagbag.py:545} INFO - Filling up the DagBag from /home/airflow/.local/lib/python3.12/site-packages/airflow/example_dags/example_branch_operator_decorator.py
[2024-08-11T09:59:00.305+0000] {processor.py:840} INFO - DAG(s) 'example_branch_python_operator_decorator' retrieved from /home/airflow/.local/lib/python3.12/site-packages/airflow/example_dags/example_branch_operator_decorator.py
[2024-08-11T09:59:00.313+0000] {logging_mixin.py:188} INFO - [2024-08-11T09:59:00.313+0000] {dag.py:3089} INFO - Sync 1 DAGs
[2024-08-11T09:59:00.330+0000] {logging_mixin.py:188} INFO - [2024-08-11T09:59:00.330+0000] {dag.py:3947} INFO - Setting next_dagrun for example_branch_python_operator_decorator to 2024-08-10 00:00:00+00:00, run_after=2024-08-11 00:00:00+00:00
[2024-08-11T09:59:00.344+0000] {processor.py:183} INFO - Processing /home/airflow/.local/lib/python3.12/site-packages/airflow/example_dags/example_branch_operator_decorator.py took 0.066 seconds
[2024-08-11T09:59:45.155+0000] {processor.py:161} INFO - Started process (PID=74) to work on /home/airflow/.local/lib/python3.12/site-packages/airflow/example_dags/example_branch_operator_decorator.py
[2024-08-11T09:59:45.155+0000] {processor.py:830} INFO - Processing file /home/airflow/.local/lib/python3.12/site-packages/airflow/example_dags/example_branch_operator_decorator.py for tasks to queue
[2024-08-11T09:59:45.157+0000] {logging_mixin.py:188} INFO - [2024-08-11T09:59:45.157+0000] {dagbag.py:545} INFO - Filling up the DagBag from /home/airflow/.local/lib/python3.12/site-packages/airflow/example_dags/example_branch_operator_decorator.py
[2024-08-11T09:59:45.171+0000] {processor.py:840} INFO - DAG(s) 'example_branch_python_operator_decorator' retrieved from /home/airflow/.local/lib/python3.12/site-packages/airflow/example_dags/example_branch_operator_decorator.py
[2024-08-11T09:59:45.180+0000] {logging_mixin.py:188} INFO - [2024-08-11T09:59:45.180+0000] {dag.py:3089} INFO - Sync 1 DAGs
[2024-08-11T09:59:45.195+0000] {logging_mixin.py:188} INFO - [2024-08-11T09:59:45.195+0000] {dag.py:3947} INFO - Setting next_dagrun for example_branch_python_operator_decorator to 2024-08-10 00:00:00+00:00, run_after=2024-08-11 00:00:00+00:00
[2024-08-11T09:59:45.204+0000] {processor.py:183} INFO - Processing /home/airflow/.local/lib/python3.12/site-packages/airflow/example_dags/example_branch_operator_decorator.py took 0.053 seconds
[2024-08-11T10:00:15.508+0000] {processor.py:161} INFO - Started process (PID=132) to work on /home/airflow/.local/lib/python3.12/site-packages/airflow/example_dags/example_branch_operator_decorator.py
[2024-08-11T10:00:15.512+0000] {processor.py:830} INFO - Processing file /home/airflow/.local/lib/python3.12/site-packages/airflow/example_dags/example_branch_operator_decorator.py for tasks to queue
[2024-08-11T10:00:15.514+0000] {logging_mixin.py:188} INFO - [2024-08-11T10:00:15.514+0000] {dagbag.py:545} INFO - Filling up the DagBag from /home/airflow/.local/lib/python3.12/site-packages/airflow/example_dags/example_branch_operator_decorator.py
[2024-08-11T10:00:15.524+0000] {processor.py:840} INFO - DAG(s) 'example_branch_python_operator_decorator' retrieved from /home/airflow/.local/lib/python3.12/site-packages/airflow/example_dags/example_branch_operator_decorator.py
[2024-08-11T10:00:15.575+0000] {logging_mixin.py:188} INFO - [2024-08-11T10:00:15.575+0000] {dag.py:3089} INFO - Sync 1 DAGs
[2024-08-11T10:00:15.586+0000] {logging_mixin.py:188} INFO - [2024-08-11T10:00:15.586+0000] {dag.py:3947} INFO - Setting next_dagrun for example_branch_python_operator_decorator to 2024-08-10 00:00:00+00:00, run_after=2024-08-11 00:00:00+00:00
[2024-08-11T10:00:15.596+0000] {processor.py:183} INFO - Processing /home/airflow/.local/lib/python3.12/site-packages/airflow/example_dags/example_branch_operator_decorator.py took 0.091 seconds
[2024-08-11T10:00:46.549+0000] {processor.py:161} INFO - Started process (PID=190) to work on /home/airflow/.local/lib/python3.12/site-packages/airflow/example_dags/example_branch_operator_decorator.py
[2024-08-11T10:00:46.550+0000] {processor.py:830} INFO - Processing file /home/airflow/.local/lib/python3.12/site-packages/airflow/example_dags/example_branch_operator_decorator.py for tasks to queue
[2024-08-11T10:00:46.551+0000] {logging_mixin.py:188} INFO - [2024-08-11T10:00:46.551+0000] {dagbag.py:545} INFO - Filling up the DagBag from /home/airflow/.local/lib/python3.12/site-packages/airflow/example_dags/example_branch_operator_decorator.py
[2024-08-11T10:00:46.560+0000] {processor.py:840} INFO - DAG(s) 'example_branch_python_operator_decorator' retrieved from /home/airflow/.local/lib/python3.12/site-packages/airflow/example_dags/example_branch_operator_decorator.py
[2024-08-11T10:00:46.576+0000] {logging_mixin.py:188} INFO - [2024-08-11T10:00:46.576+0000] {dag.py:3089} INFO - Sync 1 DAGs
[2024-08-11T10:00:46.588+0000] {logging_mixin.py:188} INFO - [2024-08-11T10:00:46.588+0000] {dag.py:3947} INFO - Setting next_dagrun for example_branch_python_operator_decorator to 2024-08-10 00:00:00+00:00, run_after=2024-08-11 00:00:00+00:00
[2024-08-11T10:00:46.599+0000] {processor.py:183} INFO - Processing /home/airflow/.local/lib/python3.12/site-packages/airflow/example_dags/example_branch_operator_decorator.py took 0.053 seconds
[2024-08-11T10:01:17.319+0000] {processor.py:161} INFO - Started process (PID=248) to work on /home/airflow/.local/lib/python3.12/site-packages/airflow/example_dags/example_branch_operator_decorator.py
[2024-08-11T10:01:17.321+0000] {processor.py:830} INFO - Processing file /home/airflow/.local/lib/python3.12/site-packages/airflow/example_dags/example_branch_operator_decorator.py for tasks to queue
[2024-08-11T10:01:17.322+0000] {logging_mixin.py:188} INFO - [2024-08-11T10:01:17.322+0000] {dagbag.py:545} INFO - Filling up the DagBag from /home/airflow/.local/lib/python3.12/site-packages/airflow/example_dags/example_branch_operator_decorator.py
[2024-08-11T10:01:17.334+0000] {processor.py:840} INFO - DAG(s) 'example_branch_python_operator_decorator' retrieved from /home/airflow/.local/lib/python3.12/site-packages/airflow/example_dags/example_branch_operator_decorator.py
[2024-08-11T10:01:17.352+0000] {logging_mixin.py:188} INFO - [2024-08-11T10:01:17.352+0000] {dag.py:3089} INFO - Sync 1 DAGs
[2024-08-11T10:01:17.367+0000] {logging_mixin.py:188} INFO - [2024-08-11T10:01:17.367+0000] {dag.py:3947} INFO - Setting next_dagrun for example_branch_python_operator_decorator to 2024-08-10 00:00:00+00:00, run_after=2024-08-11 00:00:00+00:00
[2024-08-11T10:01:17.380+0000] {processor.py:183} INFO - Processing /home/airflow/.local/lib/python3.12/site-packages/airflow/example_dags/example_branch_operator_decorator.py took 0.065 seconds
[2024-08-11T10:01:47.618+0000] {processor.py:161} INFO - Started process (PID=306) to work on /home/airflow/.local/lib/python3.12/site-packages/airflow/example_dags/example_branch_operator_decorator.py
[2024-08-11T10:01:47.619+0000] {processor.py:830} INFO - Processing file /home/airflow/.local/lib/python3.12/site-packages/airflow/example_dags/example_branch_operator_decorator.py for tasks to queue
[2024-08-11T10:01:47.620+0000] {logging_mixin.py:188} INFO - [2024-08-11T10:01:47.620+0000] {dagbag.py:545} INFO - Filling up the DagBag from /home/airflow/.local/lib/python3.12/site-packages/airflow/example_dags/example_branch_operator_decorator.py
[2024-08-11T10:01:47.630+0000] {processor.py:840} INFO - DAG(s) 'example_branch_python_operator_decorator' retrieved from /home/airflow/.local/lib/python3.12/site-packages/airflow/example_dags/example_branch_operator_decorator.py
[2024-08-11T10:01:47.645+0000] {logging_mixin.py:188} INFO - [2024-08-11T10:01:47.644+0000] {dag.py:3089} INFO - Sync 1 DAGs
[2024-08-11T10:01:47.655+0000] {logging_mixin.py:188} INFO - [2024-08-11T10:01:47.655+0000] {dag.py:3947} INFO - Setting next_dagrun for example_branch_python_operator_decorator to 2024-08-10 00:00:00+00:00, run_after=2024-08-11 00:00:00+00:00
[2024-08-11T10:01:47.667+0000] {processor.py:183} INFO - Processing /home/airflow/.local/lib/python3.12/site-packages/airflow/example_dags/example_branch_operator_decorator.py took 0.052 seconds
