[2024-08-11T09:31:30.428+0000] {processor.py:161} INFO - Started process (PID=70) to work on /home/airflow/.local/lib/python3.12/site-packages/airflow/example_dags/example_task_group.py
[2024-08-11T09:31:30.430+0000] {processor.py:830} INFO - Processing file /home/airflow/.local/lib/python3.12/site-packages/airflow/example_dags/example_task_group.py for tasks to queue
[2024-08-11T09:31:30.433+0000] {logging_mixin.py:188} INFO - [2024-08-11T09:31:30.433+0000] {dagbag.py:545} INFO - Filling up the DagBag from /home/airflow/.local/lib/python3.12/site-packages/airflow/example_dags/example_task_group.py
[2024-08-11T09:31:30.443+0000] {processor.py:840} INFO - DAG(s) 'example_task_group' retrieved from /home/airflow/.local/lib/python3.12/site-packages/airflow/example_dags/example_task_group.py
[2024-08-11T09:31:30.460+0000] {logging_mixin.py:188} INFO - [2024-08-11T09:31:30.460+0000] {dag.py:3089} INFO - Sync 1 DAGs
[2024-08-11T09:31:30.481+0000] {logging_mixin.py:188} INFO - [2024-08-11T09:31:30.480+0000] {dag.py:3947} INFO - Setting next_dagrun for example_task_group to 2024-08-10 00:00:00+00:00, run_after=2024-08-11 00:00:00+00:00
[2024-08-11T09:31:30.495+0000] {processor.py:183} INFO - Processing /home/airflow/.local/lib/python3.12/site-packages/airflow/example_dags/example_task_group.py took 0.073 seconds
[2024-08-11T09:32:00.614+0000] {processor.py:161} INFO - Started process (PID=128) to work on /home/airflow/.local/lib/python3.12/site-packages/airflow/example_dags/example_task_group.py
[2024-08-11T09:32:00.617+0000] {processor.py:830} INFO - Processing file /home/airflow/.local/lib/python3.12/site-packages/airflow/example_dags/example_task_group.py for tasks to queue
[2024-08-11T09:32:00.618+0000] {logging_mixin.py:188} INFO - [2024-08-11T09:32:00.618+0000] {dagbag.py:545} INFO - Filling up the DagBag from /home/airflow/.local/lib/python3.12/site-packages/airflow/example_dags/example_task_group.py
[2024-08-11T09:32:00.622+0000] {processor.py:840} INFO - DAG(s) 'example_task_group' retrieved from /home/airflow/.local/lib/python3.12/site-packages/airflow/example_dags/example_task_group.py
[2024-08-11T09:32:00.665+0000] {logging_mixin.py:188} INFO - [2024-08-11T09:32:00.665+0000] {dag.py:3089} INFO - Sync 1 DAGs
[2024-08-11T09:32:00.674+0000] {logging_mixin.py:188} INFO - [2024-08-11T09:32:00.674+0000] {dag.py:3947} INFO - Setting next_dagrun for example_task_group to 2024-08-10 00:00:00+00:00, run_after=2024-08-11 00:00:00+00:00
[2024-08-11T09:32:00.684+0000] {processor.py:183} INFO - Processing /home/airflow/.local/lib/python3.12/site-packages/airflow/example_dags/example_task_group.py took 0.073 seconds
[2024-08-11T09:32:31.684+0000] {processor.py:161} INFO - Started process (PID=186) to work on /home/airflow/.local/lib/python3.12/site-packages/airflow/example_dags/example_task_group.py
[2024-08-11T09:32:31.685+0000] {processor.py:830} INFO - Processing file /home/airflow/.local/lib/python3.12/site-packages/airflow/example_dags/example_task_group.py for tasks to queue
[2024-08-11T09:32:31.688+0000] {logging_mixin.py:188} INFO - [2024-08-11T09:32:31.688+0000] {dagbag.py:545} INFO - Filling up the DagBag from /home/airflow/.local/lib/python3.12/site-packages/airflow/example_dags/example_task_group.py
[2024-08-11T09:32:31.692+0000] {processor.py:840} INFO - DAG(s) 'example_task_group' retrieved from /home/airflow/.local/lib/python3.12/site-packages/airflow/example_dags/example_task_group.py
[2024-08-11T09:32:31.704+0000] {logging_mixin.py:188} INFO - [2024-08-11T09:32:31.704+0000] {dag.py:3089} INFO - Sync 1 DAGs
[2024-08-11T09:32:31.714+0000] {logging_mixin.py:188} INFO - [2024-08-11T09:32:31.714+0000] {dag.py:3947} INFO - Setting next_dagrun for example_task_group to 2024-08-10 00:00:00+00:00, run_after=2024-08-11 00:00:00+00:00
[2024-08-11T09:32:31.724+0000] {processor.py:183} INFO - Processing /home/airflow/.local/lib/python3.12/site-packages/airflow/example_dags/example_task_group.py took 0.043 seconds
[2024-08-11T09:33:02.441+0000] {processor.py:161} INFO - Started process (PID=244) to work on /home/airflow/.local/lib/python3.12/site-packages/airflow/example_dags/example_task_group.py
[2024-08-11T09:33:02.442+0000] {processor.py:830} INFO - Processing file /home/airflow/.local/lib/python3.12/site-packages/airflow/example_dags/example_task_group.py for tasks to queue
[2024-08-11T09:33:02.443+0000] {logging_mixin.py:188} INFO - [2024-08-11T09:33:02.443+0000] {dagbag.py:545} INFO - Filling up the DagBag from /home/airflow/.local/lib/python3.12/site-packages/airflow/example_dags/example_task_group.py
[2024-08-11T09:33:02.448+0000] {processor.py:840} INFO - DAG(s) 'example_task_group' retrieved from /home/airflow/.local/lib/python3.12/site-packages/airflow/example_dags/example_task_group.py
[2024-08-11T09:33:02.463+0000] {logging_mixin.py:188} INFO - [2024-08-11T09:33:02.463+0000] {dag.py:3089} INFO - Sync 1 DAGs
[2024-08-11T09:33:02.474+0000] {logging_mixin.py:188} INFO - [2024-08-11T09:33:02.474+0000] {dag.py:3947} INFO - Setting next_dagrun for example_task_group to 2024-08-10 00:00:00+00:00, run_after=2024-08-11 00:00:00+00:00
[2024-08-11T09:33:02.488+0000] {processor.py:183} INFO - Processing /home/airflow/.local/lib/python3.12/site-packages/airflow/example_dags/example_task_group.py took 0.050 seconds
[2024-08-11T09:33:33.103+0000] {processor.py:161} INFO - Started process (PID=302) to work on /home/airflow/.local/lib/python3.12/site-packages/airflow/example_dags/example_task_group.py
[2024-08-11T09:33:33.103+0000] {processor.py:830} INFO - Processing file /home/airflow/.local/lib/python3.12/site-packages/airflow/example_dags/example_task_group.py for tasks to queue
[2024-08-11T09:33:33.105+0000] {logging_mixin.py:188} INFO - [2024-08-11T09:33:33.105+0000] {dagbag.py:545} INFO - Filling up the DagBag from /home/airflow/.local/lib/python3.12/site-packages/airflow/example_dags/example_task_group.py
[2024-08-11T09:33:33.110+0000] {processor.py:840} INFO - DAG(s) 'example_task_group' retrieved from /home/airflow/.local/lib/python3.12/site-packages/airflow/example_dags/example_task_group.py
[2024-08-11T09:33:33.125+0000] {logging_mixin.py:188} INFO - [2024-08-11T09:33:33.125+0000] {dag.py:3089} INFO - Sync 1 DAGs
[2024-08-11T09:33:33.136+0000] {logging_mixin.py:188} INFO - [2024-08-11T09:33:33.136+0000] {dag.py:3947} INFO - Setting next_dagrun for example_task_group to 2024-08-10 00:00:00+00:00, run_after=2024-08-11 00:00:00+00:00
[2024-08-11T09:33:33.147+0000] {processor.py:183} INFO - Processing /home/airflow/.local/lib/python3.12/site-packages/airflow/example_dags/example_task_group.py took 0.048 seconds
[2024-08-11T09:34:03.995+0000] {processor.py:161} INFO - Started process (PID=366) to work on /home/airflow/.local/lib/python3.12/site-packages/airflow/example_dags/example_task_group.py
[2024-08-11T09:34:03.996+0000] {processor.py:830} INFO - Processing file /home/airflow/.local/lib/python3.12/site-packages/airflow/example_dags/example_task_group.py for tasks to queue
[2024-08-11T09:34:03.997+0000] {logging_mixin.py:188} INFO - [2024-08-11T09:34:03.997+0000] {dagbag.py:545} INFO - Filling up the DagBag from /home/airflow/.local/lib/python3.12/site-packages/airflow/example_dags/example_task_group.py
[2024-08-11T09:34:04.001+0000] {processor.py:840} INFO - DAG(s) 'example_task_group' retrieved from /home/airflow/.local/lib/python3.12/site-packages/airflow/example_dags/example_task_group.py
[2024-08-11T09:34:04.012+0000] {logging_mixin.py:188} INFO - [2024-08-11T09:34:04.012+0000] {dag.py:3089} INFO - Sync 1 DAGs
[2024-08-11T09:34:04.026+0000] {logging_mixin.py:188} INFO - [2024-08-11T09:34:04.026+0000] {dag.py:3947} INFO - Setting next_dagrun for example_task_group to 2024-08-10 00:00:00+00:00, run_after=2024-08-11 00:00:00+00:00
[2024-08-11T09:34:04.037+0000] {processor.py:183} INFO - Processing /home/airflow/.local/lib/python3.12/site-packages/airflow/example_dags/example_task_group.py took 0.045 seconds
[2024-08-11T09:34:34.778+0000] {processor.py:161} INFO - Started process (PID=424) to work on /home/airflow/.local/lib/python3.12/site-packages/airflow/example_dags/example_task_group.py
[2024-08-11T09:34:34.779+0000] {processor.py:830} INFO - Processing file /home/airflow/.local/lib/python3.12/site-packages/airflow/example_dags/example_task_group.py for tasks to queue
[2024-08-11T09:34:34.781+0000] {logging_mixin.py:188} INFO - [2024-08-11T09:34:34.781+0000] {dagbag.py:545} INFO - Filling up the DagBag from /home/airflow/.local/lib/python3.12/site-packages/airflow/example_dags/example_task_group.py
[2024-08-11T09:34:34.785+0000] {processor.py:840} INFO - DAG(s) 'example_task_group' retrieved from /home/airflow/.local/lib/python3.12/site-packages/airflow/example_dags/example_task_group.py
[2024-08-11T09:34:34.796+0000] {logging_mixin.py:188} INFO - [2024-08-11T09:34:34.796+0000] {dag.py:3089} INFO - Sync 1 DAGs
[2024-08-11T09:34:34.807+0000] {logging_mixin.py:188} INFO - [2024-08-11T09:34:34.807+0000] {dag.py:3947} INFO - Setting next_dagrun for example_task_group to 2024-08-10 00:00:00+00:00, run_after=2024-08-11 00:00:00+00:00
[2024-08-11T09:34:34.818+0000] {processor.py:183} INFO - Processing /home/airflow/.local/lib/python3.12/site-packages/airflow/example_dags/example_task_group.py took 0.043 seconds
[2024-08-11T09:35:05.570+0000] {processor.py:161} INFO - Started process (PID=482) to work on /home/airflow/.local/lib/python3.12/site-packages/airflow/example_dags/example_task_group.py
[2024-08-11T09:35:05.575+0000] {processor.py:830} INFO - Processing file /home/airflow/.local/lib/python3.12/site-packages/airflow/example_dags/example_task_group.py for tasks to queue
[2024-08-11T09:35:05.576+0000] {logging_mixin.py:188} INFO - [2024-08-11T09:35:05.576+0000] {dagbag.py:545} INFO - Filling up the DagBag from /home/airflow/.local/lib/python3.12/site-packages/airflow/example_dags/example_task_group.py
[2024-08-11T09:35:05.581+0000] {processor.py:840} INFO - DAG(s) 'example_task_group' retrieved from /home/airflow/.local/lib/python3.12/site-packages/airflow/example_dags/example_task_group.py
[2024-08-11T09:35:05.595+0000] {logging_mixin.py:188} INFO - [2024-08-11T09:35:05.595+0000] {dag.py:3089} INFO - Sync 1 DAGs
[2024-08-11T09:35:05.608+0000] {logging_mixin.py:188} INFO - [2024-08-11T09:35:05.608+0000] {dag.py:3947} INFO - Setting next_dagrun for example_task_group to 2024-08-10 00:00:00+00:00, run_after=2024-08-11 00:00:00+00:00
[2024-08-11T09:35:05.618+0000] {processor.py:183} INFO - Processing /home/airflow/.local/lib/python3.12/site-packages/airflow/example_dags/example_task_group.py took 0.052 seconds
[2024-08-11T09:58:29.031+0000] {processor.py:161} INFO - Started process (PID=68) to work on /home/airflow/.local/lib/python3.12/site-packages/airflow/example_dags/example_task_group.py
[2024-08-11T09:58:29.032+0000] {processor.py:830} INFO - Processing file /home/airflow/.local/lib/python3.12/site-packages/airflow/example_dags/example_task_group.py for tasks to queue
[2024-08-11T09:58:29.033+0000] {logging_mixin.py:188} INFO - [2024-08-11T09:58:29.033+0000] {dagbag.py:545} INFO - Filling up the DagBag from /home/airflow/.local/lib/python3.12/site-packages/airflow/example_dags/example_task_group.py
[2024-08-11T09:58:29.042+0000] {processor.py:840} INFO - DAG(s) 'example_task_group' retrieved from /home/airflow/.local/lib/python3.12/site-packages/airflow/example_dags/example_task_group.py
[2024-08-11T09:58:29.072+0000] {logging_mixin.py:188} INFO - [2024-08-11T09:58:29.072+0000] {dag.py:3089} INFO - Sync 1 DAGs
[2024-08-11T09:58:29.097+0000] {logging_mixin.py:188} INFO - [2024-08-11T09:58:29.096+0000] {dag.py:3947} INFO - Setting next_dagrun for example_task_group to 2024-08-10 00:00:00+00:00, run_after=2024-08-11 00:00:00+00:00
[2024-08-11T09:58:29.121+0000] {processor.py:183} INFO - Processing /home/airflow/.local/lib/python3.12/site-packages/airflow/example_dags/example_task_group.py took 0.095 seconds
[2024-08-11T09:58:59.189+0000] {processor.py:161} INFO - Started process (PID=126) to work on /home/airflow/.local/lib/python3.12/site-packages/airflow/example_dags/example_task_group.py
[2024-08-11T09:58:59.190+0000] {processor.py:830} INFO - Processing file /home/airflow/.local/lib/python3.12/site-packages/airflow/example_dags/example_task_group.py for tasks to queue
[2024-08-11T09:58:59.191+0000] {logging_mixin.py:188} INFO - [2024-08-11T09:58:59.191+0000] {dagbag.py:545} INFO - Filling up the DagBag from /home/airflow/.local/lib/python3.12/site-packages/airflow/example_dags/example_task_group.py
[2024-08-11T09:58:59.194+0000] {processor.py:840} INFO - DAG(s) 'example_task_group' retrieved from /home/airflow/.local/lib/python3.12/site-packages/airflow/example_dags/example_task_group.py
[2024-08-11T09:58:59.204+0000] {logging_mixin.py:188} INFO - [2024-08-11T09:58:59.203+0000] {dag.py:3089} INFO - Sync 1 DAGs
[2024-08-11T09:58:59.215+0000] {logging_mixin.py:188} INFO - [2024-08-11T09:58:59.215+0000] {dag.py:3947} INFO - Setting next_dagrun for example_task_group to 2024-08-10 00:00:00+00:00, run_after=2024-08-11 00:00:00+00:00
[2024-08-11T09:58:59.224+0000] {processor.py:183} INFO - Processing /home/airflow/.local/lib/python3.12/site-packages/airflow/example_dags/example_task_group.py took 0.037 seconds
[2024-08-11T09:59:45.049+0000] {processor.py:161} INFO - Started process (PID=71) to work on /home/airflow/.local/lib/python3.12/site-packages/airflow/example_dags/example_task_group.py
[2024-08-11T09:59:45.050+0000] {processor.py:830} INFO - Processing file /home/airflow/.local/lib/python3.12/site-packages/airflow/example_dags/example_task_group.py for tasks to queue
[2024-08-11T09:59:45.051+0000] {logging_mixin.py:188} INFO - [2024-08-11T09:59:45.051+0000] {dagbag.py:545} INFO - Filling up the DagBag from /home/airflow/.local/lib/python3.12/site-packages/airflow/example_dags/example_task_group.py
[2024-08-11T09:59:45.057+0000] {processor.py:840} INFO - DAG(s) 'example_task_group' retrieved from /home/airflow/.local/lib/python3.12/site-packages/airflow/example_dags/example_task_group.py
[2024-08-11T09:59:45.063+0000] {logging_mixin.py:188} INFO - [2024-08-11T09:59:45.063+0000] {dag.py:3089} INFO - Sync 1 DAGs
[2024-08-11T09:59:45.077+0000] {logging_mixin.py:188} INFO - [2024-08-11T09:59:45.077+0000] {dag.py:3947} INFO - Setting next_dagrun for example_task_group to 2024-08-10 00:00:00+00:00, run_after=2024-08-11 00:00:00+00:00
[2024-08-11T09:59:45.092+0000] {processor.py:183} INFO - Processing /home/airflow/.local/lib/python3.12/site-packages/airflow/example_dags/example_task_group.py took 0.046 seconds
[2024-08-11T10:00:15.364+0000] {processor.py:161} INFO - Started process (PID=129) to work on /home/airflow/.local/lib/python3.12/site-packages/airflow/example_dags/example_task_group.py
[2024-08-11T10:00:15.365+0000] {processor.py:830} INFO - Processing file /home/airflow/.local/lib/python3.12/site-packages/airflow/example_dags/example_task_group.py for tasks to queue
[2024-08-11T10:00:15.366+0000] {logging_mixin.py:188} INFO - [2024-08-11T10:00:15.366+0000] {dagbag.py:545} INFO - Filling up the DagBag from /home/airflow/.local/lib/python3.12/site-packages/airflow/example_dags/example_task_group.py
[2024-08-11T10:00:15.369+0000] {processor.py:840} INFO - DAG(s) 'example_task_group' retrieved from /home/airflow/.local/lib/python3.12/site-packages/airflow/example_dags/example_task_group.py
[2024-08-11T10:00:15.416+0000] {logging_mixin.py:188} INFO - [2024-08-11T10:00:15.416+0000] {dag.py:3089} INFO - Sync 1 DAGs
[2024-08-11T10:00:15.426+0000] {logging_mixin.py:188} INFO - [2024-08-11T10:00:15.426+0000] {dag.py:3947} INFO - Setting next_dagrun for example_task_group to 2024-08-10 00:00:00+00:00, run_after=2024-08-11 00:00:00+00:00
[2024-08-11T10:00:15.434+0000] {processor.py:183} INFO - Processing /home/airflow/.local/lib/python3.12/site-packages/airflow/example_dags/example_task_group.py took 0.072 seconds
[2024-08-11T10:00:45.456+0000] {processor.py:161} INFO - Started process (PID=187) to work on /home/airflow/.local/lib/python3.12/site-packages/airflow/example_dags/example_task_group.py
[2024-08-11T10:00:45.456+0000] {processor.py:830} INFO - Processing file /home/airflow/.local/lib/python3.12/site-packages/airflow/example_dags/example_task_group.py for tasks to queue
[2024-08-11T10:00:45.457+0000] {logging_mixin.py:188} INFO - [2024-08-11T10:00:45.457+0000] {dagbag.py:545} INFO - Filling up the DagBag from /home/airflow/.local/lib/python3.12/site-packages/airflow/example_dags/example_task_group.py
[2024-08-11T10:00:45.460+0000] {processor.py:840} INFO - DAG(s) 'example_task_group' retrieved from /home/airflow/.local/lib/python3.12/site-packages/airflow/example_dags/example_task_group.py
[2024-08-11T10:00:45.470+0000] {logging_mixin.py:188} INFO - [2024-08-11T10:00:45.470+0000] {dag.py:3089} INFO - Sync 1 DAGs
[2024-08-11T10:00:45.479+0000] {logging_mixin.py:188} INFO - [2024-08-11T10:00:45.479+0000] {dag.py:3947} INFO - Setting next_dagrun for example_task_group to 2024-08-10 00:00:00+00:00, run_after=2024-08-11 00:00:00+00:00
[2024-08-11T10:00:45.486+0000] {processor.py:183} INFO - Processing /home/airflow/.local/lib/python3.12/site-packages/airflow/example_dags/example_task_group.py took 0.033 seconds
[2024-08-11T10:01:16.166+0000] {processor.py:161} INFO - Started process (PID=245) to work on /home/airflow/.local/lib/python3.12/site-packages/airflow/example_dags/example_task_group.py
[2024-08-11T10:01:16.167+0000] {processor.py:830} INFO - Processing file /home/airflow/.local/lib/python3.12/site-packages/airflow/example_dags/example_task_group.py for tasks to queue
[2024-08-11T10:01:16.169+0000] {logging_mixin.py:188} INFO - [2024-08-11T10:01:16.168+0000] {dagbag.py:545} INFO - Filling up the DagBag from /home/airflow/.local/lib/python3.12/site-packages/airflow/example_dags/example_task_group.py
[2024-08-11T10:01:16.172+0000] {processor.py:840} INFO - DAG(s) 'example_task_group' retrieved from /home/airflow/.local/lib/python3.12/site-packages/airflow/example_dags/example_task_group.py
[2024-08-11T10:01:16.186+0000] {logging_mixin.py:188} INFO - [2024-08-11T10:01:16.186+0000] {dag.py:3089} INFO - Sync 1 DAGs
[2024-08-11T10:01:16.197+0000] {logging_mixin.py:188} INFO - [2024-08-11T10:01:16.196+0000] {dag.py:3947} INFO - Setting next_dagrun for example_task_group to 2024-08-10 00:00:00+00:00, run_after=2024-08-11 00:00:00+00:00
[2024-08-11T10:01:16.205+0000] {processor.py:183} INFO - Processing /home/airflow/.local/lib/python3.12/site-packages/airflow/example_dags/example_task_group.py took 0.043 seconds
[2024-08-11T10:01:46.519+0000] {processor.py:161} INFO - Started process (PID=303) to work on /home/airflow/.local/lib/python3.12/site-packages/airflow/example_dags/example_task_group.py
[2024-08-11T10:01:46.519+0000] {processor.py:830} INFO - Processing file /home/airflow/.local/lib/python3.12/site-packages/airflow/example_dags/example_task_group.py for tasks to queue
[2024-08-11T10:01:46.520+0000] {logging_mixin.py:188} INFO - [2024-08-11T10:01:46.520+0000] {dagbag.py:545} INFO - Filling up the DagBag from /home/airflow/.local/lib/python3.12/site-packages/airflow/example_dags/example_task_group.py
[2024-08-11T10:01:46.524+0000] {processor.py:840} INFO - DAG(s) 'example_task_group' retrieved from /home/airflow/.local/lib/python3.12/site-packages/airflow/example_dags/example_task_group.py
[2024-08-11T10:01:46.589+0000] {logging_mixin.py:188} INFO - [2024-08-11T10:01:46.589+0000] {dag.py:3089} INFO - Sync 1 DAGs
[2024-08-11T10:01:46.617+0000] {logging_mixin.py:188} INFO - [2024-08-11T10:01:46.617+0000] {dag.py:3947} INFO - Setting next_dagrun for example_task_group to 2024-08-10 00:00:00+00:00, run_after=2024-08-11 00:00:00+00:00
[2024-08-11T10:01:46.634+0000] {processor.py:183} INFO - Processing /home/airflow/.local/lib/python3.12/site-packages/airflow/example_dags/example_task_group.py took 0.118 seconds
