[2024-08-11T09:31:30.959+0000] {processor.py:161} INFO - Started process (PID=85) to work on /home/airflow/.local/lib/python3.12/site-packages/airflow/example_dags/example_sla_dag.py
[2024-08-11T09:31:30.960+0000] {processor.py:830} INFO - Processing file /home/airflow/.local/lib/python3.12/site-packages/airflow/example_dags/example_sla_dag.py for tasks to queue
[2024-08-11T09:31:30.961+0000] {logging_mixin.py:188} INFO - [2024-08-11T09:31:30.961+0000] {dagbag.py:545} INFO - Filling up the DagBag from /home/airflow/.local/lib/python3.12/site-packages/airflow/example_dags/example_sla_dag.py
[2024-08-11T09:31:30.966+0000] {processor.py:840} INFO - DAG(s) 'example_sla_dag' retrieved from /home/airflow/.local/lib/python3.12/site-packages/airflow/example_dags/example_sla_dag.py
[2024-08-11T09:31:30.975+0000] {logging_mixin.py:188} INFO - [2024-08-11T09:31:30.975+0000] {dag.py:3089} INFO - Sync 1 DAGs
[2024-08-11T09:31:30.990+0000] {logging_mixin.py:188} INFO - [2024-08-11T09:31:30.990+0000] {dag.py:3947} INFO - Setting next_dagrun for example_sla_dag to 2024-08-11 09:28:00+00:00, run_after=2024-08-11 09:30:00+00:00
[2024-08-11T09:31:31.001+0000] {processor.py:183} INFO - Processing /home/airflow/.local/lib/python3.12/site-packages/airflow/example_dags/example_sla_dag.py took 0.045 seconds
[2024-08-11T09:32:01.359+0000] {processor.py:161} INFO - Started process (PID=143) to work on /home/airflow/.local/lib/python3.12/site-packages/airflow/example_dags/example_sla_dag.py
[2024-08-11T09:32:01.359+0000] {processor.py:830} INFO - Processing file /home/airflow/.local/lib/python3.12/site-packages/airflow/example_dags/example_sla_dag.py for tasks to queue
[2024-08-11T09:32:01.360+0000] {logging_mixin.py:188} INFO - [2024-08-11T09:32:01.360+0000] {dagbag.py:545} INFO - Filling up the DagBag from /home/airflow/.local/lib/python3.12/site-packages/airflow/example_dags/example_sla_dag.py
[2024-08-11T09:32:01.364+0000] {processor.py:840} INFO - DAG(s) 'example_sla_dag' retrieved from /home/airflow/.local/lib/python3.12/site-packages/airflow/example_dags/example_sla_dag.py
[2024-08-11T09:32:01.405+0000] {logging_mixin.py:188} INFO - [2024-08-11T09:32:01.405+0000] {dag.py:3089} INFO - Sync 1 DAGs
[2024-08-11T09:32:01.413+0000] {logging_mixin.py:188} INFO - [2024-08-11T09:32:01.413+0000] {dag.py:3947} INFO - Setting next_dagrun for example_sla_dag to 2024-08-11 09:30:00+00:00, run_after=2024-08-11 09:32:00+00:00
[2024-08-11T09:32:01.421+0000] {processor.py:183} INFO - Processing /home/airflow/.local/lib/python3.12/site-packages/airflow/example_dags/example_sla_dag.py took 0.065 seconds
[2024-08-11T09:32:32.138+0000] {processor.py:161} INFO - Started process (PID=201) to work on /home/airflow/.local/lib/python3.12/site-packages/airflow/example_dags/example_sla_dag.py
[2024-08-11T09:32:32.139+0000] {processor.py:830} INFO - Processing file /home/airflow/.local/lib/python3.12/site-packages/airflow/example_dags/example_sla_dag.py for tasks to queue
[2024-08-11T09:32:32.140+0000] {logging_mixin.py:188} INFO - [2024-08-11T09:32:32.140+0000] {dagbag.py:545} INFO - Filling up the DagBag from /home/airflow/.local/lib/python3.12/site-packages/airflow/example_dags/example_sla_dag.py
[2024-08-11T09:32:32.145+0000] {processor.py:840} INFO - DAG(s) 'example_sla_dag' retrieved from /home/airflow/.local/lib/python3.12/site-packages/airflow/example_dags/example_sla_dag.py
[2024-08-11T09:32:32.159+0000] {logging_mixin.py:188} INFO - [2024-08-11T09:32:32.159+0000] {dag.py:3089} INFO - Sync 1 DAGs
[2024-08-11T09:32:32.172+0000] {logging_mixin.py:188} INFO - [2024-08-11T09:32:32.172+0000] {dag.py:3947} INFO - Setting next_dagrun for example_sla_dag to 2024-08-11 09:30:00+00:00, run_after=2024-08-11 09:32:00+00:00
[2024-08-11T09:32:32.185+0000] {processor.py:183} INFO - Processing /home/airflow/.local/lib/python3.12/site-packages/airflow/example_dags/example_sla_dag.py took 0.050 seconds
[2024-08-11T09:33:02.878+0000] {processor.py:161} INFO - Started process (PID=259) to work on /home/airflow/.local/lib/python3.12/site-packages/airflow/example_dags/example_sla_dag.py
[2024-08-11T09:33:02.878+0000] {processor.py:830} INFO - Processing file /home/airflow/.local/lib/python3.12/site-packages/airflow/example_dags/example_sla_dag.py for tasks to queue
[2024-08-11T09:33:02.879+0000] {logging_mixin.py:188} INFO - [2024-08-11T09:33:02.879+0000] {dagbag.py:545} INFO - Filling up the DagBag from /home/airflow/.local/lib/python3.12/site-packages/airflow/example_dags/example_sla_dag.py
[2024-08-11T09:33:02.883+0000] {processor.py:840} INFO - DAG(s) 'example_sla_dag' retrieved from /home/airflow/.local/lib/python3.12/site-packages/airflow/example_dags/example_sla_dag.py
[2024-08-11T09:33:02.892+0000] {logging_mixin.py:188} INFO - [2024-08-11T09:33:02.892+0000] {dag.py:3089} INFO - Sync 1 DAGs
[2024-08-11T09:33:02.901+0000] {logging_mixin.py:188} INFO - [2024-08-11T09:33:02.901+0000] {dag.py:3947} INFO - Setting next_dagrun for example_sla_dag to 2024-08-11 09:30:00+00:00, run_after=2024-08-11 09:32:00+00:00
[2024-08-11T09:33:02.909+0000] {processor.py:183} INFO - Processing /home/airflow/.local/lib/python3.12/site-packages/airflow/example_dags/example_sla_dag.py took 0.034 seconds
[2024-08-11T09:33:33.571+0000] {processor.py:161} INFO - Started process (PID=317) to work on /home/airflow/.local/lib/python3.12/site-packages/airflow/example_dags/example_sla_dag.py
[2024-08-11T09:33:33.571+0000] {processor.py:830} INFO - Processing file /home/airflow/.local/lib/python3.12/site-packages/airflow/example_dags/example_sla_dag.py for tasks to queue
[2024-08-11T09:33:33.572+0000] {logging_mixin.py:188} INFO - [2024-08-11T09:33:33.572+0000] {dagbag.py:545} INFO - Filling up the DagBag from /home/airflow/.local/lib/python3.12/site-packages/airflow/example_dags/example_sla_dag.py
[2024-08-11T09:33:33.576+0000] {processor.py:840} INFO - DAG(s) 'example_sla_dag' retrieved from /home/airflow/.local/lib/python3.12/site-packages/airflow/example_dags/example_sla_dag.py
[2024-08-11T09:33:33.585+0000] {logging_mixin.py:188} INFO - [2024-08-11T09:33:33.585+0000] {dag.py:3089} INFO - Sync 1 DAGs
[2024-08-11T09:33:33.595+0000] {logging_mixin.py:188} INFO - [2024-08-11T09:33:33.595+0000] {dag.py:3947} INFO - Setting next_dagrun for example_sla_dag to 2024-08-11 09:30:00+00:00, run_after=2024-08-11 09:32:00+00:00
[2024-08-11T09:33:33.602+0000] {processor.py:183} INFO - Processing /home/airflow/.local/lib/python3.12/site-packages/airflow/example_dags/example_sla_dag.py took 0.034 seconds
[2024-08-11T09:34:04.463+0000] {processor.py:161} INFO - Started process (PID=381) to work on /home/airflow/.local/lib/python3.12/site-packages/airflow/example_dags/example_sla_dag.py
[2024-08-11T09:34:04.463+0000] {processor.py:830} INFO - Processing file /home/airflow/.local/lib/python3.12/site-packages/airflow/example_dags/example_sla_dag.py for tasks to queue
[2024-08-11T09:34:04.464+0000] {logging_mixin.py:188} INFO - [2024-08-11T09:34:04.464+0000] {dagbag.py:545} INFO - Filling up the DagBag from /home/airflow/.local/lib/python3.12/site-packages/airflow/example_dags/example_sla_dag.py
[2024-08-11T09:34:04.468+0000] {processor.py:840} INFO - DAG(s) 'example_sla_dag' retrieved from /home/airflow/.local/lib/python3.12/site-packages/airflow/example_dags/example_sla_dag.py
[2024-08-11T09:34:04.479+0000] {logging_mixin.py:188} INFO - [2024-08-11T09:34:04.479+0000] {dag.py:3089} INFO - Sync 1 DAGs
[2024-08-11T09:34:04.490+0000] {logging_mixin.py:188} INFO - [2024-08-11T09:34:04.490+0000] {dag.py:3947} INFO - Setting next_dagrun for example_sla_dag to 2024-08-11 09:32:00+00:00, run_after=2024-08-11 09:34:00+00:00
[2024-08-11T09:34:04.498+0000] {processor.py:183} INFO - Processing /home/airflow/.local/lib/python3.12/site-packages/airflow/example_dags/example_sla_dag.py took 0.038 seconds
[2024-08-11T09:34:35.216+0000] {processor.py:161} INFO - Started process (PID=439) to work on /home/airflow/.local/lib/python3.12/site-packages/airflow/example_dags/example_sla_dag.py
[2024-08-11T09:34:35.217+0000] {processor.py:830} INFO - Processing file /home/airflow/.local/lib/python3.12/site-packages/airflow/example_dags/example_sla_dag.py for tasks to queue
[2024-08-11T09:34:35.219+0000] {logging_mixin.py:188} INFO - [2024-08-11T09:34:35.218+0000] {dagbag.py:545} INFO - Filling up the DagBag from /home/airflow/.local/lib/python3.12/site-packages/airflow/example_dags/example_sla_dag.py
[2024-08-11T09:34:35.223+0000] {processor.py:840} INFO - DAG(s) 'example_sla_dag' retrieved from /home/airflow/.local/lib/python3.12/site-packages/airflow/example_dags/example_sla_dag.py
[2024-08-11T09:34:35.234+0000] {logging_mixin.py:188} INFO - [2024-08-11T09:34:35.233+0000] {dag.py:3089} INFO - Sync 1 DAGs
[2024-08-11T09:34:35.245+0000] {logging_mixin.py:188} INFO - [2024-08-11T09:34:35.245+0000] {dag.py:3947} INFO - Setting next_dagrun for example_sla_dag to 2024-08-11 09:32:00+00:00, run_after=2024-08-11 09:34:00+00:00
[2024-08-11T09:34:35.256+0000] {processor.py:183} INFO - Processing /home/airflow/.local/lib/python3.12/site-packages/airflow/example_dags/example_sla_dag.py took 0.043 seconds
[2024-08-11T09:35:06.067+0000] {processor.py:161} INFO - Started process (PID=497) to work on /home/airflow/.local/lib/python3.12/site-packages/airflow/example_dags/example_sla_dag.py
[2024-08-11T09:35:06.068+0000] {processor.py:830} INFO - Processing file /home/airflow/.local/lib/python3.12/site-packages/airflow/example_dags/example_sla_dag.py for tasks to queue
[2024-08-11T09:35:06.068+0000] {logging_mixin.py:188} INFO - [2024-08-11T09:35:06.068+0000] {dagbag.py:545} INFO - Filling up the DagBag from /home/airflow/.local/lib/python3.12/site-packages/airflow/example_dags/example_sla_dag.py
[2024-08-11T09:35:06.072+0000] {processor.py:840} INFO - DAG(s) 'example_sla_dag' retrieved from /home/airflow/.local/lib/python3.12/site-packages/airflow/example_dags/example_sla_dag.py
[2024-08-11T09:35:06.082+0000] {logging_mixin.py:188} INFO - [2024-08-11T09:35:06.082+0000] {dag.py:3089} INFO - Sync 1 DAGs
[2024-08-11T09:35:06.091+0000] {logging_mixin.py:188} INFO - [2024-08-11T09:35:06.091+0000] {dag.py:3947} INFO - Setting next_dagrun for example_sla_dag to 2024-08-11 09:32:00+00:00, run_after=2024-08-11 09:34:00+00:00
[2024-08-11T09:35:06.098+0000] {processor.py:183} INFO - Processing /home/airflow/.local/lib/python3.12/site-packages/airflow/example_dags/example_sla_dag.py took 0.034 seconds
[2024-08-11T09:58:29.687+0000] {processor.py:161} INFO - Started process (PID=83) to work on /home/airflow/.local/lib/python3.12/site-packages/airflow/example_dags/example_sla_dag.py
[2024-08-11T09:58:29.689+0000] {processor.py:830} INFO - Processing file /home/airflow/.local/lib/python3.12/site-packages/airflow/example_dags/example_sla_dag.py for tasks to queue
[2024-08-11T09:58:29.691+0000] {logging_mixin.py:188} INFO - [2024-08-11T09:58:29.691+0000] {dagbag.py:545} INFO - Filling up the DagBag from /home/airflow/.local/lib/python3.12/site-packages/airflow/example_dags/example_sla_dag.py
[2024-08-11T09:58:29.698+0000] {processor.py:840} INFO - DAG(s) 'example_sla_dag' retrieved from /home/airflow/.local/lib/python3.12/site-packages/airflow/example_dags/example_sla_dag.py
[2024-08-11T09:58:29.714+0000] {logging_mixin.py:188} INFO - [2024-08-11T09:58:29.714+0000] {dag.py:3089} INFO - Sync 1 DAGs
[2024-08-11T09:58:29.730+0000] {logging_mixin.py:188} INFO - [2024-08-11T09:58:29.730+0000] {dag.py:3947} INFO - Setting next_dagrun for example_sla_dag to 2024-08-11 09:56:00+00:00, run_after=2024-08-11 09:58:00+00:00
[2024-08-11T09:58:29.761+0000] {processor.py:183} INFO - Processing /home/airflow/.local/lib/python3.12/site-packages/airflow/example_dags/example_sla_dag.py took 0.077 seconds
[2024-08-11T09:59:00.632+0000] {processor.py:161} INFO - Started process (PID=141) to work on /home/airflow/.local/lib/python3.12/site-packages/airflow/example_dags/example_sla_dag.py
[2024-08-11T09:59:00.633+0000] {processor.py:830} INFO - Processing file /home/airflow/.local/lib/python3.12/site-packages/airflow/example_dags/example_sla_dag.py for tasks to queue
[2024-08-11T09:59:00.635+0000] {logging_mixin.py:188} INFO - [2024-08-11T09:59:00.635+0000] {dagbag.py:545} INFO - Filling up the DagBag from /home/airflow/.local/lib/python3.12/site-packages/airflow/example_dags/example_sla_dag.py
[2024-08-11T09:59:00.640+0000] {processor.py:840} INFO - DAG(s) 'example_sla_dag' retrieved from /home/airflow/.local/lib/python3.12/site-packages/airflow/example_dags/example_sla_dag.py
[2024-08-11T09:59:00.646+0000] {logging_mixin.py:188} INFO - [2024-08-11T09:59:00.646+0000] {dag.py:3089} INFO - Sync 1 DAGs
[2024-08-11T09:59:00.657+0000] {logging_mixin.py:188} INFO - [2024-08-11T09:59:00.657+0000] {dag.py:3947} INFO - Setting next_dagrun for example_sla_dag to 2024-08-11 09:56:00+00:00, run_after=2024-08-11 09:58:00+00:00
[2024-08-11T09:59:00.664+0000] {processor.py:183} INFO - Processing /home/airflow/.local/lib/python3.12/site-packages/airflow/example_dags/example_sla_dag.py took 0.035 seconds
[2024-08-11T09:59:45.525+0000] {processor.py:161} INFO - Started process (PID=86) to work on /home/airflow/.local/lib/python3.12/site-packages/airflow/example_dags/example_sla_dag.py
[2024-08-11T09:59:45.527+0000] {processor.py:830} INFO - Processing file /home/airflow/.local/lib/python3.12/site-packages/airflow/example_dags/example_sla_dag.py for tasks to queue
[2024-08-11T09:59:45.529+0000] {logging_mixin.py:188} INFO - [2024-08-11T09:59:45.529+0000] {dagbag.py:545} INFO - Filling up the DagBag from /home/airflow/.local/lib/python3.12/site-packages/airflow/example_dags/example_sla_dag.py
[2024-08-11T09:59:45.534+0000] {processor.py:840} INFO - DAG(s) 'example_sla_dag' retrieved from /home/airflow/.local/lib/python3.12/site-packages/airflow/example_dags/example_sla_dag.py
[2024-08-11T09:59:45.543+0000] {logging_mixin.py:188} INFO - [2024-08-11T09:59:45.543+0000] {dag.py:3089} INFO - Sync 1 DAGs
[2024-08-11T09:59:45.556+0000] {logging_mixin.py:188} INFO - [2024-08-11T09:59:45.556+0000] {dag.py:3947} INFO - Setting next_dagrun for example_sla_dag to 2024-08-11 09:56:00+00:00, run_after=2024-08-11 09:58:00+00:00
[2024-08-11T09:59:45.573+0000] {processor.py:183} INFO - Processing /home/airflow/.local/lib/python3.12/site-packages/airflow/example_dags/example_sla_dag.py took 0.051 seconds
[2024-08-11T10:00:16.141+0000] {processor.py:161} INFO - Started process (PID=144) to work on /home/airflow/.local/lib/python3.12/site-packages/airflow/example_dags/example_sla_dag.py
[2024-08-11T10:00:16.142+0000] {processor.py:830} INFO - Processing file /home/airflow/.local/lib/python3.12/site-packages/airflow/example_dags/example_sla_dag.py for tasks to queue
[2024-08-11T10:00:16.143+0000] {logging_mixin.py:188} INFO - [2024-08-11T10:00:16.143+0000] {dagbag.py:545} INFO - Filling up the DagBag from /home/airflow/.local/lib/python3.12/site-packages/airflow/example_dags/example_sla_dag.py
[2024-08-11T10:00:16.147+0000] {processor.py:840} INFO - DAG(s) 'example_sla_dag' retrieved from /home/airflow/.local/lib/python3.12/site-packages/airflow/example_dags/example_sla_dag.py
[2024-08-11T10:00:16.207+0000] {logging_mixin.py:188} INFO - [2024-08-11T10:00:16.207+0000] {dag.py:3089} INFO - Sync 1 DAGs
[2024-08-11T10:00:16.218+0000] {logging_mixin.py:188} INFO - [2024-08-11T10:00:16.218+0000] {dag.py:3947} INFO - Setting next_dagrun for example_sla_dag to 2024-08-11 09:58:00+00:00, run_after=2024-08-11 10:00:00+00:00
[2024-08-11T10:00:16.227+0000] {processor.py:183} INFO - Processing /home/airflow/.local/lib/python3.12/site-packages/airflow/example_dags/example_sla_dag.py took 0.090 seconds
[2024-08-11T10:00:46.900+0000] {processor.py:161} INFO - Started process (PID=202) to work on /home/airflow/.local/lib/python3.12/site-packages/airflow/example_dags/example_sla_dag.py
[2024-08-11T10:00:46.901+0000] {processor.py:830} INFO - Processing file /home/airflow/.local/lib/python3.12/site-packages/airflow/example_dags/example_sla_dag.py for tasks to queue
[2024-08-11T10:00:46.903+0000] {logging_mixin.py:188} INFO - [2024-08-11T10:00:46.903+0000] {dagbag.py:545} INFO - Filling up the DagBag from /home/airflow/.local/lib/python3.12/site-packages/airflow/example_dags/example_sla_dag.py
[2024-08-11T10:00:46.909+0000] {processor.py:840} INFO - DAG(s) 'example_sla_dag' retrieved from /home/airflow/.local/lib/python3.12/site-packages/airflow/example_dags/example_sla_dag.py
[2024-08-11T10:00:46.925+0000] {logging_mixin.py:188} INFO - [2024-08-11T10:00:46.925+0000] {dag.py:3089} INFO - Sync 1 DAGs
[2024-08-11T10:00:46.938+0000] {logging_mixin.py:188} INFO - [2024-08-11T10:00:46.938+0000] {dag.py:3947} INFO - Setting next_dagrun for example_sla_dag to 2024-08-11 09:58:00+00:00, run_after=2024-08-11 10:00:00+00:00
[2024-08-11T10:00:46.952+0000] {processor.py:183} INFO - Processing /home/airflow/.local/lib/python3.12/site-packages/airflow/example_dags/example_sla_dag.py took 0.055 seconds
[2024-08-11T10:01:17.792+0000] {processor.py:161} INFO - Started process (PID=260) to work on /home/airflow/.local/lib/python3.12/site-packages/airflow/example_dags/example_sla_dag.py
[2024-08-11T10:01:17.792+0000] {processor.py:830} INFO - Processing file /home/airflow/.local/lib/python3.12/site-packages/airflow/example_dags/example_sla_dag.py for tasks to queue
[2024-08-11T10:01:17.794+0000] {logging_mixin.py:188} INFO - [2024-08-11T10:01:17.794+0000] {dagbag.py:545} INFO - Filling up the DagBag from /home/airflow/.local/lib/python3.12/site-packages/airflow/example_dags/example_sla_dag.py
[2024-08-11T10:01:17.799+0000] {processor.py:840} INFO - DAG(s) 'example_sla_dag' retrieved from /home/airflow/.local/lib/python3.12/site-packages/airflow/example_dags/example_sla_dag.py
[2024-08-11T10:01:17.810+0000] {logging_mixin.py:188} INFO - [2024-08-11T10:01:17.809+0000] {dag.py:3089} INFO - Sync 1 DAGs
[2024-08-11T10:01:17.820+0000] {logging_mixin.py:188} INFO - [2024-08-11T10:01:17.820+0000] {dag.py:3947} INFO - Setting next_dagrun for example_sla_dag to 2024-08-11 09:58:00+00:00, run_after=2024-08-11 10:00:00+00:00
[2024-08-11T10:01:17.832+0000] {processor.py:183} INFO - Processing /home/airflow/.local/lib/python3.12/site-packages/airflow/example_dags/example_sla_dag.py took 0.044 seconds
[2024-08-11T10:01:48.013+0000] {processor.py:161} INFO - Started process (PID=318) to work on /home/airflow/.local/lib/python3.12/site-packages/airflow/example_dags/example_sla_dag.py
[2024-08-11T10:01:48.014+0000] {processor.py:830} INFO - Processing file /home/airflow/.local/lib/python3.12/site-packages/airflow/example_dags/example_sla_dag.py for tasks to queue
[2024-08-11T10:01:48.015+0000] {logging_mixin.py:188} INFO - [2024-08-11T10:01:48.015+0000] {dagbag.py:545} INFO - Filling up the DagBag from /home/airflow/.local/lib/python3.12/site-packages/airflow/example_dags/example_sla_dag.py
[2024-08-11T10:01:48.019+0000] {processor.py:840} INFO - DAG(s) 'example_sla_dag' retrieved from /home/airflow/.local/lib/python3.12/site-packages/airflow/example_dags/example_sla_dag.py
[2024-08-11T10:01:48.031+0000] {logging_mixin.py:188} INFO - [2024-08-11T10:01:48.031+0000] {dag.py:3089} INFO - Sync 1 DAGs
[2024-08-11T10:01:48.041+0000] {logging_mixin.py:188} INFO - [2024-08-11T10:01:48.041+0000] {dag.py:3947} INFO - Setting next_dagrun for example_sla_dag to 2024-08-11 09:58:00+00:00, run_after=2024-08-11 10:00:00+00:00
[2024-08-11T10:01:48.051+0000] {processor.py:183} INFO - Processing /home/airflow/.local/lib/python3.12/site-packages/airflow/example_dags/example_sla_dag.py took 0.041 seconds
