[2024-08-11T09:31:30.696+0000] {processor.py:161} INFO - Started process (PID=77) to work on /home/airflow/.local/lib/python3.12/site-packages/airflow/example_dags/example_sensor_decorator.py
[2024-08-11T09:31:30.697+0000] {processor.py:830} INFO - Processing file /home/airflow/.local/lib/python3.12/site-packages/airflow/example_dags/example_sensor_decorator.py for tasks to queue
[2024-08-11T09:31:30.698+0000] {logging_mixin.py:188} INFO - [2024-08-11T09:31:30.698+0000] {dagbag.py:545} INFO - Filling up the DagBag from /home/airflow/.local/lib/python3.12/site-packages/airflow/example_dags/example_sensor_decorator.py
[2024-08-11T09:31:30.704+0000] {processor.py:840} INFO - DAG(s) 'example_sensor_decorator' retrieved from /home/airflow/.local/lib/python3.12/site-packages/airflow/example_dags/example_sensor_decorator.py
[2024-08-11T09:31:30.713+0000] {logging_mixin.py:188} INFO - [2024-08-11T09:31:30.713+0000] {dag.py:3089} INFO - Sync 1 DAGs
[2024-08-11T09:31:30.722+0000] {logging_mixin.py:188} INFO - [2024-08-11T09:31:30.721+0000] {dag.py:3947} INFO - Setting next_dagrun for example_sensor_decorator to None, run_after=None
[2024-08-11T09:31:30.732+0000] {processor.py:183} INFO - Processing /home/airflow/.local/lib/python3.12/site-packages/airflow/example_dags/example_sensor_decorator.py took 0.040 seconds
[2024-08-11T09:32:00.950+0000] {processor.py:161} INFO - Started process (PID=135) to work on /home/airflow/.local/lib/python3.12/site-packages/airflow/example_dags/example_sensor_decorator.py
[2024-08-11T09:32:00.951+0000] {processor.py:830} INFO - Processing file /home/airflow/.local/lib/python3.12/site-packages/airflow/example_dags/example_sensor_decorator.py for tasks to queue
[2024-08-11T09:32:00.952+0000] {logging_mixin.py:188} INFO - [2024-08-11T09:32:00.952+0000] {dagbag.py:545} INFO - Filling up the DagBag from /home/airflow/.local/lib/python3.12/site-packages/airflow/example_dags/example_sensor_decorator.py
[2024-08-11T09:32:00.955+0000] {processor.py:840} INFO - DAG(s) 'example_sensor_decorator' retrieved from /home/airflow/.local/lib/python3.12/site-packages/airflow/example_dags/example_sensor_decorator.py
[2024-08-11T09:32:00.997+0000] {logging_mixin.py:188} INFO - [2024-08-11T09:32:00.997+0000] {dag.py:3089} INFO - Sync 1 DAGs
[2024-08-11T09:32:01.005+0000] {logging_mixin.py:188} INFO - [2024-08-11T09:32:01.005+0000] {dag.py:3947} INFO - Setting next_dagrun for example_sensor_decorator to None, run_after=None
[2024-08-11T09:32:01.014+0000] {processor.py:183} INFO - Processing /home/airflow/.local/lib/python3.12/site-packages/airflow/example_dags/example_sensor_decorator.py took 0.067 seconds
[2024-08-11T09:32:31.901+0000] {processor.py:161} INFO - Started process (PID=193) to work on /home/airflow/.local/lib/python3.12/site-packages/airflow/example_dags/example_sensor_decorator.py
[2024-08-11T09:32:31.902+0000] {processor.py:830} INFO - Processing file /home/airflow/.local/lib/python3.12/site-packages/airflow/example_dags/example_sensor_decorator.py for tasks to queue
[2024-08-11T09:32:31.903+0000] {logging_mixin.py:188} INFO - [2024-08-11T09:32:31.903+0000] {dagbag.py:545} INFO - Filling up the DagBag from /home/airflow/.local/lib/python3.12/site-packages/airflow/example_dags/example_sensor_decorator.py
[2024-08-11T09:32:31.907+0000] {processor.py:840} INFO - DAG(s) 'example_sensor_decorator' retrieved from /home/airflow/.local/lib/python3.12/site-packages/airflow/example_dags/example_sensor_decorator.py
[2024-08-11T09:32:31.918+0000] {logging_mixin.py:188} INFO - [2024-08-11T09:32:31.918+0000] {dag.py:3089} INFO - Sync 1 DAGs
[2024-08-11T09:32:31.924+0000] {logging_mixin.py:188} INFO - [2024-08-11T09:32:31.924+0000] {dag.py:3947} INFO - Setting next_dagrun for example_sensor_decorator to None, run_after=None
[2024-08-11T09:32:31.933+0000] {processor.py:183} INFO - Processing /home/airflow/.local/lib/python3.12/site-packages/airflow/example_dags/example_sensor_decorator.py took 0.035 seconds
[2024-08-11T09:33:02.654+0000] {processor.py:161} INFO - Started process (PID=251) to work on /home/airflow/.local/lib/python3.12/site-packages/airflow/example_dags/example_sensor_decorator.py
[2024-08-11T09:33:02.655+0000] {processor.py:830} INFO - Processing file /home/airflow/.local/lib/python3.12/site-packages/airflow/example_dags/example_sensor_decorator.py for tasks to queue
[2024-08-11T09:33:02.656+0000] {logging_mixin.py:188} INFO - [2024-08-11T09:33:02.656+0000] {dagbag.py:545} INFO - Filling up the DagBag from /home/airflow/.local/lib/python3.12/site-packages/airflow/example_dags/example_sensor_decorator.py
[2024-08-11T09:33:02.659+0000] {processor.py:840} INFO - DAG(s) 'example_sensor_decorator' retrieved from /home/airflow/.local/lib/python3.12/site-packages/airflow/example_dags/example_sensor_decorator.py
[2024-08-11T09:33:02.669+0000] {logging_mixin.py:188} INFO - [2024-08-11T09:33:02.669+0000] {dag.py:3089} INFO - Sync 1 DAGs
[2024-08-11T09:33:02.675+0000] {logging_mixin.py:188} INFO - [2024-08-11T09:33:02.674+0000] {dag.py:3947} INFO - Setting next_dagrun for example_sensor_decorator to None, run_after=None
[2024-08-11T09:33:02.684+0000] {processor.py:183} INFO - Processing /home/airflow/.local/lib/python3.12/site-packages/airflow/example_dags/example_sensor_decorator.py took 0.032 seconds
[2024-08-11T09:33:33.327+0000] {processor.py:161} INFO - Started process (PID=309) to work on /home/airflow/.local/lib/python3.12/site-packages/airflow/example_dags/example_sensor_decorator.py
[2024-08-11T09:33:33.330+0000] {processor.py:830} INFO - Processing file /home/airflow/.local/lib/python3.12/site-packages/airflow/example_dags/example_sensor_decorator.py for tasks to queue
[2024-08-11T09:33:33.331+0000] {logging_mixin.py:188} INFO - [2024-08-11T09:33:33.331+0000] {dagbag.py:545} INFO - Filling up the DagBag from /home/airflow/.local/lib/python3.12/site-packages/airflow/example_dags/example_sensor_decorator.py
[2024-08-11T09:33:33.335+0000] {processor.py:840} INFO - DAG(s) 'example_sensor_decorator' retrieved from /home/airflow/.local/lib/python3.12/site-packages/airflow/example_dags/example_sensor_decorator.py
[2024-08-11T09:33:33.349+0000] {logging_mixin.py:188} INFO - [2024-08-11T09:33:33.348+0000] {dag.py:3089} INFO - Sync 1 DAGs
[2024-08-11T09:33:33.355+0000] {logging_mixin.py:188} INFO - [2024-08-11T09:33:33.355+0000] {dag.py:3947} INFO - Setting next_dagrun for example_sensor_decorator to None, run_after=None
[2024-08-11T09:33:33.366+0000] {processor.py:183} INFO - Processing /home/airflow/.local/lib/python3.12/site-packages/airflow/example_dags/example_sensor_decorator.py took 0.042 seconds
[2024-08-11T09:34:04.218+0000] {processor.py:161} INFO - Started process (PID=373) to work on /home/airflow/.local/lib/python3.12/site-packages/airflow/example_dags/example_sensor_decorator.py
[2024-08-11T09:34:04.219+0000] {processor.py:830} INFO - Processing file /home/airflow/.local/lib/python3.12/site-packages/airflow/example_dags/example_sensor_decorator.py for tasks to queue
[2024-08-11T09:34:04.223+0000] {logging_mixin.py:188} INFO - [2024-08-11T09:34:04.223+0000] {dagbag.py:545} INFO - Filling up the DagBag from /home/airflow/.local/lib/python3.12/site-packages/airflow/example_dags/example_sensor_decorator.py
[2024-08-11T09:34:04.226+0000] {processor.py:840} INFO - DAG(s) 'example_sensor_decorator' retrieved from /home/airflow/.local/lib/python3.12/site-packages/airflow/example_dags/example_sensor_decorator.py
[2024-08-11T09:34:04.236+0000] {logging_mixin.py:188} INFO - [2024-08-11T09:34:04.236+0000] {dag.py:3089} INFO - Sync 1 DAGs
[2024-08-11T09:34:04.242+0000] {logging_mixin.py:188} INFO - [2024-08-11T09:34:04.242+0000] {dag.py:3947} INFO - Setting next_dagrun for example_sensor_decorator to None, run_after=None
[2024-08-11T09:34:04.253+0000] {processor.py:183} INFO - Processing /home/airflow/.local/lib/python3.12/site-packages/airflow/example_dags/example_sensor_decorator.py took 0.040 seconds
[2024-08-11T09:34:34.984+0000] {processor.py:161} INFO - Started process (PID=431) to work on /home/airflow/.local/lib/python3.12/site-packages/airflow/example_dags/example_sensor_decorator.py
[2024-08-11T09:34:34.985+0000] {processor.py:830} INFO - Processing file /home/airflow/.local/lib/python3.12/site-packages/airflow/example_dags/example_sensor_decorator.py for tasks to queue
[2024-08-11T09:34:34.988+0000] {logging_mixin.py:188} INFO - [2024-08-11T09:34:34.987+0000] {dagbag.py:545} INFO - Filling up the DagBag from /home/airflow/.local/lib/python3.12/site-packages/airflow/example_dags/example_sensor_decorator.py
[2024-08-11T09:34:34.991+0000] {processor.py:840} INFO - DAG(s) 'example_sensor_decorator' retrieved from /home/airflow/.local/lib/python3.12/site-packages/airflow/example_dags/example_sensor_decorator.py
[2024-08-11T09:34:35.002+0000] {logging_mixin.py:188} INFO - [2024-08-11T09:34:35.002+0000] {dag.py:3089} INFO - Sync 1 DAGs
[2024-08-11T09:34:35.008+0000] {logging_mixin.py:188} INFO - [2024-08-11T09:34:35.008+0000] {dag.py:3947} INFO - Setting next_dagrun for example_sensor_decorator to None, run_after=None
[2024-08-11T09:34:35.018+0000] {processor.py:183} INFO - Processing /home/airflow/.local/lib/python3.12/site-packages/airflow/example_dags/example_sensor_decorator.py took 0.037 seconds
[2024-08-11T09:35:05.823+0000] {processor.py:161} INFO - Started process (PID=489) to work on /home/airflow/.local/lib/python3.12/site-packages/airflow/example_dags/example_sensor_decorator.py
[2024-08-11T09:35:05.824+0000] {processor.py:830} INFO - Processing file /home/airflow/.local/lib/python3.12/site-packages/airflow/example_dags/example_sensor_decorator.py for tasks to queue
[2024-08-11T09:35:05.825+0000] {logging_mixin.py:188} INFO - [2024-08-11T09:35:05.825+0000] {dagbag.py:545} INFO - Filling up the DagBag from /home/airflow/.local/lib/python3.12/site-packages/airflow/example_dags/example_sensor_decorator.py
[2024-08-11T09:35:05.829+0000] {processor.py:840} INFO - DAG(s) 'example_sensor_decorator' retrieved from /home/airflow/.local/lib/python3.12/site-packages/airflow/example_dags/example_sensor_decorator.py
[2024-08-11T09:35:05.840+0000] {logging_mixin.py:188} INFO - [2024-08-11T09:35:05.840+0000] {dag.py:3089} INFO - Sync 1 DAGs
[2024-08-11T09:35:05.846+0000] {logging_mixin.py:188} INFO - [2024-08-11T09:35:05.846+0000] {dag.py:3947} INFO - Setting next_dagrun for example_sensor_decorator to None, run_after=None
[2024-08-11T09:35:05.856+0000] {processor.py:183} INFO - Processing /home/airflow/.local/lib/python3.12/site-packages/airflow/example_dags/example_sensor_decorator.py took 0.036 seconds
[2024-08-11T09:58:29.364+0000] {processor.py:161} INFO - Started process (PID=75) to work on /home/airflow/.local/lib/python3.12/site-packages/airflow/example_dags/example_sensor_decorator.py
[2024-08-11T09:58:29.364+0000] {processor.py:830} INFO - Processing file /home/airflow/.local/lib/python3.12/site-packages/airflow/example_dags/example_sensor_decorator.py for tasks to queue
[2024-08-11T09:58:29.365+0000] {logging_mixin.py:188} INFO - [2024-08-11T09:58:29.365+0000] {dagbag.py:545} INFO - Filling up the DagBag from /home/airflow/.local/lib/python3.12/site-packages/airflow/example_dags/example_sensor_decorator.py
[2024-08-11T09:58:29.371+0000] {processor.py:840} INFO - DAG(s) 'example_sensor_decorator' retrieved from /home/airflow/.local/lib/python3.12/site-packages/airflow/example_dags/example_sensor_decorator.py
[2024-08-11T09:58:29.384+0000] {logging_mixin.py:188} INFO - [2024-08-11T09:58:29.384+0000] {dag.py:3089} INFO - Sync 1 DAGs
[2024-08-11T09:58:29.393+0000] {logging_mixin.py:188} INFO - [2024-08-11T09:58:29.393+0000] {dag.py:3947} INFO - Setting next_dagrun for example_sensor_decorator to None, run_after=None
[2024-08-11T09:58:29.406+0000] {processor.py:183} INFO - Processing /home/airflow/.local/lib/python3.12/site-packages/airflow/example_dags/example_sensor_decorator.py took 0.047 seconds
[2024-08-11T09:59:00.406+0000] {processor.py:161} INFO - Started process (PID=133) to work on /home/airflow/.local/lib/python3.12/site-packages/airflow/example_dags/example_sensor_decorator.py
[2024-08-11T09:59:00.406+0000] {processor.py:830} INFO - Processing file /home/airflow/.local/lib/python3.12/site-packages/airflow/example_dags/example_sensor_decorator.py for tasks to queue
[2024-08-11T09:59:00.407+0000] {logging_mixin.py:188} INFO - [2024-08-11T09:59:00.407+0000] {dagbag.py:545} INFO - Filling up the DagBag from /home/airflow/.local/lib/python3.12/site-packages/airflow/example_dags/example_sensor_decorator.py
[2024-08-11T09:59:00.410+0000] {processor.py:840} INFO - DAG(s) 'example_sensor_decorator' retrieved from /home/airflow/.local/lib/python3.12/site-packages/airflow/example_dags/example_sensor_decorator.py
[2024-08-11T09:59:00.418+0000] {logging_mixin.py:188} INFO - [2024-08-11T09:59:00.418+0000] {dag.py:3089} INFO - Sync 1 DAGs
[2024-08-11T09:59:00.425+0000] {logging_mixin.py:188} INFO - [2024-08-11T09:59:00.425+0000] {dag.py:3947} INFO - Setting next_dagrun for example_sensor_decorator to None, run_after=None
[2024-08-11T09:59:00.437+0000] {processor.py:183} INFO - Processing /home/airflow/.local/lib/python3.12/site-packages/airflow/example_dags/example_sensor_decorator.py took 0.034 seconds
[2024-08-11T09:59:45.273+0000] {processor.py:161} INFO - Started process (PID=78) to work on /home/airflow/.local/lib/python3.12/site-packages/airflow/example_dags/example_sensor_decorator.py
[2024-08-11T09:59:45.275+0000] {processor.py:830} INFO - Processing file /home/airflow/.local/lib/python3.12/site-packages/airflow/example_dags/example_sensor_decorator.py for tasks to queue
[2024-08-11T09:59:45.276+0000] {logging_mixin.py:188} INFO - [2024-08-11T09:59:45.276+0000] {dagbag.py:545} INFO - Filling up the DagBag from /home/airflow/.local/lib/python3.12/site-packages/airflow/example_dags/example_sensor_decorator.py
[2024-08-11T09:59:45.280+0000] {processor.py:840} INFO - DAG(s) 'example_sensor_decorator' retrieved from /home/airflow/.local/lib/python3.12/site-packages/airflow/example_dags/example_sensor_decorator.py
[2024-08-11T09:59:45.289+0000] {logging_mixin.py:188} INFO - [2024-08-11T09:59:45.289+0000] {dag.py:3089} INFO - Sync 1 DAGs
[2024-08-11T09:59:45.296+0000] {logging_mixin.py:188} INFO - [2024-08-11T09:59:45.296+0000] {dag.py:3947} INFO - Setting next_dagrun for example_sensor_decorator to None, run_after=None
[2024-08-11T09:59:45.310+0000] {processor.py:183} INFO - Processing /home/airflow/.local/lib/python3.12/site-packages/airflow/example_dags/example_sensor_decorator.py took 0.040 seconds
[2024-08-11T10:00:15.701+0000] {processor.py:161} INFO - Started process (PID=136) to work on /home/airflow/.local/lib/python3.12/site-packages/airflow/example_dags/example_sensor_decorator.py
[2024-08-11T10:00:15.705+0000] {processor.py:830} INFO - Processing file /home/airflow/.local/lib/python3.12/site-packages/airflow/example_dags/example_sensor_decorator.py for tasks to queue
[2024-08-11T10:00:15.706+0000] {logging_mixin.py:188} INFO - [2024-08-11T10:00:15.706+0000] {dagbag.py:545} INFO - Filling up the DagBag from /home/airflow/.local/lib/python3.12/site-packages/airflow/example_dags/example_sensor_decorator.py
[2024-08-11T10:00:15.710+0000] {processor.py:840} INFO - DAG(s) 'example_sensor_decorator' retrieved from /home/airflow/.local/lib/python3.12/site-packages/airflow/example_dags/example_sensor_decorator.py
[2024-08-11T10:00:15.762+0000] {logging_mixin.py:188} INFO - [2024-08-11T10:00:15.762+0000] {dag.py:3089} INFO - Sync 1 DAGs
[2024-08-11T10:00:15.773+0000] {logging_mixin.py:188} INFO - [2024-08-11T10:00:15.773+0000] {dag.py:3947} INFO - Setting next_dagrun for example_sensor_decorator to None, run_after=None
[2024-08-11T10:00:15.782+0000] {processor.py:183} INFO - Processing /home/airflow/.local/lib/python3.12/site-packages/airflow/example_dags/example_sensor_decorator.py took 0.083 seconds
[2024-08-11T10:00:46.665+0000] {processor.py:161} INFO - Started process (PID=194) to work on /home/airflow/.local/lib/python3.12/site-packages/airflow/example_dags/example_sensor_decorator.py
[2024-08-11T10:00:46.665+0000] {processor.py:830} INFO - Processing file /home/airflow/.local/lib/python3.12/site-packages/airflow/example_dags/example_sensor_decorator.py for tasks to queue
[2024-08-11T10:00:46.666+0000] {logging_mixin.py:188} INFO - [2024-08-11T10:00:46.666+0000] {dagbag.py:545} INFO - Filling up the DagBag from /home/airflow/.local/lib/python3.12/site-packages/airflow/example_dags/example_sensor_decorator.py
[2024-08-11T10:00:46.669+0000] {processor.py:840} INFO - DAG(s) 'example_sensor_decorator' retrieved from /home/airflow/.local/lib/python3.12/site-packages/airflow/example_dags/example_sensor_decorator.py
[2024-08-11T10:00:46.680+0000] {logging_mixin.py:188} INFO - [2024-08-11T10:00:46.680+0000] {dag.py:3089} INFO - Sync 1 DAGs
[2024-08-11T10:00:46.686+0000] {logging_mixin.py:188} INFO - [2024-08-11T10:00:46.686+0000] {dag.py:3947} INFO - Setting next_dagrun for example_sensor_decorator to None, run_after=None
[2024-08-11T10:00:46.704+0000] {processor.py:183} INFO - Processing /home/airflow/.local/lib/python3.12/site-packages/airflow/example_dags/example_sensor_decorator.py took 0.042 seconds
[2024-08-11T10:01:17.487+0000] {processor.py:161} INFO - Started process (PID=252) to work on /home/airflow/.local/lib/python3.12/site-packages/airflow/example_dags/example_sensor_decorator.py
[2024-08-11T10:01:17.489+0000] {processor.py:830} INFO - Processing file /home/airflow/.local/lib/python3.12/site-packages/airflow/example_dags/example_sensor_decorator.py for tasks to queue
[2024-08-11T10:01:17.490+0000] {logging_mixin.py:188} INFO - [2024-08-11T10:01:17.490+0000] {dagbag.py:545} INFO - Filling up the DagBag from /home/airflow/.local/lib/python3.12/site-packages/airflow/example_dags/example_sensor_decorator.py
[2024-08-11T10:01:17.495+0000] {processor.py:840} INFO - DAG(s) 'example_sensor_decorator' retrieved from /home/airflow/.local/lib/python3.12/site-packages/airflow/example_dags/example_sensor_decorator.py
[2024-08-11T10:01:17.510+0000] {logging_mixin.py:188} INFO - [2024-08-11T10:01:17.510+0000] {dag.py:3089} INFO - Sync 1 DAGs
[2024-08-11T10:01:17.520+0000] {logging_mixin.py:188} INFO - [2024-08-11T10:01:17.520+0000] {dag.py:3947} INFO - Setting next_dagrun for example_sensor_decorator to None, run_after=None
[2024-08-11T10:01:17.536+0000] {processor.py:183} INFO - Processing /home/airflow/.local/lib/python3.12/site-packages/airflow/example_dags/example_sensor_decorator.py took 0.056 seconds
[2024-08-11T10:01:47.756+0000] {processor.py:161} INFO - Started process (PID=310) to work on /home/airflow/.local/lib/python3.12/site-packages/airflow/example_dags/example_sensor_decorator.py
[2024-08-11T10:01:47.758+0000] {processor.py:830} INFO - Processing file /home/airflow/.local/lib/python3.12/site-packages/airflow/example_dags/example_sensor_decorator.py for tasks to queue
[2024-08-11T10:01:47.759+0000] {logging_mixin.py:188} INFO - [2024-08-11T10:01:47.759+0000] {dagbag.py:545} INFO - Filling up the DagBag from /home/airflow/.local/lib/python3.12/site-packages/airflow/example_dags/example_sensor_decorator.py
[2024-08-11T10:01:47.762+0000] {processor.py:840} INFO - DAG(s) 'example_sensor_decorator' retrieved from /home/airflow/.local/lib/python3.12/site-packages/airflow/example_dags/example_sensor_decorator.py
[2024-08-11T10:01:47.772+0000] {logging_mixin.py:188} INFO - [2024-08-11T10:01:47.772+0000] {dag.py:3089} INFO - Sync 1 DAGs
[2024-08-11T10:01:47.778+0000] {logging_mixin.py:188} INFO - [2024-08-11T10:01:47.778+0000] {dag.py:3947} INFO - Setting next_dagrun for example_sensor_decorator to None, run_after=None
[2024-08-11T10:01:47.789+0000] {processor.py:183} INFO - Processing /home/airflow/.local/lib/python3.12/site-packages/airflow/example_dags/example_sensor_decorator.py took 0.037 seconds
