[2024-08-11T09:31:30.635+0000] {processor.py:161} INFO - Started process (PID=75) to work on /home/airflow/.local/lib/python3.12/site-packages/airflow/example_dags/example_setup_teardown.py
[2024-08-11T09:31:30.636+0000] {processor.py:830} INFO - Processing file /home/airflow/.local/lib/python3.12/site-packages/airflow/example_dags/example_setup_teardown.py for tasks to queue
[2024-08-11T09:31:30.637+0000] {logging_mixin.py:188} INFO - [2024-08-11T09:31:30.637+0000] {dagbag.py:545} INFO - Filling up the DagBag from /home/airflow/.local/lib/python3.12/site-packages/airflow/example_dags/example_setup_teardown.py
[2024-08-11T09:31:30.643+0000] {processor.py:840} INFO - DAG(s) 'example_setup_teardown' retrieved from /home/airflow/.local/lib/python3.12/site-packages/airflow/example_dags/example_setup_teardown.py
[2024-08-11T09:31:30.650+0000] {logging_mixin.py:188} INFO - [2024-08-11T09:31:30.650+0000] {dag.py:3089} INFO - Sync 1 DAGs
[2024-08-11T09:31:30.664+0000] {logging_mixin.py:188} INFO - [2024-08-11T09:31:30.664+0000] {dag.py:3947} INFO - Setting next_dagrun for example_setup_teardown to 2024-08-10 00:00:00+00:00, run_after=2024-08-11 00:00:00+00:00
[2024-08-11T09:31:30.674+0000] {processor.py:183} INFO - Processing /home/airflow/.local/lib/python3.12/site-packages/airflow/example_dags/example_setup_teardown.py took 0.042 seconds
[2024-08-11T09:32:00.873+0000] {processor.py:161} INFO - Started process (PID=133) to work on /home/airflow/.local/lib/python3.12/site-packages/airflow/example_dags/example_setup_teardown.py
[2024-08-11T09:32:00.873+0000] {processor.py:830} INFO - Processing file /home/airflow/.local/lib/python3.12/site-packages/airflow/example_dags/example_setup_teardown.py for tasks to queue
[2024-08-11T09:32:00.874+0000] {logging_mixin.py:188} INFO - [2024-08-11T09:32:00.874+0000] {dagbag.py:545} INFO - Filling up the DagBag from /home/airflow/.local/lib/python3.12/site-packages/airflow/example_dags/example_setup_teardown.py
[2024-08-11T09:32:00.877+0000] {processor.py:840} INFO - DAG(s) 'example_setup_teardown' retrieved from /home/airflow/.local/lib/python3.12/site-packages/airflow/example_dags/example_setup_teardown.py
[2024-08-11T09:32:00.918+0000] {logging_mixin.py:188} INFO - [2024-08-11T09:32:00.918+0000] {dag.py:3089} INFO - Sync 1 DAGs
[2024-08-11T09:32:00.927+0000] {logging_mixin.py:188} INFO - [2024-08-11T09:32:00.927+0000] {dag.py:3947} INFO - Setting next_dagrun for example_setup_teardown to 2024-08-10 00:00:00+00:00, run_after=2024-08-11 00:00:00+00:00
[2024-08-11T09:32:00.934+0000] {processor.py:183} INFO - Processing /home/airflow/.local/lib/python3.12/site-packages/airflow/example_dags/example_setup_teardown.py took 0.064 seconds
[2024-08-11T09:32:31.846+0000] {processor.py:161} INFO - Started process (PID=191) to work on /home/airflow/.local/lib/python3.12/site-packages/airflow/example_dags/example_setup_teardown.py
[2024-08-11T09:32:31.847+0000] {processor.py:830} INFO - Processing file /home/airflow/.local/lib/python3.12/site-packages/airflow/example_dags/example_setup_teardown.py for tasks to queue
[2024-08-11T09:32:31.847+0000] {logging_mixin.py:188} INFO - [2024-08-11T09:32:31.847+0000] {dagbag.py:545} INFO - Filling up the DagBag from /home/airflow/.local/lib/python3.12/site-packages/airflow/example_dags/example_setup_teardown.py
[2024-08-11T09:32:31.851+0000] {processor.py:840} INFO - DAG(s) 'example_setup_teardown' retrieved from /home/airflow/.local/lib/python3.12/site-packages/airflow/example_dags/example_setup_teardown.py
[2024-08-11T09:32:31.861+0000] {logging_mixin.py:188} INFO - [2024-08-11T09:32:31.861+0000] {dag.py:3089} INFO - Sync 1 DAGs
[2024-08-11T09:32:31.872+0000] {logging_mixin.py:188} INFO - [2024-08-11T09:32:31.872+0000] {dag.py:3947} INFO - Setting next_dagrun for example_setup_teardown to 2024-08-10 00:00:00+00:00, run_after=2024-08-11 00:00:00+00:00
[2024-08-11T09:32:31.889+0000] {processor.py:183} INFO - Processing /home/airflow/.local/lib/python3.12/site-packages/airflow/example_dags/example_setup_teardown.py took 0.046 seconds
[2024-08-11T09:33:02.604+0000] {processor.py:161} INFO - Started process (PID=249) to work on /home/airflow/.local/lib/python3.12/site-packages/airflow/example_dags/example_setup_teardown.py
[2024-08-11T09:33:02.605+0000] {processor.py:830} INFO - Processing file /home/airflow/.local/lib/python3.12/site-packages/airflow/example_dags/example_setup_teardown.py for tasks to queue
[2024-08-11T09:33:02.606+0000] {logging_mixin.py:188} INFO - [2024-08-11T09:33:02.606+0000] {dagbag.py:545} INFO - Filling up the DagBag from /home/airflow/.local/lib/python3.12/site-packages/airflow/example_dags/example_setup_teardown.py
[2024-08-11T09:33:02.610+0000] {processor.py:840} INFO - DAG(s) 'example_setup_teardown' retrieved from /home/airflow/.local/lib/python3.12/site-packages/airflow/example_dags/example_setup_teardown.py
[2024-08-11T09:33:02.621+0000] {logging_mixin.py:188} INFO - [2024-08-11T09:33:02.620+0000] {dag.py:3089} INFO - Sync 1 DAGs
[2024-08-11T09:33:02.631+0000] {logging_mixin.py:188} INFO - [2024-08-11T09:33:02.630+0000] {dag.py:3947} INFO - Setting next_dagrun for example_setup_teardown to 2024-08-10 00:00:00+00:00, run_after=2024-08-11 00:00:00+00:00
[2024-08-11T09:33:02.641+0000] {processor.py:183} INFO - Processing /home/airflow/.local/lib/python3.12/site-packages/airflow/example_dags/example_setup_teardown.py took 0.041 seconds
[2024-08-11T09:33:33.271+0000] {processor.py:161} INFO - Started process (PID=307) to work on /home/airflow/.local/lib/python3.12/site-packages/airflow/example_dags/example_setup_teardown.py
[2024-08-11T09:33:33.272+0000] {processor.py:830} INFO - Processing file /home/airflow/.local/lib/python3.12/site-packages/airflow/example_dags/example_setup_teardown.py for tasks to queue
[2024-08-11T09:33:33.273+0000] {logging_mixin.py:188} INFO - [2024-08-11T09:33:33.272+0000] {dagbag.py:545} INFO - Filling up the DagBag from /home/airflow/.local/lib/python3.12/site-packages/airflow/example_dags/example_setup_teardown.py
[2024-08-11T09:33:33.276+0000] {processor.py:840} INFO - DAG(s) 'example_setup_teardown' retrieved from /home/airflow/.local/lib/python3.12/site-packages/airflow/example_dags/example_setup_teardown.py
[2024-08-11T09:33:33.288+0000] {logging_mixin.py:188} INFO - [2024-08-11T09:33:33.287+0000] {dag.py:3089} INFO - Sync 1 DAGs
[2024-08-11T09:33:33.298+0000] {logging_mixin.py:188} INFO - [2024-08-11T09:33:33.298+0000] {dag.py:3947} INFO - Setting next_dagrun for example_setup_teardown to 2024-08-10 00:00:00+00:00, run_after=2024-08-11 00:00:00+00:00
[2024-08-11T09:33:33.313+0000] {processor.py:183} INFO - Processing /home/airflow/.local/lib/python3.12/site-packages/airflow/example_dags/example_setup_teardown.py took 0.045 seconds
[2024-08-11T09:34:04.162+0000] {processor.py:161} INFO - Started process (PID=371) to work on /home/airflow/.local/lib/python3.12/site-packages/airflow/example_dags/example_setup_teardown.py
[2024-08-11T09:34:04.163+0000] {processor.py:830} INFO - Processing file /home/airflow/.local/lib/python3.12/site-packages/airflow/example_dags/example_setup_teardown.py for tasks to queue
[2024-08-11T09:34:04.163+0000] {logging_mixin.py:188} INFO - [2024-08-11T09:34:04.163+0000] {dagbag.py:545} INFO - Filling up the DagBag from /home/airflow/.local/lib/python3.12/site-packages/airflow/example_dags/example_setup_teardown.py
[2024-08-11T09:34:04.166+0000] {processor.py:840} INFO - DAG(s) 'example_setup_teardown' retrieved from /home/airflow/.local/lib/python3.12/site-packages/airflow/example_dags/example_setup_teardown.py
[2024-08-11T09:34:04.177+0000] {logging_mixin.py:188} INFO - [2024-08-11T09:34:04.177+0000] {dag.py:3089} INFO - Sync 1 DAGs
[2024-08-11T09:34:04.190+0000] {logging_mixin.py:188} INFO - [2024-08-11T09:34:04.190+0000] {dag.py:3947} INFO - Setting next_dagrun for example_setup_teardown to 2024-08-10 00:00:00+00:00, run_after=2024-08-11 00:00:00+00:00
[2024-08-11T09:34:04.201+0000] {processor.py:183} INFO - Processing /home/airflow/.local/lib/python3.12/site-packages/airflow/example_dags/example_setup_teardown.py took 0.041 seconds
[2024-08-11T09:34:34.937+0000] {processor.py:161} INFO - Started process (PID=429) to work on /home/airflow/.local/lib/python3.12/site-packages/airflow/example_dags/example_setup_teardown.py
[2024-08-11T09:34:34.937+0000] {processor.py:830} INFO - Processing file /home/airflow/.local/lib/python3.12/site-packages/airflow/example_dags/example_setup_teardown.py for tasks to queue
[2024-08-11T09:34:34.938+0000] {logging_mixin.py:188} INFO - [2024-08-11T09:34:34.938+0000] {dagbag.py:545} INFO - Filling up the DagBag from /home/airflow/.local/lib/python3.12/site-packages/airflow/example_dags/example_setup_teardown.py
[2024-08-11T09:34:34.943+0000] {processor.py:840} INFO - DAG(s) 'example_setup_teardown' retrieved from /home/airflow/.local/lib/python3.12/site-packages/airflow/example_dags/example_setup_teardown.py
[2024-08-11T09:34:34.953+0000] {logging_mixin.py:188} INFO - [2024-08-11T09:34:34.952+0000] {dag.py:3089} INFO - Sync 1 DAGs
[2024-08-11T09:34:34.964+0000] {logging_mixin.py:188} INFO - [2024-08-11T09:34:34.964+0000] {dag.py:3947} INFO - Setting next_dagrun for example_setup_teardown to 2024-08-10 00:00:00+00:00, run_after=2024-08-11 00:00:00+00:00
[2024-08-11T09:34:34.973+0000] {processor.py:183} INFO - Processing /home/airflow/.local/lib/python3.12/site-packages/airflow/example_dags/example_setup_teardown.py took 0.039 seconds
[2024-08-11T09:35:05.769+0000] {processor.py:161} INFO - Started process (PID=487) to work on /home/airflow/.local/lib/python3.12/site-packages/airflow/example_dags/example_setup_teardown.py
[2024-08-11T09:35:05.770+0000] {processor.py:830} INFO - Processing file /home/airflow/.local/lib/python3.12/site-packages/airflow/example_dags/example_setup_teardown.py for tasks to queue
[2024-08-11T09:35:05.771+0000] {logging_mixin.py:188} INFO - [2024-08-11T09:35:05.771+0000] {dagbag.py:545} INFO - Filling up the DagBag from /home/airflow/.local/lib/python3.12/site-packages/airflow/example_dags/example_setup_teardown.py
[2024-08-11T09:35:05.775+0000] {processor.py:840} INFO - DAG(s) 'example_setup_teardown' retrieved from /home/airflow/.local/lib/python3.12/site-packages/airflow/example_dags/example_setup_teardown.py
[2024-08-11T09:35:05.787+0000] {logging_mixin.py:188} INFO - [2024-08-11T09:35:05.787+0000] {dag.py:3089} INFO - Sync 1 DAGs
[2024-08-11T09:35:05.800+0000] {logging_mixin.py:188} INFO - [2024-08-11T09:35:05.800+0000] {dag.py:3947} INFO - Setting next_dagrun for example_setup_teardown to 2024-08-10 00:00:00+00:00, run_after=2024-08-11 00:00:00+00:00
[2024-08-11T09:35:05.809+0000] {processor.py:183} INFO - Processing /home/airflow/.local/lib/python3.12/site-packages/airflow/example_dags/example_setup_teardown.py took 0.043 seconds
[2024-08-11T09:58:29.301+0000] {processor.py:161} INFO - Started process (PID=73) to work on /home/airflow/.local/lib/python3.12/site-packages/airflow/example_dags/example_setup_teardown.py
[2024-08-11T09:58:29.302+0000] {processor.py:830} INFO - Processing file /home/airflow/.local/lib/python3.12/site-packages/airflow/example_dags/example_setup_teardown.py for tasks to queue
[2024-08-11T09:58:29.304+0000] {logging_mixin.py:188} INFO - [2024-08-11T09:58:29.303+0000] {dagbag.py:545} INFO - Filling up the DagBag from /home/airflow/.local/lib/python3.12/site-packages/airflow/example_dags/example_setup_teardown.py
[2024-08-11T09:58:29.310+0000] {processor.py:840} INFO - DAG(s) 'example_setup_teardown' retrieved from /home/airflow/.local/lib/python3.12/site-packages/airflow/example_dags/example_setup_teardown.py
[2024-08-11T09:58:29.323+0000] {logging_mixin.py:188} INFO - [2024-08-11T09:58:29.323+0000] {dag.py:3089} INFO - Sync 1 DAGs
[2024-08-11T09:58:29.337+0000] {logging_mixin.py:188} INFO - [2024-08-11T09:58:29.336+0000] {dag.py:3947} INFO - Setting next_dagrun for example_setup_teardown to 2024-08-10 00:00:00+00:00, run_after=2024-08-11 00:00:00+00:00
[2024-08-11T09:58:29.347+0000] {processor.py:183} INFO - Processing /home/airflow/.local/lib/python3.12/site-packages/airflow/example_dags/example_setup_teardown.py took 0.050 seconds
[2024-08-11T09:59:00.355+0000] {processor.py:161} INFO - Started process (PID=131) to work on /home/airflow/.local/lib/python3.12/site-packages/airflow/example_dags/example_setup_teardown.py
[2024-08-11T09:59:00.356+0000] {processor.py:830} INFO - Processing file /home/airflow/.local/lib/python3.12/site-packages/airflow/example_dags/example_setup_teardown.py for tasks to queue
[2024-08-11T09:59:00.357+0000] {logging_mixin.py:188} INFO - [2024-08-11T09:59:00.357+0000] {dagbag.py:545} INFO - Filling up the DagBag from /home/airflow/.local/lib/python3.12/site-packages/airflow/example_dags/example_setup_teardown.py
[2024-08-11T09:59:00.361+0000] {processor.py:840} INFO - DAG(s) 'example_setup_teardown' retrieved from /home/airflow/.local/lib/python3.12/site-packages/airflow/example_dags/example_setup_teardown.py
[2024-08-11T09:59:00.369+0000] {logging_mixin.py:188} INFO - [2024-08-11T09:59:00.369+0000] {dag.py:3089} INFO - Sync 1 DAGs
[2024-08-11T09:59:00.381+0000] {logging_mixin.py:188} INFO - [2024-08-11T09:59:00.381+0000] {dag.py:3947} INFO - Setting next_dagrun for example_setup_teardown to 2024-08-10 00:00:00+00:00, run_after=2024-08-11 00:00:00+00:00
[2024-08-11T09:59:00.394+0000] {processor.py:183} INFO - Processing /home/airflow/.local/lib/python3.12/site-packages/airflow/example_dags/example_setup_teardown.py took 0.042 seconds
[2024-08-11T09:59:45.217+0000] {processor.py:161} INFO - Started process (PID=76) to work on /home/airflow/.local/lib/python3.12/site-packages/airflow/example_dags/example_setup_teardown.py
[2024-08-11T09:59:45.218+0000] {processor.py:830} INFO - Processing file /home/airflow/.local/lib/python3.12/site-packages/airflow/example_dags/example_setup_teardown.py for tasks to queue
[2024-08-11T09:59:45.219+0000] {logging_mixin.py:188} INFO - [2024-08-11T09:59:45.218+0000] {dagbag.py:545} INFO - Filling up the DagBag from /home/airflow/.local/lib/python3.12/site-packages/airflow/example_dags/example_setup_teardown.py
[2024-08-11T09:59:45.224+0000] {processor.py:840} INFO - DAG(s) 'example_setup_teardown' retrieved from /home/airflow/.local/lib/python3.12/site-packages/airflow/example_dags/example_setup_teardown.py
[2024-08-11T09:59:45.235+0000] {logging_mixin.py:188} INFO - [2024-08-11T09:59:45.235+0000] {dag.py:3089} INFO - Sync 1 DAGs
[2024-08-11T09:59:45.248+0000] {logging_mixin.py:188} INFO - [2024-08-11T09:59:45.248+0000] {dag.py:3947} INFO - Setting next_dagrun for example_setup_teardown to 2024-08-10 00:00:00+00:00, run_after=2024-08-11 00:00:00+00:00
[2024-08-11T09:59:45.260+0000] {processor.py:183} INFO - Processing /home/airflow/.local/lib/python3.12/site-packages/airflow/example_dags/example_setup_teardown.py took 0.046 seconds
[2024-08-11T10:00:15.609+0000] {processor.py:161} INFO - Started process (PID=134) to work on /home/airflow/.local/lib/python3.12/site-packages/airflow/example_dags/example_setup_teardown.py
[2024-08-11T10:00:15.609+0000] {processor.py:830} INFO - Processing file /home/airflow/.local/lib/python3.12/site-packages/airflow/example_dags/example_setup_teardown.py for tasks to queue
[2024-08-11T10:00:15.611+0000] {logging_mixin.py:188} INFO - [2024-08-11T10:00:15.611+0000] {dagbag.py:545} INFO - Filling up the DagBag from /home/airflow/.local/lib/python3.12/site-packages/airflow/example_dags/example_setup_teardown.py
[2024-08-11T10:00:15.615+0000] {processor.py:840} INFO - DAG(s) 'example_setup_teardown' retrieved from /home/airflow/.local/lib/python3.12/site-packages/airflow/example_dags/example_setup_teardown.py
[2024-08-11T10:00:15.670+0000] {logging_mixin.py:188} INFO - [2024-08-11T10:00:15.669+0000] {dag.py:3089} INFO - Sync 1 DAGs
[2024-08-11T10:00:15.681+0000] {logging_mixin.py:188} INFO - [2024-08-11T10:00:15.680+0000] {dag.py:3947} INFO - Setting next_dagrun for example_setup_teardown to 2024-08-10 00:00:00+00:00, run_after=2024-08-11 00:00:00+00:00
[2024-08-11T10:00:15.690+0000] {processor.py:183} INFO - Processing /home/airflow/.local/lib/python3.12/site-packages/airflow/example_dags/example_setup_teardown.py took 0.084 seconds
[2024-08-11T10:00:46.610+0000] {processor.py:161} INFO - Started process (PID=192) to work on /home/airflow/.local/lib/python3.12/site-packages/airflow/example_dags/example_setup_teardown.py
[2024-08-11T10:00:46.611+0000] {processor.py:830} INFO - Processing file /home/airflow/.local/lib/python3.12/site-packages/airflow/example_dags/example_setup_teardown.py for tasks to queue
[2024-08-11T10:00:46.612+0000] {logging_mixin.py:188} INFO - [2024-08-11T10:00:46.612+0000] {dagbag.py:545} INFO - Filling up the DagBag from /home/airflow/.local/lib/python3.12/site-packages/airflow/example_dags/example_setup_teardown.py
[2024-08-11T10:00:46.615+0000] {processor.py:840} INFO - DAG(s) 'example_setup_teardown' retrieved from /home/airflow/.local/lib/python3.12/site-packages/airflow/example_dags/example_setup_teardown.py
[2024-08-11T10:00:46.626+0000] {logging_mixin.py:188} INFO - [2024-08-11T10:00:46.626+0000] {dag.py:3089} INFO - Sync 1 DAGs
[2024-08-11T10:00:46.639+0000] {logging_mixin.py:188} INFO - [2024-08-11T10:00:46.639+0000] {dag.py:3947} INFO - Setting next_dagrun for example_setup_teardown to 2024-08-10 00:00:00+00:00, run_after=2024-08-11 00:00:00+00:00
[2024-08-11T10:00:46.652+0000] {processor.py:183} INFO - Processing /home/airflow/.local/lib/python3.12/site-packages/airflow/example_dags/example_setup_teardown.py took 0.045 seconds
[2024-08-11T10:01:17.401+0000] {processor.py:161} INFO - Started process (PID=250) to work on /home/airflow/.local/lib/python3.12/site-packages/airflow/example_dags/example_setup_teardown.py
[2024-08-11T10:01:17.402+0000] {processor.py:830} INFO - Processing file /home/airflow/.local/lib/python3.12/site-packages/airflow/example_dags/example_setup_teardown.py for tasks to queue
[2024-08-11T10:01:17.403+0000] {logging_mixin.py:188} INFO - [2024-08-11T10:01:17.403+0000] {dagbag.py:545} INFO - Filling up the DagBag from /home/airflow/.local/lib/python3.12/site-packages/airflow/example_dags/example_setup_teardown.py
[2024-08-11T10:01:17.406+0000] {processor.py:840} INFO - DAG(s) 'example_setup_teardown' retrieved from /home/airflow/.local/lib/python3.12/site-packages/airflow/example_dags/example_setup_teardown.py
[2024-08-11T10:01:17.422+0000] {logging_mixin.py:188} INFO - [2024-08-11T10:01:17.421+0000] {dag.py:3089} INFO - Sync 1 DAGs
[2024-08-11T10:01:17.437+0000] {logging_mixin.py:188} INFO - [2024-08-11T10:01:17.437+0000] {dag.py:3947} INFO - Setting next_dagrun for example_setup_teardown to 2024-08-10 00:00:00+00:00, run_after=2024-08-11 00:00:00+00:00
[2024-08-11T10:01:17.453+0000] {processor.py:183} INFO - Processing /home/airflow/.local/lib/python3.12/site-packages/airflow/example_dags/example_setup_teardown.py took 0.056 seconds
[2024-08-11T10:01:47.681+0000] {processor.py:161} INFO - Started process (PID=308) to work on /home/airflow/.local/lib/python3.12/site-packages/airflow/example_dags/example_setup_teardown.py
[2024-08-11T10:01:47.683+0000] {processor.py:830} INFO - Processing file /home/airflow/.local/lib/python3.12/site-packages/airflow/example_dags/example_setup_teardown.py for tasks to queue
[2024-08-11T10:01:47.686+0000] {logging_mixin.py:188} INFO - [2024-08-11T10:01:47.685+0000] {dagbag.py:545} INFO - Filling up the DagBag from /home/airflow/.local/lib/python3.12/site-packages/airflow/example_dags/example_setup_teardown.py
[2024-08-11T10:01:47.692+0000] {processor.py:840} INFO - DAG(s) 'example_setup_teardown' retrieved from /home/airflow/.local/lib/python3.12/site-packages/airflow/example_dags/example_setup_teardown.py
[2024-08-11T10:01:47.715+0000] {logging_mixin.py:188} INFO - [2024-08-11T10:01:47.715+0000] {dag.py:3089} INFO - Sync 1 DAGs
[2024-08-11T10:01:47.727+0000] {logging_mixin.py:188} INFO - [2024-08-11T10:01:47.726+0000] {dag.py:3947} INFO - Setting next_dagrun for example_setup_teardown to 2024-08-10 00:00:00+00:00, run_after=2024-08-11 00:00:00+00:00
[2024-08-11T10:01:47.739+0000] {processor.py:183} INFO - Processing /home/airflow/.local/lib/python3.12/site-packages/airflow/example_dags/example_setup_teardown.py took 0.062 seconds
