[2024-08-11T09:31:30.652+0000] {processor.py:161} INFO - Started process (PID=76) to work on /home/airflow/.local/lib/python3.12/site-packages/airflow/example_dags/example_subdag_operator.py
[2024-08-11T09:31:30.654+0000] {processor.py:830} INFO - Processing file /home/airflow/.local/lib/python3.12/site-packages/airflow/example_dags/example_subdag_operator.py for tasks to queue
[2024-08-11T09:31:30.656+0000] {logging_mixin.py:188} INFO - [2024-08-11T09:31:30.656+0000] {dagbag.py:545} INFO - Filling up the DagBag from /home/airflow/.local/lib/python3.12/site-packages/airflow/example_dags/example_subdag_operator.py
[2024-08-11T09:31:30.670+0000] {processor.py:840} INFO - DAG(s) 'example_subdag_operator.section-1', 'example_subdag_operator.section-2', 'example_subdag_operator' retrieved from /home/airflow/.local/lib/python3.12/site-packages/airflow/example_dags/example_subdag_operator.py
[2024-08-11T09:31:30.672+0000] {logging_mixin.py:188} INFO - [2024-08-11T09:31:30.672+0000] {dag.py:3089} INFO - Sync 3 DAGs
[2024-08-11T09:31:30.686+0000] {logging_mixin.py:188} INFO - [2024-08-11T09:31:30.685+0000] {dag.py:3947} INFO - Setting next_dagrun for example_subdag_operator to 2022-01-01 00:00:00+00:00, run_after=2022-01-01 00:00:00+00:00
[2024-08-11T09:31:30.688+0000] {logging_mixin.py:188} INFO - [2024-08-11T09:31:30.688+0000] {dag.py:3947} INFO - Setting next_dagrun for example_subdag_operator.section-1 to None, run_after=None
[2024-08-11T09:31:30.689+0000] {logging_mixin.py:188} INFO - [2024-08-11T09:31:30.689+0000] {dag.py:3947} INFO - Setting next_dagrun for example_subdag_operator.section-2 to None, run_after=None
[2024-08-11T09:31:30.693+0000] {logging_mixin.py:188} INFO - [2024-08-11T09:31:30.693+0000] {dag.py:3089} INFO - Sync 2 DAGs
[2024-08-11T09:31:30.697+0000] {logging_mixin.py:188} INFO - [2024-08-11T09:31:30.696+0000] {dag.py:3947} INFO - Setting next_dagrun for example_subdag_operator.section-1 to None, run_after=None
[2024-08-11T09:31:30.698+0000] {logging_mixin.py:188} INFO - [2024-08-11T09:31:30.698+0000] {dag.py:3947} INFO - Setting next_dagrun for example_subdag_operator.section-2 to None, run_after=None
[2024-08-11T09:31:30.706+0000] {processor.py:183} INFO - Processing /home/airflow/.local/lib/python3.12/site-packages/airflow/example_dags/example_subdag_operator.py took 0.058 seconds
[2024-08-11T09:32:00.945+0000] {processor.py:161} INFO - Started process (PID=134) to work on /home/airflow/.local/lib/python3.12/site-packages/airflow/example_dags/example_subdag_operator.py
[2024-08-11T09:32:00.946+0000] {processor.py:830} INFO - Processing file /home/airflow/.local/lib/python3.12/site-packages/airflow/example_dags/example_subdag_operator.py for tasks to queue
[2024-08-11T09:32:00.946+0000] {logging_mixin.py:188} INFO - [2024-08-11T09:32:00.946+0000] {dagbag.py:545} INFO - Filling up the DagBag from /home/airflow/.local/lib/python3.12/site-packages/airflow/example_dags/example_subdag_operator.py
[2024-08-11T09:32:00.958+0000] {processor.py:840} INFO - DAG(s) 'example_subdag_operator.section-1', 'example_subdag_operator.section-2', 'example_subdag_operator' retrieved from /home/airflow/.local/lib/python3.12/site-packages/airflow/example_dags/example_subdag_operator.py
[2024-08-11T09:32:00.997+0000] {logging_mixin.py:188} INFO - [2024-08-11T09:32:00.996+0000] {dag.py:3089} INFO - Sync 3 DAGs
[2024-08-11T09:32:01.006+0000] {logging_mixin.py:188} INFO - [2024-08-11T09:32:01.006+0000] {dag.py:3947} INFO - Setting next_dagrun for example_subdag_operator to 2022-01-01 00:00:00+00:00, run_after=2022-01-01 00:00:00+00:00
[2024-08-11T09:32:01.007+0000] {logging_mixin.py:188} INFO - [2024-08-11T09:32:01.007+0000] {dag.py:3947} INFO - Setting next_dagrun for example_subdag_operator.section-1 to None, run_after=None
[2024-08-11T09:32:01.008+0000] {logging_mixin.py:188} INFO - [2024-08-11T09:32:01.008+0000] {dag.py:3947} INFO - Setting next_dagrun for example_subdag_operator.section-2 to None, run_after=None
[2024-08-11T09:32:01.011+0000] {logging_mixin.py:188} INFO - [2024-08-11T09:32:01.011+0000] {dag.py:3089} INFO - Sync 2 DAGs
[2024-08-11T09:32:01.013+0000] {logging_mixin.py:188} INFO - [2024-08-11T09:32:01.013+0000] {dag.py:3947} INFO - Setting next_dagrun for example_subdag_operator.section-1 to None, run_after=None
[2024-08-11T09:32:01.014+0000] {logging_mixin.py:188} INFO - [2024-08-11T09:32:01.014+0000] {dag.py:3947} INFO - Setting next_dagrun for example_subdag_operator.section-2 to None, run_after=None
[2024-08-11T09:32:01.019+0000] {processor.py:183} INFO - Processing /home/airflow/.local/lib/python3.12/site-packages/airflow/example_dags/example_subdag_operator.py took 0.076 seconds
[2024-08-11T09:32:31.862+0000] {processor.py:161} INFO - Started process (PID=192) to work on /home/airflow/.local/lib/python3.12/site-packages/airflow/example_dags/example_subdag_operator.py
[2024-08-11T09:32:31.865+0000] {processor.py:830} INFO - Processing file /home/airflow/.local/lib/python3.12/site-packages/airflow/example_dags/example_subdag_operator.py for tasks to queue
[2024-08-11T09:32:31.867+0000] {logging_mixin.py:188} INFO - [2024-08-11T09:32:31.866+0000] {dagbag.py:545} INFO - Filling up the DagBag from /home/airflow/.local/lib/python3.12/site-packages/airflow/example_dags/example_subdag_operator.py
[2024-08-11T09:32:31.882+0000] {processor.py:840} INFO - DAG(s) 'example_subdag_operator.section-1', 'example_subdag_operator.section-2', 'example_subdag_operator' retrieved from /home/airflow/.local/lib/python3.12/site-packages/airflow/example_dags/example_subdag_operator.py
[2024-08-11T09:32:31.891+0000] {logging_mixin.py:188} INFO - [2024-08-11T09:32:31.891+0000] {dag.py:3089} INFO - Sync 3 DAGs
[2024-08-11T09:32:31.902+0000] {logging_mixin.py:188} INFO - [2024-08-11T09:32:31.902+0000] {dag.py:3947} INFO - Setting next_dagrun for example_subdag_operator to 2022-01-01 00:00:00+00:00, run_after=2022-01-01 00:00:00+00:00
[2024-08-11T09:32:31.906+0000] {logging_mixin.py:188} INFO - [2024-08-11T09:32:31.906+0000] {dag.py:3947} INFO - Setting next_dagrun for example_subdag_operator.section-1 to None, run_after=None
[2024-08-11T09:32:31.908+0000] {logging_mixin.py:188} INFO - [2024-08-11T09:32:31.908+0000] {dag.py:3947} INFO - Setting next_dagrun for example_subdag_operator.section-2 to None, run_after=None
[2024-08-11T09:32:31.912+0000] {logging_mixin.py:188} INFO - [2024-08-11T09:32:31.912+0000] {dag.py:3089} INFO - Sync 2 DAGs
[2024-08-11T09:32:31.914+0000] {logging_mixin.py:188} INFO - [2024-08-11T09:32:31.914+0000] {dag.py:3947} INFO - Setting next_dagrun for example_subdag_operator.section-1 to None, run_after=None
[2024-08-11T09:32:31.918+0000] {logging_mixin.py:188} INFO - [2024-08-11T09:32:31.918+0000] {dag.py:3947} INFO - Setting next_dagrun for example_subdag_operator.section-2 to None, run_after=None
[2024-08-11T09:32:31.924+0000] {processor.py:183} INFO - Processing /home/airflow/.local/lib/python3.12/site-packages/airflow/example_dags/example_subdag_operator.py took 0.065 seconds
[2024-08-11T09:33:02.604+0000] {processor.py:161} INFO - Started process (PID=250) to work on /home/airflow/.local/lib/python3.12/site-packages/airflow/example_dags/example_subdag_operator.py
[2024-08-11T09:33:02.604+0000] {processor.py:830} INFO - Processing file /home/airflow/.local/lib/python3.12/site-packages/airflow/example_dags/example_subdag_operator.py for tasks to queue
[2024-08-11T09:33:02.606+0000] {logging_mixin.py:188} INFO - [2024-08-11T09:33:02.606+0000] {dagbag.py:545} INFO - Filling up the DagBag from /home/airflow/.local/lib/python3.12/site-packages/airflow/example_dags/example_subdag_operator.py
[2024-08-11T09:33:02.621+0000] {processor.py:840} INFO - DAG(s) 'example_subdag_operator.section-1', 'example_subdag_operator.section-2', 'example_subdag_operator' retrieved from /home/airflow/.local/lib/python3.12/site-packages/airflow/example_dags/example_subdag_operator.py
[2024-08-11T09:33:02.631+0000] {logging_mixin.py:188} INFO - [2024-08-11T09:33:02.631+0000] {dag.py:3089} INFO - Sync 3 DAGs
[2024-08-11T09:33:02.641+0000] {logging_mixin.py:188} INFO - [2024-08-11T09:33:02.641+0000] {dag.py:3947} INFO - Setting next_dagrun for example_subdag_operator to 2022-01-01 00:00:00+00:00, run_after=2022-01-01 00:00:00+00:00
[2024-08-11T09:33:02.645+0000] {logging_mixin.py:188} INFO - [2024-08-11T09:33:02.644+0000] {dag.py:3947} INFO - Setting next_dagrun for example_subdag_operator.section-1 to None, run_after=None
[2024-08-11T09:33:02.645+0000] {logging_mixin.py:188} INFO - [2024-08-11T09:33:02.645+0000] {dag.py:3947} INFO - Setting next_dagrun for example_subdag_operator.section-2 to None, run_after=None
[2024-08-11T09:33:02.648+0000] {logging_mixin.py:188} INFO - [2024-08-11T09:33:02.648+0000] {dag.py:3089} INFO - Sync 2 DAGs
[2024-08-11T09:33:02.651+0000] {logging_mixin.py:188} INFO - [2024-08-11T09:33:02.651+0000] {dag.py:3947} INFO - Setting next_dagrun for example_subdag_operator.section-1 to None, run_after=None
[2024-08-11T09:33:02.652+0000] {logging_mixin.py:188} INFO - [2024-08-11T09:33:02.652+0000] {dag.py:3947} INFO - Setting next_dagrun for example_subdag_operator.section-2 to None, run_after=None
[2024-08-11T09:33:02.656+0000] {processor.py:183} INFO - Processing /home/airflow/.local/lib/python3.12/site-packages/airflow/example_dags/example_subdag_operator.py took 0.055 seconds
[2024-08-11T09:33:33.295+0000] {processor.py:161} INFO - Started process (PID=308) to work on /home/airflow/.local/lib/python3.12/site-packages/airflow/example_dags/example_subdag_operator.py
[2024-08-11T09:33:33.296+0000] {processor.py:830} INFO - Processing file /home/airflow/.local/lib/python3.12/site-packages/airflow/example_dags/example_subdag_operator.py for tasks to queue
[2024-08-11T09:33:33.297+0000] {logging_mixin.py:188} INFO - [2024-08-11T09:33:33.297+0000] {dagbag.py:545} INFO - Filling up the DagBag from /home/airflow/.local/lib/python3.12/site-packages/airflow/example_dags/example_subdag_operator.py
[2024-08-11T09:33:33.310+0000] {processor.py:840} INFO - DAG(s) 'example_subdag_operator.section-1', 'example_subdag_operator.section-2', 'example_subdag_operator' retrieved from /home/airflow/.local/lib/python3.12/site-packages/airflow/example_dags/example_subdag_operator.py
[2024-08-11T09:33:33.319+0000] {logging_mixin.py:188} INFO - [2024-08-11T09:33:33.319+0000] {dag.py:3089} INFO - Sync 3 DAGs
[2024-08-11T09:33:33.330+0000] {logging_mixin.py:188} INFO - [2024-08-11T09:33:33.330+0000] {dag.py:3947} INFO - Setting next_dagrun for example_subdag_operator to 2022-01-01 00:00:00+00:00, run_after=2022-01-01 00:00:00+00:00
[2024-08-11T09:33:33.333+0000] {logging_mixin.py:188} INFO - [2024-08-11T09:33:33.333+0000] {dag.py:3947} INFO - Setting next_dagrun for example_subdag_operator.section-1 to None, run_after=None
[2024-08-11T09:33:33.336+0000] {logging_mixin.py:188} INFO - [2024-08-11T09:33:33.336+0000] {dag.py:3947} INFO - Setting next_dagrun for example_subdag_operator.section-2 to None, run_after=None
[2024-08-11T09:33:33.340+0000] {logging_mixin.py:188} INFO - [2024-08-11T09:33:33.340+0000] {dag.py:3089} INFO - Sync 2 DAGs
[2024-08-11T09:33:33.345+0000] {logging_mixin.py:188} INFO - [2024-08-11T09:33:33.344+0000] {dag.py:3947} INFO - Setting next_dagrun for example_subdag_operator.section-1 to None, run_after=None
[2024-08-11T09:33:33.347+0000] {logging_mixin.py:188} INFO - [2024-08-11T09:33:33.347+0000] {dag.py:3947} INFO - Setting next_dagrun for example_subdag_operator.section-2 to None, run_after=None
[2024-08-11T09:33:33.358+0000] {processor.py:183} INFO - Processing /home/airflow/.local/lib/python3.12/site-packages/airflow/example_dags/example_subdag_operator.py took 0.066 seconds
[2024-08-11T09:34:04.215+0000] {processor.py:161} INFO - Started process (PID=372) to work on /home/airflow/.local/lib/python3.12/site-packages/airflow/example_dags/example_subdag_operator.py
[2024-08-11T09:34:04.217+0000] {processor.py:830} INFO - Processing file /home/airflow/.local/lib/python3.12/site-packages/airflow/example_dags/example_subdag_operator.py for tasks to queue
[2024-08-11T09:34:04.218+0000] {logging_mixin.py:188} INFO - [2024-08-11T09:34:04.218+0000] {dagbag.py:545} INFO - Filling up the DagBag from /home/airflow/.local/lib/python3.12/site-packages/airflow/example_dags/example_subdag_operator.py
[2024-08-11T09:34:04.232+0000] {processor.py:840} INFO - DAG(s) 'example_subdag_operator.section-1', 'example_subdag_operator.section-2', 'example_subdag_operator' retrieved from /home/airflow/.local/lib/python3.12/site-packages/airflow/example_dags/example_subdag_operator.py
[2024-08-11T09:34:04.246+0000] {logging_mixin.py:188} INFO - [2024-08-11T09:34:04.245+0000] {dag.py:3089} INFO - Sync 3 DAGs
[2024-08-11T09:34:04.257+0000] {logging_mixin.py:188} INFO - [2024-08-11T09:34:04.256+0000] {dag.py:3947} INFO - Setting next_dagrun for example_subdag_operator to 2022-01-01 00:00:00+00:00, run_after=2022-01-01 00:00:00+00:00
[2024-08-11T09:34:04.258+0000] {logging_mixin.py:188} INFO - [2024-08-11T09:34:04.258+0000] {dag.py:3947} INFO - Setting next_dagrun for example_subdag_operator.section-1 to None, run_after=None
[2024-08-11T09:34:04.259+0000] {logging_mixin.py:188} INFO - [2024-08-11T09:34:04.259+0000] {dag.py:3947} INFO - Setting next_dagrun for example_subdag_operator.section-2 to None, run_after=None
[2024-08-11T09:34:04.263+0000] {logging_mixin.py:188} INFO - [2024-08-11T09:34:04.263+0000] {dag.py:3089} INFO - Sync 2 DAGs
[2024-08-11T09:34:04.265+0000] {logging_mixin.py:188} INFO - [2024-08-11T09:34:04.265+0000] {dag.py:3947} INFO - Setting next_dagrun for example_subdag_operator.section-1 to None, run_after=None
[2024-08-11T09:34:04.266+0000] {logging_mixin.py:188} INFO - [2024-08-11T09:34:04.266+0000] {dag.py:3947} INFO - Setting next_dagrun for example_subdag_operator.section-2 to None, run_after=None
[2024-08-11T09:34:04.271+0000] {processor.py:183} INFO - Processing /home/airflow/.local/lib/python3.12/site-packages/airflow/example_dags/example_subdag_operator.py took 0.060 seconds
[2024-08-11T09:34:34.951+0000] {processor.py:161} INFO - Started process (PID=430) to work on /home/airflow/.local/lib/python3.12/site-packages/airflow/example_dags/example_subdag_operator.py
[2024-08-11T09:34:34.952+0000] {processor.py:830} INFO - Processing file /home/airflow/.local/lib/python3.12/site-packages/airflow/example_dags/example_subdag_operator.py for tasks to queue
[2024-08-11T09:34:34.953+0000] {logging_mixin.py:188} INFO - [2024-08-11T09:34:34.953+0000] {dagbag.py:545} INFO - Filling up the DagBag from /home/airflow/.local/lib/python3.12/site-packages/airflow/example_dags/example_subdag_operator.py
[2024-08-11T09:34:34.966+0000] {processor.py:840} INFO - DAG(s) 'example_subdag_operator.section-1', 'example_subdag_operator.section-2', 'example_subdag_operator' retrieved from /home/airflow/.local/lib/python3.12/site-packages/airflow/example_dags/example_subdag_operator.py
[2024-08-11T09:34:34.974+0000] {logging_mixin.py:188} INFO - [2024-08-11T09:34:34.974+0000] {dag.py:3089} INFO - Sync 3 DAGs
[2024-08-11T09:34:34.986+0000] {logging_mixin.py:188} INFO - [2024-08-11T09:34:34.985+0000] {dag.py:3947} INFO - Setting next_dagrun for example_subdag_operator to 2022-01-01 00:00:00+00:00, run_after=2022-01-01 00:00:00+00:00
[2024-08-11T09:34:34.988+0000] {logging_mixin.py:188} INFO - [2024-08-11T09:34:34.988+0000] {dag.py:3947} INFO - Setting next_dagrun for example_subdag_operator.section-1 to None, run_after=None
[2024-08-11T09:34:34.990+0000] {logging_mixin.py:188} INFO - [2024-08-11T09:34:34.990+0000] {dag.py:3947} INFO - Setting next_dagrun for example_subdag_operator.section-2 to None, run_after=None
[2024-08-11T09:34:34.995+0000] {logging_mixin.py:188} INFO - [2024-08-11T09:34:34.995+0000] {dag.py:3089} INFO - Sync 2 DAGs
[2024-08-11T09:34:34.998+0000] {logging_mixin.py:188} INFO - [2024-08-11T09:34:34.998+0000] {dag.py:3947} INFO - Setting next_dagrun for example_subdag_operator.section-1 to None, run_after=None
[2024-08-11T09:34:34.998+0000] {logging_mixin.py:188} INFO - [2024-08-11T09:34:34.998+0000] {dag.py:3947} INFO - Setting next_dagrun for example_subdag_operator.section-2 to None, run_after=None
[2024-08-11T09:34:35.007+0000] {processor.py:183} INFO - Processing /home/airflow/.local/lib/python3.12/site-packages/airflow/example_dags/example_subdag_operator.py took 0.059 seconds
[2024-08-11T09:35:05.790+0000] {processor.py:161} INFO - Started process (PID=488) to work on /home/airflow/.local/lib/python3.12/site-packages/airflow/example_dags/example_subdag_operator.py
[2024-08-11T09:35:05.792+0000] {processor.py:830} INFO - Processing file /home/airflow/.local/lib/python3.12/site-packages/airflow/example_dags/example_subdag_operator.py for tasks to queue
[2024-08-11T09:35:05.793+0000] {logging_mixin.py:188} INFO - [2024-08-11T09:35:05.793+0000] {dagbag.py:545} INFO - Filling up the DagBag from /home/airflow/.local/lib/python3.12/site-packages/airflow/example_dags/example_subdag_operator.py
[2024-08-11T09:35:05.807+0000] {processor.py:840} INFO - DAG(s) 'example_subdag_operator.section-1', 'example_subdag_operator.section-2', 'example_subdag_operator' retrieved from /home/airflow/.local/lib/python3.12/site-packages/airflow/example_dags/example_subdag_operator.py
[2024-08-11T09:35:05.815+0000] {logging_mixin.py:188} INFO - [2024-08-11T09:35:05.815+0000] {dag.py:3089} INFO - Sync 3 DAGs
[2024-08-11T09:35:05.826+0000] {logging_mixin.py:188} INFO - [2024-08-11T09:35:05.826+0000] {dag.py:3947} INFO - Setting next_dagrun for example_subdag_operator to 2022-01-01 00:00:00+00:00, run_after=2022-01-01 00:00:00+00:00
[2024-08-11T09:35:05.829+0000] {logging_mixin.py:188} INFO - [2024-08-11T09:35:05.829+0000] {dag.py:3947} INFO - Setting next_dagrun for example_subdag_operator.section-1 to None, run_after=None
[2024-08-11T09:35:05.831+0000] {logging_mixin.py:188} INFO - [2024-08-11T09:35:05.831+0000] {dag.py:3947} INFO - Setting next_dagrun for example_subdag_operator.section-2 to None, run_after=None
[2024-08-11T09:35:05.834+0000] {logging_mixin.py:188} INFO - [2024-08-11T09:35:05.834+0000] {dag.py:3089} INFO - Sync 2 DAGs
[2024-08-11T09:35:05.838+0000] {logging_mixin.py:188} INFO - [2024-08-11T09:35:05.838+0000] {dag.py:3947} INFO - Setting next_dagrun for example_subdag_operator.section-1 to None, run_after=None
[2024-08-11T09:35:05.839+0000] {logging_mixin.py:188} INFO - [2024-08-11T09:35:05.839+0000] {dag.py:3947} INFO - Setting next_dagrun for example_subdag_operator.section-2 to None, run_after=None
[2024-08-11T09:35:05.845+0000] {processor.py:183} INFO - Processing /home/airflow/.local/lib/python3.12/site-packages/airflow/example_dags/example_subdag_operator.py took 0.059 seconds
[2024-08-11T09:58:29.320+0000] {processor.py:161} INFO - Started process (PID=74) to work on /home/airflow/.local/lib/python3.12/site-packages/airflow/example_dags/example_subdag_operator.py
[2024-08-11T09:58:29.321+0000] {processor.py:830} INFO - Processing file /home/airflow/.local/lib/python3.12/site-packages/airflow/example_dags/example_subdag_operator.py for tasks to queue
[2024-08-11T09:58:29.322+0000] {logging_mixin.py:188} INFO - [2024-08-11T09:58:29.322+0000] {dagbag.py:545} INFO - Filling up the DagBag from /home/airflow/.local/lib/python3.12/site-packages/airflow/example_dags/example_subdag_operator.py
[2024-08-11T09:58:29.337+0000] {processor.py:840} INFO - DAG(s) 'example_subdag_operator.section-1', 'example_subdag_operator.section-2', 'example_subdag_operator' retrieved from /home/airflow/.local/lib/python3.12/site-packages/airflow/example_dags/example_subdag_operator.py
[2024-08-11T09:58:29.347+0000] {logging_mixin.py:188} INFO - [2024-08-11T09:58:29.347+0000] {dag.py:3089} INFO - Sync 3 DAGs
[2024-08-11T09:58:29.363+0000] {logging_mixin.py:188} INFO - [2024-08-11T09:58:29.363+0000] {dag.py:3947} INFO - Setting next_dagrun for example_subdag_operator to 2022-01-01 00:00:00+00:00, run_after=2022-01-01 00:00:00+00:00
[2024-08-11T09:58:29.366+0000] {logging_mixin.py:188} INFO - [2024-08-11T09:58:29.366+0000] {dag.py:3947} INFO - Setting next_dagrun for example_subdag_operator.section-1 to None, run_after=None
[2024-08-11T09:58:29.367+0000] {logging_mixin.py:188} INFO - [2024-08-11T09:58:29.367+0000] {dag.py:3947} INFO - Setting next_dagrun for example_subdag_operator.section-2 to None, run_after=None
[2024-08-11T09:58:29.375+0000] {logging_mixin.py:188} INFO - [2024-08-11T09:58:29.375+0000] {dag.py:3089} INFO - Sync 2 DAGs
[2024-08-11T09:58:29.380+0000] {logging_mixin.py:188} INFO - [2024-08-11T09:58:29.380+0000] {dag.py:3947} INFO - Setting next_dagrun for example_subdag_operator.section-1 to None, run_after=None
[2024-08-11T09:58:29.382+0000] {logging_mixin.py:188} INFO - [2024-08-11T09:58:29.382+0000] {dag.py:3947} INFO - Setting next_dagrun for example_subdag_operator.section-2 to None, run_after=None
[2024-08-11T09:58:29.396+0000] {processor.py:183} INFO - Processing /home/airflow/.local/lib/python3.12/site-packages/airflow/example_dags/example_subdag_operator.py took 0.079 seconds
[2024-08-11T09:59:00.360+0000] {processor.py:161} INFO - Started process (PID=132) to work on /home/airflow/.local/lib/python3.12/site-packages/airflow/example_dags/example_subdag_operator.py
[2024-08-11T09:59:00.362+0000] {processor.py:830} INFO - Processing file /home/airflow/.local/lib/python3.12/site-packages/airflow/example_dags/example_subdag_operator.py for tasks to queue
[2024-08-11T09:59:00.363+0000] {logging_mixin.py:188} INFO - [2024-08-11T09:59:00.363+0000] {dagbag.py:545} INFO - Filling up the DagBag from /home/airflow/.local/lib/python3.12/site-packages/airflow/example_dags/example_subdag_operator.py
[2024-08-11T09:59:00.380+0000] {processor.py:840} INFO - DAG(s) 'example_subdag_operator.section-1', 'example_subdag_operator.section-2', 'example_subdag_operator' retrieved from /home/airflow/.local/lib/python3.12/site-packages/airflow/example_dags/example_subdag_operator.py
[2024-08-11T09:59:00.383+0000] {logging_mixin.py:188} INFO - [2024-08-11T09:59:00.383+0000] {dag.py:3089} INFO - Sync 3 DAGs
[2024-08-11T09:59:00.397+0000] {logging_mixin.py:188} INFO - [2024-08-11T09:59:00.397+0000] {dag.py:3947} INFO - Setting next_dagrun for example_subdag_operator to 2022-01-01 00:00:00+00:00, run_after=2022-01-01 00:00:00+00:00
[2024-08-11T09:59:00.399+0000] {logging_mixin.py:188} INFO - [2024-08-11T09:59:00.399+0000] {dag.py:3947} INFO - Setting next_dagrun for example_subdag_operator.section-1 to None, run_after=None
[2024-08-11T09:59:00.399+0000] {logging_mixin.py:188} INFO - [2024-08-11T09:59:00.399+0000] {dag.py:3947} INFO - Setting next_dagrun for example_subdag_operator.section-2 to None, run_after=None
[2024-08-11T09:59:00.403+0000] {logging_mixin.py:188} INFO - [2024-08-11T09:59:00.402+0000] {dag.py:3089} INFO - Sync 2 DAGs
[2024-08-11T09:59:00.405+0000] {logging_mixin.py:188} INFO - [2024-08-11T09:59:00.405+0000] {dag.py:3947} INFO - Setting next_dagrun for example_subdag_operator.section-1 to None, run_after=None
[2024-08-11T09:59:00.405+0000] {logging_mixin.py:188} INFO - [2024-08-11T09:59:00.405+0000] {dag.py:3947} INFO - Setting next_dagrun for example_subdag_operator.section-2 to None, run_after=None
[2024-08-11T09:59:00.410+0000] {processor.py:183} INFO - Processing /home/airflow/.local/lib/python3.12/site-packages/airflow/example_dags/example_subdag_operator.py took 0.053 seconds
[2024-08-11T09:59:45.268+0000] {processor.py:161} INFO - Started process (PID=77) to work on /home/airflow/.local/lib/python3.12/site-packages/airflow/example_dags/example_subdag_operator.py
[2024-08-11T09:59:45.269+0000] {processor.py:830} INFO - Processing file /home/airflow/.local/lib/python3.12/site-packages/airflow/example_dags/example_subdag_operator.py for tasks to queue
[2024-08-11T09:59:45.270+0000] {logging_mixin.py:188} INFO - [2024-08-11T09:59:45.270+0000] {dagbag.py:545} INFO - Filling up the DagBag from /home/airflow/.local/lib/python3.12/site-packages/airflow/example_dags/example_subdag_operator.py
[2024-08-11T09:59:45.286+0000] {processor.py:840} INFO - DAG(s) 'example_subdag_operator.section-1', 'example_subdag_operator.section-2', 'example_subdag_operator' retrieved from /home/airflow/.local/lib/python3.12/site-packages/airflow/example_dags/example_subdag_operator.py
[2024-08-11T09:59:45.289+0000] {logging_mixin.py:188} INFO - [2024-08-11T09:59:45.289+0000] {dag.py:3089} INFO - Sync 3 DAGs
[2024-08-11T09:59:45.302+0000] {logging_mixin.py:188} INFO - [2024-08-11T09:59:45.302+0000] {dag.py:3947} INFO - Setting next_dagrun for example_subdag_operator to 2022-01-01 00:00:00+00:00, run_after=2022-01-01 00:00:00+00:00
[2024-08-11T09:59:45.305+0000] {logging_mixin.py:188} INFO - [2024-08-11T09:59:45.305+0000] {dag.py:3947} INFO - Setting next_dagrun for example_subdag_operator.section-1 to None, run_after=None
[2024-08-11T09:59:45.305+0000] {logging_mixin.py:188} INFO - [2024-08-11T09:59:45.305+0000] {dag.py:3947} INFO - Setting next_dagrun for example_subdag_operator.section-2 to None, run_after=None
[2024-08-11T09:59:45.312+0000] {logging_mixin.py:188} INFO - [2024-08-11T09:59:45.312+0000] {dag.py:3089} INFO - Sync 2 DAGs
[2024-08-11T09:59:45.315+0000] {logging_mixin.py:188} INFO - [2024-08-11T09:59:45.314+0000] {dag.py:3947} INFO - Setting next_dagrun for example_subdag_operator.section-1 to None, run_after=None
[2024-08-11T09:59:45.315+0000] {logging_mixin.py:188} INFO - [2024-08-11T09:59:45.315+0000] {dag.py:3947} INFO - Setting next_dagrun for example_subdag_operator.section-2 to None, run_after=None
[2024-08-11T09:59:45.320+0000] {processor.py:183} INFO - Processing /home/airflow/.local/lib/python3.12/site-packages/airflow/example_dags/example_subdag_operator.py took 0.055 seconds
[2024-08-11T10:00:15.631+0000] {processor.py:161} INFO - Started process (PID=135) to work on /home/airflow/.local/lib/python3.12/site-packages/airflow/example_dags/example_subdag_operator.py
[2024-08-11T10:00:15.632+0000] {processor.py:830} INFO - Processing file /home/airflow/.local/lib/python3.12/site-packages/airflow/example_dags/example_subdag_operator.py for tasks to queue
[2024-08-11T10:00:15.634+0000] {logging_mixin.py:188} INFO - [2024-08-11T10:00:15.633+0000] {dagbag.py:545} INFO - Filling up the DagBag from /home/airflow/.local/lib/python3.12/site-packages/airflow/example_dags/example_subdag_operator.py
[2024-08-11T10:00:15.652+0000] {processor.py:840} INFO - DAG(s) 'example_subdag_operator.section-1', 'example_subdag_operator.section-2', 'example_subdag_operator' retrieved from /home/airflow/.local/lib/python3.12/site-packages/airflow/example_dags/example_subdag_operator.py
[2024-08-11T10:00:15.700+0000] {logging_mixin.py:188} INFO - [2024-08-11T10:00:15.700+0000] {dag.py:3089} INFO - Sync 3 DAGs
[2024-08-11T10:00:15.713+0000] {logging_mixin.py:188} INFO - [2024-08-11T10:00:15.713+0000] {dag.py:3947} INFO - Setting next_dagrun for example_subdag_operator to 2022-01-01 00:00:00+00:00, run_after=2022-01-01 00:00:00+00:00
[2024-08-11T10:00:15.714+0000] {logging_mixin.py:188} INFO - [2024-08-11T10:00:15.714+0000] {dag.py:3947} INFO - Setting next_dagrun for example_subdag_operator.section-1 to None, run_after=None
[2024-08-11T10:00:15.715+0000] {logging_mixin.py:188} INFO - [2024-08-11T10:00:15.715+0000] {dag.py:3947} INFO - Setting next_dagrun for example_subdag_operator.section-2 to None, run_after=None
[2024-08-11T10:00:15.721+0000] {logging_mixin.py:188} INFO - [2024-08-11T10:00:15.721+0000] {dag.py:3089} INFO - Sync 2 DAGs
[2024-08-11T10:00:15.724+0000] {logging_mixin.py:188} INFO - [2024-08-11T10:00:15.724+0000] {dag.py:3947} INFO - Setting next_dagrun for example_subdag_operator.section-1 to None, run_after=None
[2024-08-11T10:00:15.725+0000] {logging_mixin.py:188} INFO - [2024-08-11T10:00:15.725+0000] {dag.py:3947} INFO - Setting next_dagrun for example_subdag_operator.section-2 to None, run_after=None
[2024-08-11T10:00:15.734+0000] {processor.py:183} INFO - Processing /home/airflow/.local/lib/python3.12/site-packages/airflow/example_dags/example_subdag_operator.py took 0.106 seconds
[2024-08-11T10:00:46.619+0000] {processor.py:161} INFO - Started process (PID=193) to work on /home/airflow/.local/lib/python3.12/site-packages/airflow/example_dags/example_subdag_operator.py
[2024-08-11T10:00:46.619+0000] {processor.py:830} INFO - Processing file /home/airflow/.local/lib/python3.12/site-packages/airflow/example_dags/example_subdag_operator.py for tasks to queue
[2024-08-11T10:00:46.621+0000] {logging_mixin.py:188} INFO - [2024-08-11T10:00:46.621+0000] {dagbag.py:545} INFO - Filling up the DagBag from /home/airflow/.local/lib/python3.12/site-packages/airflow/example_dags/example_subdag_operator.py
[2024-08-11T10:00:46.635+0000] {processor.py:840} INFO - DAG(s) 'example_subdag_operator.section-1', 'example_subdag_operator.section-2', 'example_subdag_operator' retrieved from /home/airflow/.local/lib/python3.12/site-packages/airflow/example_dags/example_subdag_operator.py
[2024-08-11T10:00:46.643+0000] {logging_mixin.py:188} INFO - [2024-08-11T10:00:46.643+0000] {dag.py:3089} INFO - Sync 3 DAGs
[2024-08-11T10:00:46.654+0000] {logging_mixin.py:188} INFO - [2024-08-11T10:00:46.654+0000] {dag.py:3947} INFO - Setting next_dagrun for example_subdag_operator to 2022-01-01 00:00:00+00:00, run_after=2022-01-01 00:00:00+00:00
[2024-08-11T10:00:46.656+0000] {logging_mixin.py:188} INFO - [2024-08-11T10:00:46.656+0000] {dag.py:3947} INFO - Setting next_dagrun for example_subdag_operator.section-1 to None, run_after=None
[2024-08-11T10:00:46.657+0000] {logging_mixin.py:188} INFO - [2024-08-11T10:00:46.657+0000] {dag.py:3947} INFO - Setting next_dagrun for example_subdag_operator.section-2 to None, run_after=None
[2024-08-11T10:00:46.661+0000] {logging_mixin.py:188} INFO - [2024-08-11T10:00:46.661+0000] {dag.py:3089} INFO - Sync 2 DAGs
[2024-08-11T10:00:46.664+0000] {logging_mixin.py:188} INFO - [2024-08-11T10:00:46.663+0000] {dag.py:3947} INFO - Setting next_dagrun for example_subdag_operator.section-1 to None, run_after=None
[2024-08-11T10:00:46.664+0000] {logging_mixin.py:188} INFO - [2024-08-11T10:00:46.664+0000] {dag.py:3947} INFO - Setting next_dagrun for example_subdag_operator.section-2 to None, run_after=None
[2024-08-11T10:00:46.669+0000] {processor.py:183} INFO - Processing /home/airflow/.local/lib/python3.12/site-packages/airflow/example_dags/example_subdag_operator.py took 0.053 seconds
[2024-08-11T10:01:17.412+0000] {processor.py:161} INFO - Started process (PID=251) to work on /home/airflow/.local/lib/python3.12/site-packages/airflow/example_dags/example_subdag_operator.py
[2024-08-11T10:01:17.414+0000] {processor.py:830} INFO - Processing file /home/airflow/.local/lib/python3.12/site-packages/airflow/example_dags/example_subdag_operator.py for tasks to queue
[2024-08-11T10:01:17.417+0000] {logging_mixin.py:188} INFO - [2024-08-11T10:01:17.416+0000] {dagbag.py:545} INFO - Filling up the DagBag from /home/airflow/.local/lib/python3.12/site-packages/airflow/example_dags/example_subdag_operator.py
[2024-08-11T10:01:17.440+0000] {processor.py:840} INFO - DAG(s) 'example_subdag_operator.section-1', 'example_subdag_operator.section-2', 'example_subdag_operator' retrieved from /home/airflow/.local/lib/python3.12/site-packages/airflow/example_dags/example_subdag_operator.py
[2024-08-11T10:01:17.452+0000] {logging_mixin.py:188} INFO - [2024-08-11T10:01:17.452+0000] {dag.py:3089} INFO - Sync 3 DAGs
[2024-08-11T10:01:17.478+0000] {logging_mixin.py:188} INFO - [2024-08-11T10:01:17.478+0000] {dag.py:3947} INFO - Setting next_dagrun for example_subdag_operator to 2022-01-01 00:00:00+00:00, run_after=2022-01-01 00:00:00+00:00
[2024-08-11T10:01:17.485+0000] {logging_mixin.py:188} INFO - [2024-08-11T10:01:17.484+0000] {dag.py:3947} INFO - Setting next_dagrun for example_subdag_operator.section-1 to None, run_after=None
[2024-08-11T10:01:17.486+0000] {logging_mixin.py:188} INFO - [2024-08-11T10:01:17.486+0000] {dag.py:3947} INFO - Setting next_dagrun for example_subdag_operator.section-2 to None, run_after=None
[2024-08-11T10:01:17.493+0000] {logging_mixin.py:188} INFO - [2024-08-11T10:01:17.492+0000] {dag.py:3089} INFO - Sync 2 DAGs
[2024-08-11T10:01:17.502+0000] {logging_mixin.py:188} INFO - [2024-08-11T10:01:17.502+0000] {dag.py:3947} INFO - Setting next_dagrun for example_subdag_operator.section-1 to None, run_after=None
[2024-08-11T10:01:17.502+0000] {logging_mixin.py:188} INFO - [2024-08-11T10:01:17.502+0000] {dag.py:3947} INFO - Setting next_dagrun for example_subdag_operator.section-2 to None, run_after=None
[2024-08-11T10:01:17.511+0000] {processor.py:183} INFO - Processing /home/airflow/.local/lib/python3.12/site-packages/airflow/example_dags/example_subdag_operator.py took 0.102 seconds
[2024-08-11T10:01:47.691+0000] {processor.py:161} INFO - Started process (PID=309) to work on /home/airflow/.local/lib/python3.12/site-packages/airflow/example_dags/example_subdag_operator.py
[2024-08-11T10:01:47.692+0000] {processor.py:830} INFO - Processing file /home/airflow/.local/lib/python3.12/site-packages/airflow/example_dags/example_subdag_operator.py for tasks to queue
[2024-08-11T10:01:47.693+0000] {logging_mixin.py:188} INFO - [2024-08-11T10:01:47.693+0000] {dagbag.py:545} INFO - Filling up the DagBag from /home/airflow/.local/lib/python3.12/site-packages/airflow/example_dags/example_subdag_operator.py
[2024-08-11T10:01:47.717+0000] {processor.py:840} INFO - DAG(s) 'example_subdag_operator.section-1', 'example_subdag_operator.section-2', 'example_subdag_operator' retrieved from /home/airflow/.local/lib/python3.12/site-packages/airflow/example_dags/example_subdag_operator.py
[2024-08-11T10:01:47.726+0000] {logging_mixin.py:188} INFO - [2024-08-11T10:01:47.726+0000] {dag.py:3089} INFO - Sync 3 DAGs
[2024-08-11T10:01:47.739+0000] {logging_mixin.py:188} INFO - [2024-08-11T10:01:47.739+0000] {dag.py:3947} INFO - Setting next_dagrun for example_subdag_operator to 2022-01-01 00:00:00+00:00, run_after=2022-01-01 00:00:00+00:00
[2024-08-11T10:01:47.743+0000] {logging_mixin.py:188} INFO - [2024-08-11T10:01:47.743+0000] {dag.py:3947} INFO - Setting next_dagrun for example_subdag_operator.section-1 to None, run_after=None
[2024-08-11T10:01:47.744+0000] {logging_mixin.py:188} INFO - [2024-08-11T10:01:47.744+0000] {dag.py:3947} INFO - Setting next_dagrun for example_subdag_operator.section-2 to None, run_after=None
[2024-08-11T10:01:47.751+0000] {logging_mixin.py:188} INFO - [2024-08-11T10:01:47.751+0000] {dag.py:3089} INFO - Sync 2 DAGs
[2024-08-11T10:01:47.759+0000] {logging_mixin.py:188} INFO - [2024-08-11T10:01:47.759+0000] {dag.py:3947} INFO - Setting next_dagrun for example_subdag_operator.section-1 to None, run_after=None
[2024-08-11T10:01:47.760+0000] {logging_mixin.py:188} INFO - [2024-08-11T10:01:47.759+0000] {dag.py:3947} INFO - Setting next_dagrun for example_subdag_operator.section-2 to None, run_after=None
[2024-08-11T10:01:47.767+0000] {processor.py:183} INFO - Processing /home/airflow/.local/lib/python3.12/site-packages/airflow/example_dags/example_subdag_operator.py took 0.083 seconds
