[2024-08-11T09:31:30.213+0000] {processor.py:161} INFO - Started process (PID=65) to work on /home/airflow/.local/lib/python3.12/site-packages/airflow/example_dags/example_short_circuit_decorator.py
[2024-08-11T09:31:30.217+0000] {processor.py:830} INFO - Processing file /home/airflow/.local/lib/python3.12/site-packages/airflow/example_dags/example_short_circuit_decorator.py for tasks to queue
[2024-08-11T09:31:30.220+0000] {logging_mixin.py:188} INFO - [2024-08-11T09:31:30.219+0000] {dagbag.py:545} INFO - Filling up the DagBag from /home/airflow/.local/lib/python3.12/site-packages/airflow/example_dags/example_short_circuit_decorator.py
[2024-08-11T09:31:30.231+0000] {processor.py:840} INFO - DAG(s) 'example_short_circuit_decorator' retrieved from /home/airflow/.local/lib/python3.12/site-packages/airflow/example_dags/example_short_circuit_decorator.py
[2024-08-11T09:31:30.245+0000] {logging_mixin.py:188} INFO - [2024-08-11T09:31:30.245+0000] {dag.py:3089} INFO - Sync 1 DAGs
[2024-08-11T09:31:30.263+0000] {logging_mixin.py:188} INFO - [2024-08-11T09:31:30.263+0000] {dag.py:3947} INFO - Setting next_dagrun for example_short_circuit_decorator to 2024-08-10 00:00:00+00:00, run_after=2024-08-11 00:00:00+00:00
[2024-08-11T09:31:30.276+0000] {processor.py:183} INFO - Processing /home/airflow/.local/lib/python3.12/site-packages/airflow/example_dags/example_short_circuit_decorator.py took 0.067 seconds
[2024-08-11T09:32:00.362+0000] {processor.py:161} INFO - Started process (PID=123) to work on /home/airflow/.local/lib/python3.12/site-packages/airflow/example_dags/example_short_circuit_decorator.py
[2024-08-11T09:32:00.365+0000] {processor.py:830} INFO - Processing file /home/airflow/.local/lib/python3.12/site-packages/airflow/example_dags/example_short_circuit_decorator.py for tasks to queue
[2024-08-11T09:32:00.367+0000] {logging_mixin.py:188} INFO - [2024-08-11T09:32:00.367+0000] {dagbag.py:545} INFO - Filling up the DagBag from /home/airflow/.local/lib/python3.12/site-packages/airflow/example_dags/example_short_circuit_decorator.py
[2024-08-11T09:32:00.371+0000] {processor.py:840} INFO - DAG(s) 'example_short_circuit_decorator' retrieved from /home/airflow/.local/lib/python3.12/site-packages/airflow/example_dags/example_short_circuit_decorator.py
[2024-08-11T09:32:00.417+0000] {logging_mixin.py:188} INFO - [2024-08-11T09:32:00.417+0000] {dag.py:3089} INFO - Sync 1 DAGs
[2024-08-11T09:32:00.426+0000] {logging_mixin.py:188} INFO - [2024-08-11T09:32:00.426+0000] {dag.py:3947} INFO - Setting next_dagrun for example_short_circuit_decorator to 2024-08-10 00:00:00+00:00, run_after=2024-08-11 00:00:00+00:00
[2024-08-11T09:32:00.437+0000] {processor.py:183} INFO - Processing /home/airflow/.local/lib/python3.12/site-packages/airflow/example_dags/example_short_circuit_decorator.py took 0.078 seconds
[2024-08-11T09:32:30.534+0000] {processor.py:161} INFO - Started process (PID=181) to work on /home/airflow/.local/lib/python3.12/site-packages/airflow/example_dags/example_short_circuit_decorator.py
[2024-08-11T09:32:30.534+0000] {processor.py:830} INFO - Processing file /home/airflow/.local/lib/python3.12/site-packages/airflow/example_dags/example_short_circuit_decorator.py for tasks to queue
[2024-08-11T09:32:30.536+0000] {logging_mixin.py:188} INFO - [2024-08-11T09:32:30.535+0000] {dagbag.py:545} INFO - Filling up the DagBag from /home/airflow/.local/lib/python3.12/site-packages/airflow/example_dags/example_short_circuit_decorator.py
[2024-08-11T09:32:30.541+0000] {processor.py:840} INFO - DAG(s) 'example_short_circuit_decorator' retrieved from /home/airflow/.local/lib/python3.12/site-packages/airflow/example_dags/example_short_circuit_decorator.py
[2024-08-11T09:32:30.553+0000] {logging_mixin.py:188} INFO - [2024-08-11T09:32:30.553+0000] {dag.py:3089} INFO - Sync 1 DAGs
[2024-08-11T09:32:30.567+0000] {logging_mixin.py:188} INFO - [2024-08-11T09:32:30.566+0000] {dag.py:3947} INFO - Setting next_dagrun for example_short_circuit_decorator to 2024-08-10 00:00:00+00:00, run_after=2024-08-11 00:00:00+00:00
[2024-08-11T09:32:30.580+0000] {processor.py:183} INFO - Processing /home/airflow/.local/lib/python3.12/site-packages/airflow/example_dags/example_short_circuit_decorator.py took 0.050 seconds
[2024-08-11T09:33:01.197+0000] {processor.py:161} INFO - Started process (PID=239) to work on /home/airflow/.local/lib/python3.12/site-packages/airflow/example_dags/example_short_circuit_decorator.py
[2024-08-11T09:33:01.200+0000] {processor.py:830} INFO - Processing file /home/airflow/.local/lib/python3.12/site-packages/airflow/example_dags/example_short_circuit_decorator.py for tasks to queue
[2024-08-11T09:33:01.202+0000] {logging_mixin.py:188} INFO - [2024-08-11T09:33:01.202+0000] {dagbag.py:545} INFO - Filling up the DagBag from /home/airflow/.local/lib/python3.12/site-packages/airflow/example_dags/example_short_circuit_decorator.py
[2024-08-11T09:33:01.207+0000] {processor.py:840} INFO - DAG(s) 'example_short_circuit_decorator' retrieved from /home/airflow/.local/lib/python3.12/site-packages/airflow/example_dags/example_short_circuit_decorator.py
[2024-08-11T09:33:01.219+0000] {logging_mixin.py:188} INFO - [2024-08-11T09:33:01.219+0000] {dag.py:3089} INFO - Sync 1 DAGs
[2024-08-11T09:33:01.230+0000] {logging_mixin.py:188} INFO - [2024-08-11T09:33:01.230+0000] {dag.py:3947} INFO - Setting next_dagrun for example_short_circuit_decorator to 2024-08-10 00:00:00+00:00, run_after=2024-08-11 00:00:00+00:00
[2024-08-11T09:33:01.239+0000] {processor.py:183} INFO - Processing /home/airflow/.local/lib/python3.12/site-packages/airflow/example_dags/example_short_circuit_decorator.py took 0.045 seconds
[2024-08-11T09:33:31.975+0000] {processor.py:161} INFO - Started process (PID=297) to work on /home/airflow/.local/lib/python3.12/site-packages/airflow/example_dags/example_short_circuit_decorator.py
[2024-08-11T09:33:31.978+0000] {processor.py:830} INFO - Processing file /home/airflow/.local/lib/python3.12/site-packages/airflow/example_dags/example_short_circuit_decorator.py for tasks to queue
[2024-08-11T09:33:31.980+0000] {logging_mixin.py:188} INFO - [2024-08-11T09:33:31.979+0000] {dagbag.py:545} INFO - Filling up the DagBag from /home/airflow/.local/lib/python3.12/site-packages/airflow/example_dags/example_short_circuit_decorator.py
[2024-08-11T09:33:31.983+0000] {processor.py:840} INFO - DAG(s) 'example_short_circuit_decorator' retrieved from /home/airflow/.local/lib/python3.12/site-packages/airflow/example_dags/example_short_circuit_decorator.py
[2024-08-11T09:33:31.995+0000] {logging_mixin.py:188} INFO - [2024-08-11T09:33:31.995+0000] {dag.py:3089} INFO - Sync 1 DAGs
[2024-08-11T09:33:32.005+0000] {logging_mixin.py:188} INFO - [2024-08-11T09:33:32.005+0000] {dag.py:3947} INFO - Setting next_dagrun for example_short_circuit_decorator to 2024-08-10 00:00:00+00:00, run_after=2024-08-11 00:00:00+00:00
[2024-08-11T09:33:32.015+0000] {processor.py:183} INFO - Processing /home/airflow/.local/lib/python3.12/site-packages/airflow/example_dags/example_short_circuit_decorator.py took 0.043 seconds
[2024-08-11T09:34:02.847+0000] {processor.py:161} INFO - Started process (PID=355) to work on /home/airflow/.local/lib/python3.12/site-packages/airflow/example_dags/example_short_circuit_decorator.py
[2024-08-11T09:34:02.848+0000] {processor.py:830} INFO - Processing file /home/airflow/.local/lib/python3.12/site-packages/airflow/example_dags/example_short_circuit_decorator.py for tasks to queue
[2024-08-11T09:34:02.849+0000] {logging_mixin.py:188} INFO - [2024-08-11T09:34:02.849+0000] {dagbag.py:545} INFO - Filling up the DagBag from /home/airflow/.local/lib/python3.12/site-packages/airflow/example_dags/example_short_circuit_decorator.py
[2024-08-11T09:34:02.854+0000] {processor.py:840} INFO - DAG(s) 'example_short_circuit_decorator' retrieved from /home/airflow/.local/lib/python3.12/site-packages/airflow/example_dags/example_short_circuit_decorator.py
[2024-08-11T09:34:02.868+0000] {logging_mixin.py:188} INFO - [2024-08-11T09:34:02.868+0000] {dag.py:3089} INFO - Sync 1 DAGs
[2024-08-11T09:34:02.880+0000] {logging_mixin.py:188} INFO - [2024-08-11T09:34:02.880+0000] {dag.py:3947} INFO - Setting next_dagrun for example_short_circuit_decorator to 2024-08-10 00:00:00+00:00, run_after=2024-08-11 00:00:00+00:00
[2024-08-11T09:34:02.892+0000] {processor.py:183} INFO - Processing /home/airflow/.local/lib/python3.12/site-packages/airflow/example_dags/example_short_circuit_decorator.py took 0.047 seconds
[2024-08-11T09:34:33.629+0000] {processor.py:161} INFO - Started process (PID=413) to work on /home/airflow/.local/lib/python3.12/site-packages/airflow/example_dags/example_short_circuit_decorator.py
[2024-08-11T09:34:33.630+0000] {processor.py:830} INFO - Processing file /home/airflow/.local/lib/python3.12/site-packages/airflow/example_dags/example_short_circuit_decorator.py for tasks to queue
[2024-08-11T09:34:33.636+0000] {logging_mixin.py:188} INFO - [2024-08-11T09:34:33.636+0000] {dagbag.py:545} INFO - Filling up the DagBag from /home/airflow/.local/lib/python3.12/site-packages/airflow/example_dags/example_short_circuit_decorator.py
[2024-08-11T09:34:33.641+0000] {processor.py:840} INFO - DAG(s) 'example_short_circuit_decorator' retrieved from /home/airflow/.local/lib/python3.12/site-packages/airflow/example_dags/example_short_circuit_decorator.py
[2024-08-11T09:34:33.655+0000] {logging_mixin.py:188} INFO - [2024-08-11T09:34:33.654+0000] {dag.py:3089} INFO - Sync 1 DAGs
[2024-08-11T09:34:33.666+0000] {logging_mixin.py:188} INFO - [2024-08-11T09:34:33.666+0000] {dag.py:3947} INFO - Setting next_dagrun for example_short_circuit_decorator to 2024-08-10 00:00:00+00:00, run_after=2024-08-11 00:00:00+00:00
[2024-08-11T09:34:33.676+0000] {processor.py:183} INFO - Processing /home/airflow/.local/lib/python3.12/site-packages/airflow/example_dags/example_short_circuit_decorator.py took 0.050 seconds
[2024-08-11T09:35:04.433+0000] {processor.py:161} INFO - Started process (PID=477) to work on /home/airflow/.local/lib/python3.12/site-packages/airflow/example_dags/example_short_circuit_decorator.py
[2024-08-11T09:35:04.436+0000] {processor.py:830} INFO - Processing file /home/airflow/.local/lib/python3.12/site-packages/airflow/example_dags/example_short_circuit_decorator.py for tasks to queue
[2024-08-11T09:35:04.438+0000] {logging_mixin.py:188} INFO - [2024-08-11T09:35:04.438+0000] {dagbag.py:545} INFO - Filling up the DagBag from /home/airflow/.local/lib/python3.12/site-packages/airflow/example_dags/example_short_circuit_decorator.py
[2024-08-11T09:35:04.443+0000] {processor.py:840} INFO - DAG(s) 'example_short_circuit_decorator' retrieved from /home/airflow/.local/lib/python3.12/site-packages/airflow/example_dags/example_short_circuit_decorator.py
[2024-08-11T09:35:04.456+0000] {logging_mixin.py:188} INFO - [2024-08-11T09:35:04.456+0000] {dag.py:3089} INFO - Sync 1 DAGs
[2024-08-11T09:35:04.468+0000] {logging_mixin.py:188} INFO - [2024-08-11T09:35:04.468+0000] {dag.py:3947} INFO - Setting next_dagrun for example_short_circuit_decorator to 2024-08-10 00:00:00+00:00, run_after=2024-08-11 00:00:00+00:00
[2024-08-11T09:35:04.481+0000] {processor.py:183} INFO - Processing /home/airflow/.local/lib/python3.12/site-packages/airflow/example_dags/example_short_circuit_decorator.py took 0.051 seconds
[2024-08-11T09:58:28.680+0000] {processor.py:161} INFO - Started process (PID=63) to work on /home/airflow/.local/lib/python3.12/site-packages/airflow/example_dags/example_short_circuit_decorator.py
[2024-08-11T09:58:28.681+0000] {processor.py:830} INFO - Processing file /home/airflow/.local/lib/python3.12/site-packages/airflow/example_dags/example_short_circuit_decorator.py for tasks to queue
[2024-08-11T09:58:28.683+0000] {logging_mixin.py:188} INFO - [2024-08-11T09:58:28.683+0000] {dagbag.py:545} INFO - Filling up the DagBag from /home/airflow/.local/lib/python3.12/site-packages/airflow/example_dags/example_short_circuit_decorator.py
[2024-08-11T09:58:28.691+0000] {processor.py:840} INFO - DAG(s) 'example_short_circuit_decorator' retrieved from /home/airflow/.local/lib/python3.12/site-packages/airflow/example_dags/example_short_circuit_decorator.py
[2024-08-11T09:58:28.712+0000] {logging_mixin.py:188} INFO - [2024-08-11T09:58:28.712+0000] {dag.py:3089} INFO - Sync 1 DAGs
[2024-08-11T09:58:28.726+0000] {logging_mixin.py:188} INFO - [2024-08-11T09:58:28.726+0000] {dag.py:3947} INFO - Setting next_dagrun for example_short_circuit_decorator to 2024-08-10 00:00:00+00:00, run_after=2024-08-11 00:00:00+00:00
[2024-08-11T09:58:28.744+0000] {processor.py:183} INFO - Processing /home/airflow/.local/lib/python3.12/site-packages/airflow/example_dags/example_short_circuit_decorator.py took 0.069 seconds
[2024-08-11T09:58:59.068+0000] {processor.py:161} INFO - Started process (PID=121) to work on /home/airflow/.local/lib/python3.12/site-packages/airflow/example_dags/example_short_circuit_decorator.py
[2024-08-11T09:58:59.069+0000] {processor.py:830} INFO - Processing file /home/airflow/.local/lib/python3.12/site-packages/airflow/example_dags/example_short_circuit_decorator.py for tasks to queue
[2024-08-11T09:58:59.071+0000] {logging_mixin.py:188} INFO - [2024-08-11T09:58:59.071+0000] {dagbag.py:545} INFO - Filling up the DagBag from /home/airflow/.local/lib/python3.12/site-packages/airflow/example_dags/example_short_circuit_decorator.py
[2024-08-11T09:58:59.075+0000] {processor.py:840} INFO - DAG(s) 'example_short_circuit_decorator' retrieved from /home/airflow/.local/lib/python3.12/site-packages/airflow/example_dags/example_short_circuit_decorator.py
[2024-08-11T09:58:59.082+0000] {logging_mixin.py:188} INFO - [2024-08-11T09:58:59.082+0000] {dag.py:3089} INFO - Sync 1 DAGs
[2024-08-11T09:58:59.095+0000] {logging_mixin.py:188} INFO - [2024-08-11T09:58:59.095+0000] {dag.py:3947} INFO - Setting next_dagrun for example_short_circuit_decorator to 2024-08-10 00:00:00+00:00, run_after=2024-08-11 00:00:00+00:00
[2024-08-11T09:58:59.103+0000] {processor.py:183} INFO - Processing /home/airflow/.local/lib/python3.12/site-packages/airflow/example_dags/example_short_circuit_decorator.py took 0.038 seconds
[2024-08-11T09:59:44.833+0000] {processor.py:161} INFO - Started process (PID=66) to work on /home/airflow/.local/lib/python3.12/site-packages/airflow/example_dags/example_short_circuit_decorator.py
[2024-08-11T09:59:44.838+0000] {processor.py:830} INFO - Processing file /home/airflow/.local/lib/python3.12/site-packages/airflow/example_dags/example_short_circuit_decorator.py for tasks to queue
[2024-08-11T09:59:44.842+0000] {logging_mixin.py:188} INFO - [2024-08-11T09:59:44.842+0000] {dagbag.py:545} INFO - Filling up the DagBag from /home/airflow/.local/lib/python3.12/site-packages/airflow/example_dags/example_short_circuit_decorator.py
[2024-08-11T09:59:44.852+0000] {processor.py:840} INFO - DAG(s) 'example_short_circuit_decorator' retrieved from /home/airflow/.local/lib/python3.12/site-packages/airflow/example_dags/example_short_circuit_decorator.py
[2024-08-11T09:59:44.869+0000] {logging_mixin.py:188} INFO - [2024-08-11T09:59:44.868+0000] {dag.py:3089} INFO - Sync 1 DAGs
[2024-08-11T09:59:44.893+0000] {logging_mixin.py:188} INFO - [2024-08-11T09:59:44.893+0000] {dag.py:3947} INFO - Setting next_dagrun for example_short_circuit_decorator to 2024-08-10 00:00:00+00:00, run_after=2024-08-11 00:00:00+00:00
[2024-08-11T09:59:44.919+0000] {processor.py:183} INFO - Processing /home/airflow/.local/lib/python3.12/site-packages/airflow/example_dags/example_short_circuit_decorator.py took 0.096 seconds
[2024-08-11T10:00:15.149+0000] {processor.py:161} INFO - Started process (PID=124) to work on /home/airflow/.local/lib/python3.12/site-packages/airflow/example_dags/example_short_circuit_decorator.py
[2024-08-11T10:00:15.150+0000] {processor.py:830} INFO - Processing file /home/airflow/.local/lib/python3.12/site-packages/airflow/example_dags/example_short_circuit_decorator.py for tasks to queue
[2024-08-11T10:00:15.151+0000] {logging_mixin.py:188} INFO - [2024-08-11T10:00:15.151+0000] {dagbag.py:545} INFO - Filling up the DagBag from /home/airflow/.local/lib/python3.12/site-packages/airflow/example_dags/example_short_circuit_decorator.py
[2024-08-11T10:00:15.157+0000] {processor.py:840} INFO - DAG(s) 'example_short_circuit_decorator' retrieved from /home/airflow/.local/lib/python3.12/site-packages/airflow/example_dags/example_short_circuit_decorator.py
[2024-08-11T10:00:15.207+0000] {logging_mixin.py:188} INFO - [2024-08-11T10:00:15.207+0000] {dag.py:3089} INFO - Sync 1 DAGs
[2024-08-11T10:00:15.217+0000] {logging_mixin.py:188} INFO - [2024-08-11T10:00:15.217+0000] {dag.py:3947} INFO - Setting next_dagrun for example_short_circuit_decorator to 2024-08-10 00:00:00+00:00, run_after=2024-08-11 00:00:00+00:00
[2024-08-11T10:00:15.228+0000] {processor.py:183} INFO - Processing /home/airflow/.local/lib/python3.12/site-packages/airflow/example_dags/example_short_circuit_decorator.py took 0.082 seconds
[2024-08-11T10:00:45.247+0000] {processor.py:161} INFO - Started process (PID=182) to work on /home/airflow/.local/lib/python3.12/site-packages/airflow/example_dags/example_short_circuit_decorator.py
[2024-08-11T10:00:45.248+0000] {processor.py:830} INFO - Processing file /home/airflow/.local/lib/python3.12/site-packages/airflow/example_dags/example_short_circuit_decorator.py for tasks to queue
[2024-08-11T10:00:45.249+0000] {logging_mixin.py:188} INFO - [2024-08-11T10:00:45.249+0000] {dagbag.py:545} INFO - Filling up the DagBag from /home/airflow/.local/lib/python3.12/site-packages/airflow/example_dags/example_short_circuit_decorator.py
[2024-08-11T10:00:45.255+0000] {processor.py:840} INFO - DAG(s) 'example_short_circuit_decorator' retrieved from /home/airflow/.local/lib/python3.12/site-packages/airflow/example_dags/example_short_circuit_decorator.py
[2024-08-11T10:00:45.265+0000] {logging_mixin.py:188} INFO - [2024-08-11T10:00:45.264+0000] {dag.py:3089} INFO - Sync 1 DAGs
[2024-08-11T10:00:45.273+0000] {logging_mixin.py:188} INFO - [2024-08-11T10:00:45.273+0000] {dag.py:3947} INFO - Setting next_dagrun for example_short_circuit_decorator to 2024-08-10 00:00:00+00:00, run_after=2024-08-11 00:00:00+00:00
[2024-08-11T10:00:45.288+0000] {processor.py:183} INFO - Processing /home/airflow/.local/lib/python3.12/site-packages/airflow/example_dags/example_short_circuit_decorator.py took 0.044 seconds
[2024-08-11T10:01:16.039+0000] {processor.py:161} INFO - Started process (PID=240) to work on /home/airflow/.local/lib/python3.12/site-packages/airflow/example_dags/example_short_circuit_decorator.py
[2024-08-11T10:01:16.041+0000] {processor.py:830} INFO - Processing file /home/airflow/.local/lib/python3.12/site-packages/airflow/example_dags/example_short_circuit_decorator.py for tasks to queue
[2024-08-11T10:01:16.042+0000] {logging_mixin.py:188} INFO - [2024-08-11T10:01:16.042+0000] {dagbag.py:545} INFO - Filling up the DagBag from /home/airflow/.local/lib/python3.12/site-packages/airflow/example_dags/example_short_circuit_decorator.py
[2024-08-11T10:01:16.046+0000] {processor.py:840} INFO - DAG(s) 'example_short_circuit_decorator' retrieved from /home/airflow/.local/lib/python3.12/site-packages/airflow/example_dags/example_short_circuit_decorator.py
[2024-08-11T10:01:16.060+0000] {logging_mixin.py:188} INFO - [2024-08-11T10:01:16.059+0000] {dag.py:3089} INFO - Sync 1 DAGs
[2024-08-11T10:01:16.070+0000] {logging_mixin.py:188} INFO - [2024-08-11T10:01:16.070+0000] {dag.py:3947} INFO - Setting next_dagrun for example_short_circuit_decorator to 2024-08-10 00:00:00+00:00, run_after=2024-08-11 00:00:00+00:00
[2024-08-11T10:01:16.086+0000] {processor.py:183} INFO - Processing /home/airflow/.local/lib/python3.12/site-packages/airflow/example_dags/example_short_circuit_decorator.py took 0.050 seconds
[2024-08-11T10:01:46.375+0000] {processor.py:161} INFO - Started process (PID=298) to work on /home/airflow/.local/lib/python3.12/site-packages/airflow/example_dags/example_short_circuit_decorator.py
[2024-08-11T10:01:46.377+0000] {processor.py:830} INFO - Processing file /home/airflow/.local/lib/python3.12/site-packages/airflow/example_dags/example_short_circuit_decorator.py for tasks to queue
[2024-08-11T10:01:46.379+0000] {logging_mixin.py:188} INFO - [2024-08-11T10:01:46.379+0000] {dagbag.py:545} INFO - Filling up the DagBag from /home/airflow/.local/lib/python3.12/site-packages/airflow/example_dags/example_short_circuit_decorator.py
[2024-08-11T10:01:46.385+0000] {processor.py:840} INFO - DAG(s) 'example_short_circuit_decorator' retrieved from /home/airflow/.local/lib/python3.12/site-packages/airflow/example_dags/example_short_circuit_decorator.py
[2024-08-11T10:01:46.399+0000] {logging_mixin.py:188} INFO - [2024-08-11T10:01:46.399+0000] {dag.py:3089} INFO - Sync 1 DAGs
[2024-08-11T10:01:46.409+0000] {logging_mixin.py:188} INFO - [2024-08-11T10:01:46.409+0000] {dag.py:3947} INFO - Setting next_dagrun for example_short_circuit_decorator to 2024-08-10 00:00:00+00:00, run_after=2024-08-11 00:00:00+00:00
[2024-08-11T10:01:46.418+0000] {processor.py:183} INFO - Processing /home/airflow/.local/lib/python3.12/site-packages/airflow/example_dags/example_short_circuit_decorator.py took 0.046 seconds
