[2024-08-11T09:31:30.385+0000] {processor.py:161} INFO - Started process (PID=69) to work on /home/airflow/.local/lib/python3.12/site-packages/airflow/example_dags/example_dynamic_task_mapping_with_no_taskflow_operators.py
[2024-08-11T09:31:30.388+0000] {processor.py:830} INFO - Processing file /home/airflow/.local/lib/python3.12/site-packages/airflow/example_dags/example_dynamic_task_mapping_with_no_taskflow_operators.py for tasks to queue
[2024-08-11T09:31:30.391+0000] {logging_mixin.py:188} INFO - [2024-08-11T09:31:30.391+0000] {dagbag.py:545} INFO - Filling up the DagBag from /home/airflow/.local/lib/python3.12/site-packages/airflow/example_dags/example_dynamic_task_mapping_with_no_taskflow_operators.py
[2024-08-11T09:31:30.400+0000] {processor.py:840} INFO - DAG(s) 'example_dynamic_task_mapping_with_no_taskflow_operators' retrieved from /home/airflow/.local/lib/python3.12/site-packages/airflow/example_dags/example_dynamic_task_mapping_with_no_taskflow_operators.py
[2024-08-11T09:31:30.410+0000] {logging_mixin.py:188} INFO - [2024-08-11T09:31:30.410+0000] {dag.py:3089} INFO - Sync 1 DAGs
[2024-08-11T09:31:30.429+0000] {logging_mixin.py:188} INFO - [2024-08-11T09:31:30.429+0000] {dag.py:3947} INFO - Setting next_dagrun for example_dynamic_task_mapping_with_no_taskflow_operators to 2024-08-10 00:00:00+00:00, run_after=2024-08-11 00:00:00+00:00
[2024-08-11T09:31:30.455+0000] {processor.py:183} INFO - Processing /home/airflow/.local/lib/python3.12/site-packages/airflow/example_dags/example_dynamic_task_mapping_with_no_taskflow_operators.py took 0.076 seconds
[2024-08-11T09:32:00.601+0000] {processor.py:161} INFO - Started process (PID=127) to work on /home/airflow/.local/lib/python3.12/site-packages/airflow/example_dags/example_dynamic_task_mapping_with_no_taskflow_operators.py
[2024-08-11T09:32:00.604+0000] {processor.py:830} INFO - Processing file /home/airflow/.local/lib/python3.12/site-packages/airflow/example_dags/example_dynamic_task_mapping_with_no_taskflow_operators.py for tasks to queue
[2024-08-11T09:32:00.605+0000] {logging_mixin.py:188} INFO - [2024-08-11T09:32:00.605+0000] {dagbag.py:545} INFO - Filling up the DagBag from /home/airflow/.local/lib/python3.12/site-packages/airflow/example_dags/example_dynamic_task_mapping_with_no_taskflow_operators.py
[2024-08-11T09:32:00.608+0000] {processor.py:840} INFO - DAG(s) 'example_dynamic_task_mapping_with_no_taskflow_operators' retrieved from /home/airflow/.local/lib/python3.12/site-packages/airflow/example_dags/example_dynamic_task_mapping_with_no_taskflow_operators.py
[2024-08-11T09:32:00.651+0000] {logging_mixin.py:188} INFO - [2024-08-11T09:32:00.651+0000] {dag.py:3089} INFO - Sync 1 DAGs
[2024-08-11T09:32:00.666+0000] {logging_mixin.py:188} INFO - [2024-08-11T09:32:00.666+0000] {dag.py:3947} INFO - Setting next_dagrun for example_dynamic_task_mapping_with_no_taskflow_operators to 2024-08-10 00:00:00+00:00, run_after=2024-08-11 00:00:00+00:00
[2024-08-11T09:32:00.678+0000] {processor.py:183} INFO - Processing /home/airflow/.local/lib/python3.12/site-packages/airflow/example_dags/example_dynamic_task_mapping_with_no_taskflow_operators.py took 0.080 seconds
[2024-08-11T09:32:31.675+0000] {processor.py:161} INFO - Started process (PID=185) to work on /home/airflow/.local/lib/python3.12/site-packages/airflow/example_dags/example_dynamic_task_mapping_with_no_taskflow_operators.py
[2024-08-11T09:32:31.675+0000] {processor.py:830} INFO - Processing file /home/airflow/.local/lib/python3.12/site-packages/airflow/example_dags/example_dynamic_task_mapping_with_no_taskflow_operators.py for tasks to queue
[2024-08-11T09:32:31.676+0000] {logging_mixin.py:188} INFO - [2024-08-11T09:32:31.676+0000] {dagbag.py:545} INFO - Filling up the DagBag from /home/airflow/.local/lib/python3.12/site-packages/airflow/example_dags/example_dynamic_task_mapping_with_no_taskflow_operators.py
[2024-08-11T09:32:31.679+0000] {processor.py:840} INFO - DAG(s) 'example_dynamic_task_mapping_with_no_taskflow_operators' retrieved from /home/airflow/.local/lib/python3.12/site-packages/airflow/example_dags/example_dynamic_task_mapping_with_no_taskflow_operators.py
[2024-08-11T09:32:31.691+0000] {logging_mixin.py:188} INFO - [2024-08-11T09:32:31.690+0000] {dag.py:3089} INFO - Sync 1 DAGs
[2024-08-11T09:32:31.702+0000] {logging_mixin.py:188} INFO - [2024-08-11T09:32:31.702+0000] {dag.py:3947} INFO - Setting next_dagrun for example_dynamic_task_mapping_with_no_taskflow_operators to 2024-08-10 00:00:00+00:00, run_after=2024-08-11 00:00:00+00:00
[2024-08-11T09:32:31.712+0000] {processor.py:183} INFO - Processing /home/airflow/.local/lib/python3.12/site-packages/airflow/example_dags/example_dynamic_task_mapping_with_no_taskflow_operators.py took 0.041 seconds
[2024-08-11T09:33:02.399+0000] {processor.py:161} INFO - Started process (PID=243) to work on /home/airflow/.local/lib/python3.12/site-packages/airflow/example_dags/example_dynamic_task_mapping_with_no_taskflow_operators.py
[2024-08-11T09:33:02.399+0000] {processor.py:830} INFO - Processing file /home/airflow/.local/lib/python3.12/site-packages/airflow/example_dags/example_dynamic_task_mapping_with_no_taskflow_operators.py for tasks to queue
[2024-08-11T09:33:02.400+0000] {logging_mixin.py:188} INFO - [2024-08-11T09:33:02.400+0000] {dagbag.py:545} INFO - Filling up the DagBag from /home/airflow/.local/lib/python3.12/site-packages/airflow/example_dags/example_dynamic_task_mapping_with_no_taskflow_operators.py
[2024-08-11T09:33:02.403+0000] {processor.py:840} INFO - DAG(s) 'example_dynamic_task_mapping_with_no_taskflow_operators' retrieved from /home/airflow/.local/lib/python3.12/site-packages/airflow/example_dags/example_dynamic_task_mapping_with_no_taskflow_operators.py
[2024-08-11T09:33:02.413+0000] {logging_mixin.py:188} INFO - [2024-08-11T09:33:02.413+0000] {dag.py:3089} INFO - Sync 1 DAGs
[2024-08-11T09:33:02.422+0000] {logging_mixin.py:188} INFO - [2024-08-11T09:33:02.422+0000] {dag.py:3947} INFO - Setting next_dagrun for example_dynamic_task_mapping_with_no_taskflow_operators to 2024-08-10 00:00:00+00:00, run_after=2024-08-11 00:00:00+00:00
[2024-08-11T09:33:02.429+0000] {processor.py:183} INFO - Processing /home/airflow/.local/lib/python3.12/site-packages/airflow/example_dags/example_dynamic_task_mapping_with_no_taskflow_operators.py took 0.033 seconds
[2024-08-11T09:33:33.097+0000] {processor.py:161} INFO - Started process (PID=301) to work on /home/airflow/.local/lib/python3.12/site-packages/airflow/example_dags/example_dynamic_task_mapping_with_no_taskflow_operators.py
[2024-08-11T09:33:33.098+0000] {processor.py:830} INFO - Processing file /home/airflow/.local/lib/python3.12/site-packages/airflow/example_dags/example_dynamic_task_mapping_with_no_taskflow_operators.py for tasks to queue
[2024-08-11T09:33:33.099+0000] {logging_mixin.py:188} INFO - [2024-08-11T09:33:33.099+0000] {dagbag.py:545} INFO - Filling up the DagBag from /home/airflow/.local/lib/python3.12/site-packages/airflow/example_dags/example_dynamic_task_mapping_with_no_taskflow_operators.py
[2024-08-11T09:33:33.104+0000] {processor.py:840} INFO - DAG(s) 'example_dynamic_task_mapping_with_no_taskflow_operators' retrieved from /home/airflow/.local/lib/python3.12/site-packages/airflow/example_dags/example_dynamic_task_mapping_with_no_taskflow_operators.py
[2024-08-11T09:33:33.117+0000] {logging_mixin.py:188} INFO - [2024-08-11T09:33:33.116+0000] {dag.py:3089} INFO - Sync 1 DAGs
[2024-08-11T09:33:33.129+0000] {logging_mixin.py:188} INFO - [2024-08-11T09:33:33.129+0000] {dag.py:3947} INFO - Setting next_dagrun for example_dynamic_task_mapping_with_no_taskflow_operators to 2024-08-10 00:00:00+00:00, run_after=2024-08-11 00:00:00+00:00
[2024-08-11T09:33:33.141+0000] {processor.py:183} INFO - Processing /home/airflow/.local/lib/python3.12/site-packages/airflow/example_dags/example_dynamic_task_mapping_with_no_taskflow_operators.py took 0.047 seconds
[2024-08-11T09:34:03.990+0000] {processor.py:161} INFO - Started process (PID=365) to work on /home/airflow/.local/lib/python3.12/site-packages/airflow/example_dags/example_dynamic_task_mapping_with_no_taskflow_operators.py
[2024-08-11T09:34:03.990+0000] {processor.py:830} INFO - Processing file /home/airflow/.local/lib/python3.12/site-packages/airflow/example_dags/example_dynamic_task_mapping_with_no_taskflow_operators.py for tasks to queue
[2024-08-11T09:34:03.991+0000] {logging_mixin.py:188} INFO - [2024-08-11T09:34:03.991+0000] {dagbag.py:545} INFO - Filling up the DagBag from /home/airflow/.local/lib/python3.12/site-packages/airflow/example_dags/example_dynamic_task_mapping_with_no_taskflow_operators.py
[2024-08-11T09:34:03.995+0000] {processor.py:840} INFO - DAG(s) 'example_dynamic_task_mapping_with_no_taskflow_operators' retrieved from /home/airflow/.local/lib/python3.12/site-packages/airflow/example_dags/example_dynamic_task_mapping_with_no_taskflow_operators.py
[2024-08-11T09:34:04.006+0000] {logging_mixin.py:188} INFO - [2024-08-11T09:34:04.006+0000] {dag.py:3089} INFO - Sync 1 DAGs
[2024-08-11T09:34:04.017+0000] {logging_mixin.py:188} INFO - [2024-08-11T09:34:04.016+0000] {dag.py:3947} INFO - Setting next_dagrun for example_dynamic_task_mapping_with_no_taskflow_operators to 2024-08-10 00:00:00+00:00, run_after=2024-08-11 00:00:00+00:00
[2024-08-11T09:34:04.029+0000] {processor.py:183} INFO - Processing /home/airflow/.local/lib/python3.12/site-packages/airflow/example_dags/example_dynamic_task_mapping_with_no_taskflow_operators.py took 0.042 seconds
[2024-08-11T09:34:34.772+0000] {processor.py:161} INFO - Started process (PID=423) to work on /home/airflow/.local/lib/python3.12/site-packages/airflow/example_dags/example_dynamic_task_mapping_with_no_taskflow_operators.py
[2024-08-11T09:34:34.774+0000] {processor.py:830} INFO - Processing file /home/airflow/.local/lib/python3.12/site-packages/airflow/example_dags/example_dynamic_task_mapping_with_no_taskflow_operators.py for tasks to queue
[2024-08-11T09:34:34.775+0000] {logging_mixin.py:188} INFO - [2024-08-11T09:34:34.775+0000] {dagbag.py:545} INFO - Filling up the DagBag from /home/airflow/.local/lib/python3.12/site-packages/airflow/example_dags/example_dynamic_task_mapping_with_no_taskflow_operators.py
[2024-08-11T09:34:34.779+0000] {processor.py:840} INFO - DAG(s) 'example_dynamic_task_mapping_with_no_taskflow_operators' retrieved from /home/airflow/.local/lib/python3.12/site-packages/airflow/example_dags/example_dynamic_task_mapping_with_no_taskflow_operators.py
[2024-08-11T09:34:34.790+0000] {logging_mixin.py:188} INFO - [2024-08-11T09:34:34.790+0000] {dag.py:3089} INFO - Sync 1 DAGs
[2024-08-11T09:34:34.801+0000] {logging_mixin.py:188} INFO - [2024-08-11T09:34:34.801+0000] {dag.py:3947} INFO - Setting next_dagrun for example_dynamic_task_mapping_with_no_taskflow_operators to 2024-08-10 00:00:00+00:00, run_after=2024-08-11 00:00:00+00:00
[2024-08-11T09:34:34.813+0000] {processor.py:183} INFO - Processing /home/airflow/.local/lib/python3.12/site-packages/airflow/example_dags/example_dynamic_task_mapping_with_no_taskflow_operators.py took 0.044 seconds
[2024-08-11T09:35:05.554+0000] {processor.py:161} INFO - Started process (PID=481) to work on /home/airflow/.local/lib/python3.12/site-packages/airflow/example_dags/example_dynamic_task_mapping_with_no_taskflow_operators.py
[2024-08-11T09:35:05.555+0000] {processor.py:830} INFO - Processing file /home/airflow/.local/lib/python3.12/site-packages/airflow/example_dags/example_dynamic_task_mapping_with_no_taskflow_operators.py for tasks to queue
[2024-08-11T09:35:05.557+0000] {logging_mixin.py:188} INFO - [2024-08-11T09:35:05.557+0000] {dagbag.py:545} INFO - Filling up the DagBag from /home/airflow/.local/lib/python3.12/site-packages/airflow/example_dags/example_dynamic_task_mapping_with_no_taskflow_operators.py
[2024-08-11T09:35:05.563+0000] {processor.py:840} INFO - DAG(s) 'example_dynamic_task_mapping_with_no_taskflow_operators' retrieved from /home/airflow/.local/lib/python3.12/site-packages/airflow/example_dags/example_dynamic_task_mapping_with_no_taskflow_operators.py
[2024-08-11T09:35:05.575+0000] {logging_mixin.py:188} INFO - [2024-08-11T09:35:05.575+0000] {dag.py:3089} INFO - Sync 1 DAGs
[2024-08-11T09:35:05.588+0000] {logging_mixin.py:188} INFO - [2024-08-11T09:35:05.588+0000] {dag.py:3947} INFO - Setting next_dagrun for example_dynamic_task_mapping_with_no_taskflow_operators to 2024-08-10 00:00:00+00:00, run_after=2024-08-11 00:00:00+00:00
[2024-08-11T09:35:05.604+0000] {processor.py:183} INFO - Processing /home/airflow/.local/lib/python3.12/site-packages/airflow/example_dags/example_dynamic_task_mapping_with_no_taskflow_operators.py took 0.055 seconds
[2024-08-11T09:58:28.961+0000] {processor.py:161} INFO - Started process (PID=67) to work on /home/airflow/.local/lib/python3.12/site-packages/airflow/example_dags/example_dynamic_task_mapping_with_no_taskflow_operators.py
[2024-08-11T09:58:28.962+0000] {processor.py:830} INFO - Processing file /home/airflow/.local/lib/python3.12/site-packages/airflow/example_dags/example_dynamic_task_mapping_with_no_taskflow_operators.py for tasks to queue
[2024-08-11T09:58:28.963+0000] {logging_mixin.py:188} INFO - [2024-08-11T09:58:28.963+0000] {dagbag.py:545} INFO - Filling up the DagBag from /home/airflow/.local/lib/python3.12/site-packages/airflow/example_dags/example_dynamic_task_mapping_with_no_taskflow_operators.py
[2024-08-11T09:58:28.969+0000] {processor.py:840} INFO - DAG(s) 'example_dynamic_task_mapping_with_no_taskflow_operators' retrieved from /home/airflow/.local/lib/python3.12/site-packages/airflow/example_dags/example_dynamic_task_mapping_with_no_taskflow_operators.py
[2024-08-11T09:58:28.982+0000] {logging_mixin.py:188} INFO - [2024-08-11T09:58:28.982+0000] {dag.py:3089} INFO - Sync 1 DAGs
[2024-08-11T09:58:28.997+0000] {logging_mixin.py:188} INFO - [2024-08-11T09:58:28.997+0000] {dag.py:3947} INFO - Setting next_dagrun for example_dynamic_task_mapping_with_no_taskflow_operators to 2024-08-10 00:00:00+00:00, run_after=2024-08-11 00:00:00+00:00
[2024-08-11T09:58:29.013+0000] {processor.py:183} INFO - Processing /home/airflow/.local/lib/python3.12/site-packages/airflow/example_dags/example_dynamic_task_mapping_with_no_taskflow_operators.py took 0.056 seconds
[2024-08-11T09:58:59.163+0000] {processor.py:161} INFO - Started process (PID=125) to work on /home/airflow/.local/lib/python3.12/site-packages/airflow/example_dags/example_dynamic_task_mapping_with_no_taskflow_operators.py
[2024-08-11T09:58:59.165+0000] {processor.py:830} INFO - Processing file /home/airflow/.local/lib/python3.12/site-packages/airflow/example_dags/example_dynamic_task_mapping_with_no_taskflow_operators.py for tasks to queue
[2024-08-11T09:58:59.167+0000] {logging_mixin.py:188} INFO - [2024-08-11T09:58:59.167+0000] {dagbag.py:545} INFO - Filling up the DagBag from /home/airflow/.local/lib/python3.12/site-packages/airflow/example_dags/example_dynamic_task_mapping_with_no_taskflow_operators.py
[2024-08-11T09:58:59.170+0000] {processor.py:840} INFO - DAG(s) 'example_dynamic_task_mapping_with_no_taskflow_operators' retrieved from /home/airflow/.local/lib/python3.12/site-packages/airflow/example_dags/example_dynamic_task_mapping_with_no_taskflow_operators.py
[2024-08-11T09:58:59.178+0000] {logging_mixin.py:188} INFO - [2024-08-11T09:58:59.178+0000] {dag.py:3089} INFO - Sync 1 DAGs
[2024-08-11T09:58:59.191+0000] {logging_mixin.py:188} INFO - [2024-08-11T09:58:59.191+0000] {dag.py:3947} INFO - Setting next_dagrun for example_dynamic_task_mapping_with_no_taskflow_operators to 2024-08-10 00:00:00+00:00, run_after=2024-08-11 00:00:00+00:00
[2024-08-11T09:58:59.208+0000] {processor.py:183} INFO - Processing /home/airflow/.local/lib/python3.12/site-packages/airflow/example_dags/example_dynamic_task_mapping_with_no_taskflow_operators.py took 0.048 seconds
[2024-08-11T09:59:45.044+0000] {processor.py:161} INFO - Started process (PID=70) to work on /home/airflow/.local/lib/python3.12/site-packages/airflow/example_dags/example_dynamic_task_mapping_with_no_taskflow_operators.py
[2024-08-11T09:59:45.045+0000] {processor.py:830} INFO - Processing file /home/airflow/.local/lib/python3.12/site-packages/airflow/example_dags/example_dynamic_task_mapping_with_no_taskflow_operators.py for tasks to queue
[2024-08-11T09:59:45.046+0000] {logging_mixin.py:188} INFO - [2024-08-11T09:59:45.046+0000] {dagbag.py:545} INFO - Filling up the DagBag from /home/airflow/.local/lib/python3.12/site-packages/airflow/example_dags/example_dynamic_task_mapping_with_no_taskflow_operators.py
[2024-08-11T09:59:45.051+0000] {processor.py:840} INFO - DAG(s) 'example_dynamic_task_mapping_with_no_taskflow_operators' retrieved from /home/airflow/.local/lib/python3.12/site-packages/airflow/example_dags/example_dynamic_task_mapping_with_no_taskflow_operators.py
[2024-08-11T09:59:45.062+0000] {logging_mixin.py:188} INFO - [2024-08-11T09:59:45.061+0000] {dag.py:3089} INFO - Sync 1 DAGs
[2024-08-11T09:59:45.075+0000] {logging_mixin.py:188} INFO - [2024-08-11T09:59:45.075+0000] {dag.py:3947} INFO - Setting next_dagrun for example_dynamic_task_mapping_with_no_taskflow_operators to 2024-08-10 00:00:00+00:00, run_after=2024-08-11 00:00:00+00:00
[2024-08-11T09:59:45.089+0000] {processor.py:183} INFO - Processing /home/airflow/.local/lib/python3.12/site-packages/airflow/example_dags/example_dynamic_task_mapping_with_no_taskflow_operators.py took 0.048 seconds
[2024-08-11T10:00:15.331+0000] {processor.py:161} INFO - Started process (PID=128) to work on /home/airflow/.local/lib/python3.12/site-packages/airflow/example_dags/example_dynamic_task_mapping_with_no_taskflow_operators.py
[2024-08-11T10:00:15.332+0000] {processor.py:830} INFO - Processing file /home/airflow/.local/lib/python3.12/site-packages/airflow/example_dags/example_dynamic_task_mapping_with_no_taskflow_operators.py for tasks to queue
[2024-08-11T10:00:15.333+0000] {logging_mixin.py:188} INFO - [2024-08-11T10:00:15.333+0000] {dagbag.py:545} INFO - Filling up the DagBag from /home/airflow/.local/lib/python3.12/site-packages/airflow/example_dags/example_dynamic_task_mapping_with_no_taskflow_operators.py
[2024-08-11T10:00:15.336+0000] {processor.py:840} INFO - DAG(s) 'example_dynamic_task_mapping_with_no_taskflow_operators' retrieved from /home/airflow/.local/lib/python3.12/site-packages/airflow/example_dags/example_dynamic_task_mapping_with_no_taskflow_operators.py
[2024-08-11T10:00:15.390+0000] {logging_mixin.py:188} INFO - [2024-08-11T10:00:15.389+0000] {dag.py:3089} INFO - Sync 1 DAGs
[2024-08-11T10:00:15.399+0000] {logging_mixin.py:188} INFO - [2024-08-11T10:00:15.399+0000] {dag.py:3947} INFO - Setting next_dagrun for example_dynamic_task_mapping_with_no_taskflow_operators to 2024-08-10 00:00:00+00:00, run_after=2024-08-11 00:00:00+00:00
[2024-08-11T10:00:15.406+0000] {processor.py:183} INFO - Processing /home/airflow/.local/lib/python3.12/site-packages/airflow/example_dags/example_dynamic_task_mapping_with_no_taskflow_operators.py took 0.078 seconds
[2024-08-11T10:00:45.417+0000] {processor.py:161} INFO - Started process (PID=186) to work on /home/airflow/.local/lib/python3.12/site-packages/airflow/example_dags/example_dynamic_task_mapping_with_no_taskflow_operators.py
[2024-08-11T10:00:45.417+0000] {processor.py:830} INFO - Processing file /home/airflow/.local/lib/python3.12/site-packages/airflow/example_dags/example_dynamic_task_mapping_with_no_taskflow_operators.py for tasks to queue
[2024-08-11T10:00:45.418+0000] {logging_mixin.py:188} INFO - [2024-08-11T10:00:45.418+0000] {dagbag.py:545} INFO - Filling up the DagBag from /home/airflow/.local/lib/python3.12/site-packages/airflow/example_dags/example_dynamic_task_mapping_with_no_taskflow_operators.py
[2024-08-11T10:00:45.421+0000] {processor.py:840} INFO - DAG(s) 'example_dynamic_task_mapping_with_no_taskflow_operators' retrieved from /home/airflow/.local/lib/python3.12/site-packages/airflow/example_dags/example_dynamic_task_mapping_with_no_taskflow_operators.py
[2024-08-11T10:00:45.430+0000] {logging_mixin.py:188} INFO - [2024-08-11T10:00:45.430+0000] {dag.py:3089} INFO - Sync 1 DAGs
[2024-08-11T10:00:45.439+0000] {logging_mixin.py:188} INFO - [2024-08-11T10:00:45.439+0000] {dag.py:3947} INFO - Setting next_dagrun for example_dynamic_task_mapping_with_no_taskflow_operators to 2024-08-10 00:00:00+00:00, run_after=2024-08-11 00:00:00+00:00
[2024-08-11T10:00:45.446+0000] {processor.py:183} INFO - Processing /home/airflow/.local/lib/python3.12/site-packages/airflow/example_dags/example_dynamic_task_mapping_with_no_taskflow_operators.py took 0.032 seconds
[2024-08-11T10:01:16.156+0000] {processor.py:161} INFO - Started process (PID=244) to work on /home/airflow/.local/lib/python3.12/site-packages/airflow/example_dags/example_dynamic_task_mapping_with_no_taskflow_operators.py
[2024-08-11T10:01:16.157+0000] {processor.py:830} INFO - Processing file /home/airflow/.local/lib/python3.12/site-packages/airflow/example_dags/example_dynamic_task_mapping_with_no_taskflow_operators.py for tasks to queue
[2024-08-11T10:01:16.158+0000] {logging_mixin.py:188} INFO - [2024-08-11T10:01:16.158+0000] {dagbag.py:545} INFO - Filling up the DagBag from /home/airflow/.local/lib/python3.12/site-packages/airflow/example_dags/example_dynamic_task_mapping_with_no_taskflow_operators.py
[2024-08-11T10:01:16.161+0000] {processor.py:840} INFO - DAG(s) 'example_dynamic_task_mapping_with_no_taskflow_operators' retrieved from /home/airflow/.local/lib/python3.12/site-packages/airflow/example_dags/example_dynamic_task_mapping_with_no_taskflow_operators.py
[2024-08-11T10:01:16.174+0000] {logging_mixin.py:188} INFO - [2024-08-11T10:01:16.173+0000] {dag.py:3089} INFO - Sync 1 DAGs
[2024-08-11T10:01:16.185+0000] {logging_mixin.py:188} INFO - [2024-08-11T10:01:16.185+0000] {dag.py:3947} INFO - Setting next_dagrun for example_dynamic_task_mapping_with_no_taskflow_operators to 2024-08-10 00:00:00+00:00, run_after=2024-08-11 00:00:00+00:00
[2024-08-11T10:01:16.193+0000] {processor.py:183} INFO - Processing /home/airflow/.local/lib/python3.12/site-packages/airflow/example_dags/example_dynamic_task_mapping_with_no_taskflow_operators.py took 0.041 seconds
[2024-08-11T10:01:46.470+0000] {processor.py:161} INFO - Started process (PID=302) to work on /home/airflow/.local/lib/python3.12/site-packages/airflow/example_dags/example_dynamic_task_mapping_with_no_taskflow_operators.py
[2024-08-11T10:01:46.471+0000] {processor.py:830} INFO - Processing file /home/airflow/.local/lib/python3.12/site-packages/airflow/example_dags/example_dynamic_task_mapping_with_no_taskflow_operators.py for tasks to queue
[2024-08-11T10:01:46.472+0000] {logging_mixin.py:188} INFO - [2024-08-11T10:01:46.472+0000] {dagbag.py:545} INFO - Filling up the DagBag from /home/airflow/.local/lib/python3.12/site-packages/airflow/example_dags/example_dynamic_task_mapping_with_no_taskflow_operators.py
[2024-08-11T10:01:46.476+0000] {processor.py:840} INFO - DAG(s) 'example_dynamic_task_mapping_with_no_taskflow_operators' retrieved from /home/airflow/.local/lib/python3.12/site-packages/airflow/example_dags/example_dynamic_task_mapping_with_no_taskflow_operators.py
[2024-08-11T10:01:46.488+0000] {logging_mixin.py:188} INFO - [2024-08-11T10:01:46.488+0000] {dag.py:3089} INFO - Sync 1 DAGs
[2024-08-11T10:01:46.501+0000] {logging_mixin.py:188} INFO - [2024-08-11T10:01:46.501+0000] {dag.py:3947} INFO - Setting next_dagrun for example_dynamic_task_mapping_with_no_taskflow_operators to 2024-08-10 00:00:00+00:00, run_after=2024-08-11 00:00:00+00:00
[2024-08-11T10:01:46.512+0000] {processor.py:183} INFO - Processing /home/airflow/.local/lib/python3.12/site-packages/airflow/example_dags/example_dynamic_task_mapping_with_no_taskflow_operators.py took 0.045 seconds
