[2024-08-11T09:31:30.810+0000] {processor.py:161} INFO - Started process (PID=81) to work on /home/airflow/.local/lib/python3.12/site-packages/airflow/example_dags/example_latest_only_with_trigger.py
[2024-08-11T09:31:30.811+0000] {processor.py:830} INFO - Processing file /home/airflow/.local/lib/python3.12/site-packages/airflow/example_dags/example_latest_only_with_trigger.py for tasks to queue
[2024-08-11T09:31:30.813+0000] {logging_mixin.py:188} INFO - [2024-08-11T09:31:30.813+0000] {dagbag.py:545} INFO - Filling up the DagBag from /home/airflow/.local/lib/python3.12/site-packages/airflow/example_dags/example_latest_only_with_trigger.py
[2024-08-11T09:31:30.816+0000] {processor.py:840} INFO - DAG(s) 'latest_only_with_trigger' retrieved from /home/airflow/.local/lib/python3.12/site-packages/airflow/example_dags/example_latest_only_with_trigger.py
[2024-08-11T09:31:30.830+0000] {logging_mixin.py:188} INFO - [2024-08-11T09:31:30.829+0000] {dag.py:3089} INFO - Sync 1 DAGs
[2024-08-11T09:31:30.843+0000] {logging_mixin.py:188} INFO - [2024-08-11T09:31:30.843+0000] {dag.py:3947} INFO - Setting next_dagrun for latest_only_with_trigger to 2024-08-11 04:00:00+00:00, run_after=2024-08-11 08:00:00+00:00
[2024-08-11T09:31:30.852+0000] {processor.py:183} INFO - Processing /home/airflow/.local/lib/python3.12/site-packages/airflow/example_dags/example_latest_only_with_trigger.py took 0.045 seconds
[2024-08-11T09:32:01.120+0000] {processor.py:161} INFO - Started process (PID=139) to work on /home/airflow/.local/lib/python3.12/site-packages/airflow/example_dags/example_latest_only_with_trigger.py
[2024-08-11T09:32:01.121+0000] {processor.py:830} INFO - Processing file /home/airflow/.local/lib/python3.12/site-packages/airflow/example_dags/example_latest_only_with_trigger.py for tasks to queue
[2024-08-11T09:32:01.122+0000] {logging_mixin.py:188} INFO - [2024-08-11T09:32:01.122+0000] {dagbag.py:545} INFO - Filling up the DagBag from /home/airflow/.local/lib/python3.12/site-packages/airflow/example_dags/example_latest_only_with_trigger.py
[2024-08-11T09:32:01.125+0000] {processor.py:840} INFO - DAG(s) 'latest_only_with_trigger' retrieved from /home/airflow/.local/lib/python3.12/site-packages/airflow/example_dags/example_latest_only_with_trigger.py
[2024-08-11T09:32:01.174+0000] {logging_mixin.py:188} INFO - [2024-08-11T09:32:01.174+0000] {dag.py:3089} INFO - Sync 1 DAGs
[2024-08-11T09:32:01.183+0000] {logging_mixin.py:188} INFO - [2024-08-11T09:32:01.182+0000] {dag.py:3947} INFO - Setting next_dagrun for latest_only_with_trigger to 2024-08-11 04:00:00+00:00, run_after=2024-08-11 08:00:00+00:00
[2024-08-11T09:32:01.194+0000] {processor.py:183} INFO - Processing /home/airflow/.local/lib/python3.12/site-packages/airflow/example_dags/example_latest_only_with_trigger.py took 0.076 seconds
[2024-08-11T09:32:32.001+0000] {processor.py:161} INFO - Started process (PID=197) to work on /home/airflow/.local/lib/python3.12/site-packages/airflow/example_dags/example_latest_only_with_trigger.py
[2024-08-11T09:32:32.002+0000] {processor.py:830} INFO - Processing file /home/airflow/.local/lib/python3.12/site-packages/airflow/example_dags/example_latest_only_with_trigger.py for tasks to queue
[2024-08-11T09:32:32.003+0000] {logging_mixin.py:188} INFO - [2024-08-11T09:32:32.002+0000] {dagbag.py:545} INFO - Filling up the DagBag from /home/airflow/.local/lib/python3.12/site-packages/airflow/example_dags/example_latest_only_with_trigger.py
[2024-08-11T09:32:32.005+0000] {processor.py:840} INFO - DAG(s) 'latest_only_with_trigger' retrieved from /home/airflow/.local/lib/python3.12/site-packages/airflow/example_dags/example_latest_only_with_trigger.py
[2024-08-11T09:32:32.020+0000] {logging_mixin.py:188} INFO - [2024-08-11T09:32:32.020+0000] {dag.py:3089} INFO - Sync 1 DAGs
[2024-08-11T09:32:32.030+0000] {logging_mixin.py:188} INFO - [2024-08-11T09:32:32.030+0000] {dag.py:3947} INFO - Setting next_dagrun for latest_only_with_trigger to 2024-08-11 04:00:00+00:00, run_after=2024-08-11 08:00:00+00:00
[2024-08-11T09:32:32.040+0000] {processor.py:183} INFO - Processing /home/airflow/.local/lib/python3.12/site-packages/airflow/example_dags/example_latest_only_with_trigger.py took 0.042 seconds
[2024-08-11T09:33:02.749+0000] {processor.py:161} INFO - Started process (PID=255) to work on /home/airflow/.local/lib/python3.12/site-packages/airflow/example_dags/example_latest_only_with_trigger.py
[2024-08-11T09:33:02.750+0000] {processor.py:830} INFO - Processing file /home/airflow/.local/lib/python3.12/site-packages/airflow/example_dags/example_latest_only_with_trigger.py for tasks to queue
[2024-08-11T09:33:02.751+0000] {logging_mixin.py:188} INFO - [2024-08-11T09:33:02.751+0000] {dagbag.py:545} INFO - Filling up the DagBag from /home/airflow/.local/lib/python3.12/site-packages/airflow/example_dags/example_latest_only_with_trigger.py
[2024-08-11T09:33:02.754+0000] {processor.py:840} INFO - DAG(s) 'latest_only_with_trigger' retrieved from /home/airflow/.local/lib/python3.12/site-packages/airflow/example_dags/example_latest_only_with_trigger.py
[2024-08-11T09:33:02.763+0000] {logging_mixin.py:188} INFO - [2024-08-11T09:33:02.763+0000] {dag.py:3089} INFO - Sync 1 DAGs
[2024-08-11T09:33:02.773+0000] {logging_mixin.py:188} INFO - [2024-08-11T09:33:02.773+0000] {dag.py:3947} INFO - Setting next_dagrun for latest_only_with_trigger to 2024-08-11 04:00:00+00:00, run_after=2024-08-11 08:00:00+00:00
[2024-08-11T09:33:02.782+0000] {processor.py:183} INFO - Processing /home/airflow/.local/lib/python3.12/site-packages/airflow/example_dags/example_latest_only_with_trigger.py took 0.036 seconds
[2024-08-11T09:33:33.431+0000] {processor.py:161} INFO - Started process (PID=313) to work on /home/airflow/.local/lib/python3.12/site-packages/airflow/example_dags/example_latest_only_with_trigger.py
[2024-08-11T09:33:33.432+0000] {processor.py:830} INFO - Processing file /home/airflow/.local/lib/python3.12/site-packages/airflow/example_dags/example_latest_only_with_trigger.py for tasks to queue
[2024-08-11T09:33:33.433+0000] {logging_mixin.py:188} INFO - [2024-08-11T09:33:33.433+0000] {dagbag.py:545} INFO - Filling up the DagBag from /home/airflow/.local/lib/python3.12/site-packages/airflow/example_dags/example_latest_only_with_trigger.py
[2024-08-11T09:33:33.438+0000] {processor.py:840} INFO - DAG(s) 'latest_only_with_trigger' retrieved from /home/airflow/.local/lib/python3.12/site-packages/airflow/example_dags/example_latest_only_with_trigger.py
[2024-08-11T09:33:33.448+0000] {logging_mixin.py:188} INFO - [2024-08-11T09:33:33.447+0000] {dag.py:3089} INFO - Sync 1 DAGs
[2024-08-11T09:33:33.460+0000] {logging_mixin.py:188} INFO - [2024-08-11T09:33:33.460+0000] {dag.py:3947} INFO - Setting next_dagrun for latest_only_with_trigger to 2024-08-11 04:00:00+00:00, run_after=2024-08-11 08:00:00+00:00
[2024-08-11T09:33:33.472+0000] {processor.py:183} INFO - Processing /home/airflow/.local/lib/python3.12/site-packages/airflow/example_dags/example_latest_only_with_trigger.py took 0.044 seconds
[2024-08-11T09:34:04.337+0000] {processor.py:161} INFO - Started process (PID=377) to work on /home/airflow/.local/lib/python3.12/site-packages/airflow/example_dags/example_latest_only_with_trigger.py
[2024-08-11T09:34:04.337+0000] {processor.py:830} INFO - Processing file /home/airflow/.local/lib/python3.12/site-packages/airflow/example_dags/example_latest_only_with_trigger.py for tasks to queue
[2024-08-11T09:34:04.338+0000] {logging_mixin.py:188} INFO - [2024-08-11T09:34:04.338+0000] {dagbag.py:545} INFO - Filling up the DagBag from /home/airflow/.local/lib/python3.12/site-packages/airflow/example_dags/example_latest_only_with_trigger.py
[2024-08-11T09:34:04.341+0000] {processor.py:840} INFO - DAG(s) 'latest_only_with_trigger' retrieved from /home/airflow/.local/lib/python3.12/site-packages/airflow/example_dags/example_latest_only_with_trigger.py
[2024-08-11T09:34:04.352+0000] {logging_mixin.py:188} INFO - [2024-08-11T09:34:04.352+0000] {dag.py:3089} INFO - Sync 1 DAGs
[2024-08-11T09:34:04.362+0000] {logging_mixin.py:188} INFO - [2024-08-11T09:34:04.362+0000] {dag.py:3947} INFO - Setting next_dagrun for latest_only_with_trigger to 2024-08-11 04:00:00+00:00, run_after=2024-08-11 08:00:00+00:00
[2024-08-11T09:34:04.371+0000] {processor.py:183} INFO - Processing /home/airflow/.local/lib/python3.12/site-packages/airflow/example_dags/example_latest_only_with_trigger.py took 0.037 seconds
[2024-08-11T09:34:35.082+0000] {processor.py:161} INFO - Started process (PID=435) to work on /home/airflow/.local/lib/python3.12/site-packages/airflow/example_dags/example_latest_only_with_trigger.py
[2024-08-11T09:34:35.083+0000] {processor.py:830} INFO - Processing file /home/airflow/.local/lib/python3.12/site-packages/airflow/example_dags/example_latest_only_with_trigger.py for tasks to queue
[2024-08-11T09:34:35.085+0000] {logging_mixin.py:188} INFO - [2024-08-11T09:34:35.084+0000] {dagbag.py:545} INFO - Filling up the DagBag from /home/airflow/.local/lib/python3.12/site-packages/airflow/example_dags/example_latest_only_with_trigger.py
[2024-08-11T09:34:35.088+0000] {processor.py:840} INFO - DAG(s) 'latest_only_with_trigger' retrieved from /home/airflow/.local/lib/python3.12/site-packages/airflow/example_dags/example_latest_only_with_trigger.py
[2024-08-11T09:34:35.097+0000] {logging_mixin.py:188} INFO - [2024-08-11T09:34:35.097+0000] {dag.py:3089} INFO - Sync 1 DAGs
[2024-08-11T09:34:35.106+0000] {logging_mixin.py:188} INFO - [2024-08-11T09:34:35.106+0000] {dag.py:3947} INFO - Setting next_dagrun for latest_only_with_trigger to 2024-08-11 04:00:00+00:00, run_after=2024-08-11 08:00:00+00:00
[2024-08-11T09:34:35.116+0000] {processor.py:183} INFO - Processing /home/airflow/.local/lib/python3.12/site-packages/airflow/example_dags/example_latest_only_with_trigger.py took 0.037 seconds
[2024-08-11T09:35:05.935+0000] {processor.py:161} INFO - Started process (PID=493) to work on /home/airflow/.local/lib/python3.12/site-packages/airflow/example_dags/example_latest_only_with_trigger.py
[2024-08-11T09:35:05.938+0000] {processor.py:830} INFO - Processing file /home/airflow/.local/lib/python3.12/site-packages/airflow/example_dags/example_latest_only_with_trigger.py for tasks to queue
[2024-08-11T09:35:05.939+0000] {logging_mixin.py:188} INFO - [2024-08-11T09:35:05.939+0000] {dagbag.py:545} INFO - Filling up the DagBag from /home/airflow/.local/lib/python3.12/site-packages/airflow/example_dags/example_latest_only_with_trigger.py
[2024-08-11T09:35:05.942+0000] {processor.py:840} INFO - DAG(s) 'latest_only_with_trigger' retrieved from /home/airflow/.local/lib/python3.12/site-packages/airflow/example_dags/example_latest_only_with_trigger.py
[2024-08-11T09:35:05.954+0000] {logging_mixin.py:188} INFO - [2024-08-11T09:35:05.954+0000] {dag.py:3089} INFO - Sync 1 DAGs
[2024-08-11T09:35:05.966+0000] {logging_mixin.py:188} INFO - [2024-08-11T09:35:05.965+0000] {dag.py:3947} INFO - Setting next_dagrun for latest_only_with_trigger to 2024-08-11 04:00:00+00:00, run_after=2024-08-11 08:00:00+00:00
[2024-08-11T09:35:05.974+0000] {processor.py:183} INFO - Processing /home/airflow/.local/lib/python3.12/site-packages/airflow/example_dags/example_latest_only_with_trigger.py took 0.042 seconds
[2024-08-11T09:58:29.495+0000] {processor.py:161} INFO - Started process (PID=79) to work on /home/airflow/.local/lib/python3.12/site-packages/airflow/example_dags/example_latest_only_with_trigger.py
[2024-08-11T09:58:29.497+0000] {processor.py:830} INFO - Processing file /home/airflow/.local/lib/python3.12/site-packages/airflow/example_dags/example_latest_only_with_trigger.py for tasks to queue
[2024-08-11T09:58:29.499+0000] {logging_mixin.py:188} INFO - [2024-08-11T09:58:29.498+0000] {dagbag.py:545} INFO - Filling up the DagBag from /home/airflow/.local/lib/python3.12/site-packages/airflow/example_dags/example_latest_only_with_trigger.py
[2024-08-11T09:58:29.502+0000] {processor.py:840} INFO - DAG(s) 'latest_only_with_trigger' retrieved from /home/airflow/.local/lib/python3.12/site-packages/airflow/example_dags/example_latest_only_with_trigger.py
[2024-08-11T09:58:29.515+0000] {logging_mixin.py:188} INFO - [2024-08-11T09:58:29.515+0000] {dag.py:3089} INFO - Sync 1 DAGs
[2024-08-11T09:58:29.527+0000] {logging_mixin.py:188} INFO - [2024-08-11T09:58:29.527+0000] {dag.py:3947} INFO - Setting next_dagrun for latest_only_with_trigger to 2024-08-11 04:00:00+00:00, run_after=2024-08-11 08:00:00+00:00
[2024-08-11T09:58:29.538+0000] {processor.py:183} INFO - Processing /home/airflow/.local/lib/python3.12/site-packages/airflow/example_dags/example_latest_only_with_trigger.py took 0.046 seconds
[2024-08-11T09:59:00.514+0000] {processor.py:161} INFO - Started process (PID=137) to work on /home/airflow/.local/lib/python3.12/site-packages/airflow/example_dags/example_latest_only_with_trigger.py
[2024-08-11T09:59:00.514+0000] {processor.py:830} INFO - Processing file /home/airflow/.local/lib/python3.12/site-packages/airflow/example_dags/example_latest_only_with_trigger.py for tasks to queue
[2024-08-11T09:59:00.515+0000] {logging_mixin.py:188} INFO - [2024-08-11T09:59:00.515+0000] {dagbag.py:545} INFO - Filling up the DagBag from /home/airflow/.local/lib/python3.12/site-packages/airflow/example_dags/example_latest_only_with_trigger.py
[2024-08-11T09:59:00.518+0000] {processor.py:840} INFO - DAG(s) 'latest_only_with_trigger' retrieved from /home/airflow/.local/lib/python3.12/site-packages/airflow/example_dags/example_latest_only_with_trigger.py
[2024-08-11T09:59:00.526+0000] {logging_mixin.py:188} INFO - [2024-08-11T09:59:00.526+0000] {dag.py:3089} INFO - Sync 1 DAGs
[2024-08-11T09:59:00.537+0000] {logging_mixin.py:188} INFO - [2024-08-11T09:59:00.537+0000] {dag.py:3947} INFO - Setting next_dagrun for latest_only_with_trigger to 2024-08-11 04:00:00+00:00, run_after=2024-08-11 08:00:00+00:00
[2024-08-11T09:59:00.547+0000] {processor.py:183} INFO - Processing /home/airflow/.local/lib/python3.12/site-packages/airflow/example_dags/example_latest_only_with_trigger.py took 0.036 seconds
[2024-08-11T09:59:45.391+0000] {processor.py:161} INFO - Started process (PID=82) to work on /home/airflow/.local/lib/python3.12/site-packages/airflow/example_dags/example_latest_only_with_trigger.py
[2024-08-11T09:59:45.392+0000] {processor.py:830} INFO - Processing file /home/airflow/.local/lib/python3.12/site-packages/airflow/example_dags/example_latest_only_with_trigger.py for tasks to queue
[2024-08-11T09:59:45.394+0000] {logging_mixin.py:188} INFO - [2024-08-11T09:59:45.393+0000] {dagbag.py:545} INFO - Filling up the DagBag from /home/airflow/.local/lib/python3.12/site-packages/airflow/example_dags/example_latest_only_with_trigger.py
[2024-08-11T09:59:45.397+0000] {processor.py:840} INFO - DAG(s) 'latest_only_with_trigger' retrieved from /home/airflow/.local/lib/python3.12/site-packages/airflow/example_dags/example_latest_only_with_trigger.py
[2024-08-11T09:59:45.405+0000] {logging_mixin.py:188} INFO - [2024-08-11T09:59:45.405+0000] {dag.py:3089} INFO - Sync 1 DAGs
[2024-08-11T09:59:45.424+0000] {logging_mixin.py:188} INFO - [2024-08-11T09:59:45.424+0000] {dag.py:3947} INFO - Setting next_dagrun for latest_only_with_trigger to 2024-08-11 04:00:00+00:00, run_after=2024-08-11 08:00:00+00:00
[2024-08-11T09:59:45.434+0000] {processor.py:183} INFO - Processing /home/airflow/.local/lib/python3.12/site-packages/airflow/example_dags/example_latest_only_with_trigger.py took 0.045 seconds
[2024-08-11T10:00:15.895+0000] {processor.py:161} INFO - Started process (PID=140) to work on /home/airflow/.local/lib/python3.12/site-packages/airflow/example_dags/example_latest_only_with_trigger.py
[2024-08-11T10:00:15.896+0000] {processor.py:830} INFO - Processing file /home/airflow/.local/lib/python3.12/site-packages/airflow/example_dags/example_latest_only_with_trigger.py for tasks to queue
[2024-08-11T10:00:15.897+0000] {logging_mixin.py:188} INFO - [2024-08-11T10:00:15.897+0000] {dagbag.py:545} INFO - Filling up the DagBag from /home/airflow/.local/lib/python3.12/site-packages/airflow/example_dags/example_latest_only_with_trigger.py
[2024-08-11T10:00:15.901+0000] {processor.py:840} INFO - DAG(s) 'latest_only_with_trigger' retrieved from /home/airflow/.local/lib/python3.12/site-packages/airflow/example_dags/example_latest_only_with_trigger.py
[2024-08-11T10:00:15.952+0000] {logging_mixin.py:188} INFO - [2024-08-11T10:00:15.952+0000] {dag.py:3089} INFO - Sync 1 DAGs
[2024-08-11T10:00:15.963+0000] {logging_mixin.py:188} INFO - [2024-08-11T10:00:15.963+0000] {dag.py:3947} INFO - Setting next_dagrun for latest_only_with_trigger to 2024-08-11 04:00:00+00:00, run_after=2024-08-11 08:00:00+00:00
[2024-08-11T10:00:15.982+0000] {processor.py:183} INFO - Processing /home/airflow/.local/lib/python3.12/site-packages/airflow/example_dags/example_latest_only_with_trigger.py took 0.090 seconds
[2024-08-11T10:00:46.765+0000] {processor.py:161} INFO - Started process (PID=198) to work on /home/airflow/.local/lib/python3.12/site-packages/airflow/example_dags/example_latest_only_with_trigger.py
[2024-08-11T10:00:46.766+0000] {processor.py:830} INFO - Processing file /home/airflow/.local/lib/python3.12/site-packages/airflow/example_dags/example_latest_only_with_trigger.py for tasks to queue
[2024-08-11T10:00:46.768+0000] {logging_mixin.py:188} INFO - [2024-08-11T10:00:46.768+0000] {dagbag.py:545} INFO - Filling up the DagBag from /home/airflow/.local/lib/python3.12/site-packages/airflow/example_dags/example_latest_only_with_trigger.py
[2024-08-11T10:00:46.772+0000] {processor.py:840} INFO - DAG(s) 'latest_only_with_trigger' retrieved from /home/airflow/.local/lib/python3.12/site-packages/airflow/example_dags/example_latest_only_with_trigger.py
[2024-08-11T10:00:46.786+0000] {logging_mixin.py:188} INFO - [2024-08-11T10:00:46.786+0000] {dag.py:3089} INFO - Sync 1 DAGs
[2024-08-11T10:00:46.796+0000] {logging_mixin.py:188} INFO - [2024-08-11T10:00:46.796+0000] {dag.py:3947} INFO - Setting next_dagrun for latest_only_with_trigger to 2024-08-11 04:00:00+00:00, run_after=2024-08-11 08:00:00+00:00
[2024-08-11T10:00:46.805+0000] {processor.py:183} INFO - Processing /home/airflow/.local/lib/python3.12/site-packages/airflow/example_dags/example_latest_only_with_trigger.py took 0.042 seconds
[2024-08-11T10:01:17.627+0000] {processor.py:161} INFO - Started process (PID=256) to work on /home/airflow/.local/lib/python3.12/site-packages/airflow/example_dags/example_latest_only_with_trigger.py
[2024-08-11T10:01:17.628+0000] {processor.py:830} INFO - Processing file /home/airflow/.local/lib/python3.12/site-packages/airflow/example_dags/example_latest_only_with_trigger.py for tasks to queue
[2024-08-11T10:01:17.629+0000] {logging_mixin.py:188} INFO - [2024-08-11T10:01:17.629+0000] {dagbag.py:545} INFO - Filling up the DagBag from /home/airflow/.local/lib/python3.12/site-packages/airflow/example_dags/example_latest_only_with_trigger.py
[2024-08-11T10:01:17.632+0000] {processor.py:840} INFO - DAG(s) 'latest_only_with_trigger' retrieved from /home/airflow/.local/lib/python3.12/site-packages/airflow/example_dags/example_latest_only_with_trigger.py
[2024-08-11T10:01:17.642+0000] {logging_mixin.py:188} INFO - [2024-08-11T10:01:17.642+0000] {dag.py:3089} INFO - Sync 1 DAGs
[2024-08-11T10:01:17.654+0000] {logging_mixin.py:188} INFO - [2024-08-11T10:01:17.654+0000] {dag.py:3947} INFO - Setting next_dagrun for latest_only_with_trigger to 2024-08-11 04:00:00+00:00, run_after=2024-08-11 08:00:00+00:00
[2024-08-11T10:01:17.664+0000] {processor.py:183} INFO - Processing /home/airflow/.local/lib/python3.12/site-packages/airflow/example_dags/example_latest_only_with_trigger.py took 0.040 seconds
[2024-08-11T10:01:47.856+0000] {processor.py:161} INFO - Started process (PID=314) to work on /home/airflow/.local/lib/python3.12/site-packages/airflow/example_dags/example_latest_only_with_trigger.py
[2024-08-11T10:01:47.857+0000] {processor.py:830} INFO - Processing file /home/airflow/.local/lib/python3.12/site-packages/airflow/example_dags/example_latest_only_with_trigger.py for tasks to queue
[2024-08-11T10:01:47.858+0000] {logging_mixin.py:188} INFO - [2024-08-11T10:01:47.858+0000] {dagbag.py:545} INFO - Filling up the DagBag from /home/airflow/.local/lib/python3.12/site-packages/airflow/example_dags/example_latest_only_with_trigger.py
[2024-08-11T10:01:47.861+0000] {processor.py:840} INFO - DAG(s) 'latest_only_with_trigger' retrieved from /home/airflow/.local/lib/python3.12/site-packages/airflow/example_dags/example_latest_only_with_trigger.py
[2024-08-11T10:01:47.873+0000] {logging_mixin.py:188} INFO - [2024-08-11T10:01:47.873+0000] {dag.py:3089} INFO - Sync 1 DAGs
[2024-08-11T10:01:47.884+0000] {logging_mixin.py:188} INFO - [2024-08-11T10:01:47.884+0000] {dag.py:3947} INFO - Setting next_dagrun for latest_only_with_trigger to 2024-08-11 04:00:00+00:00, run_after=2024-08-11 08:00:00+00:00
[2024-08-11T10:01:47.893+0000] {processor.py:183} INFO - Processing /home/airflow/.local/lib/python3.12/site-packages/airflow/example_dags/example_latest_only_with_trigger.py took 0.041 seconds
