[2024-08-11T09:31:30.481+0000] {processor.py:161} INFO - Started process (PID=71) to work on /home/airflow/.local/lib/python3.12/site-packages/airflow/example_dags/example_latest_only.py
[2024-08-11T09:31:30.483+0000] {processor.py:830} INFO - Processing file /home/airflow/.local/lib/python3.12/site-packages/airflow/example_dags/example_latest_only.py for tasks to queue
[2024-08-11T09:31:30.485+0000] {logging_mixin.py:188} INFO - [2024-08-11T09:31:30.484+0000] {dagbag.py:545} INFO - Filling up the DagBag from /home/airflow/.local/lib/python3.12/site-packages/airflow/example_dags/example_latest_only.py
[2024-08-11T09:31:30.492+0000] {processor.py:840} INFO - DAG(s) 'latest_only' retrieved from /home/airflow/.local/lib/python3.12/site-packages/airflow/example_dags/example_latest_only.py
[2024-08-11T09:31:30.502+0000] {logging_mixin.py:188} INFO - [2024-08-11T09:31:30.502+0000] {dag.py:3089} INFO - Sync 1 DAGs
[2024-08-11T09:31:30.518+0000] {logging_mixin.py:188} INFO - [2024-08-11T09:31:30.518+0000] {dag.py:3947} INFO - Setting next_dagrun for latest_only to 2024-08-11 04:00:00+00:00, run_after=2024-08-11 08:00:00+00:00
[2024-08-11T09:31:30.534+0000] {processor.py:183} INFO - Processing /home/airflow/.local/lib/python3.12/site-packages/airflow/example_dags/example_latest_only.py took 0.057 seconds
[2024-08-11T09:32:00.690+0000] {processor.py:161} INFO - Started process (PID=129) to work on /home/airflow/.local/lib/python3.12/site-packages/airflow/example_dags/example_latest_only.py
[2024-08-11T09:32:00.691+0000] {processor.py:830} INFO - Processing file /home/airflow/.local/lib/python3.12/site-packages/airflow/example_dags/example_latest_only.py for tasks to queue
[2024-08-11T09:32:00.692+0000] {logging_mixin.py:188} INFO - [2024-08-11T09:32:00.692+0000] {dagbag.py:545} INFO - Filling up the DagBag from /home/airflow/.local/lib/python3.12/site-packages/airflow/example_dags/example_latest_only.py
[2024-08-11T09:32:00.694+0000] {processor.py:840} INFO - DAG(s) 'latest_only' retrieved from /home/airflow/.local/lib/python3.12/site-packages/airflow/example_dags/example_latest_only.py
[2024-08-11T09:32:00.739+0000] {logging_mixin.py:188} INFO - [2024-08-11T09:32:00.739+0000] {dag.py:3089} INFO - Sync 1 DAGs
[2024-08-11T09:32:00.751+0000] {logging_mixin.py:188} INFO - [2024-08-11T09:32:00.750+0000] {dag.py:3947} INFO - Setting next_dagrun for latest_only to 2024-08-11 04:00:00+00:00, run_after=2024-08-11 08:00:00+00:00
[2024-08-11T09:32:00.762+0000] {processor.py:183} INFO - Processing /home/airflow/.local/lib/python3.12/site-packages/airflow/example_dags/example_latest_only.py took 0.074 seconds
[2024-08-11T09:32:31.725+0000] {processor.py:161} INFO - Started process (PID=187) to work on /home/airflow/.local/lib/python3.12/site-packages/airflow/example_dags/example_latest_only.py
[2024-08-11T09:32:31.727+0000] {processor.py:830} INFO - Processing file /home/airflow/.local/lib/python3.12/site-packages/airflow/example_dags/example_latest_only.py for tasks to queue
[2024-08-11T09:32:31.728+0000] {logging_mixin.py:188} INFO - [2024-08-11T09:32:31.728+0000] {dagbag.py:545} INFO - Filling up the DagBag from /home/airflow/.local/lib/python3.12/site-packages/airflow/example_dags/example_latest_only.py
[2024-08-11T09:32:31.731+0000] {processor.py:840} INFO - DAG(s) 'latest_only' retrieved from /home/airflow/.local/lib/python3.12/site-packages/airflow/example_dags/example_latest_only.py
[2024-08-11T09:32:31.740+0000] {logging_mixin.py:188} INFO - [2024-08-11T09:32:31.740+0000] {dag.py:3089} INFO - Sync 1 DAGs
[2024-08-11T09:32:31.750+0000] {logging_mixin.py:188} INFO - [2024-08-11T09:32:31.750+0000] {dag.py:3947} INFO - Setting next_dagrun for latest_only to 2024-08-11 04:00:00+00:00, run_after=2024-08-11 08:00:00+00:00
[2024-08-11T09:32:31.769+0000] {processor.py:183} INFO - Processing /home/airflow/.local/lib/python3.12/site-packages/airflow/example_dags/example_latest_only.py took 0.047 seconds
[2024-08-11T09:33:02.441+0000] {processor.py:161} INFO - Started process (PID=245) to work on /home/airflow/.local/lib/python3.12/site-packages/airflow/example_dags/example_latest_only.py
[2024-08-11T09:33:02.442+0000] {processor.py:830} INFO - Processing file /home/airflow/.local/lib/python3.12/site-packages/airflow/example_dags/example_latest_only.py for tasks to queue
[2024-08-11T09:33:02.443+0000] {logging_mixin.py:188} INFO - [2024-08-11T09:33:02.443+0000] {dagbag.py:545} INFO - Filling up the DagBag from /home/airflow/.local/lib/python3.12/site-packages/airflow/example_dags/example_latest_only.py
[2024-08-11T09:33:02.446+0000] {processor.py:840} INFO - DAG(s) 'latest_only' retrieved from /home/airflow/.local/lib/python3.12/site-packages/airflow/example_dags/example_latest_only.py
[2024-08-11T09:33:02.457+0000] {logging_mixin.py:188} INFO - [2024-08-11T09:33:02.457+0000] {dag.py:3089} INFO - Sync 1 DAGs
[2024-08-11T09:33:02.469+0000] {logging_mixin.py:188} INFO - [2024-08-11T09:33:02.469+0000] {dag.py:3947} INFO - Setting next_dagrun for latest_only to 2024-08-11 04:00:00+00:00, run_after=2024-08-11 08:00:00+00:00
[2024-08-11T09:33:02.482+0000] {processor.py:183} INFO - Processing /home/airflow/.local/lib/python3.12/site-packages/airflow/example_dags/example_latest_only.py took 0.043 seconds
[2024-08-11T09:33:33.154+0000] {processor.py:161} INFO - Started process (PID=303) to work on /home/airflow/.local/lib/python3.12/site-packages/airflow/example_dags/example_latest_only.py
[2024-08-11T09:33:33.155+0000] {processor.py:830} INFO - Processing file /home/airflow/.local/lib/python3.12/site-packages/airflow/example_dags/example_latest_only.py for tasks to queue
[2024-08-11T09:33:33.156+0000] {logging_mixin.py:188} INFO - [2024-08-11T09:33:33.156+0000] {dagbag.py:545} INFO - Filling up the DagBag from /home/airflow/.local/lib/python3.12/site-packages/airflow/example_dags/example_latest_only.py
[2024-08-11T09:33:33.159+0000] {processor.py:840} INFO - DAG(s) 'latest_only' retrieved from /home/airflow/.local/lib/python3.12/site-packages/airflow/example_dags/example_latest_only.py
[2024-08-11T09:33:33.169+0000] {logging_mixin.py:188} INFO - [2024-08-11T09:33:33.169+0000] {dag.py:3089} INFO - Sync 1 DAGs
[2024-08-11T09:33:33.181+0000] {logging_mixin.py:188} INFO - [2024-08-11T09:33:33.180+0000] {dag.py:3947} INFO - Setting next_dagrun for latest_only to 2024-08-11 04:00:00+00:00, run_after=2024-08-11 08:00:00+00:00
[2024-08-11T09:33:33.190+0000] {processor.py:183} INFO - Processing /home/airflow/.local/lib/python3.12/site-packages/airflow/example_dags/example_latest_only.py took 0.038 seconds
[2024-08-11T09:34:04.041+0000] {processor.py:161} INFO - Started process (PID=367) to work on /home/airflow/.local/lib/python3.12/site-packages/airflow/example_dags/example_latest_only.py
[2024-08-11T09:34:04.042+0000] {processor.py:830} INFO - Processing file /home/airflow/.local/lib/python3.12/site-packages/airflow/example_dags/example_latest_only.py for tasks to queue
[2024-08-11T09:34:04.043+0000] {logging_mixin.py:188} INFO - [2024-08-11T09:34:04.043+0000] {dagbag.py:545} INFO - Filling up the DagBag from /home/airflow/.local/lib/python3.12/site-packages/airflow/example_dags/example_latest_only.py
[2024-08-11T09:34:04.046+0000] {processor.py:840} INFO - DAG(s) 'latest_only' retrieved from /home/airflow/.local/lib/python3.12/site-packages/airflow/example_dags/example_latest_only.py
[2024-08-11T09:34:04.056+0000] {logging_mixin.py:188} INFO - [2024-08-11T09:34:04.056+0000] {dag.py:3089} INFO - Sync 1 DAGs
[2024-08-11T09:34:04.066+0000] {logging_mixin.py:188} INFO - [2024-08-11T09:34:04.066+0000] {dag.py:3947} INFO - Setting next_dagrun for latest_only to 2024-08-11 04:00:00+00:00, run_after=2024-08-11 08:00:00+00:00
[2024-08-11T09:34:04.076+0000] {processor.py:183} INFO - Processing /home/airflow/.local/lib/python3.12/site-packages/airflow/example_dags/example_latest_only.py took 0.038 seconds
[2024-08-11T09:34:34.825+0000] {processor.py:161} INFO - Started process (PID=425) to work on /home/airflow/.local/lib/python3.12/site-packages/airflow/example_dags/example_latest_only.py
[2024-08-11T09:34:34.826+0000] {processor.py:830} INFO - Processing file /home/airflow/.local/lib/python3.12/site-packages/airflow/example_dags/example_latest_only.py for tasks to queue
[2024-08-11T09:34:34.827+0000] {logging_mixin.py:188} INFO - [2024-08-11T09:34:34.827+0000] {dagbag.py:545} INFO - Filling up the DagBag from /home/airflow/.local/lib/python3.12/site-packages/airflow/example_dags/example_latest_only.py
[2024-08-11T09:34:34.829+0000] {processor.py:840} INFO - DAG(s) 'latest_only' retrieved from /home/airflow/.local/lib/python3.12/site-packages/airflow/example_dags/example_latest_only.py
[2024-08-11T09:34:34.839+0000] {logging_mixin.py:188} INFO - [2024-08-11T09:34:34.839+0000] {dag.py:3089} INFO - Sync 1 DAGs
[2024-08-11T09:34:34.849+0000] {logging_mixin.py:188} INFO - [2024-08-11T09:34:34.849+0000] {dag.py:3947} INFO - Setting next_dagrun for latest_only to 2024-08-11 04:00:00+00:00, run_after=2024-08-11 08:00:00+00:00
[2024-08-11T09:34:34.859+0000] {processor.py:183} INFO - Processing /home/airflow/.local/lib/python3.12/site-packages/airflow/example_dags/example_latest_only.py took 0.037 seconds
[2024-08-11T09:35:05.621+0000] {processor.py:161} INFO - Started process (PID=483) to work on /home/airflow/.local/lib/python3.12/site-packages/airflow/example_dags/example_latest_only.py
[2024-08-11T09:35:05.622+0000] {processor.py:830} INFO - Processing file /home/airflow/.local/lib/python3.12/site-packages/airflow/example_dags/example_latest_only.py for tasks to queue
[2024-08-11T09:35:05.623+0000] {logging_mixin.py:188} INFO - [2024-08-11T09:35:05.623+0000] {dagbag.py:545} INFO - Filling up the DagBag from /home/airflow/.local/lib/python3.12/site-packages/airflow/example_dags/example_latest_only.py
[2024-08-11T09:35:05.628+0000] {processor.py:840} INFO - DAG(s) 'latest_only' retrieved from /home/airflow/.local/lib/python3.12/site-packages/airflow/example_dags/example_latest_only.py
[2024-08-11T09:35:05.650+0000] {logging_mixin.py:188} INFO - [2024-08-11T09:35:05.650+0000] {dag.py:3089} INFO - Sync 1 DAGs
[2024-08-11T09:35:05.663+0000] {logging_mixin.py:188} INFO - [2024-08-11T09:35:05.663+0000] {dag.py:3947} INFO - Setting next_dagrun for latest_only to 2024-08-11 04:00:00+00:00, run_after=2024-08-11 08:00:00+00:00
[2024-08-11T09:35:05.674+0000] {processor.py:183} INFO - Processing /home/airflow/.local/lib/python3.12/site-packages/airflow/example_dags/example_latest_only.py took 0.057 seconds
[2024-08-11T09:58:29.034+0000] {processor.py:161} INFO - Started process (PID=69) to work on /home/airflow/.local/lib/python3.12/site-packages/airflow/example_dags/example_latest_only.py
[2024-08-11T09:58:29.040+0000] {processor.py:830} INFO - Processing file /home/airflow/.local/lib/python3.12/site-packages/airflow/example_dags/example_latest_only.py for tasks to queue
[2024-08-11T09:58:29.042+0000] {logging_mixin.py:188} INFO - [2024-08-11T09:58:29.042+0000] {dagbag.py:545} INFO - Filling up the DagBag from /home/airflow/.local/lib/python3.12/site-packages/airflow/example_dags/example_latest_only.py
[2024-08-11T09:58:29.050+0000] {processor.py:840} INFO - DAG(s) 'latest_only' retrieved from /home/airflow/.local/lib/python3.12/site-packages/airflow/example_dags/example_latest_only.py
[2024-08-11T09:58:29.078+0000] {logging_mixin.py:188} INFO - [2024-08-11T09:58:29.078+0000] {dag.py:3089} INFO - Sync 1 DAGs
[2024-08-11T09:58:29.099+0000] {logging_mixin.py:188} INFO - [2024-08-11T09:58:29.099+0000] {dag.py:3947} INFO - Setting next_dagrun for latest_only to 2024-08-11 04:00:00+00:00, run_after=2024-08-11 08:00:00+00:00
[2024-08-11T09:58:29.122+0000] {processor.py:183} INFO - Processing /home/airflow/.local/lib/python3.12/site-packages/airflow/example_dags/example_latest_only.py took 0.092 seconds
[2024-08-11T09:58:59.222+0000] {processor.py:161} INFO - Started process (PID=127) to work on /home/airflow/.local/lib/python3.12/site-packages/airflow/example_dags/example_latest_only.py
[2024-08-11T09:58:59.223+0000] {processor.py:830} INFO - Processing file /home/airflow/.local/lib/python3.12/site-packages/airflow/example_dags/example_latest_only.py for tasks to queue
[2024-08-11T09:58:59.225+0000] {logging_mixin.py:188} INFO - [2024-08-11T09:58:59.225+0000] {dagbag.py:545} INFO - Filling up the DagBag from /home/airflow/.local/lib/python3.12/site-packages/airflow/example_dags/example_latest_only.py
[2024-08-11T09:58:59.229+0000] {processor.py:840} INFO - DAG(s) 'latest_only' retrieved from /home/airflow/.local/lib/python3.12/site-packages/airflow/example_dags/example_latest_only.py
[2024-08-11T09:58:59.234+0000] {logging_mixin.py:188} INFO - [2024-08-11T09:58:59.234+0000] {dag.py:3089} INFO - Sync 1 DAGs
[2024-08-11T09:58:59.245+0000] {logging_mixin.py:188} INFO - [2024-08-11T09:58:59.245+0000] {dag.py:3947} INFO - Setting next_dagrun for latest_only to 2024-08-11 04:00:00+00:00, run_after=2024-08-11 08:00:00+00:00
[2024-08-11T09:58:59.254+0000] {processor.py:183} INFO - Processing /home/airflow/.local/lib/python3.12/site-packages/airflow/example_dags/example_latest_only.py took 0.035 seconds
[2024-08-11T09:59:45.101+0000] {processor.py:161} INFO - Started process (PID=72) to work on /home/airflow/.local/lib/python3.12/site-packages/airflow/example_dags/example_latest_only.py
[2024-08-11T09:59:45.101+0000] {processor.py:830} INFO - Processing file /home/airflow/.local/lib/python3.12/site-packages/airflow/example_dags/example_latest_only.py for tasks to queue
[2024-08-11T09:59:45.102+0000] {logging_mixin.py:188} INFO - [2024-08-11T09:59:45.102+0000] {dagbag.py:545} INFO - Filling up the DagBag from /home/airflow/.local/lib/python3.12/site-packages/airflow/example_dags/example_latest_only.py
[2024-08-11T09:59:45.106+0000] {processor.py:840} INFO - DAG(s) 'latest_only' retrieved from /home/airflow/.local/lib/python3.12/site-packages/airflow/example_dags/example_latest_only.py
[2024-08-11T09:59:45.112+0000] {logging_mixin.py:188} INFO - [2024-08-11T09:59:45.112+0000] {dag.py:3089} INFO - Sync 1 DAGs
[2024-08-11T09:59:45.122+0000] {logging_mixin.py:188} INFO - [2024-08-11T09:59:45.122+0000] {dag.py:3947} INFO - Setting next_dagrun for latest_only to 2024-08-11 04:00:00+00:00, run_after=2024-08-11 08:00:00+00:00
[2024-08-11T09:59:45.131+0000] {processor.py:183} INFO - Processing /home/airflow/.local/lib/python3.12/site-packages/airflow/example_dags/example_latest_only.py took 0.033 seconds
[2024-08-11T10:00:15.417+0000] {processor.py:161} INFO - Started process (PID=130) to work on /home/airflow/.local/lib/python3.12/site-packages/airflow/example_dags/example_latest_only.py
[2024-08-11T10:00:15.419+0000] {processor.py:830} INFO - Processing file /home/airflow/.local/lib/python3.12/site-packages/airflow/example_dags/example_latest_only.py for tasks to queue
[2024-08-11T10:00:15.420+0000] {logging_mixin.py:188} INFO - [2024-08-11T10:00:15.420+0000] {dagbag.py:545} INFO - Filling up the DagBag from /home/airflow/.local/lib/python3.12/site-packages/airflow/example_dags/example_latest_only.py
[2024-08-11T10:00:15.423+0000] {processor.py:840} INFO - DAG(s) 'latest_only' retrieved from /home/airflow/.local/lib/python3.12/site-packages/airflow/example_dags/example_latest_only.py
[2024-08-11T10:00:15.468+0000] {logging_mixin.py:188} INFO - [2024-08-11T10:00:15.468+0000] {dag.py:3089} INFO - Sync 1 DAGs
[2024-08-11T10:00:15.480+0000] {logging_mixin.py:188} INFO - [2024-08-11T10:00:15.480+0000] {dag.py:3947} INFO - Setting next_dagrun for latest_only to 2024-08-11 04:00:00+00:00, run_after=2024-08-11 08:00:00+00:00
[2024-08-11T10:00:15.496+0000] {processor.py:183} INFO - Processing /home/airflow/.local/lib/python3.12/site-packages/airflow/example_dags/example_latest_only.py took 0.082 seconds
[2024-08-11T10:00:46.478+0000] {processor.py:161} INFO - Started process (PID=188) to work on /home/airflow/.local/lib/python3.12/site-packages/airflow/example_dags/example_latest_only.py
[2024-08-11T10:00:46.479+0000] {processor.py:830} INFO - Processing file /home/airflow/.local/lib/python3.12/site-packages/airflow/example_dags/example_latest_only.py for tasks to queue
[2024-08-11T10:00:46.481+0000] {logging_mixin.py:188} INFO - [2024-08-11T10:00:46.480+0000] {dagbag.py:545} INFO - Filling up the DagBag from /home/airflow/.local/lib/python3.12/site-packages/airflow/example_dags/example_latest_only.py
[2024-08-11T10:00:46.486+0000] {processor.py:840} INFO - DAG(s) 'latest_only' retrieved from /home/airflow/.local/lib/python3.12/site-packages/airflow/example_dags/example_latest_only.py
[2024-08-11T10:00:46.507+0000] {logging_mixin.py:188} INFO - [2024-08-11T10:00:46.507+0000] {dag.py:3089} INFO - Sync 1 DAGs
[2024-08-11T10:00:46.522+0000] {logging_mixin.py:188} INFO - [2024-08-11T10:00:46.522+0000] {dag.py:3947} INFO - Setting next_dagrun for latest_only to 2024-08-11 04:00:00+00:00, run_after=2024-08-11 08:00:00+00:00
[2024-08-11T10:00:46.537+0000] {processor.py:183} INFO - Processing /home/airflow/.local/lib/python3.12/site-packages/airflow/example_dags/example_latest_only.py took 0.067 seconds
[2024-08-11T10:01:17.212+0000] {processor.py:161} INFO - Started process (PID=246) to work on /home/airflow/.local/lib/python3.12/site-packages/airflow/example_dags/example_latest_only.py
[2024-08-11T10:01:17.213+0000] {processor.py:830} INFO - Processing file /home/airflow/.local/lib/python3.12/site-packages/airflow/example_dags/example_latest_only.py for tasks to queue
[2024-08-11T10:01:17.215+0000] {logging_mixin.py:188} INFO - [2024-08-11T10:01:17.215+0000] {dagbag.py:545} INFO - Filling up the DagBag from /home/airflow/.local/lib/python3.12/site-packages/airflow/example_dags/example_latest_only.py
[2024-08-11T10:01:17.219+0000] {processor.py:840} INFO - DAG(s) 'latest_only' retrieved from /home/airflow/.local/lib/python3.12/site-packages/airflow/example_dags/example_latest_only.py
[2024-08-11T10:01:17.241+0000] {logging_mixin.py:188} INFO - [2024-08-11T10:01:17.240+0000] {dag.py:3089} INFO - Sync 1 DAGs
[2024-08-11T10:01:17.284+0000] {logging_mixin.py:188} INFO - [2024-08-11T10:01:17.284+0000] {dag.py:3947} INFO - Setting next_dagrun for latest_only to 2024-08-11 04:00:00+00:00, run_after=2024-08-11 08:00:00+00:00
[2024-08-11T10:01:17.303+0000] {processor.py:183} INFO - Processing /home/airflow/.local/lib/python3.12/site-packages/airflow/example_dags/example_latest_only.py took 0.095 seconds
[2024-08-11T10:01:47.542+0000] {processor.py:161} INFO - Started process (PID=304) to work on /home/airflow/.local/lib/python3.12/site-packages/airflow/example_dags/example_latest_only.py
[2024-08-11T10:01:47.542+0000] {processor.py:830} INFO - Processing file /home/airflow/.local/lib/python3.12/site-packages/airflow/example_dags/example_latest_only.py for tasks to queue
[2024-08-11T10:01:47.545+0000] {logging_mixin.py:188} INFO - [2024-08-11T10:01:47.544+0000] {dagbag.py:545} INFO - Filling up the DagBag from /home/airflow/.local/lib/python3.12/site-packages/airflow/example_dags/example_latest_only.py
[2024-08-11T10:01:47.549+0000] {processor.py:840} INFO - DAG(s) 'latest_only' retrieved from /home/airflow/.local/lib/python3.12/site-packages/airflow/example_dags/example_latest_only.py
[2024-08-11T10:01:47.570+0000] {logging_mixin.py:188} INFO - [2024-08-11T10:01:47.570+0000] {dag.py:3089} INFO - Sync 1 DAGs
[2024-08-11T10:01:47.588+0000] {logging_mixin.py:188} INFO - [2024-08-11T10:01:47.587+0000] {dag.py:3947} INFO - Setting next_dagrun for latest_only to 2024-08-11 04:00:00+00:00, run_after=2024-08-11 08:00:00+00:00
[2024-08-11T10:01:47.604+0000] {processor.py:183} INFO - Processing /home/airflow/.local/lib/python3.12/site-packages/airflow/example_dags/example_latest_only.py took 0.067 seconds
