[2024-08-11T09:31:30.722+0000] {processor.py:161} INFO - Started process (PID=78) to work on /home/airflow/.local/lib/python3.12/site-packages/airflow/example_dags/example_nested_branch_dag.py
[2024-08-11T09:31:30.724+0000] {processor.py:830} INFO - Processing file /home/airflow/.local/lib/python3.12/site-packages/airflow/example_dags/example_nested_branch_dag.py for tasks to queue
[2024-08-11T09:31:30.725+0000] {logging_mixin.py:188} INFO - [2024-08-11T09:31:30.725+0000] {dagbag.py:545} INFO - Filling up the DagBag from /home/airflow/.local/lib/python3.12/site-packages/airflow/example_dags/example_nested_branch_dag.py
[2024-08-11T09:31:30.731+0000] {processor.py:840} INFO - DAG(s) 'example_nested_branch_dag' retrieved from /home/airflow/.local/lib/python3.12/site-packages/airflow/example_dags/example_nested_branch_dag.py
[2024-08-11T09:31:30.740+0000] {logging_mixin.py:188} INFO - [2024-08-11T09:31:30.739+0000] {dag.py:3089} INFO - Sync 1 DAGs
[2024-08-11T09:31:30.754+0000] {logging_mixin.py:188} INFO - [2024-08-11T09:31:30.754+0000] {dag.py:3947} INFO - Setting next_dagrun for example_nested_branch_dag to 2024-08-10 00:00:00+00:00, run_after=2024-08-11 00:00:00+00:00
[2024-08-11T09:31:30.777+0000] {processor.py:183} INFO - Processing /home/airflow/.local/lib/python3.12/site-packages/airflow/example_dags/example_nested_branch_dag.py took 0.059 seconds
[2024-08-11T09:32:01.025+0000] {processor.py:161} INFO - Started process (PID=136) to work on /home/airflow/.local/lib/python3.12/site-packages/airflow/example_dags/example_nested_branch_dag.py
[2024-08-11T09:32:01.026+0000] {processor.py:830} INFO - Processing file /home/airflow/.local/lib/python3.12/site-packages/airflow/example_dags/example_nested_branch_dag.py for tasks to queue
[2024-08-11T09:32:01.027+0000] {logging_mixin.py:188} INFO - [2024-08-11T09:32:01.027+0000] {dagbag.py:545} INFO - Filling up the DagBag from /home/airflow/.local/lib/python3.12/site-packages/airflow/example_dags/example_nested_branch_dag.py
[2024-08-11T09:32:01.033+0000] {processor.py:840} INFO - DAG(s) 'example_nested_branch_dag' retrieved from /home/airflow/.local/lib/python3.12/site-packages/airflow/example_dags/example_nested_branch_dag.py
[2024-08-11T09:32:01.080+0000] {logging_mixin.py:188} INFO - [2024-08-11T09:32:01.080+0000] {dag.py:3089} INFO - Sync 1 DAGs
[2024-08-11T09:32:01.090+0000] {logging_mixin.py:188} INFO - [2024-08-11T09:32:01.090+0000] {dag.py:3947} INFO - Setting next_dagrun for example_nested_branch_dag to 2024-08-10 00:00:00+00:00, run_after=2024-08-11 00:00:00+00:00
[2024-08-11T09:32:01.100+0000] {processor.py:183} INFO - Processing /home/airflow/.local/lib/python3.12/site-packages/airflow/example_dags/example_nested_branch_dag.py took 0.077 seconds
[2024-08-11T09:32:31.936+0000] {processor.py:161} INFO - Started process (PID=194) to work on /home/airflow/.local/lib/python3.12/site-packages/airflow/example_dags/example_nested_branch_dag.py
[2024-08-11T09:32:31.937+0000] {processor.py:830} INFO - Processing file /home/airflow/.local/lib/python3.12/site-packages/airflow/example_dags/example_nested_branch_dag.py for tasks to queue
[2024-08-11T09:32:31.938+0000] {logging_mixin.py:188} INFO - [2024-08-11T09:32:31.938+0000] {dagbag.py:545} INFO - Filling up the DagBag from /home/airflow/.local/lib/python3.12/site-packages/airflow/example_dags/example_nested_branch_dag.py
[2024-08-11T09:32:31.943+0000] {processor.py:840} INFO - DAG(s) 'example_nested_branch_dag' retrieved from /home/airflow/.local/lib/python3.12/site-packages/airflow/example_dags/example_nested_branch_dag.py
[2024-08-11T09:32:31.955+0000] {logging_mixin.py:188} INFO - [2024-08-11T09:32:31.955+0000] {dag.py:3089} INFO - Sync 1 DAGs
[2024-08-11T09:32:31.966+0000] {logging_mixin.py:188} INFO - [2024-08-11T09:32:31.966+0000] {dag.py:3947} INFO - Setting next_dagrun for example_nested_branch_dag to 2024-08-10 00:00:00+00:00, run_after=2024-08-11 00:00:00+00:00
[2024-08-11T09:32:31.978+0000] {processor.py:183} INFO - Processing /home/airflow/.local/lib/python3.12/site-packages/airflow/example_dags/example_nested_branch_dag.py took 0.044 seconds
[2024-08-11T09:33:02.672+0000] {processor.py:161} INFO - Started process (PID=252) to work on /home/airflow/.local/lib/python3.12/site-packages/airflow/example_dags/example_nested_branch_dag.py
[2024-08-11T09:33:02.673+0000] {processor.py:830} INFO - Processing file /home/airflow/.local/lib/python3.12/site-packages/airflow/example_dags/example_nested_branch_dag.py for tasks to queue
[2024-08-11T09:33:02.676+0000] {logging_mixin.py:188} INFO - [2024-08-11T09:33:02.676+0000] {dagbag.py:545} INFO - Filling up the DagBag from /home/airflow/.local/lib/python3.12/site-packages/airflow/example_dags/example_nested_branch_dag.py
[2024-08-11T09:33:02.681+0000] {processor.py:840} INFO - DAG(s) 'example_nested_branch_dag' retrieved from /home/airflow/.local/lib/python3.12/site-packages/airflow/example_dags/example_nested_branch_dag.py
[2024-08-11T09:33:02.693+0000] {logging_mixin.py:188} INFO - [2024-08-11T09:33:02.693+0000] {dag.py:3089} INFO - Sync 1 DAGs
[2024-08-11T09:33:02.703+0000] {logging_mixin.py:188} INFO - [2024-08-11T09:33:02.703+0000] {dag.py:3947} INFO - Setting next_dagrun for example_nested_branch_dag to 2024-08-10 00:00:00+00:00, run_after=2024-08-11 00:00:00+00:00
[2024-08-11T09:33:02.718+0000] {processor.py:183} INFO - Processing /home/airflow/.local/lib/python3.12/site-packages/airflow/example_dags/example_nested_branch_dag.py took 0.050 seconds
[2024-08-11T09:33:33.373+0000] {processor.py:161} INFO - Started process (PID=310) to work on /home/airflow/.local/lib/python3.12/site-packages/airflow/example_dags/example_nested_branch_dag.py
[2024-08-11T09:33:33.374+0000] {processor.py:830} INFO - Processing file /home/airflow/.local/lib/python3.12/site-packages/airflow/example_dags/example_nested_branch_dag.py for tasks to queue
[2024-08-11T09:33:33.375+0000] {logging_mixin.py:188} INFO - [2024-08-11T09:33:33.374+0000] {dagbag.py:545} INFO - Filling up the DagBag from /home/airflow/.local/lib/python3.12/site-packages/airflow/example_dags/example_nested_branch_dag.py
[2024-08-11T09:33:33.380+0000] {processor.py:840} INFO - DAG(s) 'example_nested_branch_dag' retrieved from /home/airflow/.local/lib/python3.12/site-packages/airflow/example_dags/example_nested_branch_dag.py
[2024-08-11T09:33:33.392+0000] {logging_mixin.py:188} INFO - [2024-08-11T09:33:33.391+0000] {dag.py:3089} INFO - Sync 1 DAGs
[2024-08-11T09:33:33.403+0000] {logging_mixin.py:188} INFO - [2024-08-11T09:33:33.403+0000] {dag.py:3947} INFO - Setting next_dagrun for example_nested_branch_dag to 2024-08-10 00:00:00+00:00, run_after=2024-08-11 00:00:00+00:00
[2024-08-11T09:33:33.415+0000] {processor.py:183} INFO - Processing /home/airflow/.local/lib/python3.12/site-packages/airflow/example_dags/example_nested_branch_dag.py took 0.045 seconds
[2024-08-11T09:34:04.267+0000] {processor.py:161} INFO - Started process (PID=374) to work on /home/airflow/.local/lib/python3.12/site-packages/airflow/example_dags/example_nested_branch_dag.py
[2024-08-11T09:34:04.267+0000] {processor.py:830} INFO - Processing file /home/airflow/.local/lib/python3.12/site-packages/airflow/example_dags/example_nested_branch_dag.py for tasks to queue
[2024-08-11T09:34:04.268+0000] {logging_mixin.py:188} INFO - [2024-08-11T09:34:04.268+0000] {dagbag.py:545} INFO - Filling up the DagBag from /home/airflow/.local/lib/python3.12/site-packages/airflow/example_dags/example_nested_branch_dag.py
[2024-08-11T09:34:04.273+0000] {processor.py:840} INFO - DAG(s) 'example_nested_branch_dag' retrieved from /home/airflow/.local/lib/python3.12/site-packages/airflow/example_dags/example_nested_branch_dag.py
[2024-08-11T09:34:04.284+0000] {logging_mixin.py:188} INFO - [2024-08-11T09:34:04.284+0000] {dag.py:3089} INFO - Sync 1 DAGs
[2024-08-11T09:34:04.296+0000] {logging_mixin.py:188} INFO - [2024-08-11T09:34:04.295+0000] {dag.py:3947} INFO - Setting next_dagrun for example_nested_branch_dag to 2024-08-10 00:00:00+00:00, run_after=2024-08-11 00:00:00+00:00
[2024-08-11T09:34:04.304+0000] {processor.py:183} INFO - Processing /home/airflow/.local/lib/python3.12/site-packages/airflow/example_dags/example_nested_branch_dag.py took 0.040 seconds
[2024-08-11T09:34:35.020+0000] {processor.py:161} INFO - Started process (PID=432) to work on /home/airflow/.local/lib/python3.12/site-packages/airflow/example_dags/example_nested_branch_dag.py
[2024-08-11T09:34:35.021+0000] {processor.py:830} INFO - Processing file /home/airflow/.local/lib/python3.12/site-packages/airflow/example_dags/example_nested_branch_dag.py for tasks to queue
[2024-08-11T09:34:35.022+0000] {logging_mixin.py:188} INFO - [2024-08-11T09:34:35.022+0000] {dagbag.py:545} INFO - Filling up the DagBag from /home/airflow/.local/lib/python3.12/site-packages/airflow/example_dags/example_nested_branch_dag.py
[2024-08-11T09:34:35.027+0000] {processor.py:840} INFO - DAG(s) 'example_nested_branch_dag' retrieved from /home/airflow/.local/lib/python3.12/site-packages/airflow/example_dags/example_nested_branch_dag.py
[2024-08-11T09:34:35.038+0000] {logging_mixin.py:188} INFO - [2024-08-11T09:34:35.038+0000] {dag.py:3089} INFO - Sync 1 DAGs
[2024-08-11T09:34:35.048+0000] {logging_mixin.py:188} INFO - [2024-08-11T09:34:35.048+0000] {dag.py:3947} INFO - Setting next_dagrun for example_nested_branch_dag to 2024-08-10 00:00:00+00:00, run_after=2024-08-11 00:00:00+00:00
[2024-08-11T09:34:35.058+0000] {processor.py:183} INFO - Processing /home/airflow/.local/lib/python3.12/site-packages/airflow/example_dags/example_nested_branch_dag.py took 0.042 seconds
[2024-08-11T09:35:05.858+0000] {processor.py:161} INFO - Started process (PID=490) to work on /home/airflow/.local/lib/python3.12/site-packages/airflow/example_dags/example_nested_branch_dag.py
[2024-08-11T09:35:05.860+0000] {processor.py:830} INFO - Processing file /home/airflow/.local/lib/python3.12/site-packages/airflow/example_dags/example_nested_branch_dag.py for tasks to queue
[2024-08-11T09:35:05.861+0000] {logging_mixin.py:188} INFO - [2024-08-11T09:35:05.861+0000] {dagbag.py:545} INFO - Filling up the DagBag from /home/airflow/.local/lib/python3.12/site-packages/airflow/example_dags/example_nested_branch_dag.py
[2024-08-11T09:35:05.866+0000] {processor.py:840} INFO - DAG(s) 'example_nested_branch_dag' retrieved from /home/airflow/.local/lib/python3.12/site-packages/airflow/example_dags/example_nested_branch_dag.py
[2024-08-11T09:35:05.876+0000] {logging_mixin.py:188} INFO - [2024-08-11T09:35:05.875+0000] {dag.py:3089} INFO - Sync 1 DAGs
[2024-08-11T09:35:05.886+0000] {logging_mixin.py:188} INFO - [2024-08-11T09:35:05.886+0000] {dag.py:3947} INFO - Setting next_dagrun for example_nested_branch_dag to 2024-08-10 00:00:00+00:00, run_after=2024-08-11 00:00:00+00:00
[2024-08-11T09:35:05.896+0000] {processor.py:183} INFO - Processing /home/airflow/.local/lib/python3.12/site-packages/airflow/example_dags/example_nested_branch_dag.py took 0.041 seconds
[2024-08-11T09:58:29.410+0000] {processor.py:161} INFO - Started process (PID=76) to work on /home/airflow/.local/lib/python3.12/site-packages/airflow/example_dags/example_nested_branch_dag.py
[2024-08-11T09:58:29.411+0000] {processor.py:830} INFO - Processing file /home/airflow/.local/lib/python3.12/site-packages/airflow/example_dags/example_nested_branch_dag.py for tasks to queue
[2024-08-11T09:58:29.414+0000] {logging_mixin.py:188} INFO - [2024-08-11T09:58:29.414+0000] {dagbag.py:545} INFO - Filling up the DagBag from /home/airflow/.local/lib/python3.12/site-packages/airflow/example_dags/example_nested_branch_dag.py
[2024-08-11T09:58:29.420+0000] {processor.py:840} INFO - DAG(s) 'example_nested_branch_dag' retrieved from /home/airflow/.local/lib/python3.12/site-packages/airflow/example_dags/example_nested_branch_dag.py
[2024-08-11T09:58:29.434+0000] {logging_mixin.py:188} INFO - [2024-08-11T09:58:29.434+0000] {dag.py:3089} INFO - Sync 1 DAGs
[2024-08-11T09:58:29.448+0000] {logging_mixin.py:188} INFO - [2024-08-11T09:58:29.448+0000] {dag.py:3947} INFO - Setting next_dagrun for example_nested_branch_dag to 2024-08-10 00:00:00+00:00, run_after=2024-08-11 00:00:00+00:00
[2024-08-11T09:58:29.463+0000] {processor.py:183} INFO - Processing /home/airflow/.local/lib/python3.12/site-packages/airflow/example_dags/example_nested_branch_dag.py took 0.056 seconds
[2024-08-11T09:59:00.426+0000] {processor.py:161} INFO - Started process (PID=134) to work on /home/airflow/.local/lib/python3.12/site-packages/airflow/example_dags/example_nested_branch_dag.py
[2024-08-11T09:59:00.427+0000] {processor.py:830} INFO - Processing file /home/airflow/.local/lib/python3.12/site-packages/airflow/example_dags/example_nested_branch_dag.py for tasks to queue
[2024-08-11T09:59:00.428+0000] {logging_mixin.py:188} INFO - [2024-08-11T09:59:00.428+0000] {dagbag.py:545} INFO - Filling up the DagBag from /home/airflow/.local/lib/python3.12/site-packages/airflow/example_dags/example_nested_branch_dag.py
[2024-08-11T09:59:00.434+0000] {processor.py:840} INFO - DAG(s) 'example_nested_branch_dag' retrieved from /home/airflow/.local/lib/python3.12/site-packages/airflow/example_dags/example_nested_branch_dag.py
[2024-08-11T09:59:00.444+0000] {logging_mixin.py:188} INFO - [2024-08-11T09:59:00.443+0000] {dag.py:3089} INFO - Sync 1 DAGs
[2024-08-11T09:59:00.465+0000] {logging_mixin.py:188} INFO - [2024-08-11T09:59:00.457+0000] {dag.py:3947} INFO - Setting next_dagrun for example_nested_branch_dag to 2024-08-10 00:00:00+00:00, run_after=2024-08-11 00:00:00+00:00
[2024-08-11T09:59:00.487+0000] {processor.py:183} INFO - Processing /home/airflow/.local/lib/python3.12/site-packages/airflow/example_dags/example_nested_branch_dag.py took 0.064 seconds
[2024-08-11T09:59:45.322+0000] {processor.py:161} INFO - Started process (PID=79) to work on /home/airflow/.local/lib/python3.12/site-packages/airflow/example_dags/example_nested_branch_dag.py
[2024-08-11T09:59:45.323+0000] {processor.py:830} INFO - Processing file /home/airflow/.local/lib/python3.12/site-packages/airflow/example_dags/example_nested_branch_dag.py for tasks to queue
[2024-08-11T09:59:45.324+0000] {logging_mixin.py:188} INFO - [2024-08-11T09:59:45.324+0000] {dagbag.py:545} INFO - Filling up the DagBag from /home/airflow/.local/lib/python3.12/site-packages/airflow/example_dags/example_nested_branch_dag.py
[2024-08-11T09:59:45.330+0000] {processor.py:840} INFO - DAG(s) 'example_nested_branch_dag' retrieved from /home/airflow/.local/lib/python3.12/site-packages/airflow/example_dags/example_nested_branch_dag.py
[2024-08-11T09:59:45.336+0000] {logging_mixin.py:188} INFO - [2024-08-11T09:59:45.336+0000] {dag.py:3089} INFO - Sync 1 DAGs
[2024-08-11T09:59:45.352+0000] {logging_mixin.py:188} INFO - [2024-08-11T09:59:45.352+0000] {dag.py:3947} INFO - Setting next_dagrun for example_nested_branch_dag to 2024-08-10 00:00:00+00:00, run_after=2024-08-11 00:00:00+00:00
[2024-08-11T09:59:45.370+0000] {processor.py:183} INFO - Processing /home/airflow/.local/lib/python3.12/site-packages/airflow/example_dags/example_nested_branch_dag.py took 0.052 seconds
[2024-08-11T10:00:15.749+0000] {processor.py:161} INFO - Started process (PID=137) to work on /home/airflow/.local/lib/python3.12/site-packages/airflow/example_dags/example_nested_branch_dag.py
[2024-08-11T10:00:15.750+0000] {processor.py:830} INFO - Processing file /home/airflow/.local/lib/python3.12/site-packages/airflow/example_dags/example_nested_branch_dag.py for tasks to queue
[2024-08-11T10:00:15.751+0000] {logging_mixin.py:188} INFO - [2024-08-11T10:00:15.750+0000] {dagbag.py:545} INFO - Filling up the DagBag from /home/airflow/.local/lib/python3.12/site-packages/airflow/example_dags/example_nested_branch_dag.py
[2024-08-11T10:00:15.756+0000] {processor.py:840} INFO - DAG(s) 'example_nested_branch_dag' retrieved from /home/airflow/.local/lib/python3.12/site-packages/airflow/example_dags/example_nested_branch_dag.py
[2024-08-11T10:00:15.807+0000] {logging_mixin.py:188} INFO - [2024-08-11T10:00:15.806+0000] {dag.py:3089} INFO - Sync 1 DAGs
[2024-08-11T10:00:15.816+0000] {logging_mixin.py:188} INFO - [2024-08-11T10:00:15.816+0000] {dag.py:3947} INFO - Setting next_dagrun for example_nested_branch_dag to 2024-08-10 00:00:00+00:00, run_after=2024-08-11 00:00:00+00:00
[2024-08-11T10:00:15.832+0000] {processor.py:183} INFO - Processing /home/airflow/.local/lib/python3.12/site-packages/airflow/example_dags/example_nested_branch_dag.py took 0.089 seconds
[2024-08-11T10:00:46.683+0000] {processor.py:161} INFO - Started process (PID=195) to work on /home/airflow/.local/lib/python3.12/site-packages/airflow/example_dags/example_nested_branch_dag.py
[2024-08-11T10:00:46.684+0000] {processor.py:830} INFO - Processing file /home/airflow/.local/lib/python3.12/site-packages/airflow/example_dags/example_nested_branch_dag.py for tasks to queue
[2024-08-11T10:00:46.685+0000] {logging_mixin.py:188} INFO - [2024-08-11T10:00:46.685+0000] {dagbag.py:545} INFO - Filling up the DagBag from /home/airflow/.local/lib/python3.12/site-packages/airflow/example_dags/example_nested_branch_dag.py
[2024-08-11T10:00:46.690+0000] {processor.py:840} INFO - DAG(s) 'example_nested_branch_dag' retrieved from /home/airflow/.local/lib/python3.12/site-packages/airflow/example_dags/example_nested_branch_dag.py
[2024-08-11T10:00:46.706+0000] {logging_mixin.py:188} INFO - [2024-08-11T10:00:46.706+0000] {dag.py:3089} INFO - Sync 1 DAGs
[2024-08-11T10:00:46.717+0000] {logging_mixin.py:188} INFO - [2024-08-11T10:00:46.717+0000] {dag.py:3947} INFO - Setting next_dagrun for example_nested_branch_dag to 2024-08-10 00:00:00+00:00, run_after=2024-08-11 00:00:00+00:00
[2024-08-11T10:00:46.729+0000] {processor.py:183} INFO - Processing /home/airflow/.local/lib/python3.12/site-packages/airflow/example_dags/example_nested_branch_dag.py took 0.049 seconds
[2024-08-11T10:01:17.533+0000] {processor.py:161} INFO - Started process (PID=253) to work on /home/airflow/.local/lib/python3.12/site-packages/airflow/example_dags/example_nested_branch_dag.py
[2024-08-11T10:01:17.534+0000] {processor.py:830} INFO - Processing file /home/airflow/.local/lib/python3.12/site-packages/airflow/example_dags/example_nested_branch_dag.py for tasks to queue
[2024-08-11T10:01:17.536+0000] {logging_mixin.py:188} INFO - [2024-08-11T10:01:17.536+0000] {dagbag.py:545} INFO - Filling up the DagBag from /home/airflow/.local/lib/python3.12/site-packages/airflow/example_dags/example_nested_branch_dag.py
[2024-08-11T10:01:17.543+0000] {processor.py:840} INFO - DAG(s) 'example_nested_branch_dag' retrieved from /home/airflow/.local/lib/python3.12/site-packages/airflow/example_dags/example_nested_branch_dag.py
[2024-08-11T10:01:17.558+0000] {logging_mixin.py:188} INFO - [2024-08-11T10:01:17.558+0000] {dag.py:3089} INFO - Sync 1 DAGs
[2024-08-11T10:01:17.572+0000] {logging_mixin.py:188} INFO - [2024-08-11T10:01:17.571+0000] {dag.py:3947} INFO - Setting next_dagrun for example_nested_branch_dag to 2024-08-10 00:00:00+00:00, run_after=2024-08-11 00:00:00+00:00
[2024-08-11T10:01:17.594+0000] {processor.py:183} INFO - Processing /home/airflow/.local/lib/python3.12/site-packages/airflow/example_dags/example_nested_branch_dag.py took 0.066 seconds
[2024-08-11T10:01:47.780+0000] {processor.py:161} INFO - Started process (PID=311) to work on /home/airflow/.local/lib/python3.12/site-packages/airflow/example_dags/example_nested_branch_dag.py
[2024-08-11T10:01:47.780+0000] {processor.py:830} INFO - Processing file /home/airflow/.local/lib/python3.12/site-packages/airflow/example_dags/example_nested_branch_dag.py for tasks to queue
[2024-08-11T10:01:47.783+0000] {logging_mixin.py:188} INFO - [2024-08-11T10:01:47.783+0000] {dagbag.py:545} INFO - Filling up the DagBag from /home/airflow/.local/lib/python3.12/site-packages/airflow/example_dags/example_nested_branch_dag.py
[2024-08-11T10:01:47.788+0000] {processor.py:840} INFO - DAG(s) 'example_nested_branch_dag' retrieved from /home/airflow/.local/lib/python3.12/site-packages/airflow/example_dags/example_nested_branch_dag.py
[2024-08-11T10:01:47.799+0000] {logging_mixin.py:188} INFO - [2024-08-11T10:01:47.799+0000] {dag.py:3089} INFO - Sync 1 DAGs
[2024-08-11T10:01:47.810+0000] {logging_mixin.py:188} INFO - [2024-08-11T10:01:47.810+0000] {dag.py:3947} INFO - Setting next_dagrun for example_nested_branch_dag to 2024-08-10 00:00:00+00:00, run_after=2024-08-11 00:00:00+00:00
[2024-08-11T10:01:47.819+0000] {processor.py:183} INFO - Processing /home/airflow/.local/lib/python3.12/site-packages/airflow/example_dags/example_nested_branch_dag.py took 0.042 seconds
