[2024-08-11T09:31:30.297+0000] {processor.py:161} INFO - Started process (PID=67) to work on /home/airflow/.local/lib/python3.12/site-packages/airflow/example_dags/example_python_decorator.py
[2024-08-11T09:31:30.302+0000] {processor.py:830} INFO - Processing file /home/airflow/.local/lib/python3.12/site-packages/airflow/example_dags/example_python_decorator.py for tasks to queue
[2024-08-11T09:31:30.305+0000] {logging_mixin.py:188} INFO - [2024-08-11T09:31:30.305+0000] {dagbag.py:545} INFO - Filling up the DagBag from /home/airflow/.local/lib/python3.12/site-packages/airflow/example_dags/example_python_decorator.py
[2024-08-11T09:31:30.318+0000] {processor.py:840} INFO - DAG(s) 'example_python_decorator' retrieved from /home/airflow/.local/lib/python3.12/site-packages/airflow/example_dags/example_python_decorator.py
[2024-08-11T09:31:30.329+0000] {logging_mixin.py:188} INFO - [2024-08-11T09:31:30.329+0000] {dag.py:3089} INFO - Sync 1 DAGs
[2024-08-11T09:31:30.341+0000] {logging_mixin.py:188} INFO - [2024-08-11T09:31:30.341+0000] {dag.py:3947} INFO - Setting next_dagrun for example_python_decorator to None, run_after=None
[2024-08-11T09:31:30.367+0000] {processor.py:183} INFO - Processing /home/airflow/.local/lib/python3.12/site-packages/airflow/example_dags/example_python_decorator.py took 0.073 seconds
[2024-08-11T09:32:00.521+0000] {processor.py:161} INFO - Started process (PID=125) to work on /home/airflow/.local/lib/python3.12/site-packages/airflow/example_dags/example_python_decorator.py
[2024-08-11T09:32:00.521+0000] {processor.py:830} INFO - Processing file /home/airflow/.local/lib/python3.12/site-packages/airflow/example_dags/example_python_decorator.py for tasks to queue
[2024-08-11T09:32:00.522+0000] {logging_mixin.py:188} INFO - [2024-08-11T09:32:00.522+0000] {dagbag.py:545} INFO - Filling up the DagBag from /home/airflow/.local/lib/python3.12/site-packages/airflow/example_dags/example_python_decorator.py
[2024-08-11T09:32:00.528+0000] {processor.py:840} INFO - DAG(s) 'example_python_decorator' retrieved from /home/airflow/.local/lib/python3.12/site-packages/airflow/example_dags/example_python_decorator.py
[2024-08-11T09:32:00.574+0000] {logging_mixin.py:188} INFO - [2024-08-11T09:32:00.574+0000] {dag.py:3089} INFO - Sync 1 DAGs
[2024-08-11T09:32:00.579+0000] {logging_mixin.py:188} INFO - [2024-08-11T09:32:00.579+0000] {dag.py:3947} INFO - Setting next_dagrun for example_python_decorator to None, run_after=None
[2024-08-11T09:32:00.589+0000] {processor.py:183} INFO - Processing /home/airflow/.local/lib/python3.12/site-packages/airflow/example_dags/example_python_decorator.py took 0.071 seconds
[2024-08-11T09:32:31.609+0000] {processor.py:161} INFO - Started process (PID=183) to work on /home/airflow/.local/lib/python3.12/site-packages/airflow/example_dags/example_python_decorator.py
[2024-08-11T09:32:31.610+0000] {processor.py:830} INFO - Processing file /home/airflow/.local/lib/python3.12/site-packages/airflow/example_dags/example_python_decorator.py for tasks to queue
[2024-08-11T09:32:31.611+0000] {logging_mixin.py:188} INFO - [2024-08-11T09:32:31.611+0000] {dagbag.py:545} INFO - Filling up the DagBag from /home/airflow/.local/lib/python3.12/site-packages/airflow/example_dags/example_python_decorator.py
[2024-08-11T09:32:31.622+0000] {processor.py:840} INFO - DAG(s) 'example_python_decorator' retrieved from /home/airflow/.local/lib/python3.12/site-packages/airflow/example_dags/example_python_decorator.py
[2024-08-11T09:32:31.640+0000] {logging_mixin.py:188} INFO - [2024-08-11T09:32:31.640+0000] {dag.py:3089} INFO - Sync 1 DAGs
[2024-08-11T09:32:31.648+0000] {logging_mixin.py:188} INFO - [2024-08-11T09:32:31.647+0000] {dag.py:3947} INFO - Setting next_dagrun for example_python_decorator to None, run_after=None
[2024-08-11T09:32:31.662+0000] {processor.py:183} INFO - Processing /home/airflow/.local/lib/python3.12/site-packages/airflow/example_dags/example_python_decorator.py took 0.060 seconds
[2024-08-11T09:33:02.328+0000] {processor.py:161} INFO - Started process (PID=241) to work on /home/airflow/.local/lib/python3.12/site-packages/airflow/example_dags/example_python_decorator.py
[2024-08-11T09:33:02.329+0000] {processor.py:830} INFO - Processing file /home/airflow/.local/lib/python3.12/site-packages/airflow/example_dags/example_python_decorator.py for tasks to queue
[2024-08-11T09:33:02.331+0000] {logging_mixin.py:188} INFO - [2024-08-11T09:33:02.331+0000] {dagbag.py:545} INFO - Filling up the DagBag from /home/airflow/.local/lib/python3.12/site-packages/airflow/example_dags/example_python_decorator.py
[2024-08-11T09:33:02.345+0000] {processor.py:840} INFO - DAG(s) 'example_python_decorator' retrieved from /home/airflow/.local/lib/python3.12/site-packages/airflow/example_dags/example_python_decorator.py
[2024-08-11T09:33:02.363+0000] {logging_mixin.py:188} INFO - [2024-08-11T09:33:02.363+0000] {dag.py:3089} INFO - Sync 1 DAGs
[2024-08-11T09:33:02.374+0000] {logging_mixin.py:188} INFO - [2024-08-11T09:33:02.374+0000] {dag.py:3947} INFO - Setting next_dagrun for example_python_decorator to None, run_after=None
[2024-08-11T09:33:02.387+0000] {processor.py:183} INFO - Processing /home/airflow/.local/lib/python3.12/site-packages/airflow/example_dags/example_python_decorator.py took 0.067 seconds
[2024-08-11T09:33:33.036+0000] {processor.py:161} INFO - Started process (PID=299) to work on /home/airflow/.local/lib/python3.12/site-packages/airflow/example_dags/example_python_decorator.py
[2024-08-11T09:33:33.037+0000] {processor.py:830} INFO - Processing file /home/airflow/.local/lib/python3.12/site-packages/airflow/example_dags/example_python_decorator.py for tasks to queue
[2024-08-11T09:33:33.038+0000] {logging_mixin.py:188} INFO - [2024-08-11T09:33:33.038+0000] {dagbag.py:545} INFO - Filling up the DagBag from /home/airflow/.local/lib/python3.12/site-packages/airflow/example_dags/example_python_decorator.py
[2024-08-11T09:33:33.045+0000] {processor.py:840} INFO - DAG(s) 'example_python_decorator' retrieved from /home/airflow/.local/lib/python3.12/site-packages/airflow/example_dags/example_python_decorator.py
[2024-08-11T09:33:33.059+0000] {logging_mixin.py:188} INFO - [2024-08-11T09:33:33.058+0000] {dag.py:3089} INFO - Sync 1 DAGs
[2024-08-11T09:33:33.070+0000] {logging_mixin.py:188} INFO - [2024-08-11T09:33:33.070+0000] {dag.py:3947} INFO - Setting next_dagrun for example_python_decorator to None, run_after=None
[2024-08-11T09:33:33.084+0000] {processor.py:183} INFO - Processing /home/airflow/.local/lib/python3.12/site-packages/airflow/example_dags/example_python_decorator.py took 0.051 seconds
[2024-08-11T09:34:03.925+0000] {processor.py:161} INFO - Started process (PID=363) to work on /home/airflow/.local/lib/python3.12/site-packages/airflow/example_dags/example_python_decorator.py
[2024-08-11T09:34:03.926+0000] {processor.py:830} INFO - Processing file /home/airflow/.local/lib/python3.12/site-packages/airflow/example_dags/example_python_decorator.py for tasks to queue
[2024-08-11T09:34:03.929+0000] {logging_mixin.py:188} INFO - [2024-08-11T09:34:03.929+0000] {dagbag.py:545} INFO - Filling up the DagBag from /home/airflow/.local/lib/python3.12/site-packages/airflow/example_dags/example_python_decorator.py
[2024-08-11T09:34:03.942+0000] {processor.py:840} INFO - DAG(s) 'example_python_decorator' retrieved from /home/airflow/.local/lib/python3.12/site-packages/airflow/example_dags/example_python_decorator.py
[2024-08-11T09:34:03.956+0000] {logging_mixin.py:188} INFO - [2024-08-11T09:34:03.956+0000] {dag.py:3089} INFO - Sync 1 DAGs
[2024-08-11T09:34:03.967+0000] {logging_mixin.py:188} INFO - [2024-08-11T09:34:03.967+0000] {dag.py:3947} INFO - Setting next_dagrun for example_python_decorator to None, run_after=None
[2024-08-11T09:34:03.979+0000] {processor.py:183} INFO - Processing /home/airflow/.local/lib/python3.12/site-packages/airflow/example_dags/example_python_decorator.py took 0.060 seconds
[2024-08-11T09:34:34.707+0000] {processor.py:161} INFO - Started process (PID=421) to work on /home/airflow/.local/lib/python3.12/site-packages/airflow/example_dags/example_python_decorator.py
[2024-08-11T09:34:34.708+0000] {processor.py:830} INFO - Processing file /home/airflow/.local/lib/python3.12/site-packages/airflow/example_dags/example_python_decorator.py for tasks to queue
[2024-08-11T09:34:34.710+0000] {logging_mixin.py:188} INFO - [2024-08-11T09:34:34.710+0000] {dagbag.py:545} INFO - Filling up the DagBag from /home/airflow/.local/lib/python3.12/site-packages/airflow/example_dags/example_python_decorator.py
[2024-08-11T09:34:34.724+0000] {processor.py:840} INFO - DAG(s) 'example_python_decorator' retrieved from /home/airflow/.local/lib/python3.12/site-packages/airflow/example_dags/example_python_decorator.py
[2024-08-11T09:34:34.740+0000] {logging_mixin.py:188} INFO - [2024-08-11T09:34:34.740+0000] {dag.py:3089} INFO - Sync 1 DAGs
[2024-08-11T09:34:34.748+0000] {logging_mixin.py:188} INFO - [2024-08-11T09:34:34.748+0000] {dag.py:3947} INFO - Setting next_dagrun for example_python_decorator to None, run_after=None
[2024-08-11T09:34:34.758+0000] {processor.py:183} INFO - Processing /home/airflow/.local/lib/python3.12/site-packages/airflow/example_dags/example_python_decorator.py took 0.057 seconds
[2024-08-11T09:35:05.494+0000] {processor.py:161} INFO - Started process (PID=479) to work on /home/airflow/.local/lib/python3.12/site-packages/airflow/example_dags/example_python_decorator.py
[2024-08-11T09:35:05.494+0000] {processor.py:830} INFO - Processing file /home/airflow/.local/lib/python3.12/site-packages/airflow/example_dags/example_python_decorator.py for tasks to queue
[2024-08-11T09:35:05.495+0000] {logging_mixin.py:188} INFO - [2024-08-11T09:35:05.495+0000] {dagbag.py:545} INFO - Filling up the DagBag from /home/airflow/.local/lib/python3.12/site-packages/airflow/example_dags/example_python_decorator.py
[2024-08-11T09:35:05.501+0000] {processor.py:840} INFO - DAG(s) 'example_python_decorator' retrieved from /home/airflow/.local/lib/python3.12/site-packages/airflow/example_dags/example_python_decorator.py
[2024-08-11T09:35:05.517+0000] {logging_mixin.py:188} INFO - [2024-08-11T09:35:05.516+0000] {dag.py:3089} INFO - Sync 1 DAGs
[2024-08-11T09:35:05.524+0000] {logging_mixin.py:188} INFO - [2024-08-11T09:35:05.524+0000] {dag.py:3947} INFO - Setting next_dagrun for example_python_decorator to None, run_after=None
[2024-08-11T09:35:05.538+0000] {processor.py:183} INFO - Processing /home/airflow/.local/lib/python3.12/site-packages/airflow/example_dags/example_python_decorator.py took 0.048 seconds
[2024-08-11T09:58:28.771+0000] {processor.py:161} INFO - Started process (PID=65) to work on /home/airflow/.local/lib/python3.12/site-packages/airflow/example_dags/example_python_decorator.py
[2024-08-11T09:58:28.773+0000] {processor.py:830} INFO - Processing file /home/airflow/.local/lib/python3.12/site-packages/airflow/example_dags/example_python_decorator.py for tasks to queue
[2024-08-11T09:58:28.775+0000] {logging_mixin.py:188} INFO - [2024-08-11T09:58:28.775+0000] {dagbag.py:545} INFO - Filling up the DagBag from /home/airflow/.local/lib/python3.12/site-packages/airflow/example_dags/example_python_decorator.py
[2024-08-11T09:58:28.804+0000] {processor.py:840} INFO - DAG(s) 'example_python_decorator' retrieved from /home/airflow/.local/lib/python3.12/site-packages/airflow/example_dags/example_python_decorator.py
[2024-08-11T09:58:28.914+0000] {logging_mixin.py:188} INFO - [2024-08-11T09:58:28.914+0000] {dag.py:3089} INFO - Sync 1 DAGs
[2024-08-11T09:58:28.922+0000] {logging_mixin.py:188} INFO - [2024-08-11T09:58:28.922+0000] {dag.py:3947} INFO - Setting next_dagrun for example_python_decorator to None, run_after=None
[2024-08-11T09:58:28.945+0000] {processor.py:183} INFO - Processing /home/airflow/.local/lib/python3.12/site-packages/airflow/example_dags/example_python_decorator.py took 0.178 seconds
[2024-08-11T09:58:59.116+0000] {processor.py:161} INFO - Started process (PID=123) to work on /home/airflow/.local/lib/python3.12/site-packages/airflow/example_dags/example_python_decorator.py
[2024-08-11T09:58:59.118+0000] {processor.py:830} INFO - Processing file /home/airflow/.local/lib/python3.12/site-packages/airflow/example_dags/example_python_decorator.py for tasks to queue
[2024-08-11T09:58:59.120+0000] {logging_mixin.py:188} INFO - [2024-08-11T09:58:59.119+0000] {dagbag.py:545} INFO - Filling up the DagBag from /home/airflow/.local/lib/python3.12/site-packages/airflow/example_dags/example_python_decorator.py
[2024-08-11T09:58:59.127+0000] {processor.py:840} INFO - DAG(s) 'example_python_decorator' retrieved from /home/airflow/.local/lib/python3.12/site-packages/airflow/example_dags/example_python_decorator.py
[2024-08-11T09:58:59.136+0000] {logging_mixin.py:188} INFO - [2024-08-11T09:58:59.135+0000] {dag.py:3089} INFO - Sync 1 DAGs
[2024-08-11T09:58:59.142+0000] {logging_mixin.py:188} INFO - [2024-08-11T09:58:59.142+0000] {dag.py:3947} INFO - Setting next_dagrun for example_python_decorator to None, run_after=None
[2024-08-11T09:58:59.151+0000] {processor.py:183} INFO - Processing /home/airflow/.local/lib/python3.12/site-packages/airflow/example_dags/example_python_decorator.py took 0.038 seconds
[2024-08-11T09:59:44.987+0000] {processor.py:161} INFO - Started process (PID=68) to work on /home/airflow/.local/lib/python3.12/site-packages/airflow/example_dags/example_python_decorator.py
[2024-08-11T09:59:44.988+0000] {processor.py:830} INFO - Processing file /home/airflow/.local/lib/python3.12/site-packages/airflow/example_dags/example_python_decorator.py for tasks to queue
[2024-08-11T09:59:44.989+0000] {logging_mixin.py:188} INFO - [2024-08-11T09:59:44.988+0000] {dagbag.py:545} INFO - Filling up the DagBag from /home/airflow/.local/lib/python3.12/site-packages/airflow/example_dags/example_python_decorator.py
[2024-08-11T09:59:44.999+0000] {processor.py:840} INFO - DAG(s) 'example_python_decorator' retrieved from /home/airflow/.local/lib/python3.12/site-packages/airflow/example_dags/example_python_decorator.py
[2024-08-11T09:59:45.006+0000] {logging_mixin.py:188} INFO - [2024-08-11T09:59:45.006+0000] {dag.py:3089} INFO - Sync 1 DAGs
[2024-08-11T09:59:45.015+0000] {logging_mixin.py:188} INFO - [2024-08-11T09:59:45.015+0000] {dag.py:3947} INFO - Setting next_dagrun for example_python_decorator to None, run_after=None
[2024-08-11T09:59:45.032+0000] {processor.py:183} INFO - Processing /home/airflow/.local/lib/python3.12/site-packages/airflow/example_dags/example_python_decorator.py took 0.049 seconds
[2024-08-11T10:00:15.243+0000] {processor.py:161} INFO - Started process (PID=126) to work on /home/airflow/.local/lib/python3.12/site-packages/airflow/example_dags/example_python_decorator.py
[2024-08-11T10:00:15.244+0000] {processor.py:830} INFO - Processing file /home/airflow/.local/lib/python3.12/site-packages/airflow/example_dags/example_python_decorator.py for tasks to queue
[2024-08-11T10:00:15.245+0000] {logging_mixin.py:188} INFO - [2024-08-11T10:00:15.245+0000] {dagbag.py:545} INFO - Filling up the DagBag from /home/airflow/.local/lib/python3.12/site-packages/airflow/example_dags/example_python_decorator.py
[2024-08-11T10:00:15.251+0000] {processor.py:840} INFO - DAG(s) 'example_python_decorator' retrieved from /home/airflow/.local/lib/python3.12/site-packages/airflow/example_dags/example_python_decorator.py
[2024-08-11T10:00:15.300+0000] {logging_mixin.py:188} INFO - [2024-08-11T10:00:15.300+0000] {dag.py:3089} INFO - Sync 1 DAGs
[2024-08-11T10:00:15.307+0000] {logging_mixin.py:188} INFO - [2024-08-11T10:00:15.307+0000] {dag.py:3947} INFO - Setting next_dagrun for example_python_decorator to None, run_after=None
[2024-08-11T10:00:15.319+0000] {processor.py:183} INFO - Processing /home/airflow/.local/lib/python3.12/site-packages/airflow/example_dags/example_python_decorator.py took 0.078 seconds
[2024-08-11T10:00:45.338+0000] {processor.py:161} INFO - Started process (PID=184) to work on /home/airflow/.local/lib/python3.12/site-packages/airflow/example_dags/example_python_decorator.py
[2024-08-11T10:00:45.339+0000] {processor.py:830} INFO - Processing file /home/airflow/.local/lib/python3.12/site-packages/airflow/example_dags/example_python_decorator.py for tasks to queue
[2024-08-11T10:00:45.339+0000] {logging_mixin.py:188} INFO - [2024-08-11T10:00:45.339+0000] {dagbag.py:545} INFO - Filling up the DagBag from /home/airflow/.local/lib/python3.12/site-packages/airflow/example_dags/example_python_decorator.py
[2024-08-11T10:00:45.345+0000] {processor.py:840} INFO - DAG(s) 'example_python_decorator' retrieved from /home/airflow/.local/lib/python3.12/site-packages/airflow/example_dags/example_python_decorator.py
[2024-08-11T10:00:45.355+0000] {logging_mixin.py:188} INFO - [2024-08-11T10:00:45.355+0000] {dag.py:3089} INFO - Sync 1 DAGs
[2024-08-11T10:00:45.360+0000] {logging_mixin.py:188} INFO - [2024-08-11T10:00:45.360+0000] {dag.py:3947} INFO - Setting next_dagrun for example_python_decorator to None, run_after=None
[2024-08-11T10:00:45.368+0000] {processor.py:183} INFO - Processing /home/airflow/.local/lib/python3.12/site-packages/airflow/example_dags/example_python_decorator.py took 0.032 seconds
[2024-08-11T10:01:16.099+0000] {processor.py:161} INFO - Started process (PID=242) to work on /home/airflow/.local/lib/python3.12/site-packages/airflow/example_dags/example_python_decorator.py
[2024-08-11T10:01:16.100+0000] {processor.py:830} INFO - Processing file /home/airflow/.local/lib/python3.12/site-packages/airflow/example_dags/example_python_decorator.py for tasks to queue
[2024-08-11T10:01:16.103+0000] {logging_mixin.py:188} INFO - [2024-08-11T10:01:16.102+0000] {dagbag.py:545} INFO - Filling up the DagBag from /home/airflow/.local/lib/python3.12/site-packages/airflow/example_dags/example_python_decorator.py
[2024-08-11T10:01:16.110+0000] {processor.py:840} INFO - DAG(s) 'example_python_decorator' retrieved from /home/airflow/.local/lib/python3.12/site-packages/airflow/example_dags/example_python_decorator.py
[2024-08-11T10:01:16.124+0000] {logging_mixin.py:188} INFO - [2024-08-11T10:01:16.124+0000] {dag.py:3089} INFO - Sync 1 DAGs
[2024-08-11T10:01:16.130+0000] {logging_mixin.py:188} INFO - [2024-08-11T10:01:16.130+0000] {dag.py:3947} INFO - Setting next_dagrun for example_python_decorator to None, run_after=None
[2024-08-11T10:01:16.142+0000] {processor.py:183} INFO - Processing /home/airflow/.local/lib/python3.12/site-packages/airflow/example_dags/example_python_decorator.py took 0.046 seconds
[2024-08-11T10:01:46.429+0000] {processor.py:161} INFO - Started process (PID=300) to work on /home/airflow/.local/lib/python3.12/site-packages/airflow/example_dags/example_python_decorator.py
[2024-08-11T10:01:46.429+0000] {processor.py:830} INFO - Processing file /home/airflow/.local/lib/python3.12/site-packages/airflow/example_dags/example_python_decorator.py for tasks to queue
[2024-08-11T10:01:46.430+0000] {logging_mixin.py:188} INFO - [2024-08-11T10:01:46.430+0000] {dagbag.py:545} INFO - Filling up the DagBag from /home/airflow/.local/lib/python3.12/site-packages/airflow/example_dags/example_python_decorator.py
[2024-08-11T10:01:46.436+0000] {processor.py:840} INFO - DAG(s) 'example_python_decorator' retrieved from /home/airflow/.local/lib/python3.12/site-packages/airflow/example_dags/example_python_decorator.py
[2024-08-11T10:01:46.446+0000] {logging_mixin.py:188} INFO - [2024-08-11T10:01:46.446+0000] {dag.py:3089} INFO - Sync 1 DAGs
[2024-08-11T10:01:46.451+0000] {logging_mixin.py:188} INFO - [2024-08-11T10:01:46.451+0000] {dag.py:3947} INFO - Setting next_dagrun for example_python_decorator to None, run_after=None
[2024-08-11T10:01:46.458+0000] {processor.py:183} INFO - Processing /home/airflow/.local/lib/python3.12/site-packages/airflow/example_dags/example_python_decorator.py took 0.032 seconds
