[2024-08-11T09:31:30.908+0000] {processor.py:161} INFO - Started process (PID=84) to work on /home/airflow/.local/lib/python3.12/site-packages/airflow/example_dags/example_branch_labels.py
[2024-08-11T09:31:30.909+0000] {processor.py:830} INFO - Processing file /home/airflow/.local/lib/python3.12/site-packages/airflow/example_dags/example_branch_labels.py for tasks to queue
[2024-08-11T09:31:30.910+0000] {logging_mixin.py:188} INFO - [2024-08-11T09:31:30.910+0000] {dagbag.py:545} INFO - Filling up the DagBag from /home/airflow/.local/lib/python3.12/site-packages/airflow/example_dags/example_branch_labels.py
[2024-08-11T09:31:30.916+0000] {processor.py:840} INFO - DAG(s) 'example_branch_labels' retrieved from /home/airflow/.local/lib/python3.12/site-packages/airflow/example_dags/example_branch_labels.py
[2024-08-11T09:31:30.924+0000] {logging_mixin.py:188} INFO - [2024-08-11T09:31:30.924+0000] {dag.py:3089} INFO - Sync 1 DAGs
[2024-08-11T09:31:30.937+0000] {logging_mixin.py:188} INFO - [2024-08-11T09:31:30.937+0000] {dag.py:3947} INFO - Setting next_dagrun for example_branch_labels to 2024-08-10 00:00:00+00:00, run_after=2024-08-11 00:00:00+00:00
[2024-08-11T09:31:30.951+0000] {processor.py:183} INFO - Processing /home/airflow/.local/lib/python3.12/site-packages/airflow/example_dags/example_branch_labels.py took 0.046 seconds
[2024-08-11T09:32:01.284+0000] {processor.py:161} INFO - Started process (PID=142) to work on /home/airflow/.local/lib/python3.12/site-packages/airflow/example_dags/example_branch_labels.py
[2024-08-11T09:32:01.285+0000] {processor.py:830} INFO - Processing file /home/airflow/.local/lib/python3.12/site-packages/airflow/example_dags/example_branch_labels.py for tasks to queue
[2024-08-11T09:32:01.285+0000] {logging_mixin.py:188} INFO - [2024-08-11T09:32:01.285+0000] {dagbag.py:545} INFO - Filling up the DagBag from /home/airflow/.local/lib/python3.12/site-packages/airflow/example_dags/example_branch_labels.py
[2024-08-11T09:32:01.289+0000] {processor.py:840} INFO - DAG(s) 'example_branch_labels' retrieved from /home/airflow/.local/lib/python3.12/site-packages/airflow/example_dags/example_branch_labels.py
[2024-08-11T09:32:01.333+0000] {logging_mixin.py:188} INFO - [2024-08-11T09:32:01.333+0000] {dag.py:3089} INFO - Sync 1 DAGs
[2024-08-11T09:32:01.342+0000] {logging_mixin.py:188} INFO - [2024-08-11T09:32:01.342+0000] {dag.py:3947} INFO - Setting next_dagrun for example_branch_labels to 2024-08-10 00:00:00+00:00, run_after=2024-08-11 00:00:00+00:00
[2024-08-11T09:32:01.349+0000] {processor.py:183} INFO - Processing /home/airflow/.local/lib/python3.12/site-packages/airflow/example_dags/example_branch_labels.py took 0.068 seconds
[2024-08-11T09:32:32.097+0000] {processor.py:161} INFO - Started process (PID=200) to work on /home/airflow/.local/lib/python3.12/site-packages/airflow/example_dags/example_branch_labels.py
[2024-08-11T09:32:32.098+0000] {processor.py:830} INFO - Processing file /home/airflow/.local/lib/python3.12/site-packages/airflow/example_dags/example_branch_labels.py for tasks to queue
[2024-08-11T09:32:32.099+0000] {logging_mixin.py:188} INFO - [2024-08-11T09:32:32.099+0000] {dagbag.py:545} INFO - Filling up the DagBag from /home/airflow/.local/lib/python3.12/site-packages/airflow/example_dags/example_branch_labels.py
[2024-08-11T09:32:32.103+0000] {processor.py:840} INFO - DAG(s) 'example_branch_labels' retrieved from /home/airflow/.local/lib/python3.12/site-packages/airflow/example_dags/example_branch_labels.py
[2024-08-11T09:32:32.113+0000] {logging_mixin.py:188} INFO - [2024-08-11T09:32:32.113+0000] {dag.py:3089} INFO - Sync 1 DAGs
[2024-08-11T09:32:32.123+0000] {logging_mixin.py:188} INFO - [2024-08-11T09:32:32.123+0000] {dag.py:3947} INFO - Setting next_dagrun for example_branch_labels to 2024-08-10 00:00:00+00:00, run_after=2024-08-11 00:00:00+00:00
[2024-08-11T09:32:32.131+0000] {processor.py:183} INFO - Processing /home/airflow/.local/lib/python3.12/site-packages/airflow/example_dags/example_branch_labels.py took 0.037 seconds
[2024-08-11T09:33:02.832+0000] {processor.py:161} INFO - Started process (PID=258) to work on /home/airflow/.local/lib/python3.12/site-packages/airflow/example_dags/example_branch_labels.py
[2024-08-11T09:33:02.834+0000] {processor.py:830} INFO - Processing file /home/airflow/.local/lib/python3.12/site-packages/airflow/example_dags/example_branch_labels.py for tasks to queue
[2024-08-11T09:33:02.836+0000] {logging_mixin.py:188} INFO - [2024-08-11T09:33:02.836+0000] {dagbag.py:545} INFO - Filling up the DagBag from /home/airflow/.local/lib/python3.12/site-packages/airflow/example_dags/example_branch_labels.py
[2024-08-11T09:33:02.839+0000] {processor.py:840} INFO - DAG(s) 'example_branch_labels' retrieved from /home/airflow/.local/lib/python3.12/site-packages/airflow/example_dags/example_branch_labels.py
[2024-08-11T09:33:02.849+0000] {logging_mixin.py:188} INFO - [2024-08-11T09:33:02.849+0000] {dag.py:3089} INFO - Sync 1 DAGs
[2024-08-11T09:33:02.860+0000] {logging_mixin.py:188} INFO - [2024-08-11T09:33:02.860+0000] {dag.py:3947} INFO - Setting next_dagrun for example_branch_labels to 2024-08-10 00:00:00+00:00, run_after=2024-08-11 00:00:00+00:00
[2024-08-11T09:33:02.870+0000] {processor.py:183} INFO - Processing /home/airflow/.local/lib/python3.12/site-packages/airflow/example_dags/example_branch_labels.py took 0.041 seconds
[2024-08-11T09:33:33.525+0000] {processor.py:161} INFO - Started process (PID=316) to work on /home/airflow/.local/lib/python3.12/site-packages/airflow/example_dags/example_branch_labels.py
[2024-08-11T09:33:33.527+0000] {processor.py:830} INFO - Processing file /home/airflow/.local/lib/python3.12/site-packages/airflow/example_dags/example_branch_labels.py for tasks to queue
[2024-08-11T09:33:33.529+0000] {logging_mixin.py:188} INFO - [2024-08-11T09:33:33.528+0000] {dagbag.py:545} INFO - Filling up the DagBag from /home/airflow/.local/lib/python3.12/site-packages/airflow/example_dags/example_branch_labels.py
[2024-08-11T09:33:33.532+0000] {processor.py:840} INFO - DAG(s) 'example_branch_labels' retrieved from /home/airflow/.local/lib/python3.12/site-packages/airflow/example_dags/example_branch_labels.py
[2024-08-11T09:33:33.542+0000] {logging_mixin.py:188} INFO - [2024-08-11T09:33:33.542+0000] {dag.py:3089} INFO - Sync 1 DAGs
[2024-08-11T09:33:33.552+0000] {logging_mixin.py:188} INFO - [2024-08-11T09:33:33.552+0000] {dag.py:3947} INFO - Setting next_dagrun for example_branch_labels to 2024-08-10 00:00:00+00:00, run_after=2024-08-11 00:00:00+00:00
[2024-08-11T09:33:33.562+0000] {processor.py:183} INFO - Processing /home/airflow/.local/lib/python3.12/site-packages/airflow/example_dags/example_branch_labels.py took 0.040 seconds
[2024-08-11T09:34:04.422+0000] {processor.py:161} INFO - Started process (PID=380) to work on /home/airflow/.local/lib/python3.12/site-packages/airflow/example_dags/example_branch_labels.py
[2024-08-11T09:34:04.423+0000] {processor.py:830} INFO - Processing file /home/airflow/.local/lib/python3.12/site-packages/airflow/example_dags/example_branch_labels.py for tasks to queue
[2024-08-11T09:34:04.424+0000] {logging_mixin.py:188} INFO - [2024-08-11T09:34:04.424+0000] {dagbag.py:545} INFO - Filling up the DagBag from /home/airflow/.local/lib/python3.12/site-packages/airflow/example_dags/example_branch_labels.py
[2024-08-11T09:34:04.428+0000] {processor.py:840} INFO - DAG(s) 'example_branch_labels' retrieved from /home/airflow/.local/lib/python3.12/site-packages/airflow/example_dags/example_branch_labels.py
[2024-08-11T09:34:04.438+0000] {logging_mixin.py:188} INFO - [2024-08-11T09:34:04.438+0000] {dag.py:3089} INFO - Sync 1 DAGs
[2024-08-11T09:34:04.448+0000] {logging_mixin.py:188} INFO - [2024-08-11T09:34:04.448+0000] {dag.py:3947} INFO - Setting next_dagrun for example_branch_labels to 2024-08-10 00:00:00+00:00, run_after=2024-08-11 00:00:00+00:00
[2024-08-11T09:34:04.456+0000] {processor.py:183} INFO - Processing /home/airflow/.local/lib/python3.12/site-packages/airflow/example_dags/example_branch_labels.py took 0.037 seconds
[2024-08-11T09:34:35.164+0000] {processor.py:161} INFO - Started process (PID=438) to work on /home/airflow/.local/lib/python3.12/site-packages/airflow/example_dags/example_branch_labels.py
[2024-08-11T09:34:35.167+0000] {processor.py:830} INFO - Processing file /home/airflow/.local/lib/python3.12/site-packages/airflow/example_dags/example_branch_labels.py for tasks to queue
[2024-08-11T09:34:35.169+0000] {logging_mixin.py:188} INFO - [2024-08-11T09:34:35.168+0000] {dagbag.py:545} INFO - Filling up the DagBag from /home/airflow/.local/lib/python3.12/site-packages/airflow/example_dags/example_branch_labels.py
[2024-08-11T09:34:35.173+0000] {processor.py:840} INFO - DAG(s) 'example_branch_labels' retrieved from /home/airflow/.local/lib/python3.12/site-packages/airflow/example_dags/example_branch_labels.py
[2024-08-11T09:34:35.183+0000] {logging_mixin.py:188} INFO - [2024-08-11T09:34:35.183+0000] {dag.py:3089} INFO - Sync 1 DAGs
[2024-08-11T09:34:35.194+0000] {logging_mixin.py:188} INFO - [2024-08-11T09:34:35.194+0000] {dag.py:3947} INFO - Setting next_dagrun for example_branch_labels to 2024-08-10 00:00:00+00:00, run_after=2024-08-11 00:00:00+00:00
[2024-08-11T09:34:35.203+0000] {processor.py:183} INFO - Processing /home/airflow/.local/lib/python3.12/site-packages/airflow/example_dags/example_branch_labels.py took 0.042 seconds
[2024-08-11T09:35:06.018+0000] {processor.py:161} INFO - Started process (PID=496) to work on /home/airflow/.local/lib/python3.12/site-packages/airflow/example_dags/example_branch_labels.py
[2024-08-11T09:35:06.019+0000] {processor.py:830} INFO - Processing file /home/airflow/.local/lib/python3.12/site-packages/airflow/example_dags/example_branch_labels.py for tasks to queue
[2024-08-11T09:35:06.024+0000] {logging_mixin.py:188} INFO - [2024-08-11T09:35:06.024+0000] {dagbag.py:545} INFO - Filling up the DagBag from /home/airflow/.local/lib/python3.12/site-packages/airflow/example_dags/example_branch_labels.py
[2024-08-11T09:35:06.028+0000] {processor.py:840} INFO - DAG(s) 'example_branch_labels' retrieved from /home/airflow/.local/lib/python3.12/site-packages/airflow/example_dags/example_branch_labels.py
[2024-08-11T09:35:06.038+0000] {logging_mixin.py:188} INFO - [2024-08-11T09:35:06.038+0000] {dag.py:3089} INFO - Sync 1 DAGs
[2024-08-11T09:35:06.048+0000] {logging_mixin.py:188} INFO - [2024-08-11T09:35:06.048+0000] {dag.py:3947} INFO - Setting next_dagrun for example_branch_labels to 2024-08-10 00:00:00+00:00, run_after=2024-08-11 00:00:00+00:00
[2024-08-11T09:35:06.058+0000] {processor.py:183} INFO - Processing /home/airflow/.local/lib/python3.12/site-packages/airflow/example_dags/example_branch_labels.py took 0.044 seconds
[2024-08-11T09:58:29.617+0000] {processor.py:161} INFO - Started process (PID=82) to work on /home/airflow/.local/lib/python3.12/site-packages/airflow/example_dags/example_branch_labels.py
[2024-08-11T09:58:29.618+0000] {processor.py:830} INFO - Processing file /home/airflow/.local/lib/python3.12/site-packages/airflow/example_dags/example_branch_labels.py for tasks to queue
[2024-08-11T09:58:29.620+0000] {logging_mixin.py:188} INFO - [2024-08-11T09:58:29.619+0000] {dagbag.py:545} INFO - Filling up the DagBag from /home/airflow/.local/lib/python3.12/site-packages/airflow/example_dags/example_branch_labels.py
[2024-08-11T09:58:29.627+0000] {processor.py:840} INFO - DAG(s) 'example_branch_labels' retrieved from /home/airflow/.local/lib/python3.12/site-packages/airflow/example_dags/example_branch_labels.py
[2024-08-11T09:58:29.641+0000] {logging_mixin.py:188} INFO - [2024-08-11T09:58:29.641+0000] {dag.py:3089} INFO - Sync 1 DAGs
[2024-08-11T09:58:29.654+0000] {logging_mixin.py:188} INFO - [2024-08-11T09:58:29.653+0000] {dag.py:3947} INFO - Setting next_dagrun for example_branch_labels to 2024-08-10 00:00:00+00:00, run_after=2024-08-11 00:00:00+00:00
[2024-08-11T09:58:29.672+0000] {processor.py:183} INFO - Processing /home/airflow/.local/lib/python3.12/site-packages/airflow/example_dags/example_branch_labels.py took 0.059 seconds
[2024-08-11T09:59:00.604+0000] {processor.py:161} INFO - Started process (PID=140) to work on /home/airflow/.local/lib/python3.12/site-packages/airflow/example_dags/example_branch_labels.py
[2024-08-11T09:59:00.605+0000] {processor.py:830} INFO - Processing file /home/airflow/.local/lib/python3.12/site-packages/airflow/example_dags/example_branch_labels.py for tasks to queue
[2024-08-11T09:59:00.606+0000] {logging_mixin.py:188} INFO - [2024-08-11T09:59:00.605+0000] {dagbag.py:545} INFO - Filling up the DagBag from /home/airflow/.local/lib/python3.12/site-packages/airflow/example_dags/example_branch_labels.py
[2024-08-11T09:59:00.609+0000] {processor.py:840} INFO - DAG(s) 'example_branch_labels' retrieved from /home/airflow/.local/lib/python3.12/site-packages/airflow/example_dags/example_branch_labels.py
[2024-08-11T09:59:00.615+0000] {logging_mixin.py:188} INFO - [2024-08-11T09:59:00.615+0000] {dag.py:3089} INFO - Sync 1 DAGs
[2024-08-11T09:59:00.625+0000] {logging_mixin.py:188} INFO - [2024-08-11T09:59:00.625+0000] {dag.py:3947} INFO - Setting next_dagrun for example_branch_labels to 2024-08-10 00:00:00+00:00, run_after=2024-08-11 00:00:00+00:00
[2024-08-11T09:59:00.634+0000] {processor.py:183} INFO - Processing /home/airflow/.local/lib/python3.12/site-packages/airflow/example_dags/example_branch_labels.py took 0.032 seconds
[2024-08-11T09:59:45.500+0000] {processor.py:161} INFO - Started process (PID=85) to work on /home/airflow/.local/lib/python3.12/site-packages/airflow/example_dags/example_branch_labels.py
[2024-08-11T09:59:45.500+0000] {processor.py:830} INFO - Processing file /home/airflow/.local/lib/python3.12/site-packages/airflow/example_dags/example_branch_labels.py for tasks to queue
[2024-08-11T09:59:45.501+0000] {logging_mixin.py:188} INFO - [2024-08-11T09:59:45.501+0000] {dagbag.py:545} INFO - Filling up the DagBag from /home/airflow/.local/lib/python3.12/site-packages/airflow/example_dags/example_branch_labels.py
[2024-08-11T09:59:45.505+0000] {processor.py:840} INFO - DAG(s) 'example_branch_labels' retrieved from /home/airflow/.local/lib/python3.12/site-packages/airflow/example_dags/example_branch_labels.py
[2024-08-11T09:59:45.511+0000] {logging_mixin.py:188} INFO - [2024-08-11T09:59:45.511+0000] {dag.py:3089} INFO - Sync 1 DAGs
[2024-08-11T09:59:45.525+0000] {logging_mixin.py:188} INFO - [2024-08-11T09:59:45.525+0000] {dag.py:3947} INFO - Setting next_dagrun for example_branch_labels to 2024-08-10 00:00:00+00:00, run_after=2024-08-11 00:00:00+00:00
[2024-08-11T09:59:45.539+0000] {processor.py:183} INFO - Processing /home/airflow/.local/lib/python3.12/site-packages/airflow/example_dags/example_branch_labels.py took 0.043 seconds
[2024-08-11T10:00:16.050+0000] {processor.py:161} INFO - Started process (PID=143) to work on /home/airflow/.local/lib/python3.12/site-packages/airflow/example_dags/example_branch_labels.py
[2024-08-11T10:00:16.051+0000] {processor.py:830} INFO - Processing file /home/airflow/.local/lib/python3.12/site-packages/airflow/example_dags/example_branch_labels.py for tasks to queue
[2024-08-11T10:00:16.052+0000] {logging_mixin.py:188} INFO - [2024-08-11T10:00:16.052+0000] {dagbag.py:545} INFO - Filling up the DagBag from /home/airflow/.local/lib/python3.12/site-packages/airflow/example_dags/example_branch_labels.py
[2024-08-11T10:00:16.056+0000] {processor.py:840} INFO - DAG(s) 'example_branch_labels' retrieved from /home/airflow/.local/lib/python3.12/site-packages/airflow/example_dags/example_branch_labels.py
[2024-08-11T10:00:16.104+0000] {logging_mixin.py:188} INFO - [2024-08-11T10:00:16.104+0000] {dag.py:3089} INFO - Sync 1 DAGs
[2024-08-11T10:00:16.114+0000] {logging_mixin.py:188} INFO - [2024-08-11T10:00:16.114+0000] {dag.py:3947} INFO - Setting next_dagrun for example_branch_labels to 2024-08-10 00:00:00+00:00, run_after=2024-08-11 00:00:00+00:00
[2024-08-11T10:00:16.127+0000] {processor.py:183} INFO - Processing /home/airflow/.local/lib/python3.12/site-packages/airflow/example_dags/example_branch_labels.py took 0.080 seconds
[2024-08-11T10:00:46.848+0000] {processor.py:161} INFO - Started process (PID=201) to work on /home/airflow/.local/lib/python3.12/site-packages/airflow/example_dags/example_branch_labels.py
[2024-08-11T10:00:46.849+0000] {processor.py:830} INFO - Processing file /home/airflow/.local/lib/python3.12/site-packages/airflow/example_dags/example_branch_labels.py for tasks to queue
[2024-08-11T10:00:46.850+0000] {logging_mixin.py:188} INFO - [2024-08-11T10:00:46.850+0000] {dagbag.py:545} INFO - Filling up the DagBag from /home/airflow/.local/lib/python3.12/site-packages/airflow/example_dags/example_branch_labels.py
[2024-08-11T10:00:46.853+0000] {processor.py:840} INFO - DAG(s) 'example_branch_labels' retrieved from /home/airflow/.local/lib/python3.12/site-packages/airflow/example_dags/example_branch_labels.py
[2024-08-11T10:00:46.869+0000] {logging_mixin.py:188} INFO - [2024-08-11T10:00:46.869+0000] {dag.py:3089} INFO - Sync 1 DAGs
[2024-08-11T10:00:46.878+0000] {logging_mixin.py:188} INFO - [2024-08-11T10:00:46.878+0000] {dag.py:3947} INFO - Setting next_dagrun for example_branch_labels to 2024-08-10 00:00:00+00:00, run_after=2024-08-11 00:00:00+00:00
[2024-08-11T10:00:46.889+0000] {processor.py:183} INFO - Processing /home/airflow/.local/lib/python3.12/site-packages/airflow/example_dags/example_branch_labels.py took 0.044 seconds
[2024-08-11T10:01:17.723+0000] {processor.py:161} INFO - Started process (PID=259) to work on /home/airflow/.local/lib/python3.12/site-packages/airflow/example_dags/example_branch_labels.py
[2024-08-11T10:01:17.724+0000] {processor.py:830} INFO - Processing file /home/airflow/.local/lib/python3.12/site-packages/airflow/example_dags/example_branch_labels.py for tasks to queue
[2024-08-11T10:01:17.726+0000] {logging_mixin.py:188} INFO - [2024-08-11T10:01:17.725+0000] {dagbag.py:545} INFO - Filling up the DagBag from /home/airflow/.local/lib/python3.12/site-packages/airflow/example_dags/example_branch_labels.py
[2024-08-11T10:01:17.730+0000] {processor.py:840} INFO - DAG(s) 'example_branch_labels' retrieved from /home/airflow/.local/lib/python3.12/site-packages/airflow/example_dags/example_branch_labels.py
[2024-08-11T10:01:17.756+0000] {logging_mixin.py:188} INFO - [2024-08-11T10:01:17.755+0000] {dag.py:3089} INFO - Sync 1 DAGs
[2024-08-11T10:01:17.767+0000] {logging_mixin.py:188} INFO - [2024-08-11T10:01:17.767+0000] {dag.py:3947} INFO - Setting next_dagrun for example_branch_labels to 2024-08-10 00:00:00+00:00, run_after=2024-08-11 00:00:00+00:00
[2024-08-11T10:01:17.778+0000] {processor.py:183} INFO - Processing /home/airflow/.local/lib/python3.12/site-packages/airflow/example_dags/example_branch_labels.py took 0.058 seconds
[2024-08-11T10:01:47.944+0000] {processor.py:161} INFO - Started process (PID=317) to work on /home/airflow/.local/lib/python3.12/site-packages/airflow/example_dags/example_branch_labels.py
[2024-08-11T10:01:47.946+0000] {processor.py:830} INFO - Processing file /home/airflow/.local/lib/python3.12/site-packages/airflow/example_dags/example_branch_labels.py for tasks to queue
[2024-08-11T10:01:47.948+0000] {logging_mixin.py:188} INFO - [2024-08-11T10:01:47.948+0000] {dagbag.py:545} INFO - Filling up the DagBag from /home/airflow/.local/lib/python3.12/site-packages/airflow/example_dags/example_branch_labels.py
[2024-08-11T10:01:47.953+0000] {processor.py:840} INFO - DAG(s) 'example_branch_labels' retrieved from /home/airflow/.local/lib/python3.12/site-packages/airflow/example_dags/example_branch_labels.py
[2024-08-11T10:01:47.980+0000] {logging_mixin.py:188} INFO - [2024-08-11T10:01:47.980+0000] {dag.py:3089} INFO - Sync 1 DAGs
[2024-08-11T10:01:47.992+0000] {logging_mixin.py:188} INFO - [2024-08-11T10:01:47.992+0000] {dag.py:3947} INFO - Setting next_dagrun for example_branch_labels to 2024-08-10 00:00:00+00:00, run_after=2024-08-11 00:00:00+00:00
[2024-08-11T10:01:48.000+0000] {processor.py:183} INFO - Processing /home/airflow/.local/lib/python3.12/site-packages/airflow/example_dags/example_branch_labels.py took 0.063 seconds
