[2024-08-11T09:31:30.194+0000] {processor.py:161} INFO - Started process (PID=64) to work on /home/airflow/.local/lib/python3.12/site-packages/airflow/example_dags/example_short_circuit_operator.py
[2024-08-11T09:31:30.196+0000] {processor.py:830} INFO - Processing file /home/airflow/.local/lib/python3.12/site-packages/airflow/example_dags/example_short_circuit_operator.py for tasks to queue
[2024-08-11T09:31:30.198+0000] {logging_mixin.py:188} INFO - [2024-08-11T09:31:30.197+0000] {dagbag.py:545} INFO - Filling up the DagBag from /home/airflow/.local/lib/python3.12/site-packages/airflow/example_dags/example_short_circuit_operator.py
[2024-08-11T09:31:30.205+0000] {processor.py:840} INFO - DAG(s) 'example_short_circuit_operator' retrieved from /home/airflow/.local/lib/python3.12/site-packages/airflow/example_dags/example_short_circuit_operator.py
[2024-08-11T09:31:30.212+0000] {logging_mixin.py:188} INFO - [2024-08-11T09:31:30.212+0000] {dag.py:3089} INFO - Sync 1 DAGs
[2024-08-11T09:31:30.229+0000] {logging_mixin.py:188} INFO - [2024-08-11T09:31:30.229+0000] {dag.py:3947} INFO - Setting next_dagrun for example_short_circuit_operator to 2024-08-10 00:00:00+00:00, run_after=2024-08-11 00:00:00+00:00
[2024-08-11T09:31:30.254+0000] {processor.py:183} INFO - Processing /home/airflow/.local/lib/python3.12/site-packages/airflow/example_dags/example_short_circuit_operator.py took 0.064 seconds
[2024-08-11T09:32:00.360+0000] {processor.py:161} INFO - Started process (PID=122) to work on /home/airflow/.local/lib/python3.12/site-packages/airflow/example_dags/example_short_circuit_operator.py
[2024-08-11T09:32:00.361+0000] {processor.py:830} INFO - Processing file /home/airflow/.local/lib/python3.12/site-packages/airflow/example_dags/example_short_circuit_operator.py for tasks to queue
[2024-08-11T09:32:00.361+0000] {logging_mixin.py:188} INFO - [2024-08-11T09:32:00.361+0000] {dagbag.py:545} INFO - Filling up the DagBag from /home/airflow/.local/lib/python3.12/site-packages/airflow/example_dags/example_short_circuit_operator.py
[2024-08-11T09:32:00.365+0000] {processor.py:840} INFO - DAG(s) 'example_short_circuit_operator' retrieved from /home/airflow/.local/lib/python3.12/site-packages/airflow/example_dags/example_short_circuit_operator.py
[2024-08-11T09:32:00.413+0000] {logging_mixin.py:188} INFO - [2024-08-11T09:32:00.413+0000] {dag.py:3089} INFO - Sync 1 DAGs
[2024-08-11T09:32:00.421+0000] {logging_mixin.py:188} INFO - [2024-08-11T09:32:00.421+0000] {dag.py:3947} INFO - Setting next_dagrun for example_short_circuit_operator to 2024-08-10 00:00:00+00:00, run_after=2024-08-11 00:00:00+00:00
[2024-08-11T09:32:00.434+0000] {processor.py:183} INFO - Processing /home/airflow/.local/lib/python3.12/site-packages/airflow/example_dags/example_short_circuit_operator.py took 0.077 seconds
[2024-08-11T09:32:30.478+0000] {processor.py:161} INFO - Started process (PID=180) to work on /home/airflow/.local/lib/python3.12/site-packages/airflow/example_dags/example_short_circuit_operator.py
[2024-08-11T09:32:30.479+0000] {processor.py:830} INFO - Processing file /home/airflow/.local/lib/python3.12/site-packages/airflow/example_dags/example_short_circuit_operator.py for tasks to queue
[2024-08-11T09:32:30.482+0000] {logging_mixin.py:188} INFO - [2024-08-11T09:32:30.482+0000] {dagbag.py:545} INFO - Filling up the DagBag from /home/airflow/.local/lib/python3.12/site-packages/airflow/example_dags/example_short_circuit_operator.py
[2024-08-11T09:32:30.486+0000] {processor.py:840} INFO - DAG(s) 'example_short_circuit_operator' retrieved from /home/airflow/.local/lib/python3.12/site-packages/airflow/example_dags/example_short_circuit_operator.py
[2024-08-11T09:32:30.498+0000] {logging_mixin.py:188} INFO - [2024-08-11T09:32:30.497+0000] {dag.py:3089} INFO - Sync 1 DAGs
[2024-08-11T09:32:30.509+0000] {logging_mixin.py:188} INFO - [2024-08-11T09:32:30.509+0000] {dag.py:3947} INFO - Setting next_dagrun for example_short_circuit_operator to 2024-08-10 00:00:00+00:00, run_after=2024-08-11 00:00:00+00:00
[2024-08-11T09:32:30.519+0000] {processor.py:183} INFO - Processing /home/airflow/.local/lib/python3.12/site-packages/airflow/example_dags/example_short_circuit_operator.py took 0.044 seconds
[2024-08-11T09:33:01.154+0000] {processor.py:161} INFO - Started process (PID=237) to work on /home/airflow/.local/lib/python3.12/site-packages/airflow/example_dags/example_short_circuit_operator.py
[2024-08-11T09:33:01.154+0000] {processor.py:830} INFO - Processing file /home/airflow/.local/lib/python3.12/site-packages/airflow/example_dags/example_short_circuit_operator.py for tasks to queue
[2024-08-11T09:33:01.155+0000] {logging_mixin.py:188} INFO - [2024-08-11T09:33:01.155+0000] {dagbag.py:545} INFO - Filling up the DagBag from /home/airflow/.local/lib/python3.12/site-packages/airflow/example_dags/example_short_circuit_operator.py
[2024-08-11T09:33:01.158+0000] {processor.py:840} INFO - DAG(s) 'example_short_circuit_operator' retrieved from /home/airflow/.local/lib/python3.12/site-packages/airflow/example_dags/example_short_circuit_operator.py
[2024-08-11T09:33:01.168+0000] {logging_mixin.py:188} INFO - [2024-08-11T09:33:01.168+0000] {dag.py:3089} INFO - Sync 1 DAGs
[2024-08-11T09:33:01.177+0000] {logging_mixin.py:188} INFO - [2024-08-11T09:33:01.177+0000] {dag.py:3947} INFO - Setting next_dagrun for example_short_circuit_operator to 2024-08-10 00:00:00+00:00, run_after=2024-08-11 00:00:00+00:00
[2024-08-11T09:33:01.185+0000] {processor.py:183} INFO - Processing /home/airflow/.local/lib/python3.12/site-packages/airflow/example_dags/example_short_circuit_operator.py took 0.033 seconds
[2024-08-11T09:33:31.962+0000] {processor.py:161} INFO - Started process (PID=296) to work on /home/airflow/.local/lib/python3.12/site-packages/airflow/example_dags/example_short_circuit_operator.py
[2024-08-11T09:33:31.964+0000] {processor.py:830} INFO - Processing file /home/airflow/.local/lib/python3.12/site-packages/airflow/example_dags/example_short_circuit_operator.py for tasks to queue
[2024-08-11T09:33:31.965+0000] {logging_mixin.py:188} INFO - [2024-08-11T09:33:31.965+0000] {dagbag.py:545} INFO - Filling up the DagBag from /home/airflow/.local/lib/python3.12/site-packages/airflow/example_dags/example_short_circuit_operator.py
[2024-08-11T09:33:31.969+0000] {processor.py:840} INFO - DAG(s) 'example_short_circuit_operator' retrieved from /home/airflow/.local/lib/python3.12/site-packages/airflow/example_dags/example_short_circuit_operator.py
[2024-08-11T09:33:31.980+0000] {logging_mixin.py:188} INFO - [2024-08-11T09:33:31.980+0000] {dag.py:3089} INFO - Sync 1 DAGs
[2024-08-11T09:33:31.993+0000] {logging_mixin.py:188} INFO - [2024-08-11T09:33:31.993+0000] {dag.py:3947} INFO - Setting next_dagrun for example_short_circuit_operator to 2024-08-10 00:00:00+00:00, run_after=2024-08-11 00:00:00+00:00
[2024-08-11T09:33:32.005+0000] {processor.py:183} INFO - Processing /home/airflow/.local/lib/python3.12/site-packages/airflow/example_dags/example_short_circuit_operator.py took 0.046 seconds
[2024-08-11T09:34:02.804+0000] {processor.py:161} INFO - Started process (PID=354) to work on /home/airflow/.local/lib/python3.12/site-packages/airflow/example_dags/example_short_circuit_operator.py
[2024-08-11T09:34:02.805+0000] {processor.py:830} INFO - Processing file /home/airflow/.local/lib/python3.12/site-packages/airflow/example_dags/example_short_circuit_operator.py for tasks to queue
[2024-08-11T09:34:02.806+0000] {logging_mixin.py:188} INFO - [2024-08-11T09:34:02.806+0000] {dagbag.py:545} INFO - Filling up the DagBag from /home/airflow/.local/lib/python3.12/site-packages/airflow/example_dags/example_short_circuit_operator.py
[2024-08-11T09:34:02.809+0000] {processor.py:840} INFO - DAG(s) 'example_short_circuit_operator' retrieved from /home/airflow/.local/lib/python3.12/site-packages/airflow/example_dags/example_short_circuit_operator.py
[2024-08-11T09:34:02.820+0000] {logging_mixin.py:188} INFO - [2024-08-11T09:34:02.820+0000] {dag.py:3089} INFO - Sync 1 DAGs
[2024-08-11T09:34:02.830+0000] {logging_mixin.py:188} INFO - [2024-08-11T09:34:02.829+0000] {dag.py:3947} INFO - Setting next_dagrun for example_short_circuit_operator to 2024-08-10 00:00:00+00:00, run_after=2024-08-11 00:00:00+00:00
[2024-08-11T09:34:02.837+0000] {processor.py:183} INFO - Processing /home/airflow/.local/lib/python3.12/site-packages/airflow/example_dags/example_short_circuit_operator.py took 0.036 seconds
[2024-08-11T09:34:33.615+0000] {processor.py:161} INFO - Started process (PID=412) to work on /home/airflow/.local/lib/python3.12/site-packages/airflow/example_dags/example_short_circuit_operator.py
[2024-08-11T09:34:33.616+0000] {processor.py:830} INFO - Processing file /home/airflow/.local/lib/python3.12/site-packages/airflow/example_dags/example_short_circuit_operator.py for tasks to queue
[2024-08-11T09:34:33.617+0000] {logging_mixin.py:188} INFO - [2024-08-11T09:34:33.617+0000] {dagbag.py:545} INFO - Filling up the DagBag from /home/airflow/.local/lib/python3.12/site-packages/airflow/example_dags/example_short_circuit_operator.py
[2024-08-11T09:34:33.622+0000] {processor.py:840} INFO - DAG(s) 'example_short_circuit_operator' retrieved from /home/airflow/.local/lib/python3.12/site-packages/airflow/example_dags/example_short_circuit_operator.py
[2024-08-11T09:34:33.637+0000] {logging_mixin.py:188} INFO - [2024-08-11T09:34:33.637+0000] {dag.py:3089} INFO - Sync 1 DAGs
[2024-08-11T09:34:33.653+0000] {logging_mixin.py:188} INFO - [2024-08-11T09:34:33.653+0000] {dag.py:3947} INFO - Setting next_dagrun for example_short_circuit_operator to 2024-08-10 00:00:00+00:00, run_after=2024-08-11 00:00:00+00:00
[2024-08-11T09:34:33.664+0000] {processor.py:183} INFO - Processing /home/airflow/.local/lib/python3.12/site-packages/airflow/example_dags/example_short_circuit_operator.py took 0.052 seconds
[2024-08-11T09:35:04.388+0000] {processor.py:161} INFO - Started process (PID=476) to work on /home/airflow/.local/lib/python3.12/site-packages/airflow/example_dags/example_short_circuit_operator.py
[2024-08-11T09:35:04.388+0000] {processor.py:830} INFO - Processing file /home/airflow/.local/lib/python3.12/site-packages/airflow/example_dags/example_short_circuit_operator.py for tasks to queue
[2024-08-11T09:35:04.389+0000] {logging_mixin.py:188} INFO - [2024-08-11T09:35:04.389+0000] {dagbag.py:545} INFO - Filling up the DagBag from /home/airflow/.local/lib/python3.12/site-packages/airflow/example_dags/example_short_circuit_operator.py
[2024-08-11T09:35:04.393+0000] {processor.py:840} INFO - DAG(s) 'example_short_circuit_operator' retrieved from /home/airflow/.local/lib/python3.12/site-packages/airflow/example_dags/example_short_circuit_operator.py
[2024-08-11T09:35:04.404+0000] {logging_mixin.py:188} INFO - [2024-08-11T09:35:04.404+0000] {dag.py:3089} INFO - Sync 1 DAGs
[2024-08-11T09:35:04.414+0000] {logging_mixin.py:188} INFO - [2024-08-11T09:35:04.414+0000] {dag.py:3947} INFO - Setting next_dagrun for example_short_circuit_operator to 2024-08-10 00:00:00+00:00, run_after=2024-08-11 00:00:00+00:00
[2024-08-11T09:35:04.422+0000] {processor.py:183} INFO - Processing /home/airflow/.local/lib/python3.12/site-packages/airflow/example_dags/example_short_circuit_operator.py took 0.037 seconds
[2024-08-11T09:58:28.608+0000] {processor.py:161} INFO - Started process (PID=62) to work on /home/airflow/.local/lib/python3.12/site-packages/airflow/example_dags/example_short_circuit_operator.py
[2024-08-11T09:58:28.609+0000] {processor.py:830} INFO - Processing file /home/airflow/.local/lib/python3.12/site-packages/airflow/example_dags/example_short_circuit_operator.py for tasks to queue
[2024-08-11T09:58:28.612+0000] {logging_mixin.py:188} INFO - [2024-08-11T09:58:28.611+0000] {dagbag.py:545} INFO - Filling up the DagBag from /home/airflow/.local/lib/python3.12/site-packages/airflow/example_dags/example_short_circuit_operator.py
[2024-08-11T09:58:28.622+0000] {processor.py:840} INFO - DAG(s) 'example_short_circuit_operator' retrieved from /home/airflow/.local/lib/python3.12/site-packages/airflow/example_dags/example_short_circuit_operator.py
[2024-08-11T09:58:28.651+0000] {logging_mixin.py:188} INFO - [2024-08-11T09:58:28.651+0000] {dag.py:3089} INFO - Sync 1 DAGs
[2024-08-11T09:58:28.672+0000] {logging_mixin.py:188} INFO - [2024-08-11T09:58:28.672+0000] {dag.py:3947} INFO - Setting next_dagrun for example_short_circuit_operator to 2024-08-10 00:00:00+00:00, run_after=2024-08-11 00:00:00+00:00
[2024-08-11T09:58:28.687+0000] {processor.py:183} INFO - Processing /home/airflow/.local/lib/python3.12/site-packages/airflow/example_dags/example_short_circuit_operator.py took 0.084 seconds
[2024-08-11T09:58:59.044+0000] {processor.py:161} INFO - Started process (PID=120) to work on /home/airflow/.local/lib/python3.12/site-packages/airflow/example_dags/example_short_circuit_operator.py
[2024-08-11T09:58:59.045+0000] {processor.py:830} INFO - Processing file /home/airflow/.local/lib/python3.12/site-packages/airflow/example_dags/example_short_circuit_operator.py for tasks to queue
[2024-08-11T09:58:59.046+0000] {logging_mixin.py:188} INFO - [2024-08-11T09:58:59.046+0000] {dagbag.py:545} INFO - Filling up the DagBag from /home/airflow/.local/lib/python3.12/site-packages/airflow/example_dags/example_short_circuit_operator.py
[2024-08-11T09:58:59.050+0000] {processor.py:840} INFO - DAG(s) 'example_short_circuit_operator' retrieved from /home/airflow/.local/lib/python3.12/site-packages/airflow/example_dags/example_short_circuit_operator.py
[2024-08-11T09:58:59.057+0000] {logging_mixin.py:188} INFO - [2024-08-11T09:58:59.057+0000] {dag.py:3089} INFO - Sync 1 DAGs
[2024-08-11T09:58:59.069+0000] {logging_mixin.py:188} INFO - [2024-08-11T09:58:59.069+0000] {dag.py:3947} INFO - Setting next_dagrun for example_short_circuit_operator to 2024-08-10 00:00:00+00:00, run_after=2024-08-11 00:00:00+00:00
[2024-08-11T09:58:59.086+0000] {processor.py:183} INFO - Processing /home/airflow/.local/lib/python3.12/site-packages/airflow/example_dags/example_short_circuit_operator.py took 0.045 seconds
[2024-08-11T09:59:44.824+0000] {processor.py:161} INFO - Started process (PID=65) to work on /home/airflow/.local/lib/python3.12/site-packages/airflow/example_dags/example_short_circuit_operator.py
[2024-08-11T09:59:44.826+0000] {processor.py:830} INFO - Processing file /home/airflow/.local/lib/python3.12/site-packages/airflow/example_dags/example_short_circuit_operator.py for tasks to queue
[2024-08-11T09:59:44.830+0000] {logging_mixin.py:188} INFO - [2024-08-11T09:59:44.830+0000] {dagbag.py:545} INFO - Filling up the DagBag from /home/airflow/.local/lib/python3.12/site-packages/airflow/example_dags/example_short_circuit_operator.py
[2024-08-11T09:59:44.844+0000] {processor.py:840} INFO - DAG(s) 'example_short_circuit_operator' retrieved from /home/airflow/.local/lib/python3.12/site-packages/airflow/example_dags/example_short_circuit_operator.py
[2024-08-11T09:59:44.861+0000] {logging_mixin.py:188} INFO - [2024-08-11T09:59:44.860+0000] {dag.py:3089} INFO - Sync 1 DAGs
[2024-08-11T09:59:44.888+0000] {logging_mixin.py:188} INFO - [2024-08-11T09:59:44.888+0000] {dag.py:3947} INFO - Setting next_dagrun for example_short_circuit_operator to 2024-08-10 00:00:00+00:00, run_after=2024-08-11 00:00:00+00:00
[2024-08-11T09:59:44.919+0000] {processor.py:183} INFO - Processing /home/airflow/.local/lib/python3.12/site-packages/airflow/example_dags/example_short_circuit_operator.py took 0.102 seconds
[2024-08-11T10:00:15.076+0000] {processor.py:161} INFO - Started process (PID=123) to work on /home/airflow/.local/lib/python3.12/site-packages/airflow/example_dags/example_short_circuit_operator.py
[2024-08-11T10:00:15.077+0000] {processor.py:830} INFO - Processing file /home/airflow/.local/lib/python3.12/site-packages/airflow/example_dags/example_short_circuit_operator.py for tasks to queue
[2024-08-11T10:00:15.078+0000] {logging_mixin.py:188} INFO - [2024-08-11T10:00:15.078+0000] {dagbag.py:545} INFO - Filling up the DagBag from /home/airflow/.local/lib/python3.12/site-packages/airflow/example_dags/example_short_circuit_operator.py
[2024-08-11T10:00:15.082+0000] {processor.py:840} INFO - DAG(s) 'example_short_circuit_operator' retrieved from /home/airflow/.local/lib/python3.12/site-packages/airflow/example_dags/example_short_circuit_operator.py
[2024-08-11T10:00:15.135+0000] {logging_mixin.py:188} INFO - [2024-08-11T10:00:15.135+0000] {dag.py:3089} INFO - Sync 1 DAGs
[2024-08-11T10:00:15.146+0000] {logging_mixin.py:188} INFO - [2024-08-11T10:00:15.145+0000] {dag.py:3947} INFO - Setting next_dagrun for example_short_circuit_operator to 2024-08-10 00:00:00+00:00, run_after=2024-08-11 00:00:00+00:00
[2024-08-11T10:00:15.156+0000] {processor.py:183} INFO - Processing /home/airflow/.local/lib/python3.12/site-packages/airflow/example_dags/example_short_circuit_operator.py took 0.084 seconds
[2024-08-11T10:00:45.242+0000] {processor.py:161} INFO - Started process (PID=181) to work on /home/airflow/.local/lib/python3.12/site-packages/airflow/example_dags/example_short_circuit_operator.py
[2024-08-11T10:00:45.242+0000] {processor.py:830} INFO - Processing file /home/airflow/.local/lib/python3.12/site-packages/airflow/example_dags/example_short_circuit_operator.py for tasks to queue
[2024-08-11T10:00:45.243+0000] {logging_mixin.py:188} INFO - [2024-08-11T10:00:45.243+0000] {dagbag.py:545} INFO - Filling up the DagBag from /home/airflow/.local/lib/python3.12/site-packages/airflow/example_dags/example_short_circuit_operator.py
[2024-08-11T10:00:45.247+0000] {processor.py:840} INFO - DAG(s) 'example_short_circuit_operator' retrieved from /home/airflow/.local/lib/python3.12/site-packages/airflow/example_dags/example_short_circuit_operator.py
[2024-08-11T10:00:45.262+0000] {logging_mixin.py:188} INFO - [2024-08-11T10:00:45.262+0000] {dag.py:3089} INFO - Sync 1 DAGs
[2024-08-11T10:00:45.273+0000] {logging_mixin.py:188} INFO - [2024-08-11T10:00:45.273+0000] {dag.py:3947} INFO - Setting next_dagrun for example_short_circuit_operator to 2024-08-10 00:00:00+00:00, run_after=2024-08-11 00:00:00+00:00
[2024-08-11T10:00:45.285+0000] {processor.py:183} INFO - Processing /home/airflow/.local/lib/python3.12/site-packages/airflow/example_dags/example_short_circuit_operator.py took 0.046 seconds
[2024-08-11T10:01:15.995+0000] {processor.py:161} INFO - Started process (PID=239) to work on /home/airflow/.local/lib/python3.12/site-packages/airflow/example_dags/example_short_circuit_operator.py
[2024-08-11T10:01:15.995+0000] {processor.py:830} INFO - Processing file /home/airflow/.local/lib/python3.12/site-packages/airflow/example_dags/example_short_circuit_operator.py for tasks to queue
[2024-08-11T10:01:15.996+0000] {logging_mixin.py:188} INFO - [2024-08-11T10:01:15.996+0000] {dagbag.py:545} INFO - Filling up the DagBag from /home/airflow/.local/lib/python3.12/site-packages/airflow/example_dags/example_short_circuit_operator.py
[2024-08-11T10:01:16.000+0000] {processor.py:840} INFO - DAG(s) 'example_short_circuit_operator' retrieved from /home/airflow/.local/lib/python3.12/site-packages/airflow/example_dags/example_short_circuit_operator.py
[2024-08-11T10:01:16.011+0000] {logging_mixin.py:188} INFO - [2024-08-11T10:01:16.011+0000] {dag.py:3089} INFO - Sync 1 DAGs
[2024-08-11T10:01:16.020+0000] {logging_mixin.py:188} INFO - [2024-08-11T10:01:16.020+0000] {dag.py:3947} INFO - Setting next_dagrun for example_short_circuit_operator to 2024-08-10 00:00:00+00:00, run_after=2024-08-11 00:00:00+00:00
[2024-08-11T10:01:16.033+0000] {processor.py:183} INFO - Processing /home/airflow/.local/lib/python3.12/site-packages/airflow/example_dags/example_short_circuit_operator.py took 0.041 seconds
[2024-08-11T10:01:46.333+0000] {processor.py:161} INFO - Started process (PID=297) to work on /home/airflow/.local/lib/python3.12/site-packages/airflow/example_dags/example_short_circuit_operator.py
[2024-08-11T10:01:46.333+0000] {processor.py:830} INFO - Processing file /home/airflow/.local/lib/python3.12/site-packages/airflow/example_dags/example_short_circuit_operator.py for tasks to queue
[2024-08-11T10:01:46.334+0000] {logging_mixin.py:188} INFO - [2024-08-11T10:01:46.334+0000] {dagbag.py:545} INFO - Filling up the DagBag from /home/airflow/.local/lib/python3.12/site-packages/airflow/example_dags/example_short_circuit_operator.py
[2024-08-11T10:01:46.337+0000] {processor.py:840} INFO - DAG(s) 'example_short_circuit_operator' retrieved from /home/airflow/.local/lib/python3.12/site-packages/airflow/example_dags/example_short_circuit_operator.py
[2024-08-11T10:01:46.348+0000] {logging_mixin.py:188} INFO - [2024-08-11T10:01:46.348+0000] {dag.py:3089} INFO - Sync 1 DAGs
[2024-08-11T10:01:46.357+0000] {logging_mixin.py:188} INFO - [2024-08-11T10:01:46.357+0000] {dag.py:3947} INFO - Setting next_dagrun for example_short_circuit_operator to 2024-08-10 00:00:00+00:00, run_after=2024-08-11 00:00:00+00:00
[2024-08-11T10:01:46.364+0000] {processor.py:183} INFO - Processing /home/airflow/.local/lib/python3.12/site-packages/airflow/example_dags/example_short_circuit_operator.py took 0.034 seconds
