[2024-08-11T09:31:29.664+0000] {processor.py:161} INFO - Started process (PID=55) to work on /home/airflow/.local/lib/python3.12/site-packages/airflow/example_dags/example_sensors.py
[2024-08-11T09:31:29.665+0000] {processor.py:830} INFO - Processing file /home/airflow/.local/lib/python3.12/site-packages/airflow/example_dags/example_sensors.py for tasks to queue
[2024-08-11T09:31:29.666+0000] {logging_mixin.py:188} INFO - [2024-08-11T09:31:29.665+0000] {dagbag.py:545} INFO - Filling up the DagBag from /home/airflow/.local/lib/python3.12/site-packages/airflow/example_dags/example_sensors.py
[2024-08-11T09:31:29.674+0000] {processor.py:840} INFO - DAG(s) 'example_sensors' retrieved from /home/airflow/.local/lib/python3.12/site-packages/airflow/example_dags/example_sensors.py
[2024-08-11T09:31:29.681+0000] {logging_mixin.py:188} INFO - [2024-08-11T09:31:29.681+0000] {dag.py:3089} INFO - Sync 1 DAGs
[2024-08-11T09:31:29.688+0000] {logging_mixin.py:188} INFO - [2024-08-11T09:31:29.688+0000] {dag.py:3947} INFO - Setting next_dagrun for example_sensors to None, run_after=None
[2024-08-11T09:31:29.699+0000] {processor.py:183} INFO - Processing /home/airflow/.local/lib/python3.12/site-packages/airflow/example_dags/example_sensors.py took 0.038 seconds
[2024-08-11T09:31:59.855+0000] {processor.py:161} INFO - Started process (PID=113) to work on /home/airflow/.local/lib/python3.12/site-packages/airflow/example_dags/example_sensors.py
[2024-08-11T09:31:59.858+0000] {processor.py:830} INFO - Processing file /home/airflow/.local/lib/python3.12/site-packages/airflow/example_dags/example_sensors.py for tasks to queue
[2024-08-11T09:31:59.859+0000] {logging_mixin.py:188} INFO - [2024-08-11T09:31:59.858+0000] {dagbag.py:545} INFO - Filling up the DagBag from /home/airflow/.local/lib/python3.12/site-packages/airflow/example_dags/example_sensors.py
[2024-08-11T09:31:59.863+0000] {processor.py:840} INFO - DAG(s) 'example_sensors' retrieved from /home/airflow/.local/lib/python3.12/site-packages/airflow/example_dags/example_sensors.py
[2024-08-11T09:31:59.908+0000] {logging_mixin.py:188} INFO - [2024-08-11T09:31:59.908+0000] {dag.py:3089} INFO - Sync 1 DAGs
[2024-08-11T09:31:59.914+0000] {logging_mixin.py:188} INFO - [2024-08-11T09:31:59.914+0000] {dag.py:3947} INFO - Setting next_dagrun for example_sensors to None, run_after=None
[2024-08-11T09:31:59.923+0000] {processor.py:183} INFO - Processing /home/airflow/.local/lib/python3.12/site-packages/airflow/example_dags/example_sensors.py took 0.071 seconds
[2024-08-11T09:32:30.245+0000] {processor.py:161} INFO - Started process (PID=171) to work on /home/airflow/.local/lib/python3.12/site-packages/airflow/example_dags/example_sensors.py
[2024-08-11T09:32:30.246+0000] {processor.py:830} INFO - Processing file /home/airflow/.local/lib/python3.12/site-packages/airflow/example_dags/example_sensors.py for tasks to queue
[2024-08-11T09:32:30.247+0000] {logging_mixin.py:188} INFO - [2024-08-11T09:32:30.247+0000] {dagbag.py:545} INFO - Filling up the DagBag from /home/airflow/.local/lib/python3.12/site-packages/airflow/example_dags/example_sensors.py
[2024-08-11T09:32:30.252+0000] {processor.py:840} INFO - DAG(s) 'example_sensors' retrieved from /home/airflow/.local/lib/python3.12/site-packages/airflow/example_dags/example_sensors.py
[2024-08-11T09:32:30.267+0000] {logging_mixin.py:188} INFO - [2024-08-11T09:32:30.267+0000] {dag.py:3089} INFO - Sync 1 DAGs
[2024-08-11T09:32:30.273+0000] {logging_mixin.py:188} INFO - [2024-08-11T09:32:30.272+0000] {dag.py:3947} INFO - Setting next_dagrun for example_sensors to None, run_after=None
[2024-08-11T09:32:30.284+0000] {processor.py:183} INFO - Processing /home/airflow/.local/lib/python3.12/site-packages/airflow/example_dags/example_sensors.py took 0.042 seconds
[2024-08-11T09:33:00.919+0000] {processor.py:161} INFO - Started process (PID=229) to work on /home/airflow/.local/lib/python3.12/site-packages/airflow/example_dags/example_sensors.py
[2024-08-11T09:33:00.923+0000] {processor.py:830} INFO - Processing file /home/airflow/.local/lib/python3.12/site-packages/airflow/example_dags/example_sensors.py for tasks to queue
[2024-08-11T09:33:00.927+0000] {logging_mixin.py:188} INFO - [2024-08-11T09:33:00.927+0000] {dagbag.py:545} INFO - Filling up the DagBag from /home/airflow/.local/lib/python3.12/site-packages/airflow/example_dags/example_sensors.py
[2024-08-11T09:33:00.932+0000] {processor.py:840} INFO - DAG(s) 'example_sensors' retrieved from /home/airflow/.local/lib/python3.12/site-packages/airflow/example_dags/example_sensors.py
[2024-08-11T09:33:00.946+0000] {logging_mixin.py:188} INFO - [2024-08-11T09:33:00.946+0000] {dag.py:3089} INFO - Sync 1 DAGs
[2024-08-11T09:33:00.952+0000] {logging_mixin.py:188} INFO - [2024-08-11T09:33:00.952+0000] {dag.py:3947} INFO - Setting next_dagrun for example_sensors to None, run_after=None
[2024-08-11T09:33:00.961+0000] {processor.py:183} INFO - Processing /home/airflow/.local/lib/python3.12/site-packages/airflow/example_dags/example_sensors.py took 0.045 seconds
[2024-08-11T09:33:31.678+0000] {processor.py:161} INFO - Started process (PID=287) to work on /home/airflow/.local/lib/python3.12/site-packages/airflow/example_dags/example_sensors.py
[2024-08-11T09:33:31.678+0000] {processor.py:830} INFO - Processing file /home/airflow/.local/lib/python3.12/site-packages/airflow/example_dags/example_sensors.py for tasks to queue
[2024-08-11T09:33:31.679+0000] {logging_mixin.py:188} INFO - [2024-08-11T09:33:31.679+0000] {dagbag.py:545} INFO - Filling up the DagBag from /home/airflow/.local/lib/python3.12/site-packages/airflow/example_dags/example_sensors.py
[2024-08-11T09:33:31.684+0000] {processor.py:840} INFO - DAG(s) 'example_sensors' retrieved from /home/airflow/.local/lib/python3.12/site-packages/airflow/example_dags/example_sensors.py
[2024-08-11T09:33:31.695+0000] {logging_mixin.py:188} INFO - [2024-08-11T09:33:31.695+0000] {dag.py:3089} INFO - Sync 1 DAGs
[2024-08-11T09:33:31.701+0000] {logging_mixin.py:188} INFO - [2024-08-11T09:33:31.701+0000] {dag.py:3947} INFO - Setting next_dagrun for example_sensors to None, run_after=None
[2024-08-11T09:33:31.711+0000] {processor.py:183} INFO - Processing /home/airflow/.local/lib/python3.12/site-packages/airflow/example_dags/example_sensors.py took 0.036 seconds
[2024-08-11T09:34:02.392+0000] {processor.py:161} INFO - Started process (PID=345) to work on /home/airflow/.local/lib/python3.12/site-packages/airflow/example_dags/example_sensors.py
[2024-08-11T09:34:02.393+0000] {processor.py:830} INFO - Processing file /home/airflow/.local/lib/python3.12/site-packages/airflow/example_dags/example_sensors.py for tasks to queue
[2024-08-11T09:34:02.394+0000] {logging_mixin.py:188} INFO - [2024-08-11T09:34:02.393+0000] {dagbag.py:545} INFO - Filling up the DagBag from /home/airflow/.local/lib/python3.12/site-packages/airflow/example_dags/example_sensors.py
[2024-08-11T09:34:02.398+0000] {processor.py:840} INFO - DAG(s) 'example_sensors' retrieved from /home/airflow/.local/lib/python3.12/site-packages/airflow/example_dags/example_sensors.py
[2024-08-11T09:34:02.410+0000] {logging_mixin.py:188} INFO - [2024-08-11T09:34:02.409+0000] {dag.py:3089} INFO - Sync 1 DAGs
[2024-08-11T09:34:02.415+0000] {logging_mixin.py:188} INFO - [2024-08-11T09:34:02.415+0000] {dag.py:3947} INFO - Setting next_dagrun for example_sensors to None, run_after=None
[2024-08-11T09:34:02.423+0000] {processor.py:183} INFO - Processing /home/airflow/.local/lib/python3.12/site-packages/airflow/example_dags/example_sensors.py took 0.033 seconds
[2024-08-11T09:34:33.302+0000] {processor.py:161} INFO - Started process (PID=403) to work on /home/airflow/.local/lib/python3.12/site-packages/airflow/example_dags/example_sensors.py
[2024-08-11T09:34:33.303+0000] {processor.py:830} INFO - Processing file /home/airflow/.local/lib/python3.12/site-packages/airflow/example_dags/example_sensors.py for tasks to queue
[2024-08-11T09:34:33.304+0000] {logging_mixin.py:188} INFO - [2024-08-11T09:34:33.304+0000] {dagbag.py:545} INFO - Filling up the DagBag from /home/airflow/.local/lib/python3.12/site-packages/airflow/example_dags/example_sensors.py
[2024-08-11T09:34:33.310+0000] {processor.py:840} INFO - DAG(s) 'example_sensors' retrieved from /home/airflow/.local/lib/python3.12/site-packages/airflow/example_dags/example_sensors.py
[2024-08-11T09:34:33.325+0000] {logging_mixin.py:188} INFO - [2024-08-11T09:34:33.325+0000] {dag.py:3089} INFO - Sync 1 DAGs
[2024-08-11T09:34:33.331+0000] {logging_mixin.py:188} INFO - [2024-08-11T09:34:33.331+0000] {dag.py:3947} INFO - Setting next_dagrun for example_sensors to None, run_after=None
[2024-08-11T09:34:33.343+0000] {processor.py:183} INFO - Processing /home/airflow/.local/lib/python3.12/site-packages/airflow/example_dags/example_sensors.py took 0.044 seconds
[2024-08-11T09:35:04.053+0000] {processor.py:161} INFO - Started process (PID=467) to work on /home/airflow/.local/lib/python3.12/site-packages/airflow/example_dags/example_sensors.py
[2024-08-11T09:35:04.056+0000] {processor.py:830} INFO - Processing file /home/airflow/.local/lib/python3.12/site-packages/airflow/example_dags/example_sensors.py for tasks to queue
[2024-08-11T09:35:04.072+0000] {logging_mixin.py:188} INFO - [2024-08-11T09:35:04.069+0000] {dagbag.py:545} INFO - Filling up the DagBag from /home/airflow/.local/lib/python3.12/site-packages/airflow/example_dags/example_sensors.py
[2024-08-11T09:35:04.079+0000] {processor.py:840} INFO - DAG(s) 'example_sensors' retrieved from /home/airflow/.local/lib/python3.12/site-packages/airflow/example_dags/example_sensors.py
[2024-08-11T09:35:04.110+0000] {logging_mixin.py:188} INFO - [2024-08-11T09:35:04.110+0000] {dag.py:3089} INFO - Sync 1 DAGs
[2024-08-11T09:35:04.119+0000] {logging_mixin.py:188} INFO - [2024-08-11T09:35:04.119+0000] {dag.py:3947} INFO - Setting next_dagrun for example_sensors to None, run_after=None
[2024-08-11T09:35:04.135+0000] {processor.py:183} INFO - Processing /home/airflow/.local/lib/python3.12/site-packages/airflow/example_dags/example_sensors.py took 0.087 seconds
[2024-08-11T09:58:28.019+0000] {processor.py:161} INFO - Started process (PID=53) to work on /home/airflow/.local/lib/python3.12/site-packages/airflow/example_dags/example_sensors.py
[2024-08-11T09:58:28.021+0000] {processor.py:830} INFO - Processing file /home/airflow/.local/lib/python3.12/site-packages/airflow/example_dags/example_sensors.py for tasks to queue
[2024-08-11T09:58:28.024+0000] {logging_mixin.py:188} INFO - [2024-08-11T09:58:28.023+0000] {dagbag.py:545} INFO - Filling up the DagBag from /home/airflow/.local/lib/python3.12/site-packages/airflow/example_dags/example_sensors.py
[2024-08-11T09:58:28.033+0000] {processor.py:840} INFO - DAG(s) 'example_sensors' retrieved from /home/airflow/.local/lib/python3.12/site-packages/airflow/example_dags/example_sensors.py
[2024-08-11T09:58:28.068+0000] {logging_mixin.py:188} INFO - [2024-08-11T09:58:28.067+0000] {dag.py:3089} INFO - Sync 1 DAGs
[2024-08-11T09:58:28.083+0000] {logging_mixin.py:188} INFO - [2024-08-11T09:58:28.083+0000] {dag.py:3947} INFO - Setting next_dagrun for example_sensors to None, run_after=None
[2024-08-11T09:58:28.108+0000] {processor.py:183} INFO - Processing /home/airflow/.local/lib/python3.12/site-packages/airflow/example_dags/example_sensors.py took 0.094 seconds
[2024-08-11T09:58:58.827+0000] {processor.py:161} INFO - Started process (PID=111) to work on /home/airflow/.local/lib/python3.12/site-packages/airflow/example_dags/example_sensors.py
[2024-08-11T09:58:58.827+0000] {processor.py:830} INFO - Processing file /home/airflow/.local/lib/python3.12/site-packages/airflow/example_dags/example_sensors.py for tasks to queue
[2024-08-11T09:58:58.828+0000] {logging_mixin.py:188} INFO - [2024-08-11T09:58:58.828+0000] {dagbag.py:545} INFO - Filling up the DagBag from /home/airflow/.local/lib/python3.12/site-packages/airflow/example_dags/example_sensors.py
[2024-08-11T09:58:58.832+0000] {processor.py:840} INFO - DAG(s) 'example_sensors' retrieved from /home/airflow/.local/lib/python3.12/site-packages/airflow/example_dags/example_sensors.py
[2024-08-11T09:58:58.842+0000] {logging_mixin.py:188} INFO - [2024-08-11T09:58:58.842+0000] {dag.py:3089} INFO - Sync 1 DAGs
[2024-08-11T09:58:58.849+0000] {logging_mixin.py:188} INFO - [2024-08-11T09:58:58.849+0000] {dag.py:3947} INFO - Setting next_dagrun for example_sensors to None, run_after=None
[2024-08-11T09:58:58.862+0000] {processor.py:183} INFO - Processing /home/airflow/.local/lib/python3.12/site-packages/airflow/example_dags/example_sensors.py took 0.039 seconds
[2024-08-11T09:59:44.121+0000] {processor.py:161} INFO - Started process (PID=56) to work on /home/airflow/.local/lib/python3.12/site-packages/airflow/example_dags/example_sensors.py
[2024-08-11T09:59:44.125+0000] {processor.py:830} INFO - Processing file /home/airflow/.local/lib/python3.12/site-packages/airflow/example_dags/example_sensors.py for tasks to queue
[2024-08-11T09:59:44.127+0000] {logging_mixin.py:188} INFO - [2024-08-11T09:59:44.126+0000] {dagbag.py:545} INFO - Filling up the DagBag from /home/airflow/.local/lib/python3.12/site-packages/airflow/example_dags/example_sensors.py
[2024-08-11T09:59:44.136+0000] {processor.py:840} INFO - DAG(s) 'example_sensors' retrieved from /home/airflow/.local/lib/python3.12/site-packages/airflow/example_dags/example_sensors.py
[2024-08-11T09:59:44.149+0000] {logging_mixin.py:188} INFO - [2024-08-11T09:59:44.149+0000] {dag.py:3089} INFO - Sync 1 DAGs
[2024-08-11T09:59:44.160+0000] {logging_mixin.py:188} INFO - [2024-08-11T09:59:44.160+0000] {dag.py:3947} INFO - Setting next_dagrun for example_sensors to None, run_after=None
[2024-08-11T09:59:44.182+0000] {processor.py:183} INFO - Processing /home/airflow/.local/lib/python3.12/site-packages/airflow/example_dags/example_sensors.py took 0.065 seconds
[2024-08-11T10:00:14.623+0000] {processor.py:161} INFO - Started process (PID=114) to work on /home/airflow/.local/lib/python3.12/site-packages/airflow/example_dags/example_sensors.py
[2024-08-11T10:00:14.623+0000] {processor.py:830} INFO - Processing file /home/airflow/.local/lib/python3.12/site-packages/airflow/example_dags/example_sensors.py for tasks to queue
[2024-08-11T10:00:14.624+0000] {logging_mixin.py:188} INFO - [2024-08-11T10:00:14.624+0000] {dagbag.py:545} INFO - Filling up the DagBag from /home/airflow/.local/lib/python3.12/site-packages/airflow/example_dags/example_sensors.py
[2024-08-11T10:00:14.628+0000] {processor.py:840} INFO - DAG(s) 'example_sensors' retrieved from /home/airflow/.local/lib/python3.12/site-packages/airflow/example_dags/example_sensors.py
[2024-08-11T10:00:14.703+0000] {logging_mixin.py:188} INFO - [2024-08-11T10:00:14.703+0000] {dag.py:3089} INFO - Sync 1 DAGs
[2024-08-11T10:00:14.708+0000] {logging_mixin.py:188} INFO - [2024-08-11T10:00:14.708+0000] {dag.py:3947} INFO - Setting next_dagrun for example_sensors to None, run_after=None
[2024-08-11T10:00:14.716+0000] {processor.py:183} INFO - Processing /home/airflow/.local/lib/python3.12/site-packages/airflow/example_dags/example_sensors.py took 0.096 seconds
[2024-08-11T10:00:44.972+0000] {processor.py:161} INFO - Started process (PID=172) to work on /home/airflow/.local/lib/python3.12/site-packages/airflow/example_dags/example_sensors.py
[2024-08-11T10:00:44.972+0000] {processor.py:830} INFO - Processing file /home/airflow/.local/lib/python3.12/site-packages/airflow/example_dags/example_sensors.py for tasks to queue
[2024-08-11T10:00:44.973+0000] {logging_mixin.py:188} INFO - [2024-08-11T10:00:44.973+0000] {dagbag.py:545} INFO - Filling up the DagBag from /home/airflow/.local/lib/python3.12/site-packages/airflow/example_dags/example_sensors.py
[2024-08-11T10:00:44.978+0000] {processor.py:840} INFO - DAG(s) 'example_sensors' retrieved from /home/airflow/.local/lib/python3.12/site-packages/airflow/example_dags/example_sensors.py
[2024-08-11T10:00:44.994+0000] {logging_mixin.py:188} INFO - [2024-08-11T10:00:44.994+0000] {dag.py:3089} INFO - Sync 1 DAGs
[2024-08-11T10:00:45.003+0000] {logging_mixin.py:188} INFO - [2024-08-11T10:00:45.002+0000] {dag.py:3947} INFO - Setting next_dagrun for example_sensors to None, run_after=None
[2024-08-11T10:00:45.013+0000] {processor.py:183} INFO - Processing /home/airflow/.local/lib/python3.12/site-packages/airflow/example_dags/example_sensors.py took 0.044 seconds
[2024-08-11T10:01:15.717+0000] {processor.py:161} INFO - Started process (PID=230) to work on /home/airflow/.local/lib/python3.12/site-packages/airflow/example_dags/example_sensors.py
[2024-08-11T10:01:15.719+0000] {processor.py:830} INFO - Processing file /home/airflow/.local/lib/python3.12/site-packages/airflow/example_dags/example_sensors.py for tasks to queue
[2024-08-11T10:01:15.720+0000] {logging_mixin.py:188} INFO - [2024-08-11T10:01:15.720+0000] {dagbag.py:545} INFO - Filling up the DagBag from /home/airflow/.local/lib/python3.12/site-packages/airflow/example_dags/example_sensors.py
[2024-08-11T10:01:15.725+0000] {processor.py:840} INFO - DAG(s) 'example_sensors' retrieved from /home/airflow/.local/lib/python3.12/site-packages/airflow/example_dags/example_sensors.py
[2024-08-11T10:01:15.741+0000] {logging_mixin.py:188} INFO - [2024-08-11T10:01:15.741+0000] {dag.py:3089} INFO - Sync 1 DAGs
[2024-08-11T10:01:15.748+0000] {logging_mixin.py:188} INFO - [2024-08-11T10:01:15.748+0000] {dag.py:3947} INFO - Setting next_dagrun for example_sensors to None, run_after=None
[2024-08-11T10:01:15.761+0000] {processor.py:183} INFO - Processing /home/airflow/.local/lib/python3.12/site-packages/airflow/example_dags/example_sensors.py took 0.048 seconds
[2024-08-11T10:01:45.934+0000] {processor.py:161} INFO - Started process (PID=288) to work on /home/airflow/.local/lib/python3.12/site-packages/airflow/example_dags/example_sensors.py
[2024-08-11T10:01:45.936+0000] {processor.py:830} INFO - Processing file /home/airflow/.local/lib/python3.12/site-packages/airflow/example_dags/example_sensors.py for tasks to queue
[2024-08-11T10:01:45.937+0000] {logging_mixin.py:188} INFO - [2024-08-11T10:01:45.936+0000] {dagbag.py:545} INFO - Filling up the DagBag from /home/airflow/.local/lib/python3.12/site-packages/airflow/example_dags/example_sensors.py
[2024-08-11T10:01:45.941+0000] {processor.py:840} INFO - DAG(s) 'example_sensors' retrieved from /home/airflow/.local/lib/python3.12/site-packages/airflow/example_dags/example_sensors.py
[2024-08-11T10:01:45.956+0000] {logging_mixin.py:188} INFO - [2024-08-11T10:01:45.955+0000] {dag.py:3089} INFO - Sync 1 DAGs
[2024-08-11T10:01:45.963+0000] {logging_mixin.py:188} INFO - [2024-08-11T10:01:45.963+0000] {dag.py:3947} INFO - Setting next_dagrun for example_sensors to None, run_after=None
[2024-08-11T10:01:45.977+0000] {processor.py:183} INFO - Processing /home/airflow/.local/lib/python3.12/site-packages/airflow/example_dags/example_sensors.py took 0.047 seconds
