[2024-08-11T09:31:29.817+0000] {processor.py:161} INFO - Started process (PID=59) to work on /home/airflow/.local/lib/python3.12/site-packages/airflow/example_dags/example_external_task_marker_dag.py
[2024-08-11T09:31:29.819+0000] {processor.py:830} INFO - Processing file /home/airflow/.local/lib/python3.12/site-packages/airflow/example_dags/example_external_task_marker_dag.py for tasks to queue
[2024-08-11T09:31:29.821+0000] {logging_mixin.py:188} INFO - [2024-08-11T09:31:29.820+0000] {dagbag.py:545} INFO - Filling up the DagBag from /home/airflow/.local/lib/python3.12/site-packages/airflow/example_dags/example_external_task_marker_dag.py
[2024-08-11T09:31:29.834+0000] {processor.py:840} INFO - DAG(s) 'example_external_task_marker_parent', 'example_external_task_marker_child' retrieved from /home/airflow/.local/lib/python3.12/site-packages/airflow/example_dags/example_external_task_marker_dag.py
[2024-08-11T09:31:29.852+0000] {logging_mixin.py:188} INFO - [2024-08-11T09:31:29.851+0000] {dag.py:3089} INFO - Sync 2 DAGs
[2024-08-11T09:31:29.866+0000] {logging_mixin.py:188} INFO - [2024-08-11T09:31:29.865+0000] {dag.py:3947} INFO - Setting next_dagrun for example_external_task_marker_child to None, run_after=None
[2024-08-11T09:31:29.872+0000] {logging_mixin.py:188} INFO - [2024-08-11T09:31:29.872+0000] {dag.py:3947} INFO - Setting next_dagrun for example_external_task_marker_parent to None, run_after=None
[2024-08-11T09:31:29.884+0000] {processor.py:183} INFO - Processing /home/airflow/.local/lib/python3.12/site-packages/airflow/example_dags/example_external_task_marker_dag.py took 0.071 seconds
[2024-08-11T09:32:00.018+0000] {processor.py:161} INFO - Started process (PID=117) to work on /home/airflow/.local/lib/python3.12/site-packages/airflow/example_dags/example_external_task_marker_dag.py
[2024-08-11T09:32:00.019+0000] {processor.py:830} INFO - Processing file /home/airflow/.local/lib/python3.12/site-packages/airflow/example_dags/example_external_task_marker_dag.py for tasks to queue
[2024-08-11T09:32:00.021+0000] {logging_mixin.py:188} INFO - [2024-08-11T09:32:00.021+0000] {dagbag.py:545} INFO - Filling up the DagBag from /home/airflow/.local/lib/python3.12/site-packages/airflow/example_dags/example_external_task_marker_dag.py
[2024-08-11T09:32:00.024+0000] {processor.py:840} INFO - DAG(s) 'example_external_task_marker_child', 'example_external_task_marker_parent' retrieved from /home/airflow/.local/lib/python3.12/site-packages/airflow/example_dags/example_external_task_marker_dag.py
[2024-08-11T09:32:00.079+0000] {logging_mixin.py:188} INFO - [2024-08-11T09:32:00.079+0000] {dag.py:3089} INFO - Sync 2 DAGs
[2024-08-11T09:32:00.087+0000] {logging_mixin.py:188} INFO - [2024-08-11T09:32:00.086+0000] {dag.py:3947} INFO - Setting next_dagrun for example_external_task_marker_child to None, run_after=None
[2024-08-11T09:32:00.090+0000] {logging_mixin.py:188} INFO - [2024-08-11T09:32:00.090+0000] {dag.py:3947} INFO - Setting next_dagrun for example_external_task_marker_parent to None, run_after=None
[2024-08-11T09:32:00.106+0000] {processor.py:183} INFO - Processing /home/airflow/.local/lib/python3.12/site-packages/airflow/example_dags/example_external_task_marker_dag.py took 0.091 seconds
[2024-08-11T09:32:30.340+0000] {processor.py:161} INFO - Started process (PID=175) to work on /home/airflow/.local/lib/python3.12/site-packages/airflow/example_dags/example_external_task_marker_dag.py
[2024-08-11T09:32:30.341+0000] {processor.py:830} INFO - Processing file /home/airflow/.local/lib/python3.12/site-packages/airflow/example_dags/example_external_task_marker_dag.py for tasks to queue
[2024-08-11T09:32:30.342+0000] {logging_mixin.py:188} INFO - [2024-08-11T09:32:30.342+0000] {dagbag.py:545} INFO - Filling up the DagBag from /home/airflow/.local/lib/python3.12/site-packages/airflow/example_dags/example_external_task_marker_dag.py
[2024-08-11T09:32:30.345+0000] {processor.py:840} INFO - DAG(s) 'example_external_task_marker_parent', 'example_external_task_marker_child' retrieved from /home/airflow/.local/lib/python3.12/site-packages/airflow/example_dags/example_external_task_marker_dag.py
[2024-08-11T09:32:30.359+0000] {logging_mixin.py:188} INFO - [2024-08-11T09:32:30.358+0000] {dag.py:3089} INFO - Sync 2 DAGs
[2024-08-11T09:32:30.366+0000] {logging_mixin.py:188} INFO - [2024-08-11T09:32:30.366+0000] {dag.py:3947} INFO - Setting next_dagrun for example_external_task_marker_child to None, run_after=None
[2024-08-11T09:32:30.368+0000] {logging_mixin.py:188} INFO - [2024-08-11T09:32:30.367+0000] {dag.py:3947} INFO - Setting next_dagrun for example_external_task_marker_parent to None, run_after=None
[2024-08-11T09:32:30.377+0000] {processor.py:183} INFO - Processing /home/airflow/.local/lib/python3.12/site-packages/airflow/example_dags/example_external_task_marker_dag.py took 0.040 seconds
[2024-08-11T09:33:01.021+0000] {processor.py:161} INFO - Started process (PID=233) to work on /home/airflow/.local/lib/python3.12/site-packages/airflow/example_dags/example_external_task_marker_dag.py
[2024-08-11T09:33:01.025+0000] {processor.py:830} INFO - Processing file /home/airflow/.local/lib/python3.12/site-packages/airflow/example_dags/example_external_task_marker_dag.py for tasks to queue
[2024-08-11T09:33:01.026+0000] {logging_mixin.py:188} INFO - [2024-08-11T09:33:01.026+0000] {dagbag.py:545} INFO - Filling up the DagBag from /home/airflow/.local/lib/python3.12/site-packages/airflow/example_dags/example_external_task_marker_dag.py
[2024-08-11T09:33:01.029+0000] {processor.py:840} INFO - DAG(s) 'example_external_task_marker_parent', 'example_external_task_marker_child' retrieved from /home/airflow/.local/lib/python3.12/site-packages/airflow/example_dags/example_external_task_marker_dag.py
[2024-08-11T09:33:01.041+0000] {logging_mixin.py:188} INFO - [2024-08-11T09:33:01.041+0000] {dag.py:3089} INFO - Sync 2 DAGs
[2024-08-11T09:33:01.047+0000] {logging_mixin.py:188} INFO - [2024-08-11T09:33:01.047+0000] {dag.py:3947} INFO - Setting next_dagrun for example_external_task_marker_child to None, run_after=None
[2024-08-11T09:33:01.050+0000] {logging_mixin.py:188} INFO - [2024-08-11T09:33:01.049+0000] {dag.py:3947} INFO - Setting next_dagrun for example_external_task_marker_parent to None, run_after=None
[2024-08-11T09:33:01.059+0000] {processor.py:183} INFO - Processing /home/airflow/.local/lib/python3.12/site-packages/airflow/example_dags/example_external_task_marker_dag.py took 0.041 seconds
[2024-08-11T09:33:31.800+0000] {processor.py:161} INFO - Started process (PID=291) to work on /home/airflow/.local/lib/python3.12/site-packages/airflow/example_dags/example_external_task_marker_dag.py
[2024-08-11T09:33:31.801+0000] {processor.py:830} INFO - Processing file /home/airflow/.local/lib/python3.12/site-packages/airflow/example_dags/example_external_task_marker_dag.py for tasks to queue
[2024-08-11T09:33:31.802+0000] {logging_mixin.py:188} INFO - [2024-08-11T09:33:31.802+0000] {dagbag.py:545} INFO - Filling up the DagBag from /home/airflow/.local/lib/python3.12/site-packages/airflow/example_dags/example_external_task_marker_dag.py
[2024-08-11T09:33:31.806+0000] {processor.py:840} INFO - DAG(s) 'example_external_task_marker_child', 'example_external_task_marker_parent' retrieved from /home/airflow/.local/lib/python3.12/site-packages/airflow/example_dags/example_external_task_marker_dag.py
[2024-08-11T09:33:31.819+0000] {logging_mixin.py:188} INFO - [2024-08-11T09:33:31.819+0000] {dag.py:3089} INFO - Sync 2 DAGs
[2024-08-11T09:33:31.825+0000] {logging_mixin.py:188} INFO - [2024-08-11T09:33:31.825+0000] {dag.py:3947} INFO - Setting next_dagrun for example_external_task_marker_child to None, run_after=None
[2024-08-11T09:33:31.828+0000] {logging_mixin.py:188} INFO - [2024-08-11T09:33:31.827+0000] {dag.py:3947} INFO - Setting next_dagrun for example_external_task_marker_parent to None, run_after=None
[2024-08-11T09:33:31.838+0000] {processor.py:183} INFO - Processing /home/airflow/.local/lib/python3.12/site-packages/airflow/example_dags/example_external_task_marker_dag.py took 0.040 seconds
[2024-08-11T09:34:02.542+0000] {processor.py:161} INFO - Started process (PID=349) to work on /home/airflow/.local/lib/python3.12/site-packages/airflow/example_dags/example_external_task_marker_dag.py
[2024-08-11T09:34:02.543+0000] {processor.py:830} INFO - Processing file /home/airflow/.local/lib/python3.12/site-packages/airflow/example_dags/example_external_task_marker_dag.py for tasks to queue
[2024-08-11T09:34:02.544+0000] {logging_mixin.py:188} INFO - [2024-08-11T09:34:02.544+0000] {dagbag.py:545} INFO - Filling up the DagBag from /home/airflow/.local/lib/python3.12/site-packages/airflow/example_dags/example_external_task_marker_dag.py
[2024-08-11T09:34:02.548+0000] {processor.py:840} INFO - DAG(s) 'example_external_task_marker_parent', 'example_external_task_marker_child' retrieved from /home/airflow/.local/lib/python3.12/site-packages/airflow/example_dags/example_external_task_marker_dag.py
[2024-08-11T09:34:02.562+0000] {logging_mixin.py:188} INFO - [2024-08-11T09:34:02.562+0000] {dag.py:3089} INFO - Sync 2 DAGs
[2024-08-11T09:34:02.570+0000] {logging_mixin.py:188} INFO - [2024-08-11T09:34:02.570+0000] {dag.py:3947} INFO - Setting next_dagrun for example_external_task_marker_child to None, run_after=None
[2024-08-11T09:34:02.572+0000] {logging_mixin.py:188} INFO - [2024-08-11T09:34:02.572+0000] {dag.py:3947} INFO - Setting next_dagrun for example_external_task_marker_parent to None, run_after=None
[2024-08-11T09:34:02.589+0000] {processor.py:183} INFO - Processing /home/airflow/.local/lib/python3.12/site-packages/airflow/example_dags/example_external_task_marker_dag.py took 0.051 seconds
[2024-08-11T09:34:33.442+0000] {processor.py:161} INFO - Started process (PID=407) to work on /home/airflow/.local/lib/python3.12/site-packages/airflow/example_dags/example_external_task_marker_dag.py
[2024-08-11T09:34:33.443+0000] {processor.py:830} INFO - Processing file /home/airflow/.local/lib/python3.12/site-packages/airflow/example_dags/example_external_task_marker_dag.py for tasks to queue
[2024-08-11T09:34:33.446+0000] {logging_mixin.py:188} INFO - [2024-08-11T09:34:33.446+0000] {dagbag.py:545} INFO - Filling up the DagBag from /home/airflow/.local/lib/python3.12/site-packages/airflow/example_dags/example_external_task_marker_dag.py
[2024-08-11T09:34:33.449+0000] {processor.py:840} INFO - DAG(s) 'example_external_task_marker_parent', 'example_external_task_marker_child' retrieved from /home/airflow/.local/lib/python3.12/site-packages/airflow/example_dags/example_external_task_marker_dag.py
[2024-08-11T09:34:33.461+0000] {logging_mixin.py:188} INFO - [2024-08-11T09:34:33.461+0000] {dag.py:3089} INFO - Sync 2 DAGs
[2024-08-11T09:34:33.471+0000] {logging_mixin.py:188} INFO - [2024-08-11T09:34:33.471+0000] {dag.py:3947} INFO - Setting next_dagrun for example_external_task_marker_child to None, run_after=None
[2024-08-11T09:34:33.478+0000] {logging_mixin.py:188} INFO - [2024-08-11T09:34:33.478+0000] {dag.py:3947} INFO - Setting next_dagrun for example_external_task_marker_parent to None, run_after=None
[2024-08-11T09:34:33.490+0000] {processor.py:183} INFO - Processing /home/airflow/.local/lib/python3.12/site-packages/airflow/example_dags/example_external_task_marker_dag.py took 0.051 seconds
[2024-08-11T09:35:04.201+0000] {processor.py:161} INFO - Started process (PID=471) to work on /home/airflow/.local/lib/python3.12/site-packages/airflow/example_dags/example_external_task_marker_dag.py
[2024-08-11T09:35:04.202+0000] {processor.py:830} INFO - Processing file /home/airflow/.local/lib/python3.12/site-packages/airflow/example_dags/example_external_task_marker_dag.py for tasks to queue
[2024-08-11T09:35:04.203+0000] {logging_mixin.py:188} INFO - [2024-08-11T09:35:04.202+0000] {dagbag.py:545} INFO - Filling up the DagBag from /home/airflow/.local/lib/python3.12/site-packages/airflow/example_dags/example_external_task_marker_dag.py
[2024-08-11T09:35:04.206+0000] {processor.py:840} INFO - DAG(s) 'example_external_task_marker_parent', 'example_external_task_marker_child' retrieved from /home/airflow/.local/lib/python3.12/site-packages/airflow/example_dags/example_external_task_marker_dag.py
[2024-08-11T09:35:04.219+0000] {logging_mixin.py:188} INFO - [2024-08-11T09:35:04.219+0000] {dag.py:3089} INFO - Sync 2 DAGs
[2024-08-11T09:35:04.227+0000] {logging_mixin.py:188} INFO - [2024-08-11T09:35:04.226+0000] {dag.py:3947} INFO - Setting next_dagrun for example_external_task_marker_child to None, run_after=None
[2024-08-11T09:35:04.230+0000] {logging_mixin.py:188} INFO - [2024-08-11T09:35:04.230+0000] {dag.py:3947} INFO - Setting next_dagrun for example_external_task_marker_parent to None, run_after=None
[2024-08-11T09:35:04.238+0000] {processor.py:183} INFO - Processing /home/airflow/.local/lib/python3.12/site-packages/airflow/example_dags/example_external_task_marker_dag.py took 0.040 seconds
[2024-08-11T09:58:28.247+0000] {processor.py:161} INFO - Started process (PID=57) to work on /home/airflow/.local/lib/python3.12/site-packages/airflow/example_dags/example_external_task_marker_dag.py
[2024-08-11T09:58:28.249+0000] {processor.py:830} INFO - Processing file /home/airflow/.local/lib/python3.12/site-packages/airflow/example_dags/example_external_task_marker_dag.py for tasks to queue
[2024-08-11T09:58:28.254+0000] {logging_mixin.py:188} INFO - [2024-08-11T09:58:28.254+0000] {dagbag.py:545} INFO - Filling up the DagBag from /home/airflow/.local/lib/python3.12/site-packages/airflow/example_dags/example_external_task_marker_dag.py
[2024-08-11T09:58:28.263+0000] {processor.py:840} INFO - DAG(s) 'example_external_task_marker_parent', 'example_external_task_marker_child' retrieved from /home/airflow/.local/lib/python3.12/site-packages/airflow/example_dags/example_external_task_marker_dag.py
[2024-08-11T09:58:28.293+0000] {logging_mixin.py:188} INFO - [2024-08-11T09:58:28.293+0000] {dag.py:3089} INFO - Sync 2 DAGs
[2024-08-11T09:58:28.306+0000] {logging_mixin.py:188} INFO - [2024-08-11T09:58:28.306+0000] {dag.py:3947} INFO - Setting next_dagrun for example_external_task_marker_child to None, run_after=None
[2024-08-11T09:58:28.312+0000] {logging_mixin.py:188} INFO - [2024-08-11T09:58:28.312+0000] {dag.py:3947} INFO - Setting next_dagrun for example_external_task_marker_parent to None, run_after=None
[2024-08-11T09:58:28.333+0000] {processor.py:183} INFO - Processing /home/airflow/.local/lib/python3.12/site-packages/airflow/example_dags/example_external_task_marker_dag.py took 0.097 seconds
[2024-08-11T09:58:58.917+0000] {processor.py:161} INFO - Started process (PID=115) to work on /home/airflow/.local/lib/python3.12/site-packages/airflow/example_dags/example_external_task_marker_dag.py
[2024-08-11T09:58:58.918+0000] {processor.py:830} INFO - Processing file /home/airflow/.local/lib/python3.12/site-packages/airflow/example_dags/example_external_task_marker_dag.py for tasks to queue
[2024-08-11T09:58:58.919+0000] {logging_mixin.py:188} INFO - [2024-08-11T09:58:58.919+0000] {dagbag.py:545} INFO - Filling up the DagBag from /home/airflow/.local/lib/python3.12/site-packages/airflow/example_dags/example_external_task_marker_dag.py
[2024-08-11T09:58:58.922+0000] {processor.py:840} INFO - DAG(s) 'example_external_task_marker_child', 'example_external_task_marker_parent' retrieved from /home/airflow/.local/lib/python3.12/site-packages/airflow/example_dags/example_external_task_marker_dag.py
[2024-08-11T09:58:58.928+0000] {logging_mixin.py:188} INFO - [2024-08-11T09:58:58.928+0000] {dag.py:3089} INFO - Sync 2 DAGs
[2024-08-11T09:58:58.935+0000] {logging_mixin.py:188} INFO - [2024-08-11T09:58:58.935+0000] {dag.py:3947} INFO - Setting next_dagrun for example_external_task_marker_child to None, run_after=None
[2024-08-11T09:58:58.937+0000] {logging_mixin.py:188} INFO - [2024-08-11T09:58:58.937+0000] {dag.py:3947} INFO - Setting next_dagrun for example_external_task_marker_parent to None, run_after=None
[2024-08-11T09:58:58.950+0000] {processor.py:183} INFO - Processing /home/airflow/.local/lib/python3.12/site-packages/airflow/example_dags/example_external_task_marker_dag.py took 0.035 seconds
[2024-08-11T09:59:44.344+0000] {processor.py:161} INFO - Started process (PID=60) to work on /home/airflow/.local/lib/python3.12/site-packages/airflow/example_dags/example_external_task_marker_dag.py
[2024-08-11T09:59:44.348+0000] {processor.py:830} INFO - Processing file /home/airflow/.local/lib/python3.12/site-packages/airflow/example_dags/example_external_task_marker_dag.py for tasks to queue
[2024-08-11T09:59:44.350+0000] {logging_mixin.py:188} INFO - [2024-08-11T09:59:44.350+0000] {dagbag.py:545} INFO - Filling up the DagBag from /home/airflow/.local/lib/python3.12/site-packages/airflow/example_dags/example_external_task_marker_dag.py
[2024-08-11T09:59:44.356+0000] {processor.py:840} INFO - DAG(s) 'example_external_task_marker_parent', 'example_external_task_marker_child' retrieved from /home/airflow/.local/lib/python3.12/site-packages/airflow/example_dags/example_external_task_marker_dag.py
[2024-08-11T09:59:44.373+0000] {logging_mixin.py:188} INFO - [2024-08-11T09:59:44.372+0000] {dag.py:3089} INFO - Sync 2 DAGs
[2024-08-11T09:59:44.383+0000] {logging_mixin.py:188} INFO - [2024-08-11T09:59:44.383+0000] {dag.py:3947} INFO - Setting next_dagrun for example_external_task_marker_child to None, run_after=None
[2024-08-11T09:59:44.386+0000] {logging_mixin.py:188} INFO - [2024-08-11T09:59:44.386+0000] {dag.py:3947} INFO - Setting next_dagrun for example_external_task_marker_parent to None, run_after=None
[2024-08-11T09:59:44.403+0000] {processor.py:183} INFO - Processing /home/airflow/.local/lib/python3.12/site-packages/airflow/example_dags/example_external_task_marker_dag.py took 0.065 seconds
[2024-08-11T10:00:14.823+0000] {processor.py:161} INFO - Started process (PID=118) to work on /home/airflow/.local/lib/python3.12/site-packages/airflow/example_dags/example_external_task_marker_dag.py
[2024-08-11T10:00:14.823+0000] {processor.py:830} INFO - Processing file /home/airflow/.local/lib/python3.12/site-packages/airflow/example_dags/example_external_task_marker_dag.py for tasks to queue
[2024-08-11T10:00:14.825+0000] {logging_mixin.py:188} INFO - [2024-08-11T10:00:14.825+0000] {dagbag.py:545} INFO - Filling up the DagBag from /home/airflow/.local/lib/python3.12/site-packages/airflow/example_dags/example_external_task_marker_dag.py
[2024-08-11T10:00:14.828+0000] {processor.py:840} INFO - DAG(s) 'example_external_task_marker_parent', 'example_external_task_marker_child' retrieved from /home/airflow/.local/lib/python3.12/site-packages/airflow/example_dags/example_external_task_marker_dag.py
[2024-08-11T10:00:14.883+0000] {logging_mixin.py:188} INFO - [2024-08-11T10:00:14.883+0000] {dag.py:3089} INFO - Sync 2 DAGs
[2024-08-11T10:00:14.887+0000] {logging_mixin.py:188} INFO - [2024-08-11T10:00:14.887+0000] {dag.py:3947} INFO - Setting next_dagrun for example_external_task_marker_child to None, run_after=None
[2024-08-11T10:00:14.889+0000] {logging_mixin.py:188} INFO - [2024-08-11T10:00:14.889+0000] {dag.py:3947} INFO - Setting next_dagrun for example_external_task_marker_parent to None, run_after=None
[2024-08-11T10:00:14.900+0000] {processor.py:183} INFO - Processing /home/airflow/.local/lib/python3.12/site-packages/airflow/example_dags/example_external_task_marker_dag.py took 0.081 seconds
[2024-08-11T10:00:45.074+0000] {processor.py:161} INFO - Started process (PID=176) to work on /home/airflow/.local/lib/python3.12/site-packages/airflow/example_dags/example_external_task_marker_dag.py
[2024-08-11T10:00:45.075+0000] {processor.py:830} INFO - Processing file /home/airflow/.local/lib/python3.12/site-packages/airflow/example_dags/example_external_task_marker_dag.py for tasks to queue
[2024-08-11T10:00:45.078+0000] {logging_mixin.py:188} INFO - [2024-08-11T10:00:45.078+0000] {dagbag.py:545} INFO - Filling up the DagBag from /home/airflow/.local/lib/python3.12/site-packages/airflow/example_dags/example_external_task_marker_dag.py
[2024-08-11T10:00:45.081+0000] {processor.py:840} INFO - DAG(s) 'example_external_task_marker_parent', 'example_external_task_marker_child' retrieved from /home/airflow/.local/lib/python3.12/site-packages/airflow/example_dags/example_external_task_marker_dag.py
[2024-08-11T10:00:45.092+0000] {logging_mixin.py:188} INFO - [2024-08-11T10:00:45.092+0000] {dag.py:3089} INFO - Sync 2 DAGs
[2024-08-11T10:00:45.101+0000] {logging_mixin.py:188} INFO - [2024-08-11T10:00:45.101+0000] {dag.py:3947} INFO - Setting next_dagrun for example_external_task_marker_child to None, run_after=None
[2024-08-11T10:00:45.104+0000] {logging_mixin.py:188} INFO - [2024-08-11T10:00:45.104+0000] {dag.py:3947} INFO - Setting next_dagrun for example_external_task_marker_parent to None, run_after=None
[2024-08-11T10:00:45.117+0000] {processor.py:183} INFO - Processing /home/airflow/.local/lib/python3.12/site-packages/airflow/example_dags/example_external_task_marker_dag.py took 0.046 seconds
[2024-08-11T10:01:15.819+0000] {processor.py:161} INFO - Started process (PID=234) to work on /home/airflow/.local/lib/python3.12/site-packages/airflow/example_dags/example_external_task_marker_dag.py
[2024-08-11T10:01:15.820+0000] {processor.py:830} INFO - Processing file /home/airflow/.local/lib/python3.12/site-packages/airflow/example_dags/example_external_task_marker_dag.py for tasks to queue
[2024-08-11T10:01:15.822+0000] {logging_mixin.py:188} INFO - [2024-08-11T10:01:15.821+0000] {dagbag.py:545} INFO - Filling up the DagBag from /home/airflow/.local/lib/python3.12/site-packages/airflow/example_dags/example_external_task_marker_dag.py
[2024-08-11T10:01:15.825+0000] {processor.py:840} INFO - DAG(s) 'example_external_task_marker_child', 'example_external_task_marker_parent' retrieved from /home/airflow/.local/lib/python3.12/site-packages/airflow/example_dags/example_external_task_marker_dag.py
[2024-08-11T10:01:15.836+0000] {logging_mixin.py:188} INFO - [2024-08-11T10:01:15.836+0000] {dag.py:3089} INFO - Sync 2 DAGs
[2024-08-11T10:01:15.842+0000] {logging_mixin.py:188} INFO - [2024-08-11T10:01:15.842+0000] {dag.py:3947} INFO - Setting next_dagrun for example_external_task_marker_child to None, run_after=None
[2024-08-11T10:01:15.844+0000] {logging_mixin.py:188} INFO - [2024-08-11T10:01:15.844+0000] {dag.py:3947} INFO - Setting next_dagrun for example_external_task_marker_parent to None, run_after=None
[2024-08-11T10:01:15.854+0000] {processor.py:183} INFO - Processing /home/airflow/.local/lib/python3.12/site-packages/airflow/example_dags/example_external_task_marker_dag.py took 0.038 seconds
[2024-08-11T10:01:46.127+0000] {processor.py:161} INFO - Started process (PID=292) to work on /home/airflow/.local/lib/python3.12/site-packages/airflow/example_dags/example_external_task_marker_dag.py
[2024-08-11T10:01:46.129+0000] {processor.py:830} INFO - Processing file /home/airflow/.local/lib/python3.12/site-packages/airflow/example_dags/example_external_task_marker_dag.py for tasks to queue
[2024-08-11T10:01:46.132+0000] {logging_mixin.py:188} INFO - [2024-08-11T10:01:46.132+0000] {dagbag.py:545} INFO - Filling up the DagBag from /home/airflow/.local/lib/python3.12/site-packages/airflow/example_dags/example_external_task_marker_dag.py
[2024-08-11T10:01:46.140+0000] {processor.py:840} INFO - DAG(s) 'example_external_task_marker_parent', 'example_external_task_marker_child' retrieved from /home/airflow/.local/lib/python3.12/site-packages/airflow/example_dags/example_external_task_marker_dag.py
[2024-08-11T10:01:46.155+0000] {logging_mixin.py:188} INFO - [2024-08-11T10:01:46.155+0000] {dag.py:3089} INFO - Sync 2 DAGs
[2024-08-11T10:01:46.163+0000] {logging_mixin.py:188} INFO - [2024-08-11T10:01:46.163+0000] {dag.py:3947} INFO - Setting next_dagrun for example_external_task_marker_child to None, run_after=None
[2024-08-11T10:01:46.165+0000] {logging_mixin.py:188} INFO - [2024-08-11T10:01:46.165+0000] {dag.py:3947} INFO - Setting next_dagrun for example_external_task_marker_parent to None, run_after=None
[2024-08-11T10:01:46.176+0000] {processor.py:183} INFO - Processing /home/airflow/.local/lib/python3.12/site-packages/airflow/example_dags/example_external_task_marker_dag.py took 0.055 seconds
