[2024-08-11T09:31:29.583+0000] {processor.py:161} INFO - Started process (PID=53) to work on /home/airflow/.local/lib/python3.12/site-packages/airflow/example_dags/example_complex.py
[2024-08-11T09:31:29.584+0000] {processor.py:830} INFO - Processing file /home/airflow/.local/lib/python3.12/site-packages/airflow/example_dags/example_complex.py for tasks to queue
[2024-08-11T09:31:29.586+0000] {logging_mixin.py:188} INFO - [2024-08-11T09:31:29.585+0000] {dagbag.py:545} INFO - Filling up the DagBag from /home/airflow/.local/lib/python3.12/site-packages/airflow/example_dags/example_complex.py
[2024-08-11T09:31:29.598+0000] {processor.py:840} INFO - DAG(s) 'example_complex' retrieved from /home/airflow/.local/lib/python3.12/site-packages/airflow/example_dags/example_complex.py
[2024-08-11T09:31:29.610+0000] {logging_mixin.py:188} INFO - [2024-08-11T09:31:29.609+0000] {dag.py:3089} INFO - Sync 1 DAGs
[2024-08-11T09:31:29.620+0000] {logging_mixin.py:188} INFO - [2024-08-11T09:31:29.619+0000] {dag.py:3947} INFO - Setting next_dagrun for example_complex to None, run_after=None
[2024-08-11T09:31:29.646+0000] {processor.py:183} INFO - Processing /home/airflow/.local/lib/python3.12/site-packages/airflow/example_dags/example_complex.py took 0.067 seconds
[2024-08-11T09:31:59.762+0000] {processor.py:161} INFO - Started process (PID=111) to work on /home/airflow/.local/lib/python3.12/site-packages/airflow/example_dags/example_complex.py
[2024-08-11T09:31:59.763+0000] {processor.py:830} INFO - Processing file /home/airflow/.local/lib/python3.12/site-packages/airflow/example_dags/example_complex.py for tasks to queue
[2024-08-11T09:31:59.765+0000] {logging_mixin.py:188} INFO - [2024-08-11T09:31:59.765+0000] {dagbag.py:545} INFO - Filling up the DagBag from /home/airflow/.local/lib/python3.12/site-packages/airflow/example_dags/example_complex.py
[2024-08-11T09:31:59.771+0000] {processor.py:840} INFO - DAG(s) 'example_complex' retrieved from /home/airflow/.local/lib/python3.12/site-packages/airflow/example_dags/example_complex.py
[2024-08-11T09:31:59.822+0000] {logging_mixin.py:188} INFO - [2024-08-11T09:31:59.822+0000] {dag.py:3089} INFO - Sync 1 DAGs
[2024-08-11T09:31:59.832+0000] {logging_mixin.py:188} INFO - [2024-08-11T09:31:59.832+0000] {dag.py:3947} INFO - Setting next_dagrun for example_complex to None, run_after=None
[2024-08-11T09:31:59.841+0000] {processor.py:183} INFO - Processing /home/airflow/.local/lib/python3.12/site-packages/airflow/example_dags/example_complex.py took 0.082 seconds
[2024-08-11T09:32:30.191+0000] {processor.py:161} INFO - Started process (PID=169) to work on /home/airflow/.local/lib/python3.12/site-packages/airflow/example_dags/example_complex.py
[2024-08-11T09:32:30.192+0000] {processor.py:830} INFO - Processing file /home/airflow/.local/lib/python3.12/site-packages/airflow/example_dags/example_complex.py for tasks to queue
[2024-08-11T09:32:30.193+0000] {logging_mixin.py:188} INFO - [2024-08-11T09:32:30.193+0000] {dagbag.py:545} INFO - Filling up the DagBag from /home/airflow/.local/lib/python3.12/site-packages/airflow/example_dags/example_complex.py
[2024-08-11T09:32:30.198+0000] {processor.py:840} INFO - DAG(s) 'example_complex' retrieved from /home/airflow/.local/lib/python3.12/site-packages/airflow/example_dags/example_complex.py
[2024-08-11T09:32:30.215+0000] {logging_mixin.py:188} INFO - [2024-08-11T09:32:30.215+0000] {dag.py:3089} INFO - Sync 1 DAGs
[2024-08-11T09:32:30.220+0000] {logging_mixin.py:188} INFO - [2024-08-11T09:32:30.220+0000] {dag.py:3947} INFO - Setting next_dagrun for example_complex to None, run_after=None
[2024-08-11T09:32:30.233+0000] {processor.py:183} INFO - Processing /home/airflow/.local/lib/python3.12/site-packages/airflow/example_dags/example_complex.py took 0.045 seconds
[2024-08-11T09:33:00.859+0000] {processor.py:161} INFO - Started process (PID=227) to work on /home/airflow/.local/lib/python3.12/site-packages/airflow/example_dags/example_complex.py
[2024-08-11T09:33:00.865+0000] {processor.py:830} INFO - Processing file /home/airflow/.local/lib/python3.12/site-packages/airflow/example_dags/example_complex.py for tasks to queue
[2024-08-11T09:33:00.868+0000] {logging_mixin.py:188} INFO - [2024-08-11T09:33:00.868+0000] {dagbag.py:545} INFO - Filling up the DagBag from /home/airflow/.local/lib/python3.12/site-packages/airflow/example_dags/example_complex.py
[2024-08-11T09:33:00.873+0000] {processor.py:840} INFO - DAG(s) 'example_complex' retrieved from /home/airflow/.local/lib/python3.12/site-packages/airflow/example_dags/example_complex.py
[2024-08-11T09:33:00.889+0000] {logging_mixin.py:188} INFO - [2024-08-11T09:33:00.889+0000] {dag.py:3089} INFO - Sync 1 DAGs
[2024-08-11T09:33:00.897+0000] {logging_mixin.py:188} INFO - [2024-08-11T09:33:00.897+0000] {dag.py:3947} INFO - Setting next_dagrun for example_complex to None, run_after=None
[2024-08-11T09:33:00.905+0000] {processor.py:183} INFO - Processing /home/airflow/.local/lib/python3.12/site-packages/airflow/example_dags/example_complex.py took 0.049 seconds
[2024-08-11T09:33:31.628+0000] {processor.py:161} INFO - Started process (PID=285) to work on /home/airflow/.local/lib/python3.12/site-packages/airflow/example_dags/example_complex.py
[2024-08-11T09:33:31.629+0000] {processor.py:830} INFO - Processing file /home/airflow/.local/lib/python3.12/site-packages/airflow/example_dags/example_complex.py for tasks to queue
[2024-08-11T09:33:31.630+0000] {logging_mixin.py:188} INFO - [2024-08-11T09:33:31.630+0000] {dagbag.py:545} INFO - Filling up the DagBag from /home/airflow/.local/lib/python3.12/site-packages/airflow/example_dags/example_complex.py
[2024-08-11T09:33:31.634+0000] {processor.py:840} INFO - DAG(s) 'example_complex' retrieved from /home/airflow/.local/lib/python3.12/site-packages/airflow/example_dags/example_complex.py
[2024-08-11T09:33:31.648+0000] {logging_mixin.py:188} INFO - [2024-08-11T09:33:31.648+0000] {dag.py:3089} INFO - Sync 1 DAGs
[2024-08-11T09:33:31.654+0000] {logging_mixin.py:188} INFO - [2024-08-11T09:33:31.654+0000] {dag.py:3947} INFO - Setting next_dagrun for example_complex to None, run_after=None
[2024-08-11T09:33:31.662+0000] {processor.py:183} INFO - Processing /home/airflow/.local/lib/python3.12/site-packages/airflow/example_dags/example_complex.py took 0.037 seconds
[2024-08-11T09:34:02.326+0000] {processor.py:161} INFO - Started process (PID=343) to work on /home/airflow/.local/lib/python3.12/site-packages/airflow/example_dags/example_complex.py
[2024-08-11T09:34:02.328+0000] {processor.py:830} INFO - Processing file /home/airflow/.local/lib/python3.12/site-packages/airflow/example_dags/example_complex.py for tasks to queue
[2024-08-11T09:34:02.329+0000] {logging_mixin.py:188} INFO - [2024-08-11T09:34:02.329+0000] {dagbag.py:545} INFO - Filling up the DagBag from /home/airflow/.local/lib/python3.12/site-packages/airflow/example_dags/example_complex.py
[2024-08-11T09:34:02.334+0000] {processor.py:840} INFO - DAG(s) 'example_complex' retrieved from /home/airflow/.local/lib/python3.12/site-packages/airflow/example_dags/example_complex.py
[2024-08-11T09:34:02.351+0000] {logging_mixin.py:188} INFO - [2024-08-11T09:34:02.351+0000] {dag.py:3089} INFO - Sync 1 DAGs
[2024-08-11T09:34:02.362+0000] {logging_mixin.py:188} INFO - [2024-08-11T09:34:02.362+0000] {dag.py:3947} INFO - Setting next_dagrun for example_complex to None, run_after=None
[2024-08-11T09:34:02.378+0000] {processor.py:183} INFO - Processing /home/airflow/.local/lib/python3.12/site-packages/airflow/example_dags/example_complex.py took 0.055 seconds
[2024-08-11T09:34:33.250+0000] {processor.py:161} INFO - Started process (PID=401) to work on /home/airflow/.local/lib/python3.12/site-packages/airflow/example_dags/example_complex.py
[2024-08-11T09:34:33.251+0000] {processor.py:830} INFO - Processing file /home/airflow/.local/lib/python3.12/site-packages/airflow/example_dags/example_complex.py for tasks to queue
[2024-08-11T09:34:33.252+0000] {logging_mixin.py:188} INFO - [2024-08-11T09:34:33.251+0000] {dagbag.py:545} INFO - Filling up the DagBag from /home/airflow/.local/lib/python3.12/site-packages/airflow/example_dags/example_complex.py
[2024-08-11T09:34:33.256+0000] {processor.py:840} INFO - DAG(s) 'example_complex' retrieved from /home/airflow/.local/lib/python3.12/site-packages/airflow/example_dags/example_complex.py
[2024-08-11T09:34:33.271+0000] {logging_mixin.py:188} INFO - [2024-08-11T09:34:33.271+0000] {dag.py:3089} INFO - Sync 1 DAGs
[2024-08-11T09:34:33.277+0000] {logging_mixin.py:188} INFO - [2024-08-11T09:34:33.276+0000] {dag.py:3947} INFO - Setting next_dagrun for example_complex to None, run_after=None
[2024-08-11T09:34:33.286+0000] {processor.py:183} INFO - Processing /home/airflow/.local/lib/python3.12/site-packages/airflow/example_dags/example_complex.py took 0.038 seconds
[2024-08-11T09:35:03.997+0000] {processor.py:161} INFO - Started process (PID=465) to work on /home/airflow/.local/lib/python3.12/site-packages/airflow/example_dags/example_complex.py
[2024-08-11T09:35:03.998+0000] {processor.py:830} INFO - Processing file /home/airflow/.local/lib/python3.12/site-packages/airflow/example_dags/example_complex.py for tasks to queue
[2024-08-11T09:35:03.999+0000] {logging_mixin.py:188} INFO - [2024-08-11T09:35:03.999+0000] {dagbag.py:545} INFO - Filling up the DagBag from /home/airflow/.local/lib/python3.12/site-packages/airflow/example_dags/example_complex.py
[2024-08-11T09:35:04.004+0000] {processor.py:840} INFO - DAG(s) 'example_complex' retrieved from /home/airflow/.local/lib/python3.12/site-packages/airflow/example_dags/example_complex.py
[2024-08-11T09:35:04.018+0000] {logging_mixin.py:188} INFO - [2024-08-11T09:35:04.018+0000] {dag.py:3089} INFO - Sync 1 DAGs
[2024-08-11T09:35:04.025+0000] {logging_mixin.py:188} INFO - [2024-08-11T09:35:04.025+0000] {dag.py:3947} INFO - Setting next_dagrun for example_complex to None, run_after=None
[2024-08-11T09:35:04.035+0000] {processor.py:183} INFO - Processing /home/airflow/.local/lib/python3.12/site-packages/airflow/example_dags/example_complex.py took 0.041 seconds
[2024-08-11T09:58:27.899+0000] {processor.py:161} INFO - Started process (PID=51) to work on /home/airflow/.local/lib/python3.12/site-packages/airflow/example_dags/example_complex.py
[2024-08-11T09:58:27.900+0000] {processor.py:830} INFO - Processing file /home/airflow/.local/lib/python3.12/site-packages/airflow/example_dags/example_complex.py for tasks to queue
[2024-08-11T09:58:27.902+0000] {logging_mixin.py:188} INFO - [2024-08-11T09:58:27.902+0000] {dagbag.py:545} INFO - Filling up the DagBag from /home/airflow/.local/lib/python3.12/site-packages/airflow/example_dags/example_complex.py
[2024-08-11T09:58:27.912+0000] {processor.py:840} INFO - DAG(s) 'example_complex' retrieved from /home/airflow/.local/lib/python3.12/site-packages/airflow/example_dags/example_complex.py
[2024-08-11T09:58:27.941+0000] {logging_mixin.py:188} INFO - [2024-08-11T09:58:27.941+0000] {dag.py:3089} INFO - Sync 1 DAGs
[2024-08-11T09:58:27.958+0000] {logging_mixin.py:188} INFO - [2024-08-11T09:58:27.958+0000] {dag.py:3947} INFO - Setting next_dagrun for example_complex to None, run_after=None
[2024-08-11T09:58:27.991+0000] {processor.py:183} INFO - Processing /home/airflow/.local/lib/python3.12/site-packages/airflow/example_dags/example_complex.py took 0.100 seconds
[2024-08-11T09:58:58.777+0000] {processor.py:161} INFO - Started process (PID=109) to work on /home/airflow/.local/lib/python3.12/site-packages/airflow/example_dags/example_complex.py
[2024-08-11T09:58:58.778+0000] {processor.py:830} INFO - Processing file /home/airflow/.local/lib/python3.12/site-packages/airflow/example_dags/example_complex.py for tasks to queue
[2024-08-11T09:58:58.780+0000] {logging_mixin.py:188} INFO - [2024-08-11T09:58:58.779+0000] {dagbag.py:545} INFO - Filling up the DagBag from /home/airflow/.local/lib/python3.12/site-packages/airflow/example_dags/example_complex.py
[2024-08-11T09:58:58.785+0000] {processor.py:840} INFO - DAG(s) 'example_complex' retrieved from /home/airflow/.local/lib/python3.12/site-packages/airflow/example_dags/example_complex.py
[2024-08-11T09:58:58.790+0000] {logging_mixin.py:188} INFO - [2024-08-11T09:58:58.790+0000] {dag.py:3089} INFO - Sync 1 DAGs
[2024-08-11T09:58:58.799+0000] {logging_mixin.py:188} INFO - [2024-08-11T09:58:58.799+0000] {dag.py:3947} INFO - Setting next_dagrun for example_complex to None, run_after=None
[2024-08-11T09:58:58.813+0000] {processor.py:183} INFO - Processing /home/airflow/.local/lib/python3.12/site-packages/airflow/example_dags/example_complex.py took 0.039 seconds
[2024-08-11T09:59:44.042+0000] {processor.py:161} INFO - Started process (PID=54) to work on /home/airflow/.local/lib/python3.12/site-packages/airflow/example_dags/example_complex.py
[2024-08-11T09:59:44.043+0000] {processor.py:830} INFO - Processing file /home/airflow/.local/lib/python3.12/site-packages/airflow/example_dags/example_complex.py for tasks to queue
[2024-08-11T09:59:44.044+0000] {logging_mixin.py:188} INFO - [2024-08-11T09:59:44.044+0000] {dagbag.py:545} INFO - Filling up the DagBag from /home/airflow/.local/lib/python3.12/site-packages/airflow/example_dags/example_complex.py
[2024-08-11T09:59:44.055+0000] {processor.py:840} INFO - DAG(s) 'example_complex' retrieved from /home/airflow/.local/lib/python3.12/site-packages/airflow/example_dags/example_complex.py
[2024-08-11T09:59:44.069+0000] {logging_mixin.py:188} INFO - [2024-08-11T09:59:44.068+0000] {dag.py:3089} INFO - Sync 1 DAGs
[2024-08-11T09:59:44.079+0000] {logging_mixin.py:188} INFO - [2024-08-11T09:59:44.079+0000] {dag.py:3947} INFO - Setting next_dagrun for example_complex to None, run_after=None
[2024-08-11T09:59:44.099+0000] {processor.py:183} INFO - Processing /home/airflow/.local/lib/python3.12/site-packages/airflow/example_dags/example_complex.py took 0.063 seconds
[2024-08-11T10:00:14.528+0000] {processor.py:161} INFO - Started process (PID=112) to work on /home/airflow/.local/lib/python3.12/site-packages/airflow/example_dags/example_complex.py
[2024-08-11T10:00:14.528+0000] {processor.py:830} INFO - Processing file /home/airflow/.local/lib/python3.12/site-packages/airflow/example_dags/example_complex.py for tasks to queue
[2024-08-11T10:00:14.529+0000] {logging_mixin.py:188} INFO - [2024-08-11T10:00:14.529+0000] {dagbag.py:545} INFO - Filling up the DagBag from /home/airflow/.local/lib/python3.12/site-packages/airflow/example_dags/example_complex.py
[2024-08-11T10:00:14.534+0000] {processor.py:840} INFO - DAG(s) 'example_complex' retrieved from /home/airflow/.local/lib/python3.12/site-packages/airflow/example_dags/example_complex.py
[2024-08-11T10:00:14.592+0000] {logging_mixin.py:188} INFO - [2024-08-11T10:00:14.592+0000] {dag.py:3089} INFO - Sync 1 DAGs
[2024-08-11T10:00:14.599+0000] {logging_mixin.py:188} INFO - [2024-08-11T10:00:14.599+0000] {dag.py:3947} INFO - Setting next_dagrun for example_complex to None, run_after=None
[2024-08-11T10:00:14.610+0000] {processor.py:183} INFO - Processing /home/airflow/.local/lib/python3.12/site-packages/airflow/example_dags/example_complex.py took 0.085 seconds
[2024-08-11T10:00:44.923+0000] {processor.py:161} INFO - Started process (PID=170) to work on /home/airflow/.local/lib/python3.12/site-packages/airflow/example_dags/example_complex.py
[2024-08-11T10:00:44.924+0000] {processor.py:830} INFO - Processing file /home/airflow/.local/lib/python3.12/site-packages/airflow/example_dags/example_complex.py for tasks to queue
[2024-08-11T10:00:44.925+0000] {logging_mixin.py:188} INFO - [2024-08-11T10:00:44.925+0000] {dagbag.py:545} INFO - Filling up the DagBag from /home/airflow/.local/lib/python3.12/site-packages/airflow/example_dags/example_complex.py
[2024-08-11T10:00:44.930+0000] {processor.py:840} INFO - DAG(s) 'example_complex' retrieved from /home/airflow/.local/lib/python3.12/site-packages/airflow/example_dags/example_complex.py
[2024-08-11T10:00:44.944+0000] {logging_mixin.py:188} INFO - [2024-08-11T10:00:44.944+0000] {dag.py:3089} INFO - Sync 1 DAGs
[2024-08-11T10:00:44.950+0000] {logging_mixin.py:188} INFO - [2024-08-11T10:00:44.950+0000] {dag.py:3947} INFO - Setting next_dagrun for example_complex to None, run_after=None
[2024-08-11T10:00:44.960+0000] {processor.py:183} INFO - Processing /home/airflow/.local/lib/python3.12/site-packages/airflow/example_dags/example_complex.py took 0.040 seconds
[2024-08-11T10:01:15.650+0000] {processor.py:161} INFO - Started process (PID=228) to work on /home/airflow/.local/lib/python3.12/site-packages/airflow/example_dags/example_complex.py
[2024-08-11T10:01:15.653+0000] {processor.py:830} INFO - Processing file /home/airflow/.local/lib/python3.12/site-packages/airflow/example_dags/example_complex.py for tasks to queue
[2024-08-11T10:01:15.654+0000] {logging_mixin.py:188} INFO - [2024-08-11T10:01:15.654+0000] {dagbag.py:545} INFO - Filling up the DagBag from /home/airflow/.local/lib/python3.12/site-packages/airflow/example_dags/example_complex.py
[2024-08-11T10:01:15.661+0000] {processor.py:840} INFO - DAG(s) 'example_complex' retrieved from /home/airflow/.local/lib/python3.12/site-packages/airflow/example_dags/example_complex.py
[2024-08-11T10:01:15.682+0000] {logging_mixin.py:188} INFO - [2024-08-11T10:01:15.681+0000] {dag.py:3089} INFO - Sync 1 DAGs
[2024-08-11T10:01:15.691+0000] {logging_mixin.py:188} INFO - [2024-08-11T10:01:15.690+0000] {dag.py:3947} INFO - Setting next_dagrun for example_complex to None, run_after=None
[2024-08-11T10:01:15.701+0000] {processor.py:183} INFO - Processing /home/airflow/.local/lib/python3.12/site-packages/airflow/example_dags/example_complex.py took 0.056 seconds
[2024-08-11T10:01:45.875+0000] {processor.py:161} INFO - Started process (PID=286) to work on /home/airflow/.local/lib/python3.12/site-packages/airflow/example_dags/example_complex.py
[2024-08-11T10:01:45.877+0000] {processor.py:830} INFO - Processing file /home/airflow/.local/lib/python3.12/site-packages/airflow/example_dags/example_complex.py for tasks to queue
[2024-08-11T10:01:45.878+0000] {logging_mixin.py:188} INFO - [2024-08-11T10:01:45.878+0000] {dagbag.py:545} INFO - Filling up the DagBag from /home/airflow/.local/lib/python3.12/site-packages/airflow/example_dags/example_complex.py
[2024-08-11T10:01:45.883+0000] {processor.py:840} INFO - DAG(s) 'example_complex' retrieved from /home/airflow/.local/lib/python3.12/site-packages/airflow/example_dags/example_complex.py
[2024-08-11T10:01:45.900+0000] {logging_mixin.py:188} INFO - [2024-08-11T10:01:45.900+0000] {dag.py:3089} INFO - Sync 1 DAGs
[2024-08-11T10:01:45.906+0000] {logging_mixin.py:188} INFO - [2024-08-11T10:01:45.906+0000] {dag.py:3947} INFO - Setting next_dagrun for example_complex to None, run_after=None
[2024-08-11T10:01:45.919+0000] {processor.py:183} INFO - Processing /home/airflow/.local/lib/python3.12/site-packages/airflow/example_dags/example_complex.py took 0.047 seconds
